[0.033s] Invoking command in '/home/user05/colcon_ws/build/custom_interfaces': CMAKE_PREFIX_PATH=${CMAKE_PREFIX_PATH}:/home/user05/colcon_ws/install/pubscore_5:/opt/ros/jazzy DEBUGINFOD_URLS=https://debuginfod.ubuntu.com /usr/bin/cmake --build /home/user05/colcon_ws/build/custom_interfaces -- -j12 -l12
[0.359s] [  2%] Built target custom_interfaces__rs
[0.359s] [  4%] Built target custom_interfaces__rosidl_generator_type_description
[0.360s] [  4%] Built target ament_cmake_python_copy_custom_interfaces
[0.360s] [  6%] Built target custom_interfaces__cpp
[0.360s] [ 24%] Built target custom_interfaces__rosidl_generator_c
[0.360s] [ 33%] Built target custom_interfaces__rosidl_typesupport_cpp
[0.361s] [ 51%] Built target custom_interfaces__rosidl_typesupport_introspection_cpp
[0.362s] [ 51%] Built target custom_interfaces__rosidl_typesupport_c
[0.363s] [ 60%] Built target custom_interfaces__rosidl_typesupport_introspection_c
[0.363s] [ 68%] Built target custom_interfaces__rosidl_typesupport_fastrtps_cpp
[0.363s] [ 77%] Built target custom_interfaces__rosidl_typesupport_fastrtps_c
[0.363s] [ 77%] Built target custom_interfaces
[0.363s] [ 80%] Built target custom_interfaces__py
[0.363s] [ 86%] Built target custom_interfaces__rosidl_generator_py
[0.364s] [100%] Built target custom_interfaces_s__rosidl_typesupport_introspection_c
[0.364s] [100%] Built target custom_interfaces_s__rosidl_typesupport_fastrtps_c
[0.364s] [100%] Built target custom_interfaces_s__rosidl_typesupport_c
[0.470s] running egg_info
[0.511s] writing custom_interfaces.egg-info/PKG-INFO
[0.512s] writing dependency_links to custom_interfaces.egg-info/dependency_links.txt
[0.512s] writing top-level names to custom_interfaces.egg-info/top_level.txt
[0.621s] reading manifest file 'custom_interfaces.egg-info/SOURCES.txt'
[0.622s] writing manifest file 'custom_interfaces.egg-info/SOURCES.txt'
[0.671s] [100%] Built target ament_cmake_python_build_custom_interfaces_egg
[0.687s] Invoked command in '/home/user05/colcon_ws/build/custom_interfaces' returned '0': CMAKE_PREFIX_PATH=${CMAKE_PREFIX_PATH}:/home/user05/colcon_ws/install/pubscore_5:/opt/ros/jazzy DEBUGINFOD_URLS=https://debuginfod.ubuntu.com /usr/bin/cmake --build /home/user05/colcon_ws/build/custom_interfaces -- -j12 -l12
[0.689s] Invoking command in '/home/user05/colcon_ws/build/custom_interfaces': CMAKE_PREFIX_PATH=${CMAKE_PREFIX_PATH}:/home/user05/colcon_ws/install/pubscore_5:/opt/ros/jazzy DEBUGINFOD_URLS=https://debuginfod.ubuntu.com /usr/bin/cmake --install /home/user05/colcon_ws/build/custom_interfaces
[0.700s] -- Install configuration: ""
[0.700s] -- Up-to-date: /home/user05/colcon_ws/install/custom_interfaces/share/ament_index/resource_index/rosidl_interfaces/custom_interfaces
[0.700s] -- Up-to-date: /home/user05/colcon_ws/install/custom_interfaces/share/custom_interfaces/msg/Num.json
[0.700s] -- Up-to-date: /home/user05/colcon_ws/install/custom_interfaces/share/custom_interfaces/srv/AddTwoInts.json
[0.701s] -- Up-to-date: /home/user05/colcon_ws/install/custom_interfaces/include/custom_interfaces/custom_interfaces
[0.701s] -- Up-to-date: /home/user05/colcon_ws/install/custom_interfaces/include/custom_interfaces/custom_interfaces/msg
[0.701s] -- Up-to-date: /home/user05/colcon_ws/install/custom_interfaces/include/custom_interfaces/custom_interfaces/msg/num.h
[0.701s] -- Up-to-date: /home/user05/colcon_ws/install/custom_interfaces/include/custom_interfaces/custom_interfaces/msg/rosidl_generator_c__visibility_control.h
[0.701s] -- Up-to-date: /home/user05/colcon_ws/install/custom_interfaces/include/custom_interfaces/custom_interfaces/msg/detail
[0.702s] -- Up-to-date: /home/user05/colcon_ws/install/custom_interfaces/include/custom_interfaces/custom_interfaces/msg/detail/num__functions.h
[0.702s] -- Up-to-date: /home/user05/colcon_ws/install/custom_interfaces/include/custom_interfaces/custom_interfaces/msg/detail/num__type_support.h
[0.702s] -- Up-to-date: /home/user05/colcon_ws/install/custom_interfaces/include/custom_interfaces/custom_interfaces/msg/detail/num__functions.c
[0.702s] -- Up-to-date: /home/user05/colcon_ws/install/custom_interfaces/include/custom_interfaces/custom_interfaces/msg/detail/num__type_support.c
[0.702s] -- Up-to-date: /home/user05/colcon_ws/install/custom_interfaces/include/custom_interfaces/custom_interfaces/msg/detail/num__description.c
[0.702s] -- Up-to-date: /home/user05/colcon_ws/install/custom_interfaces/include/custom_interfaces/custom_interfaces/msg/detail/num__struct.h
[0.703s] -- Up-to-date: /home/user05/colcon_ws/install/custom_interfaces/include/custom_interfaces/custom_interfaces/srv
[0.703s] -- Up-to-date: /home/user05/colcon_ws/install/custom_interfaces/include/custom_interfaces/custom_interfaces/srv/add_two_ints.h
[0.703s] -- Up-to-date: /home/user05/colcon_ws/install/custom_interfaces/include/custom_interfaces/custom_interfaces/srv/detail
[0.703s] -- Up-to-date: /home/user05/colcon_ws/install/custom_interfaces/include/custom_interfaces/custom_interfaces/srv/detail/add_two_ints__functions.c
[0.703s] -- Up-to-date: /home/user05/colcon_ws/install/custom_interfaces/include/custom_interfaces/custom_interfaces/srv/detail/add_two_ints__struct.h
[0.703s] -- Up-to-date: /home/user05/colcon_ws/install/custom_interfaces/include/custom_interfaces/custom_interfaces/srv/detail/add_two_ints__type_support.h
[0.703s] -- Up-to-date: /home/user05/colcon_ws/install/custom_interfaces/include/custom_interfaces/custom_interfaces/srv/detail/add_two_ints__description.c
[0.704s] -- Up-to-date: /home/user05/colcon_ws/install/custom_interfaces/include/custom_interfaces/custom_interfaces/srv/detail/add_two_ints__functions.h
[0.704s] -- Up-to-date: /home/user05/colcon_ws/install/custom_interfaces/include/custom_interfaces/custom_interfaces/srv/detail/add_two_ints__type_support.c
[0.704s] -- Up-to-date: /home/user05/colcon_ws/install/custom_interfaces/share/custom_interfaces/environment/library_path.sh
[0.704s] -- Up-to-date: /home/user05/colcon_ws/install/custom_interfaces/share/custom_interfaces/environment/library_path.dsv
[0.704s] -- Up-to-date: /home/user05/colcon_ws/install/custom_interfaces/lib/libcustom_interfaces__rosidl_generator_c.so
[0.704s] -- Up-to-date: /home/user05/colcon_ws/install/custom_interfaces/include/custom_interfaces/custom_interfaces
[0.705s] -- Up-to-date: /home/user05/colcon_ws/install/custom_interfaces/include/custom_interfaces/custom_interfaces/msg
[0.705s] -- Up-to-date: /home/user05/colcon_ws/install/custom_interfaces/include/custom_interfaces/custom_interfaces/msg/rosidl_typesupport_fastrtps_c__visibility_control.h
[0.705s] -- Up-to-date: /home/user05/colcon_ws/install/custom_interfaces/include/custom_interfaces/custom_interfaces/msg/detail
[0.706s] -- Up-to-date: /home/user05/colcon_ws/install/custom_interfaces/include/custom_interfaces/custom_interfaces/msg/detail/num__rosidl_typesupport_fastrtps_c.h
[0.706s] -- Up-to-date: /home/user05/colcon_ws/install/custom_interfaces/include/custom_interfaces/custom_interfaces/srv
[0.706s] -- Up-to-date: /home/user05/colcon_ws/install/custom_interfaces/include/custom_interfaces/custom_interfaces/srv/detail
[0.706s] -- Up-to-date: /home/user05/colcon_ws/install/custom_interfaces/include/custom_interfaces/custom_interfaces/srv/detail/add_two_ints__rosidl_typesupport_fastrtps_c.h
[0.706s] -- Up-to-date: /home/user05/colcon_ws/install/custom_interfaces/lib/libcustom_interfaces__rosidl_typesupport_fastrtps_c.so
[0.706s] -- Up-to-date: /home/user05/colcon_ws/install/custom_interfaces/include/custom_interfaces/custom_interfaces
[0.707s] -- Up-to-date: /home/user05/colcon_ws/install/custom_interfaces/include/custom_interfaces/custom_interfaces/msg
[0.707s] -- Up-to-date: /home/user05/colcon_ws/install/custom_interfaces/include/custom_interfaces/custom_interfaces/msg/rosidl_typesupport_introspection_c__visibility_control.h
[0.707s] -- Up-to-date: /home/user05/colcon_ws/install/custom_interfaces/include/custom_interfaces/custom_interfaces/msg/detail
[0.707s] -- Up-to-date: /home/user05/colcon_ws/install/custom_interfaces/include/custom_interfaces/custom_interfaces/msg/detail/num__type_support.c
[0.707s] -- Up-to-date: /home/user05/colcon_ws/install/custom_interfaces/include/custom_interfaces/custom_interfaces/msg/detail/num__rosidl_typesupport_introspection_c.h
[0.707s] -- Up-to-date: /home/user05/colcon_ws/install/custom_interfaces/include/custom_interfaces/custom_interfaces/srv
[0.707s] -- Up-to-date: /home/user05/colcon_ws/install/custom_interfaces/include/custom_interfaces/custom_interfaces/srv/detail
[0.708s] -- Up-to-date: /home/user05/colcon_ws/install/custom_interfaces/include/custom_interfaces/custom_interfaces/srv/detail/add_two_ints__rosidl_typesupport_introspection_c.h
[0.708s] -- Up-to-date: /home/user05/colcon_ws/install/custom_interfaces/include/custom_interfaces/custom_interfaces/srv/detail/add_two_ints__type_support.c
[0.708s] -- Up-to-date: /home/user05/colcon_ws/install/custom_interfaces/lib/libcustom_interfaces__rosidl_typesupport_introspection_c.so
[0.708s] -- Up-to-date: /home/user05/colcon_ws/install/custom_interfaces/lib/libcustom_interfaces__rosidl_typesupport_c.so
[0.708s] -- Up-to-date: /home/user05/colcon_ws/install/custom_interfaces/include/custom_interfaces/custom_interfaces
[0.708s] -- Up-to-date: /home/user05/colcon_ws/install/custom_interfaces/include/custom_interfaces/custom_interfaces/msg
[0.708s] -- Up-to-date: /home/user05/colcon_ws/install/custom_interfaces/include/custom_interfaces/custom_interfaces/msg/num.hpp
[0.708s] -- Up-to-date: /home/user05/colcon_ws/install/custom_interfaces/include/custom_interfaces/custom_interfaces/msg/rosidl_generator_cpp__visibility_control.hpp
[0.709s] -- Up-to-date: /home/user05/colcon_ws/install/custom_interfaces/include/custom_interfaces/custom_interfaces/msg/detail
[0.709s] -- Up-to-date: /home/user05/colcon_ws/install/custom_interfaces/include/custom_interfaces/custom_interfaces/msg/detail/num__type_support.hpp
[0.709s] -- Up-to-date: /home/user05/colcon_ws/install/custom_interfaces/include/custom_interfaces/custom_interfaces/msg/detail/num__builder.hpp
[0.709s] -- Up-to-date: /home/user05/colcon_ws/install/custom_interfaces/include/custom_interfaces/custom_interfaces/msg/detail/num__struct.hpp
[0.709s] -- Up-to-date: /home/user05/colcon_ws/install/custom_interfaces/include/custom_interfaces/custom_interfaces/msg/detail/num__traits.hpp
[0.709s] -- Up-to-date: /home/user05/colcon_ws/install/custom_interfaces/include/custom_interfaces/custom_interfaces/srv
[0.710s] -- Up-to-date: /home/user05/colcon_ws/install/custom_interfaces/include/custom_interfaces/custom_interfaces/srv/add_two_ints.hpp
[0.710s] -- Up-to-date: /home/user05/colcon_ws/install/custom_interfaces/include/custom_interfaces/custom_interfaces/srv/detail
[0.710s] -- Up-to-date: /home/user05/colcon_ws/install/custom_interfaces/include/custom_interfaces/custom_interfaces/srv/detail/add_two_ints__struct.hpp
[0.710s] -- Up-to-date: /home/user05/colcon_ws/install/custom_interfaces/include/custom_interfaces/custom_interfaces/srv/detail/add_two_ints__traits.hpp
[0.711s] -- Up-to-date: /home/user05/colcon_ws/install/custom_interfaces/include/custom_interfaces/custom_interfaces/srv/detail/add_two_ints__type_support.hpp
[0.711s] -- Up-to-date: /home/user05/colcon_ws/install/custom_interfaces/include/custom_interfaces/custom_interfaces/srv/detail/add_two_ints__builder.hpp
[0.711s] -- Up-to-date: /home/user05/colcon_ws/install/custom_interfaces/include/custom_interfaces/custom_interfaces
[0.711s] -- Up-to-date: /home/user05/colcon_ws/install/custom_interfaces/include/custom_interfaces/custom_interfaces/msg
[0.711s] -- Up-to-date: /home/user05/colcon_ws/install/custom_interfaces/include/custom_interfaces/custom_interfaces/msg/rosidl_typesupport_fastrtps_cpp__visibility_control.h
[0.711s] -- Up-to-date: /home/user05/colcon_ws/install/custom_interfaces/include/custom_interfaces/custom_interfaces/msg/detail
[0.711s] -- Up-to-date: /home/user05/colcon_ws/install/custom_interfaces/include/custom_interfaces/custom_interfaces/msg/detail/num__rosidl_typesupport_fastrtps_cpp.hpp
[0.712s] -- Up-to-date: /home/user05/colcon_ws/install/custom_interfaces/include/custom_interfaces/custom_interfaces/msg/detail/dds_fastrtps
[0.712s] -- Up-to-date: /home/user05/colcon_ws/install/custom_interfaces/include/custom_interfaces/custom_interfaces/srv
[0.712s] -- Up-to-date: /home/user05/colcon_ws/install/custom_interfaces/include/custom_interfaces/custom_interfaces/srv/detail
[0.712s] -- Up-to-date: /home/user05/colcon_ws/install/custom_interfaces/include/custom_interfaces/custom_interfaces/srv/detail/add_two_ints__rosidl_typesupport_fastrtps_cpp.hpp
[0.712s] -- Up-to-date: /home/user05/colcon_ws/install/custom_interfaces/include/custom_interfaces/custom_interfaces/srv/detail/dds_fastrtps
[0.712s] -- Up-to-date: /home/user05/colcon_ws/install/custom_interfaces/lib/libcustom_interfaces__rosidl_typesupport_fastrtps_cpp.so
[0.713s] -- Up-to-date: /home/user05/colcon_ws/install/custom_interfaces/include/custom_interfaces/custom_interfaces
[0.713s] -- Up-to-date: /home/user05/colcon_ws/install/custom_interfaces/include/custom_interfaces/custom_interfaces/msg
[0.713s] -- Up-to-date: /home/user05/colcon_ws/install/custom_interfaces/include/custom_interfaces/custom_interfaces/msg/detail
[0.713s] -- Up-to-date: /home/user05/colcon_ws/install/custom_interfaces/include/custom_interfaces/custom_interfaces/msg/detail/num__type_support.cpp
[0.713s] -- Up-to-date: /home/user05/colcon_ws/install/custom_interfaces/include/custom_interfaces/custom_interfaces/msg/detail/num__rosidl_typesupport_introspection_cpp.hpp
[0.717s] -- Up-to-date: /home/user05/colcon_ws/install/custom_interfaces/include/custom_interfaces/custom_interfaces/srv
[0.718s] -- Up-to-date: /home/user05/colcon_ws/install/custom_interfaces/include/custom_interfaces/custom_interfaces/srv/detail
[0.718s] -- Up-to-date: /home/user05/colcon_ws/install/custom_interfaces/include/custom_interfaces/custom_interfaces/srv/detail/add_two_ints__rosidl_typesupport_introspection_cpp.hpp
[0.718s] -- Up-to-date: /home/user05/colcon_ws/install/custom_interfaces/include/custom_interfaces/custom_interfaces/srv/detail/add_two_ints__type_support.cpp
[0.718s] -- Up-to-date: /home/user05/colcon_ws/install/custom_interfaces/lib/libcustom_interfaces__rosidl_typesupport_introspection_cpp.so
[0.718s] -- Up-to-date: /home/user05/colcon_ws/install/custom_interfaces/lib/libcustom_interfaces__rosidl_typesupport_cpp.so
[0.718s] -- Up-to-date: /home/user05/colcon_ws/install/custom_interfaces/share/custom_interfaces/environment/pythonpath.sh
[0.719s] -- Up-to-date: /home/user05/colcon_ws/install/custom_interfaces/share/custom_interfaces/environment/pythonpath.dsv
[0.719s] -- Up-to-date: /home/user05/colcon_ws/install/custom_interfaces/lib/python3.12/site-packages/custom_interfaces-0.0.0-py3.12.egg-info
[0.719s] -- Installing: /home/user05/colcon_ws/install/custom_interfaces/lib/python3.12/site-packages/custom_interfaces-0.0.0-py3.12.egg-info/dependency_links.txt
[0.719s] -- Installing: /home/user05/colcon_ws/install/custom_interfaces/lib/python3.12/site-packages/custom_interfaces-0.0.0-py3.12.egg-info/SOURCES.txt
[0.719s] -- Installing: /home/user05/colcon_ws/install/custom_interfaces/lib/python3.12/site-packages/custom_interfaces-0.0.0-py3.12.egg-info/PKG-INFO
[0.719s] -- Installing: /home/user05/colcon_ws/install/custom_interfaces/lib/python3.12/site-packages/custom_interfaces-0.0.0-py3.12.egg-info/top_level.txt
[0.720s] -- Up-to-date: /home/user05/colcon_ws/install/custom_interfaces/lib/python3.12/site-packages/custom_interfaces
[0.720s] -- Up-to-date: /home/user05/colcon_ws/install/custom_interfaces/lib/python3.12/site-packages/custom_interfaces/custom_interfaces_s__rosidl_typesupport_introspection_c.so
[0.720s] -- Up-to-date: /home/user05/colcon_ws/install/custom_interfaces/lib/python3.12/site-packages/custom_interfaces/_custom_interfaces_s.ep.rosidl_typesupport_introspection_c.c
[0.720s] -- Up-to-date: /home/user05/colcon_ws/install/custom_interfaces/lib/python3.12/site-packages/custom_interfaces/custom_interfaces_s__rosidl_typesupport_fastrtps_c.so
[0.721s] -- Up-to-date: /home/user05/colcon_ws/install/custom_interfaces/lib/python3.12/site-packages/custom_interfaces/msg
[0.721s] -- Up-to-date: /home/user05/colcon_ws/install/custom_interfaces/lib/python3.12/site-packages/custom_interfaces/msg/_num_s.c
[0.721s] -- Up-to-date: /home/user05/colcon_ws/install/custom_interfaces/lib/python3.12/site-packages/custom_interfaces/msg/_num.py
[0.721s] -- Up-to-date: /home/user05/colcon_ws/install/custom_interfaces/lib/python3.12/site-packages/custom_interfaces/msg/__init__.py
[0.721s] -- Up-to-date: /home/user05/colcon_ws/install/custom_interfaces/lib/python3.12/site-packages/custom_interfaces/custom_interfaces_s__rosidl_typesupport_c.so
[0.721s] -- Up-to-date: /home/user05/colcon_ws/install/custom_interfaces/lib/python3.12/site-packages/custom_interfaces/_custom_interfaces_s.ep.rosidl_typesupport_c.c
[0.721s] -- Up-to-date: /home/user05/colcon_ws/install/custom_interfaces/lib/python3.12/site-packages/custom_interfaces/srv
[0.722s] -- Up-to-date: /home/user05/colcon_ws/install/custom_interfaces/lib/python3.12/site-packages/custom_interfaces/srv/_add_two_ints_s.c
[0.722s] -- Up-to-date: /home/user05/colcon_ws/install/custom_interfaces/lib/python3.12/site-packages/custom_interfaces/srv/_add_two_ints.py
[0.722s] -- Up-to-date: /home/user05/colcon_ws/install/custom_interfaces/lib/python3.12/site-packages/custom_interfaces/srv/__init__.py
[0.722s] -- Up-to-date: /home/user05/colcon_ws/install/custom_interfaces/lib/python3.12/site-packages/custom_interfaces/_custom_interfaces_s.ep.rosidl_typesupport_fastrtps_c.c
[0.723s] -- Up-to-date: /home/user05/colcon_ws/install/custom_interfaces/lib/python3.12/site-packages/custom_interfaces/__init__.py
[0.764s] Listing '/home/user05/colcon_ws/install/custom_interfaces/lib/python3.12/site-packages/custom_interfaces'...
[0.764s] Listing '/home/user05/colcon_ws/install/custom_interfaces/lib/python3.12/site-packages/custom_interfaces/msg'...
[0.764s] Listing '/home/user05/colcon_ws/install/custom_interfaces/lib/python3.12/site-packages/custom_interfaces/srv'...
[0.774s] -- Up-to-date: /home/user05/colcon_ws/install/custom_interfaces/lib/python3.12/site-packages/custom_interfaces/custom_interfaces_s__rosidl_typesupport_fastrtps_c.so
[0.774s] -- Up-to-date: /home/user05/colcon_ws/install/custom_interfaces/lib/python3.12/site-packages/custom_interfaces/custom_interfaces_s__rosidl_typesupport_introspection_c.so
[0.775s] -- Up-to-date: /home/user05/colcon_ws/install/custom_interfaces/lib/python3.12/site-packages/custom_interfaces/custom_interfaces_s__rosidl_typesupport_c.so
[0.775s] -- Up-to-date: /home/user05/colcon_ws/install/custom_interfaces/lib/libcustom_interfaces__rosidl_generator_py.so
[0.776s] -- Up-to-date: /home/user05/colcon_ws/install/custom_interfaces/share/ament_index/resource_index/rust_packages/custom_interfaces
[0.776s] -- Up-to-date: /home/user05/colcon_ws/install/custom_interfaces/share/custom_interfaces/rust
[0.776s] -- Up-to-date: /home/user05/colcon_ws/install/custom_interfaces/share/custom_interfaces/rust/Cargo.toml
[0.776s] -- Up-to-date: /home/user05/colcon_ws/install/custom_interfaces/share/custom_interfaces/rust/src
[0.776s] -- Up-to-date: /home/user05/colcon_ws/install/custom_interfaces/share/custom_interfaces/rust/src/lib.rs
[0.776s] -- Up-to-date: /home/user05/colcon_ws/install/custom_interfaces/share/custom_interfaces/rust/src/msg
[0.777s] -- Up-to-date: /home/user05/colcon_ws/install/custom_interfaces/share/custom_interfaces/rust/src/msg/rmw.rs
[0.777s] -- Up-to-date: /home/user05/colcon_ws/install/custom_interfaces/share/custom_interfaces/rust/src/srv.rs
[0.777s] -- Up-to-date: /home/user05/colcon_ws/install/custom_interfaces/share/custom_interfaces/rust/src/msg.rs
[0.777s] -- Up-to-date: /home/user05/colcon_ws/install/custom_interfaces/share/custom_interfaces/rust/src/srv
[0.777s] -- Up-to-date: /home/user05/colcon_ws/install/custom_interfaces/share/custom_interfaces/rust/src/srv/rmw.rs
[0.777s] -- Up-to-date: /home/user05/colcon_ws/install/custom_interfaces/share/custom_interfaces/rust/build.rs
[0.777s] -- Up-to-date: /home/user05/colcon_ws/install/custom_interfaces/share/custom_interfaces/msg/Num.idl
[0.777s] -- Up-to-date: /home/user05/colcon_ws/install/custom_interfaces/share/custom_interfaces/srv/AddTwoInts.idl
[0.778s] -- Up-to-date: /home/user05/colcon_ws/install/custom_interfaces/share/custom_interfaces/msg/Num.msg
[0.778s] -- Up-to-date: /home/user05/colcon_ws/install/custom_interfaces/share/custom_interfaces/srv/AddTwoInts.srv
[0.778s] -- Up-to-date: /home/user05/colcon_ws/install/custom_interfaces/share/ament_index/resource_index/package_run_dependencies/custom_interfaces
[0.778s] -- Up-to-date: /home/user05/colcon_ws/install/custom_interfaces/share/ament_index/resource_index/parent_prefix_path/custom_interfaces
[0.778s] -- Up-to-date: /home/user05/colcon_ws/install/custom_interfaces/share/custom_interfaces/environment/ament_prefix_path.sh
[0.778s] -- Up-to-date: /home/user05/colcon_ws/install/custom_interfaces/share/custom_interfaces/environment/ament_prefix_path.dsv
[0.779s] -- Up-to-date: /home/user05/colcon_ws/install/custom_interfaces/share/custom_interfaces/environment/path.sh
[0.779s] -- Up-to-date: /home/user05/colcon_ws/install/custom_interfaces/share/custom_interfaces/environment/path.dsv
[0.779s] -- Up-to-date: /home/user05/colcon_ws/install/custom_interfaces/share/custom_interfaces/local_setup.bash
[0.779s] -- Up-to-date: /home/user05/colcon_ws/install/custom_interfaces/share/custom_interfaces/local_setup.sh
[0.779s] -- Up-to-date: /home/user05/colcon_ws/install/custom_interfaces/share/custom_interfaces/local_setup.zsh
[0.779s] -- Up-to-date: /home/user05/colcon_ws/install/custom_interfaces/share/custom_interfaces/local_setup.dsv
[0.779s] -- Installing: /home/user05/colcon_ws/install/custom_interfaces/share/custom_interfaces/package.dsv
[0.779s] -- Up-to-date: /home/user05/colcon_ws/install/custom_interfaces/share/ament_index/resource_index/packages/custom_interfaces
[0.779s] -- Up-to-date: /home/user05/colcon_ws/install/custom_interfaces/share/custom_interfaces/cmake/export_custom_interfaces__rosidl_generator_cExport.cmake
[0.779s] -- Up-to-date: /home/user05/colcon_ws/install/custom_interfaces/share/custom_interfaces/cmake/export_custom_interfaces__rosidl_generator_cExport-noconfig.cmake
[0.779s] -- Up-to-date: /home/user05/colcon_ws/install/custom_interfaces/share/custom_interfaces/cmake/export_custom_interfaces__rosidl_typesupport_fastrtps_cExport.cmake
[0.779s] -- Up-to-date: /home/user05/colcon_ws/install/custom_interfaces/share/custom_interfaces/cmake/export_custom_interfaces__rosidl_typesupport_fastrtps_cExport-noconfig.cmake
[0.780s] -- Up-to-date: /home/user05/colcon_ws/install/custom_interfaces/share/custom_interfaces/cmake/custom_interfaces__rosidl_typesupport_introspection_cExport.cmake
[0.780s] -- Up-to-date: /home/user05/colcon_ws/install/custom_interfaces/share/custom_interfaces/cmake/custom_interfaces__rosidl_typesupport_introspection_cExport-noconfig.cmake
[0.780s] -- Up-to-date: /home/user05/colcon_ws/install/custom_interfaces/share/custom_interfaces/cmake/custom_interfaces__rosidl_typesupport_cExport.cmake
[0.780s] -- Up-to-date: /home/user05/colcon_ws/install/custom_interfaces/share/custom_interfaces/cmake/custom_interfaces__rosidl_typesupport_cExport-noconfig.cmake
[0.780s] -- Up-to-date: /home/user05/colcon_ws/install/custom_interfaces/share/custom_interfaces/cmake/export_custom_interfaces__rosidl_generator_cppExport.cmake
[0.780s] -- Up-to-date: /home/user05/colcon_ws/install/custom_interfaces/share/custom_interfaces/cmake/export_custom_interfaces__rosidl_typesupport_fastrtps_cppExport.cmake
[0.780s] -- Up-to-date: /home/user05/colcon_ws/install/custom_interfaces/share/custom_interfaces/cmake/export_custom_interfaces__rosidl_typesupport_fastrtps_cppExport-noconfig.cmake
[0.780s] -- Up-to-date: /home/user05/colcon_ws/install/custom_interfaces/share/custom_interfaces/cmake/custom_interfaces__rosidl_typesupport_introspection_cppExport.cmake
[0.781s] -- Up-to-date: /home/user05/colcon_ws/install/custom_interfaces/share/custom_interfaces/cmake/custom_interfaces__rosidl_typesupport_introspection_cppExport-noconfig.cmake
[0.781s] -- Up-to-date: /home/user05/colcon_ws/install/custom_interfaces/share/custom_interfaces/cmake/custom_interfaces__rosidl_typesupport_cppExport.cmake
[0.781s] -- Up-to-date: /home/user05/colcon_ws/install/custom_interfaces/share/custom_interfaces/cmake/custom_interfaces__rosidl_typesupport_cppExport-noconfig.cmake
[0.782s] -- Up-to-date: /home/user05/colcon_ws/install/custom_interfaces/share/custom_interfaces/cmake/export_custom_interfaces__rosidl_generator_pyExport.cmake
[0.783s] -- Up-to-date: /home/user05/colcon_ws/install/custom_interfaces/share/custom_interfaces/cmake/export_custom_interfaces__rosidl_generator_pyExport-noconfig.cmake
[0.783s] -- Up-to-date: /home/user05/colcon_ws/install/custom_interfaces/share/custom_interfaces/cmake/rosidl_cmake-extras.cmake
[0.783s] -- Up-to-date: /home/user05/colcon_ws/install/custom_interfaces/share/custom_interfaces/cmake/ament_cmake_export_dependencies-extras.cmake
[0.784s] -- Up-to-date: /home/user05/colcon_ws/install/custom_interfaces/share/custom_interfaces/cmake/ament_cmake_export_include_directories-extras.cmake
[0.784s] -- Up-to-date: /home/user05/colcon_ws/install/custom_interfaces/share/custom_interfaces/cmake/ament_cmake_export_libraries-extras.cmake
[0.784s] -- Up-to-date: /home/user05/colcon_ws/install/custom_interfaces/share/custom_interfaces/cmake/ament_cmake_export_targets-extras.cmake
[0.784s] -- Up-to-date: /home/user05/colcon_ws/install/custom_interfaces/share/custom_interfaces/cmake/rosidl_cmake_export_typesupport_targets-extras.cmake
[0.784s] -- Up-to-date: /home/user05/colcon_ws/install/custom_interfaces/share/custom_interfaces/cmake/rosidl_cmake_export_typesupport_libraries-extras.cmake
[0.785s] -- Up-to-date: /home/user05/colcon_ws/install/custom_interfaces/share/custom_interfaces/cmake/rosidl_cmake_aggregate_target-extras.cmake
[0.785s] -- Up-to-date: /home/user05/colcon_ws/install/custom_interfaces/share/custom_interfaces/cmake/custom_interfacesConfig.cmake
[0.785s] -- Up-to-date: /home/user05/colcon_ws/install/custom_interfaces/share/custom_interfaces/cmake/custom_interfacesConfig-version.cmake
[0.785s] -- Up-to-date: /home/user05/colcon_ws/install/custom_interfaces/share/custom_interfaces/package.xml
[0.785s] Invoked command in '/home/user05/colcon_ws/build/custom_interfaces' returned '0': CMAKE_PREFIX_PATH=${CMAKE_PREFIX_PATH}:/home/user05/colcon_ws/install/pubscore_5:/opt/ros/jazzy DEBUGINFOD_URLS=https://debuginfod.ubuntu.com /usr/bin/cmake --install /home/user05/colcon_ws/build/custom_interfaces
