[0.021s] Invoking command in '/home/user05/colcon_ws/build/custom_interfaces': CMAKE_PREFIX_PATH=${CMAKE_PREFIX_PATH}:/home/user05/colcon_ws/install/pubscore_5:/opt/ros/jazzy DEBUGINFOD_URLS=https://debuginfod.ubuntu.com /usr/bin/cmake --build /home/user05/colcon_ws/build/custom_interfaces -- -j12 -l12
[0.062s] [  2%] Built target custom_interfaces__rosidl_generator_type_description
[0.067s] [  4%] Built target custom_interfaces__rs
[0.070s] [  4%] Built target ament_cmake_python_copy_custom_interfaces
[0.079s] [  6%] Built target custom_interfaces__cpp
[0.081s] [ 24%] Built target custom_interfaces__rosidl_generator_c
[0.100s] [ 42%] Built target custom_interfaces__rosidl_typesupport_introspection_cpp
[0.100s] [ 42%] Built target custom_interfaces__rosidl_typesupport_c
[0.103s] [ 51%] Built target custom_interfaces__rosidl_typesupport_cpp
[0.105s] [ 60%] Built target custom_interfaces__rosidl_typesupport_introspection_c
[0.106s] [ 68%] Built target custom_interfaces__rosidl_typesupport_fastrtps_cpp
[0.107s] [ 77%] Built target custom_interfaces__rosidl_typesupport_fastrtps_c
[0.123s] [ 77%] Built target custom_interfaces
[0.139s] [ 80%] Built target custom_interfaces__py
[0.157s] [ 86%] Built target custom_interfaces__rosidl_generator_py
[0.175s] [100%] Built target custom_interfaces_s__rosidl_typesupport_introspection_c
[0.175s] [100%] Built target custom_interfaces_s__rosidl_typesupport_fastrtps_c
[0.175s] [100%] Built target custom_interfaces_s__rosidl_typesupport_c
[0.297s] running egg_info
[0.319s] writing custom_interfaces.egg-info/PKG-INFO
[0.320s] writing dependency_links to custom_interfaces.egg-info/dependency_links.txt
[0.320s] writing top-level names to custom_interfaces.egg-info/top_level.txt
[0.383s] reading manifest file 'custom_interfaces.egg-info/SOURCES.txt'
[0.383s] writing manifest file 'custom_interfaces.egg-info/SOURCES.txt'
[0.406s] [100%] Built target ament_cmake_python_build_custom_interfaces_egg
[0.416s] Invoked command in '/home/user05/colcon_ws/build/custom_interfaces' returned '0': CMAKE_PREFIX_PATH=${CMAKE_PREFIX_PATH}:/home/user05/colcon_ws/install/pubscore_5:/opt/ros/jazzy DEBUGINFOD_URLS=https://debuginfod.ubuntu.com /usr/bin/cmake --build /home/user05/colcon_ws/build/custom_interfaces -- -j12 -l12
[0.416s] Invoking command in '/home/user05/colcon_ws/build/custom_interfaces': CMAKE_PREFIX_PATH=${CMAKE_PREFIX_PATH}:/home/user05/colcon_ws/install/pubscore_5:/opt/ros/jazzy DEBUGINFOD_URLS=https://debuginfod.ubuntu.com /usr/bin/cmake --install /home/user05/colcon_ws/build/custom_interfaces
[0.422s] -- Install configuration: ""
[0.423s] -- Up-to-date: /home/user05/colcon_ws/install/custom_interfaces/share/ament_index/resource_index/rosidl_interfaces/custom_interfaces
[0.423s] -- Up-to-date: /home/user05/colcon_ws/install/custom_interfaces/share/custom_interfaces/msg/Num.json
[0.423s] -- Up-to-date: /home/user05/colcon_ws/install/custom_interfaces/share/custom_interfaces/srv/AddTwoInts.json
[0.423s] -- Up-to-date: /home/user05/colcon_ws/install/custom_interfaces/include/custom_interfaces/custom_interfaces
[0.423s] -- Up-to-date: /home/user05/colcon_ws/install/custom_interfaces/include/custom_interfaces/custom_interfaces/msg
[0.423s] -- Up-to-date: /home/user05/colcon_ws/install/custom_interfaces/include/custom_interfaces/custom_interfaces/msg/num.h
[0.423s] -- Up-to-date: /home/user05/colcon_ws/install/custom_interfaces/include/custom_interfaces/custom_interfaces/msg/rosidl_generator_c__visibility_control.h
[0.423s] -- Up-to-date: /home/user05/colcon_ws/install/custom_interfaces/include/custom_interfaces/custom_interfaces/msg/detail
[0.424s] -- Up-to-date: /home/user05/colcon_ws/install/custom_interfaces/include/custom_interfaces/custom_interfaces/msg/detail/num__functions.h
[0.424s] -- Up-to-date: /home/user05/colcon_ws/install/custom_interfaces/include/custom_interfaces/custom_interfaces/msg/detail/num__type_support.h
[0.424s] -- Up-to-date: /home/user05/colcon_ws/install/custom_interfaces/include/custom_interfaces/custom_interfaces/msg/detail/num__functions.c
[0.424s] -- Up-to-date: /home/user05/colcon_ws/install/custom_interfaces/include/custom_interfaces/custom_interfaces/msg/detail/num__type_support.c
[0.424s] -- Up-to-date: /home/user05/colcon_ws/install/custom_interfaces/include/custom_interfaces/custom_interfaces/msg/detail/num__description.c
[0.424s] -- Up-to-date: /home/user05/colcon_ws/install/custom_interfaces/include/custom_interfaces/custom_interfaces/msg/detail/num__struct.h
[0.425s] -- Up-to-date: /home/user05/colcon_ws/install/custom_interfaces/include/custom_interfaces/custom_interfaces/srv
[0.425s] -- Up-to-date: /home/user05/colcon_ws/install/custom_interfaces/include/custom_interfaces/custom_interfaces/srv/add_two_ints.h
[0.425s] -- Up-to-date: /home/user05/colcon_ws/install/custom_interfaces/include/custom_interfaces/custom_interfaces/srv/detail
[0.425s] -- Up-to-date: /home/user05/colcon_ws/install/custom_interfaces/include/custom_interfaces/custom_interfaces/srv/detail/add_two_ints__functions.c
[0.425s] -- Up-to-date: /home/user05/colcon_ws/install/custom_interfaces/include/custom_interfaces/custom_interfaces/srv/detail/add_two_ints__struct.h
[0.425s] -- Up-to-date: /home/user05/colcon_ws/install/custom_interfaces/include/custom_interfaces/custom_interfaces/srv/detail/add_two_ints__type_support.h
[0.425s] -- Up-to-date: /home/user05/colcon_ws/install/custom_interfaces/include/custom_interfaces/custom_interfaces/srv/detail/add_two_ints__description.c
[0.425s] -- Up-to-date: /home/user05/colcon_ws/install/custom_interfaces/include/custom_interfaces/custom_interfaces/srv/detail/add_two_ints__functions.h
[0.425s] -- Up-to-date: /home/user05/colcon_ws/install/custom_interfaces/include/custom_interfaces/custom_interfaces/srv/detail/add_two_ints__type_support.c
[0.426s] -- Up-to-date: /home/user05/colcon_ws/install/custom_interfaces/share/custom_interfaces/environment/library_path.sh
[0.426s] -- Up-to-date: /home/user05/colcon_ws/install/custom_interfaces/share/custom_interfaces/environment/library_path.dsv
[0.426s] -- Up-to-date: /home/user05/colcon_ws/install/custom_interfaces/lib/libcustom_interfaces__rosidl_generator_c.so
[0.426s] -- Up-to-date: /home/user05/colcon_ws/install/custom_interfaces/include/custom_interfaces/custom_interfaces
[0.426s] -- Up-to-date: /home/user05/colcon_ws/install/custom_interfaces/include/custom_interfaces/custom_interfaces/msg
[0.426s] -- Up-to-date: /home/user05/colcon_ws/install/custom_interfaces/include/custom_interfaces/custom_interfaces/msg/rosidl_typesupport_fastrtps_c__visibility_control.h
[0.426s] -- Up-to-date: /home/user05/colcon_ws/install/custom_interfaces/include/custom_interfaces/custom_interfaces/msg/detail
[0.426s] -- Up-to-date: /home/user05/colcon_ws/install/custom_interfaces/include/custom_interfaces/custom_interfaces/msg/detail/num__rosidl_typesupport_fastrtps_c.h
[0.427s] -- Up-to-date: /home/user05/colcon_ws/install/custom_interfaces/include/custom_interfaces/custom_interfaces/srv
[0.427s] -- Up-to-date: /home/user05/colcon_ws/install/custom_interfaces/include/custom_interfaces/custom_interfaces/srv/detail
[0.427s] -- Up-to-date: /home/user05/colcon_ws/install/custom_interfaces/include/custom_interfaces/custom_interfaces/srv/detail/add_two_ints__rosidl_typesupport_fastrtps_c.h
[0.427s] -- Up-to-date: /home/user05/colcon_ws/install/custom_interfaces/lib/libcustom_interfaces__rosidl_typesupport_fastrtps_c.so
[0.427s] -- Up-to-date: /home/user05/colcon_ws/install/custom_interfaces/include/custom_interfaces/custom_interfaces
[0.427s] -- Up-to-date: /home/user05/colcon_ws/install/custom_interfaces/include/custom_interfaces/custom_interfaces/msg
[0.427s] -- Up-to-date: /home/user05/colcon_ws/install/custom_interfaces/include/custom_interfaces/custom_interfaces/msg/rosidl_typesupport_introspection_c__visibility_control.h
[0.427s] -- Up-to-date: /home/user05/colcon_ws/install/custom_interfaces/include/custom_interfaces/custom_interfaces/msg/detail
[0.427s] -- Up-to-date: /home/user05/colcon_ws/install/custom_interfaces/include/custom_interfaces/custom_interfaces/msg/detail/num__type_support.c
[0.427s] -- Up-to-date: /home/user05/colcon_ws/install/custom_interfaces/include/custom_interfaces/custom_interfaces/msg/detail/num__rosidl_typesupport_introspection_c.h
[0.428s] -- Up-to-date: /home/user05/colcon_ws/install/custom_interfaces/include/custom_interfaces/custom_interfaces/srv
[0.428s] -- Up-to-date: /home/user05/colcon_ws/install/custom_interfaces/include/custom_interfaces/custom_interfaces/srv/detail
[0.428s] -- Up-to-date: /home/user05/colcon_ws/install/custom_interfaces/include/custom_interfaces/custom_interfaces/srv/detail/add_two_ints__rosidl_typesupport_introspection_c.h
[0.428s] -- Up-to-date: /home/user05/colcon_ws/install/custom_interfaces/include/custom_interfaces/custom_interfaces/srv/detail/add_two_ints__type_support.c
[0.428s] -- Up-to-date: /home/user05/colcon_ws/install/custom_interfaces/lib/libcustom_interfaces__rosidl_typesupport_introspection_c.so
[0.428s] -- Up-to-date: /home/user05/colcon_ws/install/custom_interfaces/lib/libcustom_interfaces__rosidl_typesupport_c.so
[0.428s] -- Up-to-date: /home/user05/colcon_ws/install/custom_interfaces/include/custom_interfaces/custom_interfaces
[0.428s] -- Up-to-date: /home/user05/colcon_ws/install/custom_interfaces/include/custom_interfaces/custom_interfaces/msg
[0.428s] -- Up-to-date: /home/user05/colcon_ws/install/custom_interfaces/include/custom_interfaces/custom_interfaces/msg/num.hpp
[0.428s] -- Up-to-date: /home/user05/colcon_ws/install/custom_interfaces/include/custom_interfaces/custom_interfaces/msg/rosidl_generator_cpp__visibility_control.hpp
[0.428s] -- Up-to-date: /home/user05/colcon_ws/install/custom_interfaces/include/custom_interfaces/custom_interfaces/msg/detail
[0.429s] -- Up-to-date: /home/user05/colcon_ws/install/custom_interfaces/include/custom_interfaces/custom_interfaces/msg/detail/num__type_support.hpp
[0.429s] -- Up-to-date: /home/user05/colcon_ws/install/custom_interfaces/include/custom_interfaces/custom_interfaces/msg/detail/num__builder.hpp
[0.429s] -- Up-to-date: /home/user05/colcon_ws/install/custom_interfaces/include/custom_interfaces/custom_interfaces/msg/detail/num__struct.hpp
[0.429s] -- Up-to-date: /home/user05/colcon_ws/install/custom_interfaces/include/custom_interfaces/custom_interfaces/msg/detail/num__traits.hpp
[0.429s] -- Up-to-date: /home/user05/colcon_ws/install/custom_interfaces/include/custom_interfaces/custom_interfaces/srv
[0.429s] -- Up-to-date: /home/user05/colcon_ws/install/custom_interfaces/include/custom_interfaces/custom_interfaces/srv/add_two_ints.hpp
[0.429s] -- Up-to-date: /home/user05/colcon_ws/install/custom_interfaces/include/custom_interfaces/custom_interfaces/srv/detail
[0.429s] -- Up-to-date: /home/user05/colcon_ws/install/custom_interfaces/include/custom_interfaces/custom_interfaces/srv/detail/add_two_ints__struct.hpp
[0.429s] -- Up-to-date: /home/user05/colcon_ws/install/custom_interfaces/include/custom_interfaces/custom_interfaces/srv/detail/add_two_ints__traits.hpp
[0.429s] -- Up-to-date: /home/user05/colcon_ws/install/custom_interfaces/include/custom_interfaces/custom_interfaces/srv/detail/add_two_ints__type_support.hpp
[0.429s] -- Up-to-date: /home/user05/colcon_ws/install/custom_interfaces/include/custom_interfaces/custom_interfaces/srv/detail/add_two_ints__builder.hpp
[0.430s] -- Up-to-date: /home/user05/colcon_ws/install/custom_interfaces/include/custom_interfaces/custom_interfaces
[0.430s] -- Up-to-date: /home/user05/colcon_ws/install/custom_interfaces/include/custom_interfaces/custom_interfaces/msg
[0.430s] -- Up-to-date: /home/user05/colcon_ws/install/custom_interfaces/include/custom_interfaces/custom_interfaces/msg/rosidl_typesupport_fastrtps_cpp__visibility_control.h
[0.430s] -- Up-to-date: /home/user05/colcon_ws/install/custom_interfaces/include/custom_interfaces/custom_interfaces/msg/detail
[0.430s] -- Up-to-date: /home/user05/colcon_ws/install/custom_interfaces/include/custom_interfaces/custom_interfaces/msg/detail/num__rosidl_typesupport_fastrtps_cpp.hpp
[0.430s] -- Up-to-date: /home/user05/colcon_ws/install/custom_interfaces/include/custom_interfaces/custom_interfaces/msg/detail/dds_fastrtps
[0.430s] -- Up-to-date: /home/user05/colcon_ws/install/custom_interfaces/include/custom_interfaces/custom_interfaces/srv
[0.430s] -- Up-to-date: /home/user05/colcon_ws/install/custom_interfaces/include/custom_interfaces/custom_interfaces/srv/detail
[0.430s] -- Up-to-date: /home/user05/colcon_ws/install/custom_interfaces/include/custom_interfaces/custom_interfaces/srv/detail/add_two_ints__rosidl_typesupport_fastrtps_cpp.hpp
[0.430s] -- Up-to-date: /home/user05/colcon_ws/install/custom_interfaces/include/custom_interfaces/custom_interfaces/srv/detail/dds_fastrtps
[0.430s] -- Up-to-date: /home/user05/colcon_ws/install/custom_interfaces/lib/libcustom_interfaces__rosidl_typesupport_fastrtps_cpp.so
[0.431s] -- Up-to-date: /home/user05/colcon_ws/install/custom_interfaces/include/custom_interfaces/custom_interfaces
[0.431s] -- Up-to-date: /home/user05/colcon_ws/install/custom_interfaces/include/custom_interfaces/custom_interfaces/msg
[0.431s] -- Up-to-date: /home/user05/colcon_ws/install/custom_interfaces/include/custom_interfaces/custom_interfaces/msg/detail
[0.431s] -- Up-to-date: /home/user05/colcon_ws/install/custom_interfaces/include/custom_interfaces/custom_interfaces/msg/detail/num__type_support.cpp
[0.431s] -- Up-to-date: /home/user05/colcon_ws/install/custom_interfaces/include/custom_interfaces/custom_interfaces/msg/detail/num__rosidl_typesupport_introspection_cpp.hpp
[0.431s] -- Up-to-date: /home/user05/colcon_ws/install/custom_interfaces/include/custom_interfaces/custom_interfaces/srv
[0.431s] -- Up-to-date: /home/user05/colcon_ws/install/custom_interfaces/include/custom_interfaces/custom_interfaces/srv/detail
[0.431s] -- Up-to-date: /home/user05/colcon_ws/install/custom_interfaces/include/custom_interfaces/custom_interfaces/srv/detail/add_two_ints__rosidl_typesupport_introspection_cpp.hpp
[0.431s] -- Up-to-date: /home/user05/colcon_ws/install/custom_interfaces/include/custom_interfaces/custom_interfaces/srv/detail/add_two_ints__type_support.cpp
[0.431s] -- Up-to-date: /home/user05/colcon_ws/install/custom_interfaces/lib/libcustom_interfaces__rosidl_typesupport_introspection_cpp.so
[0.432s] -- Up-to-date: /home/user05/colcon_ws/install/custom_interfaces/lib/libcustom_interfaces__rosidl_typesupport_cpp.so
[0.432s] -- Up-to-date: /home/user05/colcon_ws/install/custom_interfaces/share/custom_interfaces/environment/pythonpath.sh
[0.432s] -- Up-to-date: /home/user05/colcon_ws/install/custom_interfaces/share/custom_interfaces/environment/pythonpath.dsv
[0.432s] -- Up-to-date: /home/user05/colcon_ws/install/custom_interfaces/lib/python3.12/site-packages/custom_interfaces-0.0.0-py3.12.egg-info
[0.432s] -- Installing: /home/user05/colcon_ws/install/custom_interfaces/lib/python3.12/site-packages/custom_interfaces-0.0.0-py3.12.egg-info/dependency_links.txt
[0.432s] -- Installing: /home/user05/colcon_ws/install/custom_interfaces/lib/python3.12/site-packages/custom_interfaces-0.0.0-py3.12.egg-info/SOURCES.txt
[0.432s] -- Installing: /home/user05/colcon_ws/install/custom_interfaces/lib/python3.12/site-packages/custom_interfaces-0.0.0-py3.12.egg-info/PKG-INFO
[0.432s] -- Installing: /home/user05/colcon_ws/install/custom_interfaces/lib/python3.12/site-packages/custom_interfaces-0.0.0-py3.12.egg-info/top_level.txt
[0.432s] -- Up-to-date: /home/user05/colcon_ws/install/custom_interfaces/lib/python3.12/site-packages/custom_interfaces
[0.432s] -- Up-to-date: /home/user05/colcon_ws/install/custom_interfaces/lib/python3.12/site-packages/custom_interfaces/custom_interfaces_s__rosidl_typesupport_introspection_c.so
[0.432s] -- Up-to-date: /home/user05/colcon_ws/install/custom_interfaces/lib/python3.12/site-packages/custom_interfaces/_custom_interfaces_s.ep.rosidl_typesupport_introspection_c.c
[0.433s] -- Up-to-date: /home/user05/colcon_ws/install/custom_interfaces/lib/python3.12/site-packages/custom_interfaces/custom_interfaces_s__rosidl_typesupport_fastrtps_c.so
[0.433s] -- Up-to-date: /home/user05/colcon_ws/install/custom_interfaces/lib/python3.12/site-packages/custom_interfaces/msg
[0.433s] -- Up-to-date: /home/user05/colcon_ws/install/custom_interfaces/lib/python3.12/site-packages/custom_interfaces/msg/_num_s.c
[0.433s] -- Up-to-date: /home/user05/colcon_ws/install/custom_interfaces/lib/python3.12/site-packages/custom_interfaces/msg/_num.py
[0.433s] -- Up-to-date: /home/user05/colcon_ws/install/custom_interfaces/lib/python3.12/site-packages/custom_interfaces/msg/__init__.py
[0.433s] -- Up-to-date: /home/user05/colcon_ws/install/custom_interfaces/lib/python3.12/site-packages/custom_interfaces/custom_interfaces_s__rosidl_typesupport_c.so
[0.433s] -- Up-to-date: /home/user05/colcon_ws/install/custom_interfaces/lib/python3.12/site-packages/custom_interfaces/_custom_interfaces_s.ep.rosidl_typesupport_c.c
[0.433s] -- Up-to-date: /home/user05/colcon_ws/install/custom_interfaces/lib/python3.12/site-packages/custom_interfaces/srv
[0.433s] -- Up-to-date: /home/user05/colcon_ws/install/custom_interfaces/lib/python3.12/site-packages/custom_interfaces/srv/_add_two_ints_s.c
[0.433s] -- Up-to-date: /home/user05/colcon_ws/install/custom_interfaces/lib/python3.12/site-packages/custom_interfaces/srv/_add_two_ints.py
[0.433s] -- Up-to-date: /home/user05/colcon_ws/install/custom_interfaces/lib/python3.12/site-packages/custom_interfaces/srv/__init__.py
[0.433s] -- Up-to-date: /home/user05/colcon_ws/install/custom_interfaces/lib/python3.12/site-packages/custom_interfaces/_custom_interfaces_s.ep.rosidl_typesupport_fastrtps_c.c
[0.434s] -- Up-to-date: /home/user05/colcon_ws/install/custom_interfaces/lib/python3.12/site-packages/custom_interfaces/__init__.py
[0.457s] Listing '/home/user05/colcon_ws/install/custom_interfaces/lib/python3.12/site-packages/custom_interfaces'...
[0.458s] Listing '/home/user05/colcon_ws/install/custom_interfaces/lib/python3.12/site-packages/custom_interfaces/msg'...
[0.458s] Listing '/home/user05/colcon_ws/install/custom_interfaces/lib/python3.12/site-packages/custom_interfaces/srv'...
[0.464s] -- Up-to-date: /home/user05/colcon_ws/install/custom_interfaces/lib/python3.12/site-packages/custom_interfaces/custom_interfaces_s__rosidl_typesupport_fastrtps_c.so
[0.464s] -- Up-to-date: /home/user05/colcon_ws/install/custom_interfaces/lib/python3.12/site-packages/custom_interfaces/custom_interfaces_s__rosidl_typesupport_introspection_c.so
[0.464s] -- Up-to-date: /home/user05/colcon_ws/install/custom_interfaces/lib/python3.12/site-packages/custom_interfaces/custom_interfaces_s__rosidl_typesupport_c.so
[0.464s] -- Up-to-date: /home/user05/colcon_ws/install/custom_interfaces/lib/libcustom_interfaces__rosidl_generator_py.so
[0.464s] -- Up-to-date: /home/user05/colcon_ws/install/custom_interfaces/share/ament_index/resource_index/rust_packages/custom_interfaces
[0.464s] -- Up-to-date: /home/user05/colcon_ws/install/custom_interfaces/share/custom_interfaces/rust
[0.465s] -- Up-to-date: /home/user05/colcon_ws/install/custom_interfaces/share/custom_interfaces/rust/Cargo.toml
[0.465s] -- Up-to-date: /home/user05/colcon_ws/install/custom_interfaces/share/custom_interfaces/rust/src
[0.465s] -- Up-to-date: /home/user05/colcon_ws/install/custom_interfaces/share/custom_interfaces/rust/src/lib.rs
[0.465s] -- Up-to-date: /home/user05/colcon_ws/install/custom_interfaces/share/custom_interfaces/rust/src/msg
[0.465s] -- Up-to-date: /home/user05/colcon_ws/install/custom_interfaces/share/custom_interfaces/rust/src/msg/rmw.rs
[0.465s] -- Up-to-date: /home/user05/colcon_ws/install/custom_interfaces/share/custom_interfaces/rust/src/srv.rs
[0.465s] -- Up-to-date: /home/user05/colcon_ws/install/custom_interfaces/share/custom_interfaces/rust/src/msg.rs
[0.465s] -- Up-to-date: /home/user05/colcon_ws/install/custom_interfaces/share/custom_interfaces/rust/src/srv
[0.466s] -- Up-to-date: /home/user05/colcon_ws/install/custom_interfaces/share/custom_interfaces/rust/src/srv/rmw.rs
[0.466s] -- Up-to-date: /home/user05/colcon_ws/install/custom_interfaces/share/custom_interfaces/rust/build.rs
[0.466s] -- Up-to-date: /home/user05/colcon_ws/install/custom_interfaces/share/custom_interfaces/msg/Num.idl
[0.466s] -- Up-to-date: /home/user05/colcon_ws/install/custom_interfaces/share/custom_interfaces/srv/AddTwoInts.idl
[0.466s] -- Up-to-date: /home/user05/colcon_ws/install/custom_interfaces/share/custom_interfaces/msg/Num.msg
[0.466s] -- Up-to-date: /home/user05/colcon_ws/install/custom_interfaces/share/custom_interfaces/srv/AddTwoInts.srv
[0.466s] -- Up-to-date: /home/user05/colcon_ws/install/custom_interfaces/share/ament_index/resource_index/package_run_dependencies/custom_interfaces
[0.466s] -- Up-to-date: /home/user05/colcon_ws/install/custom_interfaces/share/ament_index/resource_index/parent_prefix_path/custom_interfaces
[0.466s] -- Up-to-date: /home/user05/colcon_ws/install/custom_interfaces/share/custom_interfaces/environment/ament_prefix_path.sh
[0.467s] -- Up-to-date: /home/user05/colcon_ws/install/custom_interfaces/share/custom_interfaces/environment/ament_prefix_path.dsv
[0.467s] -- Up-to-date: /home/user05/colcon_ws/install/custom_interfaces/share/custom_interfaces/environment/path.sh
[0.467s] -- Up-to-date: /home/user05/colcon_ws/install/custom_interfaces/share/custom_interfaces/environment/path.dsv
[0.467s] -- Up-to-date: /home/user05/colcon_ws/install/custom_interfaces/share/custom_interfaces/local_setup.bash
[0.467s] -- Up-to-date: /home/user05/colcon_ws/install/custom_interfaces/share/custom_interfaces/local_setup.sh
[0.467s] -- Up-to-date: /home/user05/colcon_ws/install/custom_interfaces/share/custom_interfaces/local_setup.zsh
[0.467s] -- Up-to-date: /home/user05/colcon_ws/install/custom_interfaces/share/custom_interfaces/local_setup.dsv
[0.467s] -- Installing: /home/user05/colcon_ws/install/custom_interfaces/share/custom_interfaces/package.dsv
[0.467s] -- Up-to-date: /home/user05/colcon_ws/install/custom_interfaces/share/ament_index/resource_index/packages/custom_interfaces
[0.467s] -- Up-to-date: /home/user05/colcon_ws/install/custom_interfaces/share/custom_interfaces/cmake/export_custom_interfaces__rosidl_generator_cExport.cmake
[0.467s] -- Up-to-date: /home/user05/colcon_ws/install/custom_interfaces/share/custom_interfaces/cmake/export_custom_interfaces__rosidl_generator_cExport-noconfig.cmake
[0.468s] -- Up-to-date: /home/user05/colcon_ws/install/custom_interfaces/share/custom_interfaces/cmake/export_custom_interfaces__rosidl_typesupport_fastrtps_cExport.cmake
[0.468s] -- Up-to-date: /home/user05/colcon_ws/install/custom_interfaces/share/custom_interfaces/cmake/export_custom_interfaces__rosidl_typesupport_fastrtps_cExport-noconfig.cmake
[0.468s] -- Up-to-date: /home/user05/colcon_ws/install/custom_interfaces/share/custom_interfaces/cmake/custom_interfaces__rosidl_typesupport_introspection_cExport.cmake
[0.468s] -- Up-to-date: /home/user05/colcon_ws/install/custom_interfaces/share/custom_interfaces/cmake/custom_interfaces__rosidl_typesupport_introspection_cExport-noconfig.cmake
[0.469s] -- Up-to-date: /home/user05/colcon_ws/install/custom_interfaces/share/custom_interfaces/cmake/custom_interfaces__rosidl_typesupport_cExport.cmake
[0.469s] -- Up-to-date: /home/user05/colcon_ws/install/custom_interfaces/share/custom_interfaces/cmake/custom_interfaces__rosidl_typesupport_cExport-noconfig.cmake
[0.469s] -- Up-to-date: /home/user05/colcon_ws/install/custom_interfaces/share/custom_interfaces/cmake/export_custom_interfaces__rosidl_generator_cppExport.cmake
[0.470s] -- Up-to-date: /home/user05/colcon_ws/install/custom_interfaces/share/custom_interfaces/cmake/export_custom_interfaces__rosidl_typesupport_fastrtps_cppExport.cmake
[0.470s] -- Up-to-date: /home/user05/colcon_ws/install/custom_interfaces/share/custom_interfaces/cmake/export_custom_interfaces__rosidl_typesupport_fastrtps_cppExport-noconfig.cmake
[0.470s] -- Up-to-date: /home/user05/colcon_ws/install/custom_interfaces/share/custom_interfaces/cmake/custom_interfaces__rosidl_typesupport_introspection_cppExport.cmake
[0.470s] -- Up-to-date: /home/user05/colcon_ws/install/custom_interfaces/share/custom_interfaces/cmake/custom_interfaces__rosidl_typesupport_introspection_cppExport-noconfig.cmake
[0.470s] -- Up-to-date: /home/user05/colcon_ws/install/custom_interfaces/share/custom_interfaces/cmake/custom_interfaces__rosidl_typesupport_cppExport.cmake
[0.470s] -- Up-to-date: /home/user05/colcon_ws/install/custom_interfaces/share/custom_interfaces/cmake/custom_interfaces__rosidl_typesupport_cppExport-noconfig.cmake
[0.471s] -- Up-to-date: /home/user05/colcon_ws/install/custom_interfaces/share/custom_interfaces/cmake/export_custom_interfaces__rosidl_generator_pyExport.cmake
[0.471s] -- Up-to-date: /home/user05/colcon_ws/install/custom_interfaces/share/custom_interfaces/cmake/export_custom_interfaces__rosidl_generator_pyExport-noconfig.cmake
[0.471s] -- Up-to-date: /home/user05/colcon_ws/install/custom_interfaces/share/custom_interfaces/cmake/rosidl_cmake-extras.cmake
[0.471s] -- Up-to-date: /home/user05/colcon_ws/install/custom_interfaces/share/custom_interfaces/cmake/ament_cmake_export_dependencies-extras.cmake
[0.471s] -- Up-to-date: /home/user05/colcon_ws/install/custom_interfaces/share/custom_interfaces/cmake/ament_cmake_export_include_directories-extras.cmake
[0.471s] -- Up-to-date: /home/user05/colcon_ws/install/custom_interfaces/share/custom_interfaces/cmake/ament_cmake_export_libraries-extras.cmake
[0.471s] -- Up-to-date: /home/user05/colcon_ws/install/custom_interfaces/share/custom_interfaces/cmake/ament_cmake_export_targets-extras.cmake
[0.471s] -- Up-to-date: /home/user05/colcon_ws/install/custom_interfaces/share/custom_interfaces/cmake/rosidl_cmake_export_typesupport_targets-extras.cmake
[0.471s] -- Up-to-date: /home/user05/colcon_ws/install/custom_interfaces/share/custom_interfaces/cmake/rosidl_cmake_export_typesupport_libraries-extras.cmake
[0.472s] -- Up-to-date: /home/user05/colcon_ws/install/custom_interfaces/share/custom_interfaces/cmake/rosidl_cmake_aggregate_target-extras.cmake
[0.472s] -- Up-to-date: /home/user05/colcon_ws/install/custom_interfaces/share/custom_interfaces/cmake/custom_interfacesConfig.cmake
[0.472s] -- Up-to-date: /home/user05/colcon_ws/install/custom_interfaces/share/custom_interfaces/cmake/custom_interfacesConfig-version.cmake
[0.472s] -- Up-to-date: /home/user05/colcon_ws/install/custom_interfaces/share/custom_interfaces/package.xml
[0.472s] Invoked command in '/home/user05/colcon_ws/build/custom_interfaces' returned '0': CMAKE_PREFIX_PATH=${CMAKE_PREFIX_PATH}:/home/user05/colcon_ws/install/pubscore_5:/opt/ros/jazzy DEBUGINFOD_URLS=https://debuginfod.ubuntu.com /usr/bin/cmake --install /home/user05/colcon_ws/build/custom_interfaces
