[0.129s] DEBUG:colcon:Command line arguments: ['/usr/bin/colcon', 'build']
[0.130s] DEBUG:colcon:Parsed command line arguments: Namespace(log_base=None, log_level=None, verb_name='build', build_base='build', install_base='install', merge_install=False, symlink_install=False, test_result_base=None, continue_on_error=False, executor='parallel', parallel_workers=12, event_handlers=None, ignore_user_meta=False, metas=['./colcon.meta'], base_paths=['.'], packages_ignore=None, packages_ignore_regex=None, paths=None, packages_up_to=None, packages_up_to_regex=None, packages_above=None, packages_above_and_dependencies=None, packages_above_depth=None, packages_select_by_dep=None, packages_skip_by_dep=None, packages_skip_up_to=None, packages_select_build_failed=False, packages_skip_build_finished=False, packages_select_test_failures=False, packages_skip_test_passed=False, packages_select=None, packages_skip=None, packages_select_regex=None, packages_skip_regex=None, packages_start=None, packages_end=None, allow_overriding=[], cmake_args=None, cmake_target=None, cmake_target_skip_unavailable=False, cmake_clean_cache=False, cmake_clean_first=False, cmake_force_configure=False, ament_cmake_args=None, catkin_cmake_args=None, catkin_skip_building_tests=False, mixin_files=None, mixin=None, verb_parser=<colcon_mixin.mixin.mixin_argument.MixinArgumentDecorator object at 0x763ff769c9e0>, verb_extension=<colcon_core.verb.build.BuildVerb object at 0x763ff77c0bc0>, main=<bound method BuildVerb.main of <colcon_core.verb.build.BuildVerb object at 0x763ff77c0bc0>>, mixin_verb=('build',))
[0.180s] Level 1:colcon.colcon_core.package_discovery:discover_packages(colcon_meta) check parameters
[0.180s] Level 1:colcon.colcon_core.package_discovery:discover_packages(recursive) check parameters
[0.180s] Level 1:colcon.colcon_core.package_discovery:discover_packages(ignore) check parameters
[0.180s] Level 1:colcon.colcon_core.package_discovery:discover_packages(path) check parameters
[0.180s] Level 1:colcon.colcon_core.package_discovery:discover_packages(colcon_meta) discover
[0.180s] Level 1:colcon.colcon_core.package_discovery:discover_packages(recursive) discover
[0.180s] INFO:colcon.colcon_core.package_discovery:Crawling recursively for packages in '/home/user05/colcon_ws'
[0.181s] Level 1:colcon.colcon_core.package_identification:_identify(.) by extensions ['ignore', 'ignore_ament_install']
[0.181s] Level 1:colcon.colcon_core.package_identification:_identify(.) by extension 'ignore'
[0.181s] Level 1:colcon.colcon_core.package_identification:_identify(.) by extension 'ignore_ament_install'
[0.181s] Level 1:colcon.colcon_core.package_identification:_identify(.) by extensions ['colcon_pkg']
[0.181s] Level 1:colcon.colcon_core.package_identification:_identify(.) by extension 'colcon_pkg'
[0.181s] Level 1:colcon.colcon_core.package_identification:_identify(.) by extensions ['colcon_meta']
[0.181s] Level 1:colcon.colcon_core.package_identification:_identify(.) by extension 'colcon_meta'
[0.181s] Level 1:colcon.colcon_core.package_identification:_identify(.) by extensions ['ros']
[0.181s] Level 1:colcon.colcon_core.package_identification:_identify(.) by extension 'ros'
[0.222s] Level 1:colcon.colcon_core.package_identification:_identify(.) by extensions ['cmake', 'python']
[0.222s] Level 1:colcon.colcon_core.package_identification:_identify(.) by extension 'cmake'
[0.222s] Level 1:colcon.colcon_core.package_identification:_identify(.) by extension 'python'
[0.222s] Level 1:colcon.colcon_core.package_identification:_identify(.) by extensions ['python_setup_py']
[0.222s] Level 1:colcon.colcon_core.package_identification:_identify(.) by extension 'python_setup_py'
[0.222s] Level 1:colcon.colcon_core.package_identification:_identify(build) by extensions ['ignore', 'ignore_ament_install']
[0.222s] Level 1:colcon.colcon_core.package_identification:_identify(build) by extension 'ignore'
[0.223s] Level 1:colcon.colcon_core.package_identification:_identify(build) ignored
[0.223s] Level 1:colcon.colcon_core.package_identification:_identify(install) by extensions ['ignore', 'ignore_ament_install']
[0.223s] Level 1:colcon.colcon_core.package_identification:_identify(install) by extension 'ignore'
[0.223s] Level 1:colcon.colcon_core.package_identification:_identify(install) ignored
[0.223s] Level 1:colcon.colcon_core.package_identification:_identify(log) by extensions ['ignore', 'ignore_ament_install']
[0.223s] Level 1:colcon.colcon_core.package_identification:_identify(log) by extension 'ignore'
[0.223s] Level 1:colcon.colcon_core.package_identification:_identify(log) ignored
[0.224s] Level 1:colcon.colcon_core.package_identification:_identify(src) by extensions ['ignore', 'ignore_ament_install']
[0.224s] Level 1:colcon.colcon_core.package_identification:_identify(src) by extension 'ignore'
[0.224s] Level 1:colcon.colcon_core.package_identification:_identify(src) by extension 'ignore_ament_install'
[0.224s] Level 1:colcon.colcon_core.package_identification:_identify(src) by extensions ['colcon_pkg']
[0.224s] Level 1:colcon.colcon_core.package_identification:_identify(src) by extension 'colcon_pkg'
[0.224s] Level 1:colcon.colcon_core.package_identification:_identify(src) by extensions ['colcon_meta']
[0.224s] Level 1:colcon.colcon_core.package_identification:_identify(src) by extension 'colcon_meta'
[0.224s] Level 1:colcon.colcon_core.package_identification:_identify(src) by extensions ['ros']
[0.224s] Level 1:colcon.colcon_core.package_identification:_identify(src) by extension 'ros'
[0.224s] Level 1:colcon.colcon_core.package_identification:_identify(src) by extensions ['cmake', 'python']
[0.224s] Level 1:colcon.colcon_core.package_identification:_identify(src) by extension 'cmake'
[0.224s] Level 1:colcon.colcon_core.package_identification:_identify(src) by extension 'python'
[0.225s] Level 1:colcon.colcon_core.package_identification:_identify(src) by extensions ['python_setup_py']
[0.225s] Level 1:colcon.colcon_core.package_identification:_identify(src) by extension 'python_setup_py'
[0.225s] Level 1:colcon.colcon_core.package_identification:_identify(src/2_srvmsg) by extensions ['ignore', 'ignore_ament_install']
[0.225s] Level 1:colcon.colcon_core.package_identification:_identify(src/2_srvmsg) by extension 'ignore'
[0.225s] Level 1:colcon.colcon_core.package_identification:_identify(src/2_srvmsg) by extension 'ignore_ament_install'
[0.225s] Level 1:colcon.colcon_core.package_identification:_identify(src/2_srvmsg) by extensions ['colcon_pkg']
[0.225s] Level 1:colcon.colcon_core.package_identification:_identify(src/2_srvmsg) by extension 'colcon_pkg'
[0.225s] Level 1:colcon.colcon_core.package_identification:_identify(src/2_srvmsg) by extensions ['colcon_meta']
[0.225s] Level 1:colcon.colcon_core.package_identification:_identify(src/2_srvmsg) by extension 'colcon_meta'
[0.225s] Level 1:colcon.colcon_core.package_identification:_identify(src/2_srvmsg) by extensions ['ros']
[0.225s] Level 1:colcon.colcon_core.package_identification:_identify(src/2_srvmsg) by extension 'ros'
[0.229s] DEBUG:colcon.colcon_core.package_identification:Package 'src/2_srvmsg' with type 'ros.ament_cmake' and name 'srvmsg'
[0.229s] Level 1:colcon.colcon_core.package_identification:_identify(src/5_custom_interfaces) by extensions ['ignore', 'ignore_ament_install']
[0.230s] Level 1:colcon.colcon_core.package_identification:_identify(src/5_custom_interfaces) by extension 'ignore'
[0.230s] Level 1:colcon.colcon_core.package_identification:_identify(src/5_custom_interfaces) by extension 'ignore_ament_install'
[0.230s] Level 1:colcon.colcon_core.package_identification:_identify(src/5_custom_interfaces) by extensions ['colcon_pkg']
[0.230s] Level 1:colcon.colcon_core.package_identification:_identify(src/5_custom_interfaces) by extension 'colcon_pkg'
[0.230s] Level 1:colcon.colcon_core.package_identification:_identify(src/5_custom_interfaces) by extensions ['colcon_meta']
[0.230s] Level 1:colcon.colcon_core.package_identification:_identify(src/5_custom_interfaces) by extension 'colcon_meta'
[0.230s] Level 1:colcon.colcon_core.package_identification:_identify(src/5_custom_interfaces) by extensions ['ros']
[0.230s] Level 1:colcon.colcon_core.package_identification:_identify(src/5_custom_interfaces) by extension 'ros'
[0.231s] DEBUG:colcon.colcon_core.package_identification:Package 'src/5_custom_interfaces' with type 'ros.ament_cmake' and name 'custom_interfaces'
[0.231s] Level 1:colcon.colcon_core.package_identification:_identify(src/msg_service) by extensions ['ignore', 'ignore_ament_install']
[0.231s] Level 1:colcon.colcon_core.package_identification:_identify(src/msg_service) by extension 'ignore'
[0.231s] Level 1:colcon.colcon_core.package_identification:_identify(src/msg_service) by extension 'ignore_ament_install'
[0.231s] Level 1:colcon.colcon_core.package_identification:_identify(src/msg_service) by extensions ['colcon_pkg']
[0.231s] Level 1:colcon.colcon_core.package_identification:_identify(src/msg_service) by extension 'colcon_pkg'
[0.231s] Level 1:colcon.colcon_core.package_identification:_identify(src/msg_service) by extensions ['colcon_meta']
[0.232s] Level 1:colcon.colcon_core.package_identification:_identify(src/msg_service) by extension 'colcon_meta'
[0.232s] Level 1:colcon.colcon_core.package_identification:_identify(src/msg_service) by extensions ['ros']
[0.232s] Level 1:colcon.colcon_core.package_identification:_identify(src/msg_service) by extension 'ros'
[0.233s] DEBUG:colcon.colcon_core.package_identification:Package 'src/msg_service' with type 'ros.ament_cmake' and name 'msg_service'
[0.233s] Level 1:colcon.colcon_core.package_identification:_identify(src/pubscore_5) by extensions ['ignore', 'ignore_ament_install']
[0.233s] Level 1:colcon.colcon_core.package_identification:_identify(src/pubscore_5) by extension 'ignore'
[0.233s] Level 1:colcon.colcon_core.package_identification:_identify(src/pubscore_5) by extension 'ignore_ament_install'
[0.233s] Level 1:colcon.colcon_core.package_identification:_identify(src/pubscore_5) by extensions ['colcon_pkg']
[0.233s] Level 1:colcon.colcon_core.package_identification:_identify(src/pubscore_5) by extension 'colcon_pkg'
[0.233s] Level 1:colcon.colcon_core.package_identification:_identify(src/pubscore_5) by extensions ['colcon_meta']
[0.233s] Level 1:colcon.colcon_core.package_identification:_identify(src/pubscore_5) by extension 'colcon_meta'
[0.234s] Level 1:colcon.colcon_core.package_identification:_identify(src/pubscore_5) by extensions ['ros']
[0.234s] Level 1:colcon.colcon_core.package_identification:_identify(src/pubscore_5) by extension 'ros'
[0.235s] DEBUG:colcon.colcon_core.package_identification:Package 'src/pubscore_5' with type 'ros.ament_python' and name 'pubscore_5'
[0.235s] Level 1:colcon.colcon_core.package_identification:_identify(src/turtlebot_control_1) by extensions ['ignore', 'ignore_ament_install']
[0.235s] Level 1:colcon.colcon_core.package_identification:_identify(src/turtlebot_control_1) by extension 'ignore'
[0.235s] Level 1:colcon.colcon_core.package_identification:_identify(src/turtlebot_control_1) by extension 'ignore_ament_install'
[0.235s] Level 1:colcon.colcon_core.package_identification:_identify(src/turtlebot_control_1) by extensions ['colcon_pkg']
[0.236s] Level 1:colcon.colcon_core.package_identification:_identify(src/turtlebot_control_1) by extension 'colcon_pkg'
[0.236s] Level 1:colcon.colcon_core.package_identification:_identify(src/turtlebot_control_1) by extensions ['colcon_meta']
[0.236s] Level 1:colcon.colcon_core.package_identification:_identify(src/turtlebot_control_1) by extension 'colcon_meta'
[0.236s] Level 1:colcon.colcon_core.package_identification:_identify(src/turtlebot_control_1) by extensions ['ros']
[0.236s] Level 1:colcon.colcon_core.package_identification:_identify(src/turtlebot_control_1) by extension 'ros'
[0.237s] DEBUG:colcon.colcon_core.package_identification:Package 'src/turtlebot_control_1' with type 'ros.ament_cmake' and name 'turtlebot_control_1'
[0.237s] Level 1:colcon.colcon_core.package_identification:_identify(test) by extensions ['ignore', 'ignore_ament_install']
[0.237s] Level 1:colcon.colcon_core.package_identification:_identify(test) by extension 'ignore'
[0.237s] Level 1:colcon.colcon_core.package_identification:_identify(test) by extension 'ignore_ament_install'
[0.237s] Level 1:colcon.colcon_core.package_identification:_identify(test) by extensions ['colcon_pkg']
[0.237s] Level 1:colcon.colcon_core.package_identification:_identify(test) by extension 'colcon_pkg'
[0.237s] Level 1:colcon.colcon_core.package_identification:_identify(test) by extensions ['colcon_meta']
[0.237s] Level 1:colcon.colcon_core.package_identification:_identify(test) by extension 'colcon_meta'
[0.237s] Level 1:colcon.colcon_core.package_identification:_identify(test) by extensions ['ros']
[0.237s] Level 1:colcon.colcon_core.package_identification:_identify(test) by extension 'ros'
[0.238s] Level 1:colcon.colcon_core.package_identification:_identify(test) by extensions ['cmake', 'python']
[0.238s] Level 1:colcon.colcon_core.package_identification:_identify(test) by extension 'cmake'
[0.238s] Level 1:colcon.colcon_core.package_identification:_identify(test) by extension 'python'
[0.238s] Level 1:colcon.colcon_core.package_identification:_identify(test) by extensions ['python_setup_py']
[0.238s] Level 1:colcon.colcon_core.package_identification:_identify(test) by extension 'python_setup_py'
[0.238s] Level 1:colcon.colcon_core.package_discovery:discover_packages(recursive) using defaults
[0.238s] Level 1:colcon.colcon_core.package_discovery:discover_packages(ignore) discover
[0.238s] Level 1:colcon.colcon_core.package_discovery:discover_packages(ignore) using defaults
[0.238s] Level 1:colcon.colcon_core.package_discovery:discover_packages(path) discover
[0.238s] Level 1:colcon.colcon_core.package_discovery:discover_packages(path) using defaults
[0.258s] Level 1:colcon.colcon_core.package_discovery:discover_packages(prefix_path) check parameters
[0.258s] Level 1:colcon.colcon_core.package_discovery:discover_packages(prefix_path) discover
[0.260s] DEBUG:colcon.colcon_installed_package_information.package_discovery:Found 5 installed packages in /home/user05/colcon_ws/install
[0.262s] DEBUG:colcon.colcon_installed_package_information.package_discovery:Found 395 installed packages in /opt/ros/jazzy
[0.264s] Level 1:colcon.colcon_core.package_discovery:discover_packages(prefix_path) using defaults
[0.330s] Level 5:colcon.colcon_core.verb:set package 'custom_interfaces' build argument 'cmake_args' from command line to 'None'
[0.330s] Level 5:colcon.colcon_core.verb:set package 'custom_interfaces' build argument 'cmake_target' from command line to 'None'
[0.330s] Level 5:colcon.colcon_core.verb:set package 'custom_interfaces' build argument 'cmake_target_skip_unavailable' from command line to 'False'
[0.330s] Level 5:colcon.colcon_core.verb:set package 'custom_interfaces' build argument 'cmake_clean_cache' from command line to 'False'
[0.330s] Level 5:colcon.colcon_core.verb:set package 'custom_interfaces' build argument 'cmake_clean_first' from command line to 'False'
[0.330s] Level 5:colcon.colcon_core.verb:set package 'custom_interfaces' build argument 'cmake_force_configure' from command line to 'False'
[0.330s] Level 5:colcon.colcon_core.verb:set package 'custom_interfaces' build argument 'ament_cmake_args' from command line to 'None'
[0.330s] Level 5:colcon.colcon_core.verb:set package 'custom_interfaces' build argument 'catkin_cmake_args' from command line to 'None'
[0.330s] Level 5:colcon.colcon_core.verb:set package 'custom_interfaces' build argument 'catkin_skip_building_tests' from command line to 'False'
[0.330s] DEBUG:colcon.colcon_core.verb:Building package 'custom_interfaces' with the following arguments: {'ament_cmake_args': None, 'build_base': '/home/user05/colcon_ws/build/custom_interfaces', 'catkin_cmake_args': None, 'catkin_skip_building_tests': False, 'cmake_args': None, 'cmake_clean_cache': False, 'cmake_clean_first': False, 'cmake_force_configure': False, 'cmake_target': None, 'cmake_target_skip_unavailable': False, 'install_base': '/home/user05/colcon_ws/install/custom_interfaces', 'merge_install': False, 'path': '/home/user05/colcon_ws/src/5_custom_interfaces', 'symlink_install': False, 'test_result_base': None}
[0.331s] Level 5:colcon.colcon_core.verb:set package 'msg_service' build argument 'cmake_args' from command line to 'None'
[0.331s] Level 5:colcon.colcon_core.verb:set package 'msg_service' build argument 'cmake_target' from command line to 'None'
[0.331s] Level 5:colcon.colcon_core.verb:set package 'msg_service' build argument 'cmake_target_skip_unavailable' from command line to 'False'
[0.331s] Level 5:colcon.colcon_core.verb:set package 'msg_service' build argument 'cmake_clean_cache' from command line to 'False'
[0.331s] Level 5:colcon.colcon_core.verb:set package 'msg_service' build argument 'cmake_clean_first' from command line to 'False'
[0.331s] Level 5:colcon.colcon_core.verb:set package 'msg_service' build argument 'cmake_force_configure' from command line to 'False'
[0.331s] Level 5:colcon.colcon_core.verb:set package 'msg_service' build argument 'ament_cmake_args' from command line to 'None'
[0.331s] Level 5:colcon.colcon_core.verb:set package 'msg_service' build argument 'catkin_cmake_args' from command line to 'None'
[0.331s] Level 5:colcon.colcon_core.verb:set package 'msg_service' build argument 'catkin_skip_building_tests' from command line to 'False'
[0.331s] DEBUG:colcon.colcon_core.verb:Building package 'msg_service' with the following arguments: {'ament_cmake_args': None, 'build_base': '/home/user05/colcon_ws/build/msg_service', 'catkin_cmake_args': None, 'catkin_skip_building_tests': False, 'cmake_args': None, 'cmake_clean_cache': False, 'cmake_clean_first': False, 'cmake_force_configure': False, 'cmake_target': None, 'cmake_target_skip_unavailable': False, 'install_base': '/home/user05/colcon_ws/install/msg_service', 'merge_install': False, 'path': '/home/user05/colcon_ws/src/msg_service', 'symlink_install': False, 'test_result_base': None}
[0.331s] Level 5:colcon.colcon_core.verb:set package 'pubscore_5' build argument 'cmake_args' from command line to 'None'
[0.331s] Level 5:colcon.colcon_core.verb:set package 'pubscore_5' build argument 'cmake_target' from command line to 'None'
[0.331s] Level 5:colcon.colcon_core.verb:set package 'pubscore_5' build argument 'cmake_target_skip_unavailable' from command line to 'False'
[0.331s] Level 5:colcon.colcon_core.verb:set package 'pubscore_5' build argument 'cmake_clean_cache' from command line to 'False'
[0.331s] Level 5:colcon.colcon_core.verb:set package 'pubscore_5' build argument 'cmake_clean_first' from command line to 'False'
[0.331s] Level 5:colcon.colcon_core.verb:set package 'pubscore_5' build argument 'cmake_force_configure' from command line to 'False'
[0.332s] Level 5:colcon.colcon_core.verb:set package 'pubscore_5' build argument 'ament_cmake_args' from command line to 'None'
[0.332s] Level 5:colcon.colcon_core.verb:set package 'pubscore_5' build argument 'catkin_cmake_args' from command line to 'None'
[0.332s] Level 5:colcon.colcon_core.verb:set package 'pubscore_5' build argument 'catkin_skip_building_tests' from command line to 'False'
[0.332s] DEBUG:colcon.colcon_core.verb:Building package 'pubscore_5' with the following arguments: {'ament_cmake_args': None, 'build_base': '/home/user05/colcon_ws/build/pubscore_5', 'catkin_cmake_args': None, 'catkin_skip_building_tests': False, 'cmake_args': None, 'cmake_clean_cache': False, 'cmake_clean_first': False, 'cmake_force_configure': False, 'cmake_target': None, 'cmake_target_skip_unavailable': False, 'install_base': '/home/user05/colcon_ws/install/pubscore_5', 'merge_install': False, 'path': '/home/user05/colcon_ws/src/pubscore_5', 'symlink_install': False, 'test_result_base': None}
[0.332s] Level 5:colcon.colcon_core.verb:set package 'turtlebot_control_1' build argument 'cmake_args' from command line to 'None'
[0.332s] Level 5:colcon.colcon_core.verb:set package 'turtlebot_control_1' build argument 'cmake_target' from command line to 'None'
[0.332s] Level 5:colcon.colcon_core.verb:set package 'turtlebot_control_1' build argument 'cmake_target_skip_unavailable' from command line to 'False'
[0.332s] Level 5:colcon.colcon_core.verb:set package 'turtlebot_control_1' build argument 'cmake_clean_cache' from command line to 'False'
[0.332s] Level 5:colcon.colcon_core.verb:set package 'turtlebot_control_1' build argument 'cmake_clean_first' from command line to 'False'
[0.332s] Level 5:colcon.colcon_core.verb:set package 'turtlebot_control_1' build argument 'cmake_force_configure' from command line to 'False'
[0.332s] Level 5:colcon.colcon_core.verb:set package 'turtlebot_control_1' build argument 'ament_cmake_args' from command line to 'None'
[0.332s] Level 5:colcon.colcon_core.verb:set package 'turtlebot_control_1' build argument 'catkin_cmake_args' from command line to 'None'
[0.332s] Level 5:colcon.colcon_core.verb:set package 'turtlebot_control_1' build argument 'catkin_skip_building_tests' from command line to 'False'
[0.332s] DEBUG:colcon.colcon_core.verb:Building package 'turtlebot_control_1' with the following arguments: {'ament_cmake_args': None, 'build_base': '/home/user05/colcon_ws/build/turtlebot_control_1', 'catkin_cmake_args': None, 'catkin_skip_building_tests': False, 'cmake_args': None, 'cmake_clean_cache': False, 'cmake_clean_first': False, 'cmake_force_configure': False, 'cmake_target': None, 'cmake_target_skip_unavailable': False, 'install_base': '/home/user05/colcon_ws/install/turtlebot_control_1', 'merge_install': False, 'path': '/home/user05/colcon_ws/src/turtlebot_control_1', 'symlink_install': False, 'test_result_base': None}
[0.333s] Level 5:colcon.colcon_core.verb:set package 'srvmsg' build argument 'cmake_args' from command line to 'None'
[0.333s] Level 5:colcon.colcon_core.verb:set package 'srvmsg' build argument 'cmake_target' from command line to 'None'
[0.333s] Level 5:colcon.colcon_core.verb:set package 'srvmsg' build argument 'cmake_target_skip_unavailable' from command line to 'False'
[0.333s] Level 5:colcon.colcon_core.verb:set package 'srvmsg' build argument 'cmake_clean_cache' from command line to 'False'
[0.333s] Level 5:colcon.colcon_core.verb:set package 'srvmsg' build argument 'cmake_clean_first' from command line to 'False'
[0.333s] Level 5:colcon.colcon_core.verb:set package 'srvmsg' build argument 'cmake_force_configure' from command line to 'False'
[0.333s] Level 5:colcon.colcon_core.verb:set package 'srvmsg' build argument 'ament_cmake_args' from command line to 'None'
[0.333s] Level 5:colcon.colcon_core.verb:set package 'srvmsg' build argument 'catkin_cmake_args' from command line to 'None'
[0.333s] Level 5:colcon.colcon_core.verb:set package 'srvmsg' build argument 'catkin_skip_building_tests' from command line to 'False'
[0.333s] DEBUG:colcon.colcon_core.verb:Building package 'srvmsg' with the following arguments: {'ament_cmake_args': None, 'build_base': '/home/user05/colcon_ws/build/srvmsg', 'catkin_cmake_args': None, 'catkin_skip_building_tests': False, 'cmake_args': None, 'cmake_clean_cache': False, 'cmake_clean_first': False, 'cmake_force_configure': False, 'cmake_target': None, 'cmake_target_skip_unavailable': False, 'install_base': '/home/user05/colcon_ws/install/srvmsg', 'merge_install': False, 'path': '/home/user05/colcon_ws/src/2_srvmsg', 'symlink_install': False, 'test_result_base': None}
[0.333s] INFO:colcon.colcon_core.executor:Executing jobs using 'parallel' executor
[0.334s] DEBUG:colcon.colcon_parallel_executor.executor.parallel:run_until_complete
[0.334s] INFO:colcon.colcon_ros.task.ament_cmake.build:Building ROS package in '/home/user05/colcon_ws/src/5_custom_interfaces' with build type 'ament_cmake'
[0.335s] INFO:colcon.colcon_cmake.task.cmake.build:Building CMake package in '/home/user05/colcon_ws/src/5_custom_interfaces'
[0.337s] INFO:colcon.colcon_core.plugin_system:Skipping extension 'colcon_core.shell.bat': Not used on non-Windows systems
[0.338s] INFO:colcon.colcon_core.shell:Skip shell extension 'powershell' for command environment: Not usable outside of PowerShell
[0.338s] DEBUG:colcon.colcon_core.shell:Skip shell extension 'dsv' for command environment
[0.343s] INFO:colcon.colcon_ros.task.ament_cmake.build:Building ROS package in '/home/user05/colcon_ws/src/msg_service' with build type 'ament_cmake'
[0.343s] INFO:colcon.colcon_cmake.task.cmake.build:Building CMake package in '/home/user05/colcon_ws/src/msg_service'
[0.343s] INFO:colcon.colcon_core.shell:Skip shell extension 'powershell' for command environment: Not usable outside of PowerShell
[0.343s] DEBUG:colcon.colcon_core.shell:Skip shell extension 'dsv' for command environment
[0.348s] INFO:colcon.colcon_ros.task.ament_python.build:Building ROS package in '/home/user05/colcon_ws/src/pubscore_5' with build type 'ament_python'
[0.348s] Level 1:colcon.colcon_core.shell:create_environment_hook('pubscore_5', 'ament_prefix_path')
[0.349s] INFO:colcon.colcon_core.shell:Creating environment hook '/home/user05/colcon_ws/install/pubscore_5/share/pubscore_5/hook/ament_prefix_path.ps1'
[0.350s] INFO:colcon.colcon_core.shell:Creating environment descriptor '/home/user05/colcon_ws/install/pubscore_5/share/pubscore_5/hook/ament_prefix_path.dsv'
[0.351s] INFO:colcon.colcon_core.shell:Creating environment hook '/home/user05/colcon_ws/install/pubscore_5/share/pubscore_5/hook/ament_prefix_path.sh'
[0.352s] INFO:colcon.colcon_core.shell:Skip shell extension 'powershell' for command environment: Not usable outside of PowerShell
[0.352s] DEBUG:colcon.colcon_core.shell:Skip shell extension 'dsv' for command environment
[0.358s] INFO:colcon.colcon_ros.task.ament_cmake.build:Building ROS package in '/home/user05/colcon_ws/src/turtlebot_control_1' with build type 'ament_cmake'
[0.358s] INFO:colcon.colcon_cmake.task.cmake.build:Building CMake package in '/home/user05/colcon_ws/src/turtlebot_control_1'
[0.359s] INFO:colcon.colcon_core.shell:Skip shell extension 'powershell' for command environment: Not usable outside of PowerShell
[0.359s] DEBUG:colcon.colcon_core.shell:Skip shell extension 'dsv' for command environment
[0.369s] DEBUG:colcon.colcon_core.event_handler.log_command:Invoking command in '/home/user05/colcon_ws/build/custom_interfaces': CMAKE_PREFIX_PATH=${CMAKE_PREFIX_PATH}:/home/user05/colcon_ws/install/pubscore_5:/opt/ros/jazzy DEBUGINFOD_URLS=https://debuginfod.ubuntu.com /usr/bin/cmake --build /home/user05/colcon_ws/build/custom_interfaces -- -j12 -l12
[0.375s] DEBUG:colcon.colcon_core.event_handler.log_command:Invoking command in '/home/user05/colcon_ws/build/msg_service': CMAKE_PREFIX_PATH=${CMAKE_PREFIX_PATH}:/home/user05/colcon_ws/install/pubscore_5:/opt/ros/jazzy DEBUGINFOD_URLS=https://debuginfod.ubuntu.com /usr/bin/cmake --build /home/user05/colcon_ws/build/msg_service -- -j12 -l12
[0.689s] INFO:colcon.colcon_core.task.python.build:Building Python package in '/home/user05/colcon_ws/src/pubscore_5'
[0.689s] INFO:colcon.colcon_core.shell:Skip shell extension 'powershell' for command environment: Not usable outside of PowerShell
[0.689s] DEBUG:colcon.colcon_core.shell:Skip shell extension 'dsv' for command environment
[0.700s] DEBUG:colcon.colcon_core.event_handler.log_command:Invoked command in '/home/user05/colcon_ws/build/msg_service' returned '0': CMAKE_PREFIX_PATH=${CMAKE_PREFIX_PATH}:/home/user05/colcon_ws/install/pubscore_5:/opt/ros/jazzy DEBUGINFOD_URLS=https://debuginfod.ubuntu.com /usr/bin/cmake --build /home/user05/colcon_ws/build/msg_service -- -j12 -l12
[0.708s] DEBUG:colcon.colcon_core.event_handler.log_command:Invoking command in '/home/user05/colcon_ws/build/msg_service': CMAKE_PREFIX_PATH=${CMAKE_PREFIX_PATH}:/home/user05/colcon_ws/install/pubscore_5:/opt/ros/jazzy DEBUGINFOD_URLS=https://debuginfod.ubuntu.com /usr/bin/cmake --install /home/user05/colcon_ws/build/msg_service
[0.713s] DEBUG:colcon.colcon_core.event_handler.log_command:Invoking command in '/home/user05/colcon_ws/build/turtlebot_control_1': CMAKE_PREFIX_PATH=${CMAKE_PREFIX_PATH}:/home/user05/colcon_ws/install/pubscore_5:/opt/ros/jazzy DEBUGINFOD_URLS=https://debuginfod.ubuntu.com /usr/bin/cmake --build /home/user05/colcon_ws/build/turtlebot_control_1 -- -j12 -l12
[0.721s] Level 1:colcon.colcon_core.environment:create_environment_scripts_only(msg_service)
[0.721s] DEBUG:colcon.colcon_core.event_handler.log_command:Invoked command in '/home/user05/colcon_ws/build/msg_service' returned '0': CMAKE_PREFIX_PATH=${CMAKE_PREFIX_PATH}:/home/user05/colcon_ws/install/pubscore_5:/opt/ros/jazzy DEBUGINFOD_URLS=https://debuginfod.ubuntu.com /usr/bin/cmake --install /home/user05/colcon_ws/build/msg_service
[0.724s] Level 1:colcon.colcon_core.environment:checking '/home/user05/colcon_ws/install/msg_service' for CMake module files
[0.725s] Level 1:colcon.colcon_core.environment:checking '/home/user05/colcon_ws/install/msg_service' for CMake config files
[0.725s] Level 1:colcon.colcon_core.shell:create_environment_hook('msg_service', 'cmake_prefix_path')
[0.725s] INFO:colcon.colcon_core.shell:Creating environment hook '/home/user05/colcon_ws/install/msg_service/share/msg_service/hook/cmake_prefix_path.ps1'
[0.729s] INFO:colcon.colcon_core.shell:Creating environment descriptor '/home/user05/colcon_ws/install/msg_service/share/msg_service/hook/cmake_prefix_path.dsv'
[0.730s] INFO:colcon.colcon_core.shell:Creating environment hook '/home/user05/colcon_ws/install/msg_service/share/msg_service/hook/cmake_prefix_path.sh'
[0.731s] Level 1:colcon.colcon_core.environment:checking '/home/user05/colcon_ws/install/msg_service/bin'
[0.731s] Level 1:colcon.colcon_core.environment:checking '/home/user05/colcon_ws/install/msg_service/lib/pkgconfig/msg_service.pc'
[0.731s] Level 1:colcon.colcon_core.environment:checking '/home/user05/colcon_ws/install/msg_service/lib/python3.12/site-packages'
[0.732s] Level 1:colcon.colcon_core.environment:checking '/home/user05/colcon_ws/install/msg_service/bin'
[0.732s] INFO:colcon.colcon_core.shell:Creating package script '/home/user05/colcon_ws/install/msg_service/share/msg_service/package.ps1'
[0.734s] INFO:colcon.colcon_core.shell:Creating package descriptor '/home/user05/colcon_ws/install/msg_service/share/msg_service/package.dsv'
[0.735s] INFO:colcon.colcon_core.shell:Creating package script '/home/user05/colcon_ws/install/msg_service/share/msg_service/package.sh'
[0.736s] INFO:colcon.colcon_core.shell:Creating package script '/home/user05/colcon_ws/install/msg_service/share/msg_service/package.bash'
[0.737s] INFO:colcon.colcon_core.shell:Creating package script '/home/user05/colcon_ws/install/msg_service/share/msg_service/package.zsh'
[0.738s] Level 1:colcon.colcon_core.environment:create_file_with_runtime_dependencies(/home/user05/colcon_ws/install/msg_service/share/colcon-core/packages/msg_service)
[0.739s] Level 1:colcon.colcon_core.environment:create_environment_scripts_only(msg_service)
[0.739s] Level 1:colcon.colcon_core.environment:checking '/home/user05/colcon_ws/install/msg_service' for CMake module files
[0.740s] Level 1:colcon.colcon_core.environment:checking '/home/user05/colcon_ws/install/msg_service' for CMake config files
[0.740s] Level 1:colcon.colcon_core.shell:create_environment_hook('msg_service', 'cmake_prefix_path')
[0.741s] INFO:colcon.colcon_core.shell:Creating environment hook '/home/user05/colcon_ws/install/msg_service/share/msg_service/hook/cmake_prefix_path.ps1'
[0.742s] INFO:colcon.colcon_core.shell:Creating environment descriptor '/home/user05/colcon_ws/install/msg_service/share/msg_service/hook/cmake_prefix_path.dsv'
[0.743s] INFO:colcon.colcon_core.shell:Creating environment hook '/home/user05/colcon_ws/install/msg_service/share/msg_service/hook/cmake_prefix_path.sh'
[0.744s] Level 1:colcon.colcon_core.environment:checking '/home/user05/colcon_ws/install/msg_service/bin'
[0.744s] Level 1:colcon.colcon_core.environment:checking '/home/user05/colcon_ws/install/msg_service/lib/pkgconfig/msg_service.pc'
[0.744s] Level 1:colcon.colcon_core.environment:checking '/home/user05/colcon_ws/install/msg_service/lib/python3.12/site-packages'
[0.745s] Level 1:colcon.colcon_core.environment:checking '/home/user05/colcon_ws/install/msg_service/bin'
[0.746s] INFO:colcon.colcon_core.shell:Creating package script '/home/user05/colcon_ws/install/msg_service/share/msg_service/package.ps1'
[0.747s] INFO:colcon.colcon_core.shell:Creating package descriptor '/home/user05/colcon_ws/install/msg_service/share/msg_service/package.dsv'
[0.748s] INFO:colcon.colcon_core.shell:Creating package script '/home/user05/colcon_ws/install/msg_service/share/msg_service/package.sh'
[0.749s] INFO:colcon.colcon_core.shell:Creating package script '/home/user05/colcon_ws/install/msg_service/share/msg_service/package.bash'
[0.750s] INFO:colcon.colcon_core.shell:Creating package script '/home/user05/colcon_ws/install/msg_service/share/msg_service/package.zsh'
[0.750s] Level 1:colcon.colcon_core.environment:create_file_with_runtime_dependencies(/home/user05/colcon_ws/install/msg_service/share/colcon-core/packages/msg_service)
[1.023s] DEBUG:colcon.colcon_core.event_handler.log_command:Invoked command in '/home/user05/colcon_ws/build/custom_interfaces' returned '0': CMAKE_PREFIX_PATH=${CMAKE_PREFIX_PATH}:/home/user05/colcon_ws/install/pubscore_5:/opt/ros/jazzy DEBUGINFOD_URLS=https://debuginfod.ubuntu.com /usr/bin/cmake --build /home/user05/colcon_ws/build/custom_interfaces -- -j12 -l12
[1.025s] DEBUG:colcon.colcon_core.event_handler.log_command:Invoking command in '/home/user05/colcon_ws/build/custom_interfaces': CMAKE_PREFIX_PATH=${CMAKE_PREFIX_PATH}:/home/user05/colcon_ws/install/pubscore_5:/opt/ros/jazzy DEBUGINFOD_URLS=https://debuginfod.ubuntu.com /usr/bin/cmake --install /home/user05/colcon_ws/build/custom_interfaces
[1.117s] Level 1:colcon.colcon_core.environment:create_environment_scripts_only(custom_interfaces)
[1.117s] Level 1:colcon.colcon_core.environment:checking '/home/user05/colcon_ws/install/custom_interfaces' for CMake module files
[1.119s] Level 1:colcon.colcon_core.environment:checking '/home/user05/colcon_ws/install/custom_interfaces' for CMake config files
[1.120s] DEBUG:colcon.colcon_core.event_handler.log_command:Invoked command in '/home/user05/colcon_ws/build/custom_interfaces' returned '0': CMAKE_PREFIX_PATH=${CMAKE_PREFIX_PATH}:/home/user05/colcon_ws/install/pubscore_5:/opt/ros/jazzy DEBUGINFOD_URLS=https://debuginfod.ubuntu.com /usr/bin/cmake --install /home/user05/colcon_ws/build/custom_interfaces
[1.121s] Level 1:colcon.colcon_core.shell:create_environment_hook('custom_interfaces', 'cmake_prefix_path')
[1.121s] INFO:colcon.colcon_core.shell:Creating environment hook '/home/user05/colcon_ws/install/custom_interfaces/share/custom_interfaces/hook/cmake_prefix_path.ps1'
[1.122s] INFO:colcon.colcon_core.shell:Creating environment descriptor '/home/user05/colcon_ws/install/custom_interfaces/share/custom_interfaces/hook/cmake_prefix_path.dsv'
[1.122s] INFO:colcon.colcon_core.shell:Creating environment hook '/home/user05/colcon_ws/install/custom_interfaces/share/custom_interfaces/hook/cmake_prefix_path.sh'
[1.123s] Level 1:colcon.colcon_core.environment:checking '/home/user05/colcon_ws/install/custom_interfaces/lib'
[1.123s] Level 1:colcon.colcon_core.shell:create_environment_hook('custom_interfaces', 'ld_library_path_lib')
[1.124s] INFO:colcon.colcon_core.shell:Creating environment hook '/home/user05/colcon_ws/install/custom_interfaces/share/custom_interfaces/hook/ld_library_path_lib.ps1'
[1.124s] INFO:colcon.colcon_core.shell:Creating environment descriptor '/home/user05/colcon_ws/install/custom_interfaces/share/custom_interfaces/hook/ld_library_path_lib.dsv'
[1.125s] INFO:colcon.colcon_core.shell:Creating environment hook '/home/user05/colcon_ws/install/custom_interfaces/share/custom_interfaces/hook/ld_library_path_lib.sh'
[1.125s] Level 1:colcon.colcon_core.environment:checking '/home/user05/colcon_ws/install/custom_interfaces/bin'
[1.125s] Level 1:colcon.colcon_core.environment:checking '/home/user05/colcon_ws/install/custom_interfaces/lib/pkgconfig/custom_interfaces.pc'
[1.126s] Level 1:colcon.colcon_core.environment:checking '/home/user05/colcon_ws/install/custom_interfaces/lib/python3.12/site-packages'
[1.126s] Level 1:colcon.colcon_core.shell:create_environment_hook('custom_interfaces', 'pythonpath')
[1.126s] INFO:colcon.colcon_core.shell:Creating environment hook '/home/user05/colcon_ws/install/custom_interfaces/share/custom_interfaces/hook/pythonpath.ps1'
[1.127s] INFO:colcon.colcon_core.shell:Creating environment descriptor '/home/user05/colcon_ws/install/custom_interfaces/share/custom_interfaces/hook/pythonpath.dsv'
[1.127s] INFO:colcon.colcon_core.shell:Creating environment hook '/home/user05/colcon_ws/install/custom_interfaces/share/custom_interfaces/hook/pythonpath.sh'
[1.128s] Level 1:colcon.colcon_core.environment:checking '/home/user05/colcon_ws/install/custom_interfaces/bin'
[1.128s] INFO:colcon.colcon_core.shell:Creating package script '/home/user05/colcon_ws/install/custom_interfaces/share/custom_interfaces/package.ps1'
[1.129s] INFO:colcon.colcon_core.shell:Creating package descriptor '/home/user05/colcon_ws/install/custom_interfaces/share/custom_interfaces/package.dsv'
[1.130s] INFO:colcon.colcon_core.shell:Creating package script '/home/user05/colcon_ws/install/custom_interfaces/share/custom_interfaces/package.sh'
[1.131s] INFO:colcon.colcon_core.shell:Creating package script '/home/user05/colcon_ws/install/custom_interfaces/share/custom_interfaces/package.bash'
[1.131s] INFO:colcon.colcon_core.shell:Creating package script '/home/user05/colcon_ws/install/custom_interfaces/share/custom_interfaces/package.zsh'
[1.132s] Level 1:colcon.colcon_core.environment:create_file_with_runtime_dependencies(/home/user05/colcon_ws/install/custom_interfaces/share/colcon-core/packages/custom_interfaces)
[1.132s] Level 1:colcon.colcon_core.environment:create_environment_scripts_only(custom_interfaces)
[1.133s] Level 1:colcon.colcon_core.environment:checking '/home/user05/colcon_ws/install/custom_interfaces' for CMake module files
[1.134s] Level 1:colcon.colcon_core.environment:checking '/home/user05/colcon_ws/install/custom_interfaces' for CMake config files
[1.134s] Level 1:colcon.colcon_core.shell:create_environment_hook('custom_interfaces', 'cmake_prefix_path')
[1.135s] INFO:colcon.colcon_core.shell:Creating environment hook '/home/user05/colcon_ws/install/custom_interfaces/share/custom_interfaces/hook/cmake_prefix_path.ps1'
[1.135s] INFO:colcon.colcon_core.shell:Creating environment descriptor '/home/user05/colcon_ws/install/custom_interfaces/share/custom_interfaces/hook/cmake_prefix_path.dsv'
[1.136s] INFO:colcon.colcon_core.shell:Creating environment hook '/home/user05/colcon_ws/install/custom_interfaces/share/custom_interfaces/hook/cmake_prefix_path.sh'
[1.137s] Level 1:colcon.colcon_core.environment:checking '/home/user05/colcon_ws/install/custom_interfaces/lib'
[1.137s] Level 1:colcon.colcon_core.shell:create_environment_hook('custom_interfaces', 'ld_library_path_lib')
[1.138s] INFO:colcon.colcon_core.shell:Creating environment hook '/home/user05/colcon_ws/install/custom_interfaces/share/custom_interfaces/hook/ld_library_path_lib.ps1'
[1.139s] INFO:colcon.colcon_core.shell:Creating environment descriptor '/home/user05/colcon_ws/install/custom_interfaces/share/custom_interfaces/hook/ld_library_path_lib.dsv'
[1.139s] INFO:colcon.colcon_core.shell:Creating environment hook '/home/user05/colcon_ws/install/custom_interfaces/share/custom_interfaces/hook/ld_library_path_lib.sh'
[1.140s] Level 1:colcon.colcon_core.environment:checking '/home/user05/colcon_ws/install/custom_interfaces/bin'
[1.140s] Level 1:colcon.colcon_core.environment:checking '/home/user05/colcon_ws/install/custom_interfaces/lib/pkgconfig/custom_interfaces.pc'
[1.140s] Level 1:colcon.colcon_core.environment:checking '/home/user05/colcon_ws/install/custom_interfaces/lib/python3.12/site-packages'
[1.140s] Level 1:colcon.colcon_core.shell:create_environment_hook('custom_interfaces', 'pythonpath')
[1.141s] INFO:colcon.colcon_core.shell:Creating environment hook '/home/user05/colcon_ws/install/custom_interfaces/share/custom_interfaces/hook/pythonpath.ps1'
[1.141s] INFO:colcon.colcon_core.shell:Creating environment descriptor '/home/user05/colcon_ws/install/custom_interfaces/share/custom_interfaces/hook/pythonpath.dsv'
[1.142s] INFO:colcon.colcon_core.shell:Creating environment hook '/home/user05/colcon_ws/install/custom_interfaces/share/custom_interfaces/hook/pythonpath.sh'
[1.143s] Level 1:colcon.colcon_core.environment:checking '/home/user05/colcon_ws/install/custom_interfaces/bin'
[1.143s] INFO:colcon.colcon_core.shell:Creating package script '/home/user05/colcon_ws/install/custom_interfaces/share/custom_interfaces/package.ps1'
[1.145s] INFO:colcon.colcon_core.shell:Creating package descriptor '/home/user05/colcon_ws/install/custom_interfaces/share/custom_interfaces/package.dsv'
[1.146s] INFO:colcon.colcon_core.shell:Creating package script '/home/user05/colcon_ws/install/custom_interfaces/share/custom_interfaces/package.sh'
[1.147s] INFO:colcon.colcon_core.shell:Creating package script '/home/user05/colcon_ws/install/custom_interfaces/share/custom_interfaces/package.bash'
[1.148s] INFO:colcon.colcon_core.shell:Creating package script '/home/user05/colcon_ws/install/custom_interfaces/share/custom_interfaces/package.zsh'
[1.148s] Level 1:colcon.colcon_core.environment:create_file_with_runtime_dependencies(/home/user05/colcon_ws/install/custom_interfaces/share/colcon-core/packages/custom_interfaces)
[1.149s] INFO:colcon.colcon_ros.task.ament_cmake.build:Building ROS package in '/home/user05/colcon_ws/src/2_srvmsg' with build type 'ament_cmake'
[1.149s] INFO:colcon.colcon_cmake.task.cmake.build:Building CMake package in '/home/user05/colcon_ws/src/2_srvmsg'
[1.149s] INFO:colcon.colcon_core.shell:Skip shell extension 'powershell' for command environment: Not usable outside of PowerShell
[1.150s] DEBUG:colcon.colcon_core.shell:Skip shell extension 'dsv' for command environment
[1.166s] DEBUG:colcon.colcon_core.event_handler.log_command:Invoking command in '/home/user05/colcon_ws/build/srvmsg': CMAKE_PREFIX_PATH=/home/user05/colcon_ws/install/custom_interfaces:/home/user05/colcon_ws/install/srvmsg:/home/user05/colcon_ws/install/msg_service:/opt/ros/jazzy/opt/gz_sim_vendor:/opt/ros/jazzy/opt/gz_sensors_vendor:/opt/ros/jazzy/opt/gz_physics_vendor:/opt/ros/jazzy/opt/sdformat_vendor:/opt/ros/jazzy/opt/gz_gui_vendor:/opt/ros/jazzy/opt/gz_transport_vendor:/opt/ros/jazzy/opt/gz_rendering_vendor:/opt/ros/jazzy/opt/gz_plugin_vendor:/opt/ros/jazzy/opt/gz_fuel_tools_vendor:/opt/ros/jazzy/opt/gz_msgs_vendor:/opt/ros/jazzy/opt/gz_common_vendor:/opt/ros/jazzy/opt/gz_math_vendor:/opt/ros/jazzy/opt/gz_utils_vendor:/opt/ros/jazzy/opt/gz_tools_vendor:/opt/ros/jazzy/opt/gz_ogre_next_vendor:/opt/ros/jazzy/opt/gz_dartsim_vendor:/opt/ros/jazzy/opt/gz_cmake_vendor:/home/user05/colcon_ws/install/pubscore_5:/opt/ros/jazzy DEBUGINFOD_URLS=https://debuginfod.ubuntu.com PYTHONPATH=/home/user05/colcon_ws/install/custom_interfaces/lib/python3.12/site-packages:/home/user05/colcon_ws/install/pubscore_5/lib/python3.12/site-packages:/opt/ros/jazzy/lib/python3.12/site-packages /usr/bin/cmake --build /home/user05/colcon_ws/build/srvmsg -- -j12 -l12
[1.214s] DEBUG:colcon.colcon_core.event_handler.log_command:Invoked command in '/home/user05/colcon_ws/build/srvmsg' returned '0': CMAKE_PREFIX_PATH=/home/user05/colcon_ws/install/custom_interfaces:/home/user05/colcon_ws/install/srvmsg:/home/user05/colcon_ws/install/msg_service:/opt/ros/jazzy/opt/gz_sim_vendor:/opt/ros/jazzy/opt/gz_sensors_vendor:/opt/ros/jazzy/opt/gz_physics_vendor:/opt/ros/jazzy/opt/sdformat_vendor:/opt/ros/jazzy/opt/gz_gui_vendor:/opt/ros/jazzy/opt/gz_transport_vendor:/opt/ros/jazzy/opt/gz_rendering_vendor:/opt/ros/jazzy/opt/gz_plugin_vendor:/opt/ros/jazzy/opt/gz_fuel_tools_vendor:/opt/ros/jazzy/opt/gz_msgs_vendor:/opt/ros/jazzy/opt/gz_common_vendor:/opt/ros/jazzy/opt/gz_math_vendor:/opt/ros/jazzy/opt/gz_utils_vendor:/opt/ros/jazzy/opt/gz_tools_vendor:/opt/ros/jazzy/opt/gz_ogre_next_vendor:/opt/ros/jazzy/opt/gz_dartsim_vendor:/opt/ros/jazzy/opt/gz_cmake_vendor:/home/user05/colcon_ws/install/pubscore_5:/opt/ros/jazzy DEBUGINFOD_URLS=https://debuginfod.ubuntu.com PYTHONPATH=/home/user05/colcon_ws/install/custom_interfaces/lib/python3.12/site-packages:/home/user05/colcon_ws/install/pubscore_5/lib/python3.12/site-packages:/opt/ros/jazzy/lib/python3.12/site-packages /usr/bin/cmake --build /home/user05/colcon_ws/build/srvmsg -- -j12 -l12
[1.216s] DEBUG:colcon.colcon_core.event_handler.log_command:Invoking command in '/home/user05/colcon_ws/build/srvmsg': CMAKE_PREFIX_PATH=/home/user05/colcon_ws/install/custom_interfaces:/home/user05/colcon_ws/install/srvmsg:/home/user05/colcon_ws/install/msg_service:/opt/ros/jazzy/opt/gz_sim_vendor:/opt/ros/jazzy/opt/gz_sensors_vendor:/opt/ros/jazzy/opt/gz_physics_vendor:/opt/ros/jazzy/opt/sdformat_vendor:/opt/ros/jazzy/opt/gz_gui_vendor:/opt/ros/jazzy/opt/gz_transport_vendor:/opt/ros/jazzy/opt/gz_rendering_vendor:/opt/ros/jazzy/opt/gz_plugin_vendor:/opt/ros/jazzy/opt/gz_fuel_tools_vendor:/opt/ros/jazzy/opt/gz_msgs_vendor:/opt/ros/jazzy/opt/gz_common_vendor:/opt/ros/jazzy/opt/gz_math_vendor:/opt/ros/jazzy/opt/gz_utils_vendor:/opt/ros/jazzy/opt/gz_tools_vendor:/opt/ros/jazzy/opt/gz_ogre_next_vendor:/opt/ros/jazzy/opt/gz_dartsim_vendor:/opt/ros/jazzy/opt/gz_cmake_vendor:/home/user05/colcon_ws/install/pubscore_5:/opt/ros/jazzy DEBUGINFOD_URLS=https://debuginfod.ubuntu.com PYTHONPATH=/home/user05/colcon_ws/install/custom_interfaces/lib/python3.12/site-packages:/home/user05/colcon_ws/install/pubscore_5/lib/python3.12/site-packages:/opt/ros/jazzy/lib/python3.12/site-packages /usr/bin/cmake --install /home/user05/colcon_ws/build/srvmsg
[1.233s] Level 1:colcon.colcon_core.environment:create_environment_scripts_only(srvmsg)
[1.233s] Level 1:colcon.colcon_core.environment:checking '/home/user05/colcon_ws/install/srvmsg' for CMake module files
[1.235s] Level 1:colcon.colcon_core.environment:checking '/home/user05/colcon_ws/install/srvmsg' for CMake config files
[1.236s] DEBUG:colcon.colcon_core.event_handler.log_command:Invoked command in '/home/user05/colcon_ws/build/srvmsg' returned '0': CMAKE_PREFIX_PATH=/home/user05/colcon_ws/install/custom_interfaces:/home/user05/colcon_ws/install/srvmsg:/home/user05/colcon_ws/install/msg_service:/opt/ros/jazzy/opt/gz_sim_vendor:/opt/ros/jazzy/opt/gz_sensors_vendor:/opt/ros/jazzy/opt/gz_physics_vendor:/opt/ros/jazzy/opt/sdformat_vendor:/opt/ros/jazzy/opt/gz_gui_vendor:/opt/ros/jazzy/opt/gz_transport_vendor:/opt/ros/jazzy/opt/gz_rendering_vendor:/opt/ros/jazzy/opt/gz_plugin_vendor:/opt/ros/jazzy/opt/gz_fuel_tools_vendor:/opt/ros/jazzy/opt/gz_msgs_vendor:/opt/ros/jazzy/opt/gz_common_vendor:/opt/ros/jazzy/opt/gz_math_vendor:/opt/ros/jazzy/opt/gz_utils_vendor:/opt/ros/jazzy/opt/gz_tools_vendor:/opt/ros/jazzy/opt/gz_ogre_next_vendor:/opt/ros/jazzy/opt/gz_dartsim_vendor:/opt/ros/jazzy/opt/gz_cmake_vendor:/home/user05/colcon_ws/install/pubscore_5:/opt/ros/jazzy DEBUGINFOD_URLS=https://debuginfod.ubuntu.com PYTHONPATH=/home/user05/colcon_ws/install/custom_interfaces/lib/python3.12/site-packages:/home/user05/colcon_ws/install/pubscore_5/lib/python3.12/site-packages:/opt/ros/jazzy/lib/python3.12/site-packages /usr/bin/cmake --install /home/user05/colcon_ws/build/srvmsg
[1.236s] Level 1:colcon.colcon_core.shell:create_environment_hook('srvmsg', 'cmake_prefix_path')
[1.236s] INFO:colcon.colcon_core.shell:Creating environment hook '/home/user05/colcon_ws/install/srvmsg/share/srvmsg/hook/cmake_prefix_path.ps1'
[1.237s] INFO:colcon.colcon_core.shell:Creating environment descriptor '/home/user05/colcon_ws/install/srvmsg/share/srvmsg/hook/cmake_prefix_path.dsv'
[1.238s] INFO:colcon.colcon_core.shell:Creating environment hook '/home/user05/colcon_ws/install/srvmsg/share/srvmsg/hook/cmake_prefix_path.sh'
[1.239s] Level 1:colcon.colcon_core.environment:checking '/home/user05/colcon_ws/install/srvmsg/lib'
[1.239s] Level 1:colcon.colcon_core.environment:checking '/home/user05/colcon_ws/install/srvmsg/bin'
[1.239s] Level 1:colcon.colcon_core.environment:checking '/home/user05/colcon_ws/install/srvmsg/lib/pkgconfig/srvmsg.pc'
[1.239s] Level 1:colcon.colcon_core.environment:checking '/home/user05/colcon_ws/install/srvmsg/lib/python3.12/site-packages'
[1.240s] Level 1:colcon.colcon_core.environment:checking '/home/user05/colcon_ws/install/srvmsg/bin'
[1.241s] INFO:colcon.colcon_core.shell:Creating package script '/home/user05/colcon_ws/install/srvmsg/share/srvmsg/package.ps1'
[1.242s] INFO:colcon.colcon_core.shell:Creating package descriptor '/home/user05/colcon_ws/install/srvmsg/share/srvmsg/package.dsv'
[1.242s] INFO:colcon.colcon_core.shell:Creating package script '/home/user05/colcon_ws/install/srvmsg/share/srvmsg/package.sh'
[1.243s] INFO:colcon.colcon_core.shell:Creating package script '/home/user05/colcon_ws/install/srvmsg/share/srvmsg/package.bash'
[1.243s] INFO:colcon.colcon_core.shell:Creating package script '/home/user05/colcon_ws/install/srvmsg/share/srvmsg/package.zsh'
[1.244s] Level 1:colcon.colcon_core.environment:create_file_with_runtime_dependencies(/home/user05/colcon_ws/install/srvmsg/share/colcon-core/packages/srvmsg)
[1.245s] Level 1:colcon.colcon_core.environment:create_environment_scripts_only(srvmsg)
[1.245s] Level 1:colcon.colcon_core.environment:checking '/home/user05/colcon_ws/install/srvmsg' for CMake module files
[1.246s] Level 1:colcon.colcon_core.environment:checking '/home/user05/colcon_ws/install/srvmsg' for CMake config files
[1.246s] Level 1:colcon.colcon_core.shell:create_environment_hook('srvmsg', 'cmake_prefix_path')
[1.246s] INFO:colcon.colcon_core.shell:Creating environment hook '/home/user05/colcon_ws/install/srvmsg/share/srvmsg/hook/cmake_prefix_path.ps1'
[1.247s] INFO:colcon.colcon_core.shell:Creating environment descriptor '/home/user05/colcon_ws/install/srvmsg/share/srvmsg/hook/cmake_prefix_path.dsv'
[1.247s] INFO:colcon.colcon_core.shell:Creating environment hook '/home/user05/colcon_ws/install/srvmsg/share/srvmsg/hook/cmake_prefix_path.sh'
[1.248s] Level 1:colcon.colcon_core.environment:checking '/home/user05/colcon_ws/install/srvmsg/lib'
[1.249s] Level 1:colcon.colcon_core.environment:checking '/home/user05/colcon_ws/install/srvmsg/bin'
[1.249s] Level 1:colcon.colcon_core.environment:checking '/home/user05/colcon_ws/install/srvmsg/lib/pkgconfig/srvmsg.pc'
[1.249s] Level 1:colcon.colcon_core.environment:checking '/home/user05/colcon_ws/install/srvmsg/lib/python3.12/site-packages'
[1.250s] Level 1:colcon.colcon_core.environment:checking '/home/user05/colcon_ws/install/srvmsg/bin'
[1.250s] INFO:colcon.colcon_core.shell:Creating package script '/home/user05/colcon_ws/install/srvmsg/share/srvmsg/package.ps1'
[1.251s] INFO:colcon.colcon_core.shell:Creating package descriptor '/home/user05/colcon_ws/install/srvmsg/share/srvmsg/package.dsv'
[1.252s] INFO:colcon.colcon_core.shell:Creating package script '/home/user05/colcon_ws/install/srvmsg/share/srvmsg/package.sh'
[1.252s] INFO:colcon.colcon_core.shell:Creating package script '/home/user05/colcon_ws/install/srvmsg/share/srvmsg/package.bash'
[1.253s] INFO:colcon.colcon_core.shell:Creating package script '/home/user05/colcon_ws/install/srvmsg/share/srvmsg/package.zsh'
[1.253s] Level 1:colcon.colcon_core.environment:create_file_with_runtime_dependencies(/home/user05/colcon_ws/install/srvmsg/share/colcon-core/packages/srvmsg)
[1.486s] DEBUG:colcon.colcon_core.event_handler.log_command:Invoked command in '/home/user05/colcon_ws/build/turtlebot_control_1' returned '0': CMAKE_PREFIX_PATH=${CMAKE_PREFIX_PATH}:/home/user05/colcon_ws/install/pubscore_5:/opt/ros/jazzy DEBUGINFOD_URLS=https://debuginfod.ubuntu.com /usr/bin/cmake --build /home/user05/colcon_ws/build/turtlebot_control_1 -- -j12 -l12
[1.487s] DEBUG:colcon.colcon_core.event_handler.log_command:Invoking command in '/home/user05/colcon_ws/build/turtlebot_control_1': CMAKE_PREFIX_PATH=${CMAKE_PREFIX_PATH}:/home/user05/colcon_ws/install/pubscore_5:/opt/ros/jazzy DEBUGINFOD_URLS=https://debuginfod.ubuntu.com /usr/bin/cmake --install /home/user05/colcon_ws/build/turtlebot_control_1
[1.501s] Level 1:colcon.colcon_core.environment:create_environment_scripts_only(turtlebot_control_1)
[1.502s] Level 1:colcon.colcon_core.environment:checking '/home/user05/colcon_ws/install/turtlebot_control_1' for CMake module files
[1.502s] DEBUG:colcon.colcon_core.event_handler.log_command:Invoked command in '/home/user05/colcon_ws/build/turtlebot_control_1' returned '0': CMAKE_PREFIX_PATH=${CMAKE_PREFIX_PATH}:/home/user05/colcon_ws/install/pubscore_5:/opt/ros/jazzy DEBUGINFOD_URLS=https://debuginfod.ubuntu.com /usr/bin/cmake --install /home/user05/colcon_ws/build/turtlebot_control_1
[1.503s] Level 1:colcon.colcon_core.environment:checking '/home/user05/colcon_ws/install/turtlebot_control_1' for CMake config files
[1.503s] Level 1:colcon.colcon_core.shell:create_environment_hook('turtlebot_control_1', 'cmake_prefix_path')
[1.503s] INFO:colcon.colcon_core.shell:Creating environment hook '/home/user05/colcon_ws/install/turtlebot_control_1/share/turtlebot_control_1/hook/cmake_prefix_path.ps1'
[1.504s] INFO:colcon.colcon_core.shell:Creating environment descriptor '/home/user05/colcon_ws/install/turtlebot_control_1/share/turtlebot_control_1/hook/cmake_prefix_path.dsv'
[1.504s] INFO:colcon.colcon_core.shell:Creating environment hook '/home/user05/colcon_ws/install/turtlebot_control_1/share/turtlebot_control_1/hook/cmake_prefix_path.sh'
[1.505s] Level 1:colcon.colcon_core.environment:checking '/home/user05/colcon_ws/install/turtlebot_control_1/lib'
[1.505s] Level 1:colcon.colcon_core.environment:checking '/home/user05/colcon_ws/install/turtlebot_control_1/bin'
[1.505s] Level 1:colcon.colcon_core.environment:checking '/home/user05/colcon_ws/install/turtlebot_control_1/lib/pkgconfig/turtlebot_control_1.pc'
[1.505s] Level 1:colcon.colcon_core.environment:checking '/home/user05/colcon_ws/install/turtlebot_control_1/lib/python3.12/site-packages'
[1.506s] Level 1:colcon.colcon_core.environment:checking '/home/user05/colcon_ws/install/turtlebot_control_1/bin'
[1.506s] INFO:colcon.colcon_core.shell:Creating package script '/home/user05/colcon_ws/install/turtlebot_control_1/share/turtlebot_control_1/package.ps1'
[1.507s] INFO:colcon.colcon_core.shell:Creating package descriptor '/home/user05/colcon_ws/install/turtlebot_control_1/share/turtlebot_control_1/package.dsv'
[1.508s] INFO:colcon.colcon_core.shell:Creating package script '/home/user05/colcon_ws/install/turtlebot_control_1/share/turtlebot_control_1/package.sh'
[1.508s] INFO:colcon.colcon_core.shell:Creating package script '/home/user05/colcon_ws/install/turtlebot_control_1/share/turtlebot_control_1/package.bash'
[1.509s] INFO:colcon.colcon_core.shell:Creating package script '/home/user05/colcon_ws/install/turtlebot_control_1/share/turtlebot_control_1/package.zsh'
[1.509s] Level 1:colcon.colcon_core.environment:create_file_with_runtime_dependencies(/home/user05/colcon_ws/install/turtlebot_control_1/share/colcon-core/packages/turtlebot_control_1)
[1.510s] Level 1:colcon.colcon_core.environment:create_environment_scripts_only(turtlebot_control_1)
[1.510s] Level 1:colcon.colcon_core.environment:checking '/home/user05/colcon_ws/install/turtlebot_control_1' for CMake module files
[1.510s] Level 1:colcon.colcon_core.environment:checking '/home/user05/colcon_ws/install/turtlebot_control_1' for CMake config files
[1.511s] Level 1:colcon.colcon_core.shell:create_environment_hook('turtlebot_control_1', 'cmake_prefix_path')
[1.511s] INFO:colcon.colcon_core.shell:Creating environment hook '/home/user05/colcon_ws/install/turtlebot_control_1/share/turtlebot_control_1/hook/cmake_prefix_path.ps1'
[1.512s] INFO:colcon.colcon_core.shell:Creating environment descriptor '/home/user05/colcon_ws/install/turtlebot_control_1/share/turtlebot_control_1/hook/cmake_prefix_path.dsv'
[1.512s] INFO:colcon.colcon_core.shell:Creating environment hook '/home/user05/colcon_ws/install/turtlebot_control_1/share/turtlebot_control_1/hook/cmake_prefix_path.sh'
[1.513s] Level 1:colcon.colcon_core.environment:checking '/home/user05/colcon_ws/install/turtlebot_control_1/lib'
[1.513s] Level 1:colcon.colcon_core.environment:checking '/home/user05/colcon_ws/install/turtlebot_control_1/bin'
[1.513s] Level 1:colcon.colcon_core.environment:checking '/home/user05/colcon_ws/install/turtlebot_control_1/lib/pkgconfig/turtlebot_control_1.pc'
[1.513s] Level 1:colcon.colcon_core.environment:checking '/home/user05/colcon_ws/install/turtlebot_control_1/lib/python3.12/site-packages'
[1.514s] Level 1:colcon.colcon_core.environment:checking '/home/user05/colcon_ws/install/turtlebot_control_1/bin'
[1.514s] INFO:colcon.colcon_core.shell:Creating package script '/home/user05/colcon_ws/install/turtlebot_control_1/share/turtlebot_control_1/package.ps1'
[1.515s] INFO:colcon.colcon_core.shell:Creating package descriptor '/home/user05/colcon_ws/install/turtlebot_control_1/share/turtlebot_control_1/package.dsv'
[1.516s] INFO:colcon.colcon_core.shell:Creating package script '/home/user05/colcon_ws/install/turtlebot_control_1/share/turtlebot_control_1/package.sh'
[1.516s] INFO:colcon.colcon_core.shell:Creating package script '/home/user05/colcon_ws/install/turtlebot_control_1/share/turtlebot_control_1/package.bash'
[1.517s] INFO:colcon.colcon_core.shell:Creating package script '/home/user05/colcon_ws/install/turtlebot_control_1/share/turtlebot_control_1/package.zsh'
[1.517s] Level 1:colcon.colcon_core.environment:create_file_with_runtime_dependencies(/home/user05/colcon_ws/install/turtlebot_control_1/share/colcon-core/packages/turtlebot_control_1)
[1.595s] DEBUG:colcon.colcon_core.event_handler.log_command:Invoking command in '/home/user05/colcon_ws/src/pubscore_5': DEBUGINFOD_URLS=https://debuginfod.ubuntu.com PYTHONPATH=/home/user05/colcon_ws/build/pubscore_5/prefix_override:/usr/lib/python3/dist-packages/colcon_core/task/python/colcon_distutils_commands:/home/user05/colcon_ws/install/pubscore_5/lib/python3.12/site-packages:${PYTHONPATH} /usr/bin/python3 -W ignore:setup.py install is deprecated -W ignore:easy_install command is deprecated setup.py egg_info --egg-base ../../build/pubscore_5 build --build-base /home/user05/colcon_ws/build/pubscore_5/build install --record /home/user05/colcon_ws/build/pubscore_5/install.log --single-version-externally-managed install_data
[2.428s] Level 1:colcon.colcon_core.environment:checking '/home/user05/colcon_ws/install/pubscore_5' for CMake module files
[2.428s] DEBUG:colcon.colcon_core.event_handler.log_command:Invoked command in '/home/user05/colcon_ws/src/pubscore_5' returned '0': DEBUGINFOD_URLS=https://debuginfod.ubuntu.com PYTHONPATH=/home/user05/colcon_ws/build/pubscore_5/prefix_override:/usr/lib/python3/dist-packages/colcon_core/task/python/colcon_distutils_commands:/home/user05/colcon_ws/install/pubscore_5/lib/python3.12/site-packages:${PYTHONPATH} /usr/bin/python3 -W ignore:setup.py install is deprecated -W ignore:easy_install command is deprecated setup.py egg_info --egg-base ../../build/pubscore_5 build --build-base /home/user05/colcon_ws/build/pubscore_5/build install --record /home/user05/colcon_ws/build/pubscore_5/install.log --single-version-externally-managed install_data
[2.429s] Level 1:colcon.colcon_core.environment:checking '/home/user05/colcon_ws/install/pubscore_5' for CMake config files
[2.430s] Level 1:colcon.colcon_core.environment:checking '/home/user05/colcon_ws/install/pubscore_5/lib'
[2.430s] Level 1:colcon.colcon_core.environment:checking '/home/user05/colcon_ws/install/pubscore_5/bin'
[2.430s] Level 1:colcon.colcon_core.environment:checking '/home/user05/colcon_ws/install/pubscore_5/lib/pkgconfig/pubscore_5.pc'
[2.430s] Level 1:colcon.colcon_core.environment:checking '/home/user05/colcon_ws/install/pubscore_5/lib/python3.12/site-packages'
[2.431s] Level 1:colcon.colcon_core.shell:create_environment_hook('pubscore_5', 'pythonpath')
[2.431s] INFO:colcon.colcon_core.shell:Creating environment hook '/home/user05/colcon_ws/install/pubscore_5/share/pubscore_5/hook/pythonpath.ps1'
[2.431s] INFO:colcon.colcon_core.shell:Creating environment descriptor '/home/user05/colcon_ws/install/pubscore_5/share/pubscore_5/hook/pythonpath.dsv'
[2.432s] INFO:colcon.colcon_core.shell:Creating environment hook '/home/user05/colcon_ws/install/pubscore_5/share/pubscore_5/hook/pythonpath.sh'
[2.433s] Level 1:colcon.colcon_core.environment:checking '/home/user05/colcon_ws/install/pubscore_5/bin'
[2.433s] Level 1:colcon.colcon_core.environment:create_environment_scripts_only(pubscore_5)
[2.433s] INFO:colcon.colcon_core.shell:Creating package script '/home/user05/colcon_ws/install/pubscore_5/share/pubscore_5/package.ps1'
[2.434s] INFO:colcon.colcon_core.shell:Creating package descriptor '/home/user05/colcon_ws/install/pubscore_5/share/pubscore_5/package.dsv'
[2.434s] INFO:colcon.colcon_core.shell:Creating package script '/home/user05/colcon_ws/install/pubscore_5/share/pubscore_5/package.sh'
[2.435s] INFO:colcon.colcon_core.shell:Creating package script '/home/user05/colcon_ws/install/pubscore_5/share/pubscore_5/package.bash'
[2.435s] INFO:colcon.colcon_core.shell:Creating package script '/home/user05/colcon_ws/install/pubscore_5/share/pubscore_5/package.zsh'
[2.436s] Level 1:colcon.colcon_core.environment:create_file_with_runtime_dependencies(/home/user05/colcon_ws/install/pubscore_5/share/colcon-core/packages/pubscore_5)
[2.436s] DEBUG:colcon.colcon_parallel_executor.executor.parallel:closing loop
[2.436s] DEBUG:colcon.colcon_parallel_executor.executor.parallel:loop closed
[2.436s] DEBUG:colcon.colcon_parallel_executor.executor.parallel:run_until_complete finished with '0'
[2.436s] DEBUG:colcon.colcon_core.event_reactor:joining thread
[2.442s] INFO:colcon.colcon_core.plugin_system:Skipping extension 'colcon_notification.desktop_notification.terminal_notifier': Not used on non-Darwin systems
[2.443s] INFO:colcon.colcon_core.plugin_system:Skipping extension 'colcon_notification.desktop_notification.win32': Not used on non-Windows systems
[2.443s] INFO:colcon.colcon_notification.desktop_notification:Sending desktop notification using 'notify2'
[2.463s] DEBUG:colcon.colcon_core.event_reactor:joined thread
[2.467s] INFO:colcon.colcon_core.shell:Creating prefix script '/home/user05/colcon_ws/install/local_setup.ps1'
[2.467s] INFO:colcon.colcon_core.shell:Creating prefix util module '/home/user05/colcon_ws/install/_local_setup_util_ps1.py'
[2.469s] INFO:colcon.colcon_core.shell:Creating prefix chain script '/home/user05/colcon_ws/install/setup.ps1'
[2.471s] INFO:colcon.colcon_core.shell:Creating prefix script '/home/user05/colcon_ws/install/local_setup.sh'
[2.472s] INFO:colcon.colcon_core.shell:Creating prefix util module '/home/user05/colcon_ws/install/_local_setup_util_sh.py'
[2.472s] INFO:colcon.colcon_core.shell:Creating prefix chain script '/home/user05/colcon_ws/install/setup.sh'
[2.474s] INFO:colcon.colcon_core.shell:Creating prefix script '/home/user05/colcon_ws/install/local_setup.bash'
[2.475s] INFO:colcon.colcon_core.shell:Creating prefix chain script '/home/user05/colcon_ws/install/setup.bash'
[2.476s] INFO:colcon.colcon_core.shell:Creating prefix script '/home/user05/colcon_ws/install/local_setup.zsh'
[2.477s] INFO:colcon.colcon_core.shell:Creating prefix chain script '/home/user05/colcon_ws/install/setup.zsh'
