running egg_info
writing ../../build/pubscore_5/pubscore_5.egg-info/PKG-INFO
writing dependency_links to ../../build/pubscore_5/pubscore_5.egg-info/dependency_links.txt
writing entry points to ../../build/pubscore_5/pubscore_5.egg-info/entry_points.txt
writing requirements to ../../build/pubscore_5/pubscore_5.egg-info/requires.txt
writing top-level names to ../../build/pubscore_5/pubscore_5.egg-info/top_level.txt
reading manifest file '../../build/pubscore_5/pubscore_5.egg-info/SOURCES.txt'
writing manifest file '../../build/pubscore_5/pubscore_5.egg-info/SOURCES.txt'
running build
running build_py
copying pubscore_5/publisher.py -> /home/user05/colcon_ws/build/pubscore_5/build/lib/pubscore_5
copying pubscore_5/processor.py -> /home/user05/colcon_ws/build/pubscore_5/build/lib/pubscore_5
running install
running install_lib
copying /home/user05/colcon_ws/build/pubscore_5/build/lib/pubscore_5/publisher.py -> /home/user05/colcon_ws/install/pubscore_5/lib/python3.12/site-packages/pubscore_5
copying /home/user05/colcon_ws/build/pubscore_5/build/lib/pubscore_5/processor.py -> /home/user05/colcon_ws/install/pubscore_5/lib/python3.12/site-packages/pubscore_5
byte-compiling /home/user05/colcon_ws/install/pubscore_5/lib/python3.12/site-packages/pubscore_5/publisher.py to publisher.cpython-312.pyc
byte-compiling /home/user05/colcon_ws/install/pubscore_5/lib/python3.12/site-packages/pubscore_5/processor.py to processor.cpython-312.pyc
running install_data
running install_egg_info
removing '/home/user05/colcon_ws/install/pubscore_5/lib/python3.12/site-packages/pubscore_5-0.0.0-py3.12.egg-info' (and everything under it)
Copying ../../build/pubscore_5/pubscore_5.egg-info to /home/user05/colcon_ws/install/pubscore_5/lib/python3.12/site-packages/pubscore_5-0.0.0-py3.12.egg-info
running install_scripts
Installing listener script to /home/user05/colcon_ws/install/pubscore_5/lib/pubscore_5
Installing publisher script to /home/user05/colcon_ws/install/pubscore_5/lib/pubscore_5
Installing talker script to /home/user05/colcon_ws/install/pubscore_5/lib/pubscore_5
writing list of installed files to '/home/user05/colcon_ws/build/pubscore_5/install.log'
