[0.772s] Invoking command in '/home/user05/colcon_ws/src/pubscore_5': DEBUGINFOD_URLS=https://debuginfod.ubuntu.com PYTHONPATH=/home/user05/colcon_ws/build/pubscore_5/prefix_override:/usr/lib/python3/dist-packages/colcon_core/task/python/colcon_distutils_commands:/home/user05/colcon_ws/install/pubscore_5/lib/python3.12/site-packages:${PYTHONPATH} /usr/bin/python3 -W ignore:setup.py install is deprecated -W ignore:easy_install command is deprecated setup.py egg_info --egg-base ../../build/pubscore_5 build --build-base /home/user05/colcon_ws/build/pubscore_5/build install --record /home/user05/colcon_ws/build/pubscore_5/install.log --single-version-externally-managed install_data
[1.035s] running egg_info
[1.060s] writing ../../build/pubscore_5/pubscore_5.egg-info/PKG-INFO
[1.060s] writing dependency_links to ../../build/pubscore_5/pubscore_5.egg-info/dependency_links.txt
[1.060s] writing entry points to ../../build/pubscore_5/pubscore_5.egg-info/entry_points.txt
[1.060s] writing requirements to ../../build/pubscore_5/pubscore_5.egg-info/requires.txt
[1.061s] writing top-level names to ../../build/pubscore_5/pubscore_5.egg-info/top_level.txt
[1.108s] reading manifest file '../../build/pubscore_5/pubscore_5.egg-info/SOURCES.txt'
[1.109s] writing manifest file '../../build/pubscore_5/pubscore_5.egg-info/SOURCES.txt'
[1.109s] running build
[1.109s] running build_py
[1.109s] creating /home/user05/colcon_ws/build/pubscore_5/build/lib/pubscore_5
[1.110s] copying pubscore_5/listener.py -> /home/user05/colcon_ws/build/pubscore_5/build/lib/pubscore_5
[1.110s] copying pubscore_5/talker.py -> /home/user05/colcon_ws/build/pubscore_5/build/lib/pubscore_5
[1.110s] copying pubscore_5/__init__.py -> /home/user05/colcon_ws/build/pubscore_5/build/lib/pubscore_5
[1.110s] running install
[1.116s] running install_lib
[1.147s] creating /home/user05/colcon_ws/install/pubscore_5/lib/python3.12/site-packages/pubscore_5
[1.149s] copying /home/user05/colcon_ws/build/pubscore_5/build/lib/pubscore_5/listener.py -> /home/user05/colcon_ws/install/pubscore_5/lib/python3.12/site-packages/pubscore_5
[1.149s] copying /home/user05/colcon_ws/build/pubscore_5/build/lib/pubscore_5/talker.py -> /home/user05/colcon_ws/install/pubscore_5/lib/python3.12/site-packages/pubscore_5
[1.150s] copying /home/user05/colcon_ws/build/pubscore_5/build/lib/pubscore_5/__init__.py -> /home/user05/colcon_ws/install/pubscore_5/lib/python3.12/site-packages/pubscore_5
[1.150s] byte-compiling /home/user05/colcon_ws/install/pubscore_5/lib/python3.12/site-packages/pubscore_5/listener.py to listener.cpython-312.pyc
[1.150s] byte-compiling /home/user05/colcon_ws/install/pubscore_5/lib/python3.12/site-packages/pubscore_5/talker.py to talker.cpython-312.pyc
[1.150s] byte-compiling /home/user05/colcon_ws/install/pubscore_5/lib/python3.12/site-packages/pubscore_5/__init__.py to __init__.cpython-312.pyc
[1.150s] running install_data
[1.150s] running install_egg_info
[1.184s] removing '/home/user05/colcon_ws/install/pubscore_5/lib/python3.12/site-packages/pubscore_5-0.0.0-py3.12.egg-info' (and everything under it)
[1.185s] Copying ../../build/pubscore_5/pubscore_5.egg-info to /home/user05/colcon_ws/install/pubscore_5/lib/python3.12/site-packages/pubscore_5-0.0.0-py3.12.egg-info
[1.186s] running install_scripts
[1.321s] Installing listener script to /home/user05/colcon_ws/install/pubscore_5/lib/pubscore_5
[1.321s] Installing talker script to /home/user05/colcon_ws/install/pubscore_5/lib/pubscore_5
[1.321s] writing list of installed files to '/home/user05/colcon_ws/build/pubscore_5/install.log'
[1.347s] Invoked command in '/home/user05/colcon_ws/src/pubscore_5' returned '0': DEBUGINFOD_URLS=https://debuginfod.ubuntu.com PYTHONPATH=/home/user05/colcon_ws/build/pubscore_5/prefix_override:/usr/lib/python3/dist-packages/colcon_core/task/python/colcon_distutils_commands:/home/user05/colcon_ws/install/pubscore_5/lib/python3.12/site-packages:${PYTHONPATH} /usr/bin/python3 -W ignore:setup.py install is deprecated -W ignore:easy_install command is deprecated setup.py egg_info --egg-base ../../build/pubscore_5 build --build-base /home/user05/colcon_ws/build/pubscore_5/build install --record /home/user05/colcon_ws/build/pubscore_5/install.log --single-version-externally-managed install_data
