[0.357s] Invoking command in '/home/user05/colcon_ws/build/turtlebot_control_1': CMAKE_PREFIX_PATH=${CMAKE_PREFIX_PATH}:/home/user05/colcon_ws/install/pubscore_5:/opt/ros/jazzy DEBUGINFOD_URLS=https://debuginfod.ubuntu.com /usr/bin/cmake --build /home/user05/colcon_ws/build/turtlebot_control_1 -- -j12 -l12
[0.413s] Invoked command in '/home/user05/colcon_ws/build/turtlebot_control_1' returned '0': CMAKE_PREFIX_PATH=${CMAKE_PREFIX_PATH}:/home/user05/colcon_ws/install/pubscore_5:/opt/ros/jazzy DEBUGINFOD_URLS=https://debuginfod.ubuntu.com /usr/bin/cmake --build /home/user05/colcon_ws/build/turtlebot_control_1 -- -j12 -l12
[0.415s] Invoking command in '/home/user05/colcon_ws/build/turtlebot_control_1': CMAKE_PREFIX_PATH=${CMAKE_PREFIX_PATH}:/home/user05/colcon_ws/install/pubscore_5:/opt/ros/jazzy DEBUGINFOD_URLS=https://debuginfod.ubuntu.com /usr/bin/cmake --install /home/user05/colcon_ws/build/turtlebot_control_1
[0.427s] -- Install configuration: ""
[0.428s] -- Up-to-date: /home/user05/colcon_ws/install/turtlebot_control_1/share/ament_index/resource_index/package_run_dependencies/turtlebot_control_1
[0.428s] -- Up-to-date: /home/user05/colcon_ws/install/turtlebot_control_1/share/ament_index/resource_index/parent_prefix_path/turtlebot_control_1
[0.428s] -- Up-to-date: /home/user05/colcon_ws/install/turtlebot_control_1/share/turtlebot_control_1/environment/ament_prefix_path.sh
[0.428s] -- Up-to-date: /home/user05/colcon_ws/install/turtlebot_control_1/share/turtlebot_control_1/environment/ament_prefix_path.dsv
[0.428s] -- Up-to-date: /home/user05/colcon_ws/install/turtlebot_control_1/share/turtlebot_control_1/environment/path.sh
[0.428s] -- Up-to-date: /home/user05/colcon_ws/install/turtlebot_control_1/share/turtlebot_control_1/environment/path.dsv
[0.428s] -- Up-to-date: /home/user05/colcon_ws/install/turtlebot_control_1/share/turtlebot_control_1/local_setup.bash
[0.429s] -- Up-to-date: /home/user05/colcon_ws/install/turtlebot_control_1/share/turtlebot_control_1/local_setup.sh
[0.429s] -- Up-to-date: /home/user05/colcon_ws/install/turtlebot_control_1/share/turtlebot_control_1/local_setup.zsh
[0.430s] -- Up-to-date: /home/user05/colcon_ws/install/turtlebot_control_1/share/turtlebot_control_1/local_setup.dsv
[0.434s] -- Up-to-date: /home/user05/colcon_ws/install/turtlebot_control_1/share/turtlebot_control_1/package.dsv
[0.434s] -- Up-to-date: /home/user05/colcon_ws/install/turtlebot_control_1/share/ament_index/resource_index/packages/turtlebot_control_1
[0.435s] -- Up-to-date: /home/user05/colcon_ws/install/turtlebot_control_1/share/turtlebot_control_1/cmake/turtlebot_control_1Config.cmake
[0.435s] -- Up-to-date: /home/user05/colcon_ws/install/turtlebot_control_1/share/turtlebot_control_1/cmake/turtlebot_control_1Config-version.cmake
[0.436s] -- Up-to-date: /home/user05/colcon_ws/install/turtlebot_control_1/share/turtlebot_control_1/package.xml
[0.437s] Invoked command in '/home/user05/colcon_ws/build/turtlebot_control_1' returned '0': CMAKE_PREFIX_PATH=${CMAKE_PREFIX_PATH}:/home/user05/colcon_ws/install/pubscore_5:/opt/ros/jazzy DEBUGINFOD_URLS=https://debuginfod.ubuntu.com /usr/bin/cmake --install /home/user05/colcon_ws/build/turtlebot_control_1
