/home/user05/colcon_ws/install/pubscore_5/lib/python3.12/site-packages/pubscore_5/listener.py
/home/user05/colcon_ws/install/pubscore_5/lib/python3.12/site-packages/pubscore_5/publisher.py
/home/user05/colcon_ws/install/pubscore_5/lib/python3.12/site-packages/pubscore_5/processor.py
/home/user05/colcon_ws/install/pubscore_5/lib/python3.12/site-packages/pubscore_5/talker.py
/home/user05/colcon_ws/install/pubscore_5/lib/python3.12/site-packages/pubscore_5/__init__.py
/home/user05/colcon_ws/install/pubscore_5/lib/python3.12/site-packages/pubscore_5/__pycache__/listener.cpython-312.pyc
/home/user05/colcon_ws/install/pubscore_5/lib/python3.12/site-packages/pubscore_5/__pycache__/publisher.cpython-312.pyc
/home/user05/colcon_ws/install/pubscore_5/lib/python3.12/site-packages/pubscore_5/__pycache__/processor.cpython-312.pyc
/home/user05/colcon_ws/install/pubscore_5/lib/python3.12/site-packages/pubscore_5/__pycache__/talker.cpython-312.pyc
/home/user05/colcon_ws/install/pubscore_5/lib/python3.12/site-packages/pubscore_5/__pycache__/__init__.cpython-312.pyc
/home/user05/colcon_ws/install/pubscore_5/share/ament_index/resource_index/packages/pubscore_5
/home/user05/colcon_ws/install/pubscore_5/share/pubscore_5/package.xml
/home/user05/colcon_ws/install/pubscore_5/lib/python3.12/site-packages/pubscore_5-0.0.0-py3.12.egg-info/requires.txt
/home/user05/colcon_ws/install/pubscore_5/lib/python3.12/site-packages/pubscore_5-0.0.0-py3.12.egg-info/dependency_links.txt
/home/user05/colcon_ws/install/pubscore_5/lib/python3.12/site-packages/pubscore_5-0.0.0-py3.12.egg-info/zip-safe
/home/user05/colcon_ws/install/pubscore_5/lib/python3.12/site-packages/pubscore_5-0.0.0-py3.12.egg-info/SOURCES.txt
/home/user05/colcon_ws/install/pubscore_5/lib/python3.12/site-packages/pubscore_5-0.0.0-py3.12.egg-info/entry_points.txt
/home/user05/colcon_ws/install/pubscore_5/lib/python3.12/site-packages/pubscore_5-0.0.0-py3.12.egg-info/PKG-INFO
/home/user05/colcon_ws/install/pubscore_5/lib/python3.12/site-packages/pubscore_5-0.0.0-py3.12.egg-info/top_level.txt
/home/user05/colcon_ws/install/pubscore_5/lib/pubscore_5/listener
/home/user05/colcon_ws/install/pubscore_5/lib/pubscore_5/processor
/home/user05/colcon_ws/install/pubscore_5/lib/pubscore_5/publisher
/home/user05/colcon_ws/install/pubscore_5/lib/pubscore_5/talker
