running egg_info
creating ../../build/pubscore_5/pubscore_5.egg-info
writing ../../build/pubscore_5/pubscore_5.egg-info/PKG-INFO
writing dependency_links to ../../build/pubscore_5/pubscore_5.egg-info/dependency_links.txt
writing entry points to ../../build/pubscore_5/pubscore_5.egg-info/entry_points.txt
writing requirements to ../../build/pubscore_5/pubscore_5.egg-info/requires.txt
writing top-level names to ../../build/pubscore_5/pubscore_5.egg-info/top_level.txt
writing manifest file '../../build/pubscore_5/pubscore_5.egg-info/SOURCES.txt'
reading manifest file '../../build/pubscore_5/pubscore_5.egg-info/SOURCES.txt'
writing manifest file '../../build/pubscore_5/pubscore_5.egg-info/SOURCES.txt'
running build
running build_py
creating /home/user05/colcon_ws/build/pubscore_5/build
creating /home/user05/colcon_ws/build/pubscore_5/build/lib
creating /home/user05/colcon_ws/build/pubscore_5/build/lib/__5_pubscore
copying __5_pubscore/listener.py -> /home/user05/colcon_ws/build/pubscore_5/build/lib/__5_pubscore
copying __5_pubscore/talker.py -> /home/user05/colcon_ws/build/pubscore_5/build/lib/__5_pubscore
copying __5_pubscore/__init__.py -> /home/user05/colcon_ws/build/pubscore_5/build/lib/__5_pubscore
running install
running install_lib
creating /home/user05/colcon_ws/install/pubscore_5/lib/python3.12/site-packages/__5_pubscore
copying /home/user05/colcon_ws/build/pubscore_5/build/lib/__5_pubscore/listener.py -> /home/user05/colcon_ws/install/pubscore_5/lib/python3.12/site-packages/__5_pubscore
copying /home/user05/colcon_ws/build/pubscore_5/build/lib/__5_pubscore/talker.py -> /home/user05/colcon_ws/install/pubscore_5/lib/python3.12/site-packages/__5_pubscore
copying /home/user05/colcon_ws/build/pubscore_5/build/lib/__5_pubscore/__init__.py -> /home/user05/colcon_ws/install/pubscore_5/lib/python3.12/site-packages/__5_pubscore
byte-compiling /home/user05/colcon_ws/install/pubscore_5/lib/python3.12/site-packages/__5_pubscore/listener.py to listener.cpython-312.pyc
byte-compiling /home/user05/colcon_ws/install/pubscore_5/lib/python3.12/site-packages/__5_pubscore/talker.py to talker.cpython-312.pyc
byte-compiling /home/user05/colcon_ws/install/pubscore_5/lib/python3.12/site-packages/__5_pubscore/__init__.py to __init__.cpython-312.pyc
running install_data
