[0.708s] Invoking command in '/home/user05/colcon_ws/src/pubscore_5': DEBUGINFOD_URLS=https://debuginfod.ubuntu.com PYTHONPATH=/home/user05/colcon_ws/build/pubscore_5/prefix_override:/usr/lib/python3/dist-packages/colcon_core/task/python/colcon_distutils_commands:/home/user05/colcon_ws/install/pubscore_5/lib/python3.12/site-packages:${PYTHONPATH} /usr/bin/python3 -W ignore:setup.py install is deprecated -W ignore:easy_install command is deprecated setup.py egg_info --egg-base ../../build/pubscore_5 build --build-base /home/user05/colcon_ws/build/pubscore_5/build install --record /home/user05/colcon_ws/build/pubscore_5/install.log --single-version-externally-managed install_data
[0.950s] running egg_info
[0.950s] creating ../../build/pubscore_5/pubscore_5.egg-info
[0.969s] writing ../../build/pubscore_5/pubscore_5.egg-info/PKG-INFO
[0.970s] writing dependency_links to ../../build/pubscore_5/pubscore_5.egg-info/dependency_links.txt
[0.970s] writing entry points to ../../build/pubscore_5/pubscore_5.egg-info/entry_points.txt
[0.970s] writing requirements to ../../build/pubscore_5/pubscore_5.egg-info/requires.txt
[0.970s] writing top-level names to ../../build/pubscore_5/pubscore_5.egg-info/top_level.txt
[0.970s] writing manifest file '../../build/pubscore_5/pubscore_5.egg-info/SOURCES.txt'
[1.009s] reading manifest file '../../build/pubscore_5/pubscore_5.egg-info/SOURCES.txt'
[1.010s] writing manifest file '../../build/pubscore_5/pubscore_5.egg-info/SOURCES.txt'
[1.010s] running build
[1.010s] running build_py
[1.010s] creating /home/user05/colcon_ws/build/pubscore_5/build
[1.010s] creating /home/user05/colcon_ws/build/pubscore_5/build/lib
[1.011s] creating /home/user05/colcon_ws/build/pubscore_5/build/lib/__5_pubscore
[1.011s] copying __5_pubscore/listener.py -> /home/user05/colcon_ws/build/pubscore_5/build/lib/__5_pubscore
[1.011s] copying __5_pubscore/talker.py -> /home/user05/colcon_ws/build/pubscore_5/build/lib/__5_pubscore
[1.011s] copying __5_pubscore/__init__.py -> /home/user05/colcon_ws/build/pubscore_5/build/lib/__5_pubscore
[1.011s] running install
[1.017s] running install_lib
[1.036s] creating /home/user05/colcon_ws/install/pubscore_5/lib/python3.12/site-packages/__5_pubscore
[1.036s] copying /home/user05/colcon_ws/build/pubscore_5/build/lib/__5_pubscore/listener.py -> /home/user05/colcon_ws/install/pubscore_5/lib/python3.12/site-packages/__5_pubscore
[1.036s] copying /home/user05/colcon_ws/build/pubscore_5/build/lib/__5_pubscore/talker.py -> /home/user05/colcon_ws/install/pubscore_5/lib/python3.12/site-packages/__5_pubscore
[1.036s] copying /home/user05/colcon_ws/build/pubscore_5/build/lib/__5_pubscore/__init__.py -> /home/user05/colcon_ws/install/pubscore_5/lib/python3.12/site-packages/__5_pubscore
[1.036s] byte-compiling /home/user05/colcon_ws/install/pubscore_5/lib/python3.12/site-packages/__5_pubscore/listener.py to listener.cpython-312.pyc
[1.037s] byte-compiling /home/user05/colcon_ws/install/pubscore_5/lib/python3.12/site-packages/__5_pubscore/talker.py to talker.cpython-312.pyc
[1.038s] byte-compiling /home/user05/colcon_ws/install/pubscore_5/lib/python3.12/site-packages/__5_pubscore/__init__.py to __init__.cpython-312.pyc
[1.038s] running install_data
[1.038s] error: can't copy 'resource/pubscore_5': doesn't exist or not a regular file
[1.051s] Invoked command in '/home/user05/colcon_ws/src/pubscore_5' returned '1': DEBUGINFOD_URLS=https://debuginfod.ubuntu.com PYTHONPATH=/home/user05/colcon_ws/build/pubscore_5/prefix_override:/usr/lib/python3/dist-packages/colcon_core/task/python/colcon_distutils_commands:/home/user05/colcon_ws/install/pubscore_5/lib/python3.12/site-packages:${PYTHONPATH} /usr/bin/python3 -W ignore:setup.py install is deprecated -W ignore:easy_install command is deprecated setup.py egg_info --egg-base ../../build/pubscore_5 build --build-base /home/user05/colcon_ws/build/pubscore_5/build install --record /home/user05/colcon_ws/build/pubscore_5/install.log --single-version-externally-managed install_data
