-- The C compiler identification is GNU 13.3.0
-- The CXX compiler identification is GNU 13.3.0
-- Detecting C compiler ABI info
-- Detecting C compiler ABI info - done
-- Check for working C compiler: /usr/bin/cc - skipped
-- Detecting C compile features
-- Detecting C compile features - done
-- Detecting CXX compiler ABI info
-- Detecting CXX compiler ABI info - done
-- Check for working CXX compiler: /usr/bin/c++ - skipped
-- Detecting CXX compile features
-- Detecting CXX compile features - done
-- Found ament_cmake: 2.5.6 (/opt/ros/jazzy/share/ament_cmake/cmake)
-- Found Python3: /usr/bin/python3 (found version "3.12.3") found components: Interpreter 
-- Found rclpy: 7.1.11 (/opt/ros/jazzy/share/rclpy/cmake)
-- Found custom_interfaces: 0.0.0 (/home/user05/colcon_ws/install/custom_interfaces/share/custom_interfaces/cmake)
-- Found rosidl_generator_c: 4.6.9 (/opt/ros/jazzy/share/rosidl_generator_c/cmake)
-- Found rosidl_generator_cpp: 4.6.9 (/opt/ros/jazzy/share/rosidl_generator_cpp/cmake)
-- Using all available rosidl_typesupport_c: rosidl_typesupport_fastrtps_c;rosidl_typesupport_introspection_c
-- Using all available rosidl_typesupport_cpp: rosidl_typesupport_fastrtps_cpp;rosidl_typesupport_introspection_cpp
-- Found ament_lint_auto: 0.17.5 (/opt/ros/jazzy/share/ament_lint_auto/cmake)
-- Added test 'flake8' to check Python code syntax and style conventions
-- Configured 'flake8' exclude dirs and/or files: 
-- Added test 'lint_cmake' to check CMake code style
-- Added test 'pep257' to check Python code against some of the docstring style conventions in PEP 257
-- Added test 'xmllint' to check XML markup files
-- Configuring done (0.8s)
-- Generating done (0.0s)
-- Build files have been written to: /home/user05/colcon_ws/build/srvmsg
-- Install configuration: ""
-- Installing: /home/user05/colcon_ws/install/srvmsg/lib/srvmsg/add_ints_server.py
-- Installing: /home/user05/colcon_ws/install/srvmsg/lib/srvmsg/add_ints_client.py
-- Installing: /home/user05/colcon_ws/install/srvmsg/share/ament_index/resource_index/package_run_dependencies/srvmsg
-- Installing: /home/user05/colcon_ws/install/srvmsg/share/ament_index/resource_index/parent_prefix_path/srvmsg
-- Installing: /home/user05/colcon_ws/install/srvmsg/share/srvmsg/environment/ament_prefix_path.sh
-- Installing: /home/user05/colcon_ws/install/srvmsg/share/srvmsg/environment/ament_prefix_path.dsv
-- Installing: /home/user05/colcon_ws/install/srvmsg/share/srvmsg/environment/path.sh
-- Installing: /home/user05/colcon_ws/install/srvmsg/share/srvmsg/environment/path.dsv
-- Installing: /home/user05/colcon_ws/install/srvmsg/share/srvmsg/local_setup.bash
-- Installing: /home/user05/colcon_ws/install/srvmsg/share/srvmsg/local_setup.sh
-- Installing: /home/user05/colcon_ws/install/srvmsg/share/srvmsg/local_setup.zsh
-- Installing: /home/user05/colcon_ws/install/srvmsg/share/srvmsg/local_setup.dsv
-- Installing: /home/user05/colcon_ws/install/srvmsg/share/srvmsg/package.dsv
-- Installing: /home/user05/colcon_ws/install/srvmsg/share/ament_index/resource_index/packages/srvmsg
-- Installing: /home/user05/colcon_ws/install/srvmsg/share/srvmsg/cmake/srvmsgConfig.cmake
-- Installing: /home/user05/colcon_ws/install/srvmsg/share/srvmsg/cmake/srvmsgConfig-version.cmake
-- Installing: /home/user05/colcon_ws/install/srvmsg/share/srvmsg/package.xml
