[0.007s] Invoking command in '/home/user05/colcon_ws/build/srvmsg': AMENT_PREFIX_PATH=/home/user05/colcon_ws/install/custom_interfaces:${AMENT_PREFIX_PATH} CMAKE_PREFIX_PATH=/home/user05/colcon_ws/install/custom_interfaces:/opt/ros/jazzy/opt/gz_sim_vendor:/opt/ros/jazzy/opt/gz_sensors_vendor:/opt/ros/jazzy/opt/gz_physics_vendor:/opt/ros/jazzy/opt/sdformat_vendor:/opt/ros/jazzy/opt/gz_gui_vendor:/opt/ros/jazzy/opt/gz_transport_vendor:/opt/ros/jazzy/opt/gz_rendering_vendor:/opt/ros/jazzy/opt/gz_plugin_vendor:/opt/ros/jazzy/opt/gz_fuel_tools_vendor:/opt/ros/jazzy/opt/gz_msgs_vendor:/opt/ros/jazzy/opt/gz_common_vendor:/opt/ros/jazzy/opt/gz_math_vendor:/opt/ros/jazzy/opt/gz_utils_vendor:/opt/ros/jazzy/opt/gz_tools_vendor:/opt/ros/jazzy/opt/gz_ogre_next_vendor:/opt/ros/jazzy/opt/gz_dartsim_vendor:/opt/ros/jazzy/opt/gz_cmake_vendor:/opt/ros/jazzy DEBUGINFOD_URLS=https://debuginfod.ubuntu.com LD_LIBRARY_PATH=/home/user05/colcon_ws/install/custom_interfaces/lib:${LD_LIBRARY_PATH} PYTHONPATH=/home/user05/colcon_ws/install/custom_interfaces/lib/python3.12/site-packages:${PYTHONPATH} /usr/bin/cmake /home/user05/colcon_ws/src/2_srvmsg -DCMAKE_INSTALL_PREFIX=/home/user05/colcon_ws/install/srvmsg
[0.050s] -- The C compiler identification is GNU 13.3.0
[0.096s] -- The CXX compiler identification is GNU 13.3.0
[0.109s] -- Detecting C compiler ABI info
[0.185s] -- Detecting C compiler ABI info - done
[0.195s] -- Check for working C compiler: /usr/bin/cc - skipped
[0.196s] -- Detecting C compile features
[0.196s] -- Detecting C compile features - done
[0.204s] -- Detecting CXX compiler ABI info
[0.282s] -- Detecting CXX compiler ABI info - done
[0.291s] -- Check for working CXX compiler: /usr/bin/c++ - skipped
[0.292s] -- Detecting CXX compile features
[0.292s] -- Detecting CXX compile features - done
[0.295s] -- Found ament_cmake: 2.5.6 (/opt/ros/jazzy/share/ament_cmake/cmake)
[0.430s] -- Found Python3: /usr/bin/python3 (found version "3.12.3") found components: Interpreter 
[0.537s] -- Found rclpy: 7.1.11 (/opt/ros/jazzy/share/rclpy/cmake)
[0.537s] -- Found custom_interfaces: 0.0.0 (/home/user05/colcon_ws/install/custom_interfaces/share/custom_interfaces/cmake)
[0.587s] -- Found rosidl_generator_c: 4.6.9 (/opt/ros/jazzy/share/rosidl_generator_c/cmake)
[0.603s] -- Found rosidl_generator_cpp: 4.6.9 (/opt/ros/jazzy/share/rosidl_generator_cpp/cmake)
[0.622s] -- Using all available rosidl_typesupport_c: rosidl_typesupport_fastrtps_c;rosidl_typesupport_introspection_c
[0.644s] -- Using all available rosidl_typesupport_cpp: rosidl_typesupport_fastrtps_cpp;rosidl_typesupport_introspection_cpp
[0.699s] -- Found ament_lint_auto: 0.17.5 (/opt/ros/jazzy/share/ament_lint_auto/cmake)
[0.804s] -- Added test 'flake8' to check Python code syntax and style conventions
[0.805s] -- Configured 'flake8' exclude dirs and/or files: 
[0.805s] -- Added test 'lint_cmake' to check CMake code style
[0.806s] -- Added test 'pep257' to check Python code against some of the docstring style conventions in PEP 257
[0.807s] -- Added test 'xmllint' to check XML markup files
[0.808s] -- Configuring done (0.8s)
[0.812s] -- Generating done (0.0s)
[0.813s] -- Build files have been written to: /home/user05/colcon_ws/build/srvmsg
[0.819s] Invoked command in '/home/user05/colcon_ws/build/srvmsg' returned '0': AMENT_PREFIX_PATH=/home/user05/colcon_ws/install/custom_interfaces:${AMENT_PREFIX_PATH} CMAKE_PREFIX_PATH=/home/user05/colcon_ws/install/custom_interfaces:/opt/ros/jazzy/opt/gz_sim_vendor:/opt/ros/jazzy/opt/gz_sensors_vendor:/opt/ros/jazzy/opt/gz_physics_vendor:/opt/ros/jazzy/opt/sdformat_vendor:/opt/ros/jazzy/opt/gz_gui_vendor:/opt/ros/jazzy/opt/gz_transport_vendor:/opt/ros/jazzy/opt/gz_rendering_vendor:/opt/ros/jazzy/opt/gz_plugin_vendor:/opt/ros/jazzy/opt/gz_fuel_tools_vendor:/opt/ros/jazzy/opt/gz_msgs_vendor:/opt/ros/jazzy/opt/gz_common_vendor:/opt/ros/jazzy/opt/gz_math_vendor:/opt/ros/jazzy/opt/gz_utils_vendor:/opt/ros/jazzy/opt/gz_tools_vendor:/opt/ros/jazzy/opt/gz_ogre_next_vendor:/opt/ros/jazzy/opt/gz_dartsim_vendor:/opt/ros/jazzy/opt/gz_cmake_vendor:/opt/ros/jazzy DEBUGINFOD_URLS=https://debuginfod.ubuntu.com LD_LIBRARY_PATH=/home/user05/colcon_ws/install/custom_interfaces/lib:${LD_LIBRARY_PATH} PYTHONPATH=/home/user05/colcon_ws/install/custom_interfaces/lib/python3.12/site-packages:${PYTHONPATH} /usr/bin/cmake /home/user05/colcon_ws/src/2_srvmsg -DCMAKE_INSTALL_PREFIX=/home/user05/colcon_ws/install/srvmsg
[0.820s] Invoking command in '/home/user05/colcon_ws/build/srvmsg': AMENT_PREFIX_PATH=/home/user05/colcon_ws/install/custom_interfaces:${AMENT_PREFIX_PATH} CMAKE_PREFIX_PATH=/home/user05/colcon_ws/install/custom_interfaces:/opt/ros/jazzy/opt/gz_sim_vendor:/opt/ros/jazzy/opt/gz_sensors_vendor:/opt/ros/jazzy/opt/gz_physics_vendor:/opt/ros/jazzy/opt/sdformat_vendor:/opt/ros/jazzy/opt/gz_gui_vendor:/opt/ros/jazzy/opt/gz_transport_vendor:/opt/ros/jazzy/opt/gz_rendering_vendor:/opt/ros/jazzy/opt/gz_plugin_vendor:/opt/ros/jazzy/opt/gz_fuel_tools_vendor:/opt/ros/jazzy/opt/gz_msgs_vendor:/opt/ros/jazzy/opt/gz_common_vendor:/opt/ros/jazzy/opt/gz_math_vendor:/opt/ros/jazzy/opt/gz_utils_vendor:/opt/ros/jazzy/opt/gz_tools_vendor:/opt/ros/jazzy/opt/gz_ogre_next_vendor:/opt/ros/jazzy/opt/gz_dartsim_vendor:/opt/ros/jazzy/opt/gz_cmake_vendor:/opt/ros/jazzy DEBUGINFOD_URLS=https://debuginfod.ubuntu.com LD_LIBRARY_PATH=/home/user05/colcon_ws/install/custom_interfaces/lib:${LD_LIBRARY_PATH} PYTHONPATH=/home/user05/colcon_ws/install/custom_interfaces/lib/python3.12/site-packages:${PYTHONPATH} /usr/bin/cmake --build /home/user05/colcon_ws/build/srvmsg -- -j12 -l12
[0.854s] Invoked command in '/home/user05/colcon_ws/build/srvmsg' returned '0': AMENT_PREFIX_PATH=/home/user05/colcon_ws/install/custom_interfaces:${AMENT_PREFIX_PATH} CMAKE_PREFIX_PATH=/home/user05/colcon_ws/install/custom_interfaces:/opt/ros/jazzy/opt/gz_sim_vendor:/opt/ros/jazzy/opt/gz_sensors_vendor:/opt/ros/jazzy/opt/gz_physics_vendor:/opt/ros/jazzy/opt/sdformat_vendor:/opt/ros/jazzy/opt/gz_gui_vendor:/opt/ros/jazzy/opt/gz_transport_vendor:/opt/ros/jazzy/opt/gz_rendering_vendor:/opt/ros/jazzy/opt/gz_plugin_vendor:/opt/ros/jazzy/opt/gz_fuel_tools_vendor:/opt/ros/jazzy/opt/gz_msgs_vendor:/opt/ros/jazzy/opt/gz_common_vendor:/opt/ros/jazzy/opt/gz_math_vendor:/opt/ros/jazzy/opt/gz_utils_vendor:/opt/ros/jazzy/opt/gz_tools_vendor:/opt/ros/jazzy/opt/gz_ogre_next_vendor:/opt/ros/jazzy/opt/gz_dartsim_vendor:/opt/ros/jazzy/opt/gz_cmake_vendor:/opt/ros/jazzy DEBUGINFOD_URLS=https://debuginfod.ubuntu.com LD_LIBRARY_PATH=/home/user05/colcon_ws/install/custom_interfaces/lib:${LD_LIBRARY_PATH} PYTHONPATH=/home/user05/colcon_ws/install/custom_interfaces/lib/python3.12/site-packages:${PYTHONPATH} /usr/bin/cmake --build /home/user05/colcon_ws/build/srvmsg -- -j12 -l12
[0.855s] Invoking command in '/home/user05/colcon_ws/build/srvmsg': AMENT_PREFIX_PATH=/home/user05/colcon_ws/install/custom_interfaces:${AMENT_PREFIX_PATH} CMAKE_PREFIX_PATH=/home/user05/colcon_ws/install/custom_interfaces:/opt/ros/jazzy/opt/gz_sim_vendor:/opt/ros/jazzy/opt/gz_sensors_vendor:/opt/ros/jazzy/opt/gz_physics_vendor:/opt/ros/jazzy/opt/sdformat_vendor:/opt/ros/jazzy/opt/gz_gui_vendor:/opt/ros/jazzy/opt/gz_transport_vendor:/opt/ros/jazzy/opt/gz_rendering_vendor:/opt/ros/jazzy/opt/gz_plugin_vendor:/opt/ros/jazzy/opt/gz_fuel_tools_vendor:/opt/ros/jazzy/opt/gz_msgs_vendor:/opt/ros/jazzy/opt/gz_common_vendor:/opt/ros/jazzy/opt/gz_math_vendor:/opt/ros/jazzy/opt/gz_utils_vendor:/opt/ros/jazzy/opt/gz_tools_vendor:/opt/ros/jazzy/opt/gz_ogre_next_vendor:/opt/ros/jazzy/opt/gz_dartsim_vendor:/opt/ros/jazzy/opt/gz_cmake_vendor:/opt/ros/jazzy DEBUGINFOD_URLS=https://debuginfod.ubuntu.com LD_LIBRARY_PATH=/home/user05/colcon_ws/install/custom_interfaces/lib:${LD_LIBRARY_PATH} PYTHONPATH=/home/user05/colcon_ws/install/custom_interfaces/lib/python3.12/site-packages:${PYTHONPATH} /usr/bin/cmake --install /home/user05/colcon_ws/build/srvmsg
[0.861s] -- Install configuration: ""
[0.861s] -- Installing: /home/user05/colcon_ws/install/srvmsg/lib/srvmsg/add_ints_server.py
[0.862s] -- Installing: /home/user05/colcon_ws/install/srvmsg/lib/srvmsg/add_ints_client.py
[0.862s] -- Installing: /home/user05/colcon_ws/install/srvmsg/share/ament_index/resource_index/package_run_dependencies/srvmsg
[0.862s] -- Installing: /home/user05/colcon_ws/install/srvmsg/share/ament_index/resource_index/parent_prefix_path/srvmsg
[0.862s] -- Installing: /home/user05/colcon_ws/install/srvmsg/share/srvmsg/environment/ament_prefix_path.sh
[0.862s] -- Installing: /home/user05/colcon_ws/install/srvmsg/share/srvmsg/environment/ament_prefix_path.dsv
[0.862s] -- Installing: /home/user05/colcon_ws/install/srvmsg/share/srvmsg/environment/path.sh
[0.863s] -- Installing: /home/user05/colcon_ws/install/srvmsg/share/srvmsg/environment/path.dsv
[0.863s] -- Installing: /home/user05/colcon_ws/install/srvmsg/share/srvmsg/local_setup.bash
[0.863s] -- Installing: /home/user05/colcon_ws/install/srvmsg/share/srvmsg/local_setup.sh
[0.863s] -- Installing: /home/user05/colcon_ws/install/srvmsg/share/srvmsg/local_setup.zsh
[0.863s] -- Installing: /home/user05/colcon_ws/install/srvmsg/share/srvmsg/local_setup.dsv
[0.864s] -- Installing: /home/user05/colcon_ws/install/srvmsg/share/srvmsg/package.dsv
[0.864s] -- Installing: /home/user05/colcon_ws/install/srvmsg/share/ament_index/resource_index/packages/srvmsg
[0.864s] -- Installing: /home/user05/colcon_ws/install/srvmsg/share/srvmsg/cmake/srvmsgConfig.cmake
[0.864s] -- Installing: /home/user05/colcon_ws/install/srvmsg/share/srvmsg/cmake/srvmsgConfig-version.cmake
[0.864s] -- Installing: /home/user05/colcon_ws/install/srvmsg/share/srvmsg/package.xml
[0.866s] Invoked command in '/home/user05/colcon_ws/build/srvmsg' returned '0': AMENT_PREFIX_PATH=/home/user05/colcon_ws/install/custom_interfaces:${AMENT_PREFIX_PATH} CMAKE_PREFIX_PATH=/home/user05/colcon_ws/install/custom_interfaces:/opt/ros/jazzy/opt/gz_sim_vendor:/opt/ros/jazzy/opt/gz_sensors_vendor:/opt/ros/jazzy/opt/gz_physics_vendor:/opt/ros/jazzy/opt/sdformat_vendor:/opt/ros/jazzy/opt/gz_gui_vendor:/opt/ros/jazzy/opt/gz_transport_vendor:/opt/ros/jazzy/opt/gz_rendering_vendor:/opt/ros/jazzy/opt/gz_plugin_vendor:/opt/ros/jazzy/opt/gz_fuel_tools_vendor:/opt/ros/jazzy/opt/gz_msgs_vendor:/opt/ros/jazzy/opt/gz_common_vendor:/opt/ros/jazzy/opt/gz_math_vendor:/opt/ros/jazzy/opt/gz_utils_vendor:/opt/ros/jazzy/opt/gz_tools_vendor:/opt/ros/jazzy/opt/gz_ogre_next_vendor:/opt/ros/jazzy/opt/gz_dartsim_vendor:/opt/ros/jazzy/opt/gz_cmake_vendor:/opt/ros/jazzy DEBUGINFOD_URLS=https://debuginfod.ubuntu.com LD_LIBRARY_PATH=/home/user05/colcon_ws/install/custom_interfaces/lib:${LD_LIBRARY_PATH} PYTHONPATH=/home/user05/colcon_ws/install/custom_interfaces/lib/python3.12/site-packages:${PYTHONPATH} /usr/bin/cmake --install /home/user05/colcon_ws/build/srvmsg
