-- The C compiler identification is GNU 13.3.0
-- The CXX compiler identification is GNU 13.3.0
-- Detecting C compiler ABI info
-- Detecting C compiler ABI info - done
-- Check for working C compiler: /usr/bin/cc - skipped
-- Detecting C compile features
-- Detecting C compile features - done
-- Detecting CXX compiler ABI info
-- Detecting CXX compiler ABI info - done
-- Check for working CXX compiler: /usr/bin/c++ - skipped
-- Detecting CXX compile features
-- Detecting CXX compile features - done
-- Found ament_cmake: 2.5.6 (/opt/ros/jazzy/share/ament_cmake/cmake)
-- Found Python3: /usr/bin/python3 (found version "3.12.3") found components: Interpreter 
-- Found rclpy: 7.1.11 (/opt/ros/jazzy/share/rclpy/cmake)
-- Found std_msgs: 5.3.8 (/opt/ros/jazzy/share/std_msgs/cmake)
-- Found rosidl_generator_c: 4.6.9 (/opt/ros/jazzy/share/rosidl_generator_c/cmake)
-- Found rosidl_generator_cpp: 4.6.9 (/opt/ros/jazzy/share/rosidl_generator_cpp/cmake)
-- Using all available rosidl_typesupport_c: rosidl_typesupport_fastrtps_c;rosidl_typesupport_introspection_c
-- Using all available rosidl_typesupport_cpp: rosidl_typesupport_fastrtps_cpp;rosidl_typesupport_introspection_cpp
-- Found geometry_msgs: 5.3.8 (/opt/ros/jazzy/share/geometry_msgs/cmake)
-- Found sensor_msgs: 5.3.8 (/opt/ros/jazzy/share/sensor_msgs/cmake)
-- Found nav_msgs: 5.3.8 (/opt/ros/jazzy/share/nav_msgs/cmake)
-- Found ament_lint_auto: 0.17.5 (/opt/ros/jazzy/share/ament_lint_auto/cmake)
-- Added test 'lint_cmake' to check CMake code style
-- Added test 'xmllint' to check XML markup files
-- Configuring done (0.9s)
-- Generating done (0.0s)
-- Build files have been written to: /home/user05/colcon_ws/build/msg_service
-- Install configuration: ""
-- Installing: /home/user05/colcon_ws/install/msg_service/share/ament_index/resource_index/package_run_dependencies/msg_service
-- Installing: /home/user05/colcon_ws/install/msg_service/share/ament_index/resource_index/parent_prefix_path/msg_service
-- Installing: /home/user05/colcon_ws/install/msg_service/share/msg_service/environment/ament_prefix_path.sh
-- Installing: /home/user05/colcon_ws/install/msg_service/share/msg_service/environment/ament_prefix_path.dsv
-- Installing: /home/user05/colcon_ws/install/msg_service/share/msg_service/environment/path.sh
-- Installing: /home/user05/colcon_ws/install/msg_service/share/msg_service/environment/path.dsv
-- Installing: /home/user05/colcon_ws/install/msg_service/share/msg_service/local_setup.bash
-- Installing: /home/user05/colcon_ws/install/msg_service/share/msg_service/local_setup.sh
-- Installing: /home/user05/colcon_ws/install/msg_service/share/msg_service/local_setup.zsh
-- Installing: /home/user05/colcon_ws/install/msg_service/share/msg_service/local_setup.dsv
-- Installing: /home/user05/colcon_ws/install/msg_service/share/msg_service/package.dsv
-- Installing: /home/user05/colcon_ws/install/msg_service/share/ament_index/resource_index/packages/msg_service
-- Installing: /home/user05/colcon_ws/install/msg_service/share/msg_service/cmake/msg_serviceConfig.cmake
-- Installing: /home/user05/colcon_ws/install/msg_service/share/msg_service/cmake/msg_serviceConfig-version.cmake
-- Installing: /home/user05/colcon_ws/install/msg_service/share/msg_service/package.xml
