[0.015s] Invoking command in '/home/user05/colcon_ws/build/msg_service': CMAKE_PREFIX_PATH=${CMAKE_PREFIX_PATH}:/home/user05/colcon_ws/install/pubscore_5:/opt/ros/jazzy DEBUGINFOD_URLS=https://debuginfod.ubuntu.com /usr/bin/cmake /home/user05/colcon_ws/src/msg_service -DCMAKE_INSTALL_PREFIX=/home/user05/colcon_ws/install/msg_service
[0.064s] -- The C compiler identification is GNU 13.3.0
[0.120s] -- The CXX compiler identification is GNU 13.3.0
[0.134s] -- Detecting C compiler ABI info
[0.201s] -- Detecting C compiler ABI info - done
[0.209s] -- Check for working C compiler: /usr/bin/cc - skipped
[0.210s] -- Detecting C compile features
[0.210s] -- Detecting C compile features - done
[0.217s] -- Detecting CXX compiler ABI info
[0.300s] -- Detecting CXX compiler ABI info - done
[0.308s] -- Check for working CXX compiler: /usr/bin/c++ - skipped
[0.309s] -- Detecting CXX compile features
[0.309s] -- Detecting CXX compile features - done
[0.313s] -- Found ament_cmake: 2.5.6 (/opt/ros/jazzy/share/ament_cmake/cmake)
[0.442s] -- Found Python3: /usr/bin/python3 (found version "3.12.3") found components: Interpreter 
[0.553s] -- Found rclpy: 7.1.11 (/opt/ros/jazzy/share/rclpy/cmake)
[0.556s] -- Found std_msgs: 5.3.8 (/opt/ros/jazzy/share/std_msgs/cmake)
[0.606s] -- Found rosidl_generator_c: 4.6.9 (/opt/ros/jazzy/share/rosidl_generator_c/cmake)
[0.622s] -- Found rosidl_generator_cpp: 4.6.9 (/opt/ros/jazzy/share/rosidl_generator_cpp/cmake)
[0.640s] -- Using all available rosidl_typesupport_c: rosidl_typesupport_fastrtps_c;rosidl_typesupport_introspection_c
[0.660s] -- Using all available rosidl_typesupport_cpp: rosidl_typesupport_fastrtps_cpp;rosidl_typesupport_introspection_cpp
[0.694s] -- Found geometry_msgs: 5.3.8 (/opt/ros/jazzy/share/geometry_msgs/cmake)
[0.713s] -- Found sensor_msgs: 5.3.8 (/opt/ros/jazzy/share/sensor_msgs/cmake)
[0.753s] -- Found nav_msgs: 5.3.8 (/opt/ros/jazzy/share/nav_msgs/cmake)
[0.782s] -- Found ament_lint_auto: 0.17.5 (/opt/ros/jazzy/share/ament_lint_auto/cmake)
[0.878s] -- Added test 'lint_cmake' to check CMake code style
[0.879s] -- Added test 'xmllint' to check XML markup files
[0.880s] -- Configuring done (0.9s)
[0.883s] -- Generating done (0.0s)
[0.885s] -- Build files have been written to: /home/user05/colcon_ws/build/msg_service
[0.891s] Invoked command in '/home/user05/colcon_ws/build/msg_service' returned '0': CMAKE_PREFIX_PATH=${CMAKE_PREFIX_PATH}:/home/user05/colcon_ws/install/pubscore_5:/opt/ros/jazzy DEBUGINFOD_URLS=https://debuginfod.ubuntu.com /usr/bin/cmake /home/user05/colcon_ws/src/msg_service -DCMAKE_INSTALL_PREFIX=/home/user05/colcon_ws/install/msg_service
[0.891s] Invoking command in '/home/user05/colcon_ws/build/msg_service': CMAKE_PREFIX_PATH=${CMAKE_PREFIX_PATH}:/home/user05/colcon_ws/install/pubscore_5:/opt/ros/jazzy DEBUGINFOD_URLS=https://debuginfod.ubuntu.com /usr/bin/cmake --build /home/user05/colcon_ws/build/msg_service -- -j12 -l12
[0.922s] Invoked command in '/home/user05/colcon_ws/build/msg_service' returned '0': CMAKE_PREFIX_PATH=${CMAKE_PREFIX_PATH}:/home/user05/colcon_ws/install/pubscore_5:/opt/ros/jazzy DEBUGINFOD_URLS=https://debuginfod.ubuntu.com /usr/bin/cmake --build /home/user05/colcon_ws/build/msg_service -- -j12 -l12
[0.923s] Invoking command in '/home/user05/colcon_ws/build/msg_service': CMAKE_PREFIX_PATH=${CMAKE_PREFIX_PATH}:/home/user05/colcon_ws/install/pubscore_5:/opt/ros/jazzy DEBUGINFOD_URLS=https://debuginfod.ubuntu.com /usr/bin/cmake --install /home/user05/colcon_ws/build/msg_service
[0.929s] -- Install configuration: ""
[0.929s] -- Installing: /home/user05/colcon_ws/install/msg_service/share/ament_index/resource_index/package_run_dependencies/msg_service
[0.930s] -- Installing: /home/user05/colcon_ws/install/msg_service/share/ament_index/resource_index/parent_prefix_path/msg_service
[0.930s] -- Installing: /home/user05/colcon_ws/install/msg_service/share/msg_service/environment/ament_prefix_path.sh
[0.930s] -- Installing: /home/user05/colcon_ws/install/msg_service/share/msg_service/environment/ament_prefix_path.dsv
[0.930s] -- Installing: /home/user05/colcon_ws/install/msg_service/share/msg_service/environment/path.sh
[0.930s] -- Installing: /home/user05/colcon_ws/install/msg_service/share/msg_service/environment/path.dsv
[0.931s] -- Installing: /home/user05/colcon_ws/install/msg_service/share/msg_service/local_setup.bash
[0.931s] -- Installing: /home/user05/colcon_ws/install/msg_service/share/msg_service/local_setup.sh
[0.931s] -- Installing: /home/user05/colcon_ws/install/msg_service/share/msg_service/local_setup.zsh
[0.931s] -- Installing: /home/user05/colcon_ws/install/msg_service/share/msg_service/local_setup.dsv
[0.931s] -- Installing: /home/user05/colcon_ws/install/msg_service/share/msg_service/package.dsv
[0.931s] -- Installing: /home/user05/colcon_ws/install/msg_service/share/ament_index/resource_index/packages/msg_service
[0.931s] -- Installing: /home/user05/colcon_ws/install/msg_service/share/msg_service/cmake/msg_serviceConfig.cmake
[0.931s] -- Installing: /home/user05/colcon_ws/install/msg_service/share/msg_service/cmake/msg_serviceConfig-version.cmake
[0.932s] -- Installing: /home/user05/colcon_ws/install/msg_service/share/msg_service/package.xml
[0.933s] Invoked command in '/home/user05/colcon_ws/build/msg_service' returned '0': CMAKE_PREFIX_PATH=${CMAKE_PREFIX_PATH}:/home/user05/colcon_ws/install/pubscore_5:/opt/ros/jazzy DEBUGINFOD_URLS=https://debuginfod.ubuntu.com /usr/bin/cmake --install /home/user05/colcon_ws/build/msg_service
