running egg_info
writing ../../build/pubscore_5/pubscore_5.egg-info/PKG-INFO
writing dependency_links to ../../build/pubscore_5/pubscore_5.egg-info/dependency_links.txt
writing entry points to ../../build/pubscore_5/pubscore_5.egg-info/entry_points.txt
writing requirements to ../../build/pubscore_5/pubscore_5.egg-info/requires.txt
writing top-level names to ../../build/pubscore_5/pubscore_5.egg-info/top_level.txt
reading manifest file '../../build/pubscore_5/pubscore_5.egg-info/SOURCES.txt'
writing manifest file '../../build/pubscore_5/pubscore_5.egg-info/SOURCES.txt'
running build
running build_py
running install
running install_lib
running install_data
copying package.xml -> /home/user05/colcon_ws/install/pubscore_5/share/pubscore_5
running install_egg_info
Copying ../../build/pubscore_5/pubscore_5.egg-info to /home/user05/colcon_ws/install/pubscore_5/lib/python3.12/site-packages/pubscore_5-0.0.0-py3.12.egg-info
running install_scripts
Installing listener script to /home/user05/colcon_ws/install/pubscore_5/lib/pubscore_5
Installing talker script to /home/user05/colcon_ws/install/pubscore_5/lib/pubscore_5
writing list of installed files to '/home/user05/colcon_ws/build/pubscore_5/install.log'
