[0.794s] Invoking command in '/home/user05/colcon_ws/src/pubscore_5': DEBUGINFOD_URLS=https://debuginfod.ubuntu.com PYTHONPATH=/home/user05/colcon_ws/build/pubscore_5/prefix_override:/usr/lib/python3/dist-packages/colcon_core/task/python/colcon_distutils_commands:/home/user05/colcon_ws/install/pubscore_5/lib/python3.12/site-packages:${PYTHONPATH} /usr/bin/python3 -W ignore:setup.py install is deprecated -W ignore:easy_install command is deprecated setup.py egg_info --egg-base ../../build/pubscore_5 build --build-base /home/user05/colcon_ws/build/pubscore_5/build install --record /home/user05/colcon_ws/build/pubscore_5/install.log --single-version-externally-managed install_data
[1.058s] running egg_info
[1.078s] writing ../../build/pubscore_5/pubscore_5.egg-info/PKG-INFO
[1.078s] writing dependency_links to ../../build/pubscore_5/pubscore_5.egg-info/dependency_links.txt
[1.079s] writing entry points to ../../build/pubscore_5/pubscore_5.egg-info/entry_points.txt
[1.079s] writing requirements to ../../build/pubscore_5/pubscore_5.egg-info/requires.txt
[1.079s] writing top-level names to ../../build/pubscore_5/pubscore_5.egg-info/top_level.txt
[1.121s] reading manifest file '../../build/pubscore_5/pubscore_5.egg-info/SOURCES.txt'
[1.122s] writing manifest file '../../build/pubscore_5/pubscore_5.egg-info/SOURCES.txt'
[1.122s] running build
[1.122s] running build_py
[1.122s] running install
[1.128s] running install_lib
[1.149s] running install_data
[1.149s] copying package.xml -> /home/user05/colcon_ws/install/pubscore_5/share/pubscore_5
[1.149s] running install_egg_info
[1.171s] Copying ../../build/pubscore_5/pubscore_5.egg-info to /home/user05/colcon_ws/install/pubscore_5/lib/python3.12/site-packages/pubscore_5-0.0.0-py3.12.egg-info
[1.171s] running install_scripts
[1.303s] Installing listener script to /home/user05/colcon_ws/install/pubscore_5/lib/pubscore_5
[1.304s] Installing talker script to /home/user05/colcon_ws/install/pubscore_5/lib/pubscore_5
[1.304s] writing list of installed files to '/home/user05/colcon_ws/build/pubscore_5/install.log'
[1.332s] Invoked command in '/home/user05/colcon_ws/src/pubscore_5' returned '0': DEBUGINFOD_URLS=https://debuginfod.ubuntu.com PYTHONPATH=/home/user05/colcon_ws/build/pubscore_5/prefix_override:/usr/lib/python3/dist-packages/colcon_core/task/python/colcon_distutils_commands:/home/user05/colcon_ws/install/pubscore_5/lib/python3.12/site-packages:${PYTHONPATH} /usr/bin/python3 -W ignore:setup.py install is deprecated -W ignore:easy_install command is deprecated setup.py egg_info --egg-base ../../build/pubscore_5 build --build-base /home/user05/colcon_ws/build/pubscore_5/build install --record /home/user05/colcon_ws/build/pubscore_5/install.log --single-version-externally-managed install_data
