[0.727s] Invoking command in '/home/user05/colcon_ws/src/pubscore_5': DEBUGINFOD_URLS=https://debuginfod.ubuntu.com PYTHONPATH=/home/user05/colcon_ws/build/pubscore_5/prefix_override:/usr/lib/python3/dist-packages/colcon_core/task/python/colcon_distutils_commands:/home/user05/colcon_ws/install/pubscore_5/lib/python3.12/site-packages:${PYTHONPATH} /usr/bin/python3 -W ignore:setup.py install is deprecated -W ignore:easy_install command is deprecated setup.py egg_info --egg-base ../../build/pubscore_5 build --build-base /home/user05/colcon_ws/build/pubscore_5/build install --record /home/user05/colcon_ws/build/pubscore_5/install.log --single-version-externally-managed install_data
[0.973s] running egg_info
[0.992s] writing ../../build/pubscore_5/pubscore_5.egg-info/PKG-INFO
[0.992s] writing dependency_links to ../../build/pubscore_5/pubscore_5.egg-info/dependency_links.txt
[0.992s] writing entry points to ../../build/pubscore_5/pubscore_5.egg-info/entry_points.txt
[0.993s] writing requirements to ../../build/pubscore_5/pubscore_5.egg-info/requires.txt
[0.993s] writing top-level names to ../../build/pubscore_5/pubscore_5.egg-info/top_level.txt
[1.034s] reading manifest file '../../build/pubscore_5/pubscore_5.egg-info/SOURCES.txt'
[1.035s] writing manifest file '../../build/pubscore_5/pubscore_5.egg-info/SOURCES.txt'
[1.035s] running build
[1.035s] running build_py
[1.035s] copying pubscore_5/processor.py -> /home/user05/colcon_ws/build/pubscore_5/build/lib/pubscore_5
[1.035s] running install
[1.041s] running install_lib
[1.061s] copying /home/user05/colcon_ws/build/pubscore_5/build/lib/pubscore_5/processor.py -> /home/user05/colcon_ws/install/pubscore_5/lib/python3.12/site-packages/pubscore_5
[1.062s] byte-compiling /home/user05/colcon_ws/install/pubscore_5/lib/python3.12/site-packages/pubscore_5/processor.py to processor.cpython-312.pyc
[1.062s] running install_data
[1.062s] running install_egg_info
[1.082s] removing '/home/user05/colcon_ws/install/pubscore_5/lib/python3.12/site-packages/pubscore_5-0.0.0-py3.12.egg-info' (and everything under it)
[1.083s] Copying ../../build/pubscore_5/pubscore_5.egg-info to /home/user05/colcon_ws/install/pubscore_5/lib/python3.12/site-packages/pubscore_5-0.0.0-py3.12.egg-info
[1.083s] running install_scripts
[1.205s] Installing listener script to /home/user05/colcon_ws/install/pubscore_5/lib/pubscore_5
[1.205s] Installing processor script to /home/user05/colcon_ws/install/pubscore_5/lib/pubscore_5
[1.205s] Installing publisher script to /home/user05/colcon_ws/install/pubscore_5/lib/pubscore_5
[1.205s] Installing talker script to /home/user05/colcon_ws/install/pubscore_5/lib/pubscore_5
[1.205s] writing list of installed files to '/home/user05/colcon_ws/build/pubscore_5/install.log'
[1.230s] Invoked command in '/home/user05/colcon_ws/src/pubscore_5' returned '0': DEBUGINFOD_URLS=https://debuginfod.ubuntu.com PYTHONPATH=/home/user05/colcon_ws/build/pubscore_5/prefix_override:/usr/lib/python3/dist-packages/colcon_core/task/python/colcon_distutils_commands:/home/user05/colcon_ws/install/pubscore_5/lib/python3.12/site-packages:${PYTHONPATH} /usr/bin/python3 -W ignore:setup.py install is deprecated -W ignore:easy_install command is deprecated setup.py egg_info --egg-base ../../build/pubscore_5 build --build-base /home/user05/colcon_ws/build/pubscore_5/build install --record /home/user05/colcon_ws/build/pubscore_5/install.log --single-version-externally-managed install_data
