[0.116s] DEBUG:colcon:Command line arguments: ['/usr/bin/colcon', 'build']
[0.116s] DEBUG:colcon:Parsed command line arguments: Namespace(log_base=None, log_level=None, verb_name='build', build_base='build', install_base='install', merge_install=False, symlink_install=False, test_result_base=None, continue_on_error=False, executor='parallel', parallel_workers=12, event_handlers=None, ignore_user_meta=False, metas=['./colcon.meta'], base_paths=['.'], packages_ignore=None, packages_ignore_regex=None, paths=None, packages_up_to=None, packages_up_to_regex=None, packages_above=None, packages_above_and_dependencies=None, packages_above_depth=None, packages_select_by_dep=None, packages_skip_by_dep=None, packages_skip_up_to=None, packages_select_build_failed=False, packages_skip_build_finished=False, packages_select_test_failures=False, packages_skip_test_passed=False, packages_select=None, packages_skip=None, packages_select_regex=None, packages_skip_regex=None, packages_start=None, packages_end=None, allow_overriding=[], cmake_args=None, cmake_target=None, cmake_target_skip_unavailable=False, cmake_clean_cache=False, cmake_clean_first=False, cmake_force_configure=False, ament_cmake_args=None, catkin_cmake_args=None, catkin_skip_building_tests=False, mixin_files=None, mixin=None, verb_parser=<colcon_mixin.mixin.mixin_argument.MixinArgumentDecorator object at 0x7526f2d4c680>, verb_extension=<colcon_core.verb.build.BuildVerb object at 0x7526f2ec0680>, main=<bound method BuildVerb.main of <colcon_core.verb.build.BuildVerb object at 0x7526f2ec0680>>, mixin_verb=('build',))
[0.156s] Level 1:colcon.colcon_core.package_discovery:discover_packages(colcon_meta) check parameters
[0.156s] Level 1:colcon.colcon_core.package_discovery:discover_packages(recursive) check parameters
[0.156s] Level 1:colcon.colcon_core.package_discovery:discover_packages(ignore) check parameters
[0.156s] Level 1:colcon.colcon_core.package_discovery:discover_packages(path) check parameters
[0.156s] Level 1:colcon.colcon_core.package_discovery:discover_packages(colcon_meta) discover
[0.156s] Level 1:colcon.colcon_core.package_discovery:discover_packages(recursive) discover
[0.156s] INFO:colcon.colcon_core.package_discovery:Crawling recursively for packages in '/home/user05/colcon_ws'
[0.157s] Level 1:colcon.colcon_core.package_identification:_identify(.) by extensions ['ignore', 'ignore_ament_install']
[0.157s] Level 1:colcon.colcon_core.package_identification:_identify(.) by extension 'ignore'
[0.157s] Level 1:colcon.colcon_core.package_identification:_identify(.) by extension 'ignore_ament_install'
[0.157s] Level 1:colcon.colcon_core.package_identification:_identify(.) by extensions ['colcon_pkg']
[0.157s] Level 1:colcon.colcon_core.package_identification:_identify(.) by extension 'colcon_pkg'
[0.157s] Level 1:colcon.colcon_core.package_identification:_identify(.) by extensions ['colcon_meta']
[0.157s] Level 1:colcon.colcon_core.package_identification:_identify(.) by extension 'colcon_meta'
[0.157s] Level 1:colcon.colcon_core.package_identification:_identify(.) by extensions ['ros']
[0.157s] Level 1:colcon.colcon_core.package_identification:_identify(.) by extension 'ros'
[0.182s] Level 1:colcon.colcon_core.package_identification:_identify(.) by extensions ['cmake', 'python']
[0.183s] Level 1:colcon.colcon_core.package_identification:_identify(.) by extension 'cmake'
[0.183s] Level 1:colcon.colcon_core.package_identification:_identify(.) by extension 'python'
[0.183s] Level 1:colcon.colcon_core.package_identification:_identify(.) by extensions ['python_setup_py']
[0.183s] Level 1:colcon.colcon_core.package_identification:_identify(.) by extension 'python_setup_py'
[0.183s] Level 1:colcon.colcon_core.package_identification:_identify(build) by extensions ['ignore', 'ignore_ament_install']
[0.183s] Level 1:colcon.colcon_core.package_identification:_identify(build) by extension 'ignore'
[0.183s] Level 1:colcon.colcon_core.package_identification:_identify(build) ignored
[0.183s] Level 1:colcon.colcon_core.package_identification:_identify(install) by extensions ['ignore', 'ignore_ament_install']
[0.183s] Level 1:colcon.colcon_core.package_identification:_identify(install) by extension 'ignore'
[0.183s] Level 1:colcon.colcon_core.package_identification:_identify(install) ignored
[0.183s] Level 1:colcon.colcon_core.package_identification:_identify(log) by extensions ['ignore', 'ignore_ament_install']
[0.183s] Level 1:colcon.colcon_core.package_identification:_identify(log) by extension 'ignore'
[0.183s] Level 1:colcon.colcon_core.package_identification:_identify(log) ignored
[0.184s] Level 1:colcon.colcon_core.package_identification:_identify(src) by extensions ['ignore', 'ignore_ament_install']
[0.184s] Level 1:colcon.colcon_core.package_identification:_identify(src) by extension 'ignore'
[0.184s] Level 1:colcon.colcon_core.package_identification:_identify(src) by extension 'ignore_ament_install'
[0.184s] Level 1:colcon.colcon_core.package_identification:_identify(src) by extensions ['colcon_pkg']
[0.184s] Level 1:colcon.colcon_core.package_identification:_identify(src) by extension 'colcon_pkg'
[0.184s] Level 1:colcon.colcon_core.package_identification:_identify(src) by extensions ['colcon_meta']
[0.184s] Level 1:colcon.colcon_core.package_identification:_identify(src) by extension 'colcon_meta'
[0.184s] Level 1:colcon.colcon_core.package_identification:_identify(src) by extensions ['ros']
[0.184s] Level 1:colcon.colcon_core.package_identification:_identify(src) by extension 'ros'
[0.184s] Level 1:colcon.colcon_core.package_identification:_identify(src) by extensions ['cmake', 'python']
[0.184s] Level 1:colcon.colcon_core.package_identification:_identify(src) by extension 'cmake'
[0.184s] Level 1:colcon.colcon_core.package_identification:_identify(src) by extension 'python'
[0.184s] Level 1:colcon.colcon_core.package_identification:_identify(src) by extensions ['python_setup_py']
[0.184s] Level 1:colcon.colcon_core.package_identification:_identify(src) by extension 'python_setup_py'
[0.184s] Level 1:colcon.colcon_core.package_identification:_identify(src/2_srvmsg) by extensions ['ignore', 'ignore_ament_install']
[0.184s] Level 1:colcon.colcon_core.package_identification:_identify(src/2_srvmsg) by extension 'ignore'
[0.184s] Level 1:colcon.colcon_core.package_identification:_identify(src/2_srvmsg) by extension 'ignore_ament_install'
[0.184s] Level 1:colcon.colcon_core.package_identification:_identify(src/2_srvmsg) by extensions ['colcon_pkg']
[0.185s] Level 1:colcon.colcon_core.package_identification:_identify(src/2_srvmsg) by extension 'colcon_pkg'
[0.185s] Level 1:colcon.colcon_core.package_identification:_identify(src/2_srvmsg) by extensions ['colcon_meta']
[0.185s] Level 1:colcon.colcon_core.package_identification:_identify(src/2_srvmsg) by extension 'colcon_meta'
[0.185s] Level 1:colcon.colcon_core.package_identification:_identify(src/2_srvmsg) by extensions ['ros']
[0.185s] Level 1:colcon.colcon_core.package_identification:_identify(src/2_srvmsg) by extension 'ros'
[0.187s] DEBUG:colcon.colcon_core.package_identification:Package 'src/2_srvmsg' with type 'ros.ament_cmake' and name 'srvmsg'
[0.187s] Level 1:colcon.colcon_core.package_identification:_identify(src/5_custom_interfaces) by extensions ['ignore', 'ignore_ament_install']
[0.187s] Level 1:colcon.colcon_core.package_identification:_identify(src/5_custom_interfaces) by extension 'ignore'
[0.187s] Level 1:colcon.colcon_core.package_identification:_identify(src/5_custom_interfaces) by extension 'ignore_ament_install'
[0.187s] Level 1:colcon.colcon_core.package_identification:_identify(src/5_custom_interfaces) by extensions ['colcon_pkg']
[0.187s] Level 1:colcon.colcon_core.package_identification:_identify(src/5_custom_interfaces) by extension 'colcon_pkg'
[0.187s] Level 1:colcon.colcon_core.package_identification:_identify(src/5_custom_interfaces) by extensions ['colcon_meta']
[0.187s] Level 1:colcon.colcon_core.package_identification:_identify(src/5_custom_interfaces) by extension 'colcon_meta'
[0.187s] Level 1:colcon.colcon_core.package_identification:_identify(src/5_custom_interfaces) by extensions ['ros']
[0.187s] Level 1:colcon.colcon_core.package_identification:_identify(src/5_custom_interfaces) by extension 'ros'
[0.188s] DEBUG:colcon.colcon_core.package_identification:Package 'src/5_custom_interfaces' with type 'ros.ament_cmake' and name 'custom_interfaces'
[0.188s] Level 1:colcon.colcon_core.package_identification:_identify(src/msg_service) by extensions ['ignore', 'ignore_ament_install']
[0.188s] Level 1:colcon.colcon_core.package_identification:_identify(src/msg_service) by extension 'ignore'
[0.188s] Level 1:colcon.colcon_core.package_identification:_identify(src/msg_service) by extension 'ignore_ament_install'
[0.188s] Level 1:colcon.colcon_core.package_identification:_identify(src/msg_service) by extensions ['colcon_pkg']
[0.188s] Level 1:colcon.colcon_core.package_identification:_identify(src/msg_service) by extension 'colcon_pkg'
[0.188s] Level 1:colcon.colcon_core.package_identification:_identify(src/msg_service) by extensions ['colcon_meta']
[0.188s] Level 1:colcon.colcon_core.package_identification:_identify(src/msg_service) by extension 'colcon_meta'
[0.188s] Level 1:colcon.colcon_core.package_identification:_identify(src/msg_service) by extensions ['ros']
[0.188s] Level 1:colcon.colcon_core.package_identification:_identify(src/msg_service) by extension 'ros'
[0.189s] DEBUG:colcon.colcon_core.package_identification:Package 'src/msg_service' with type 'ros.ament_cmake' and name 'msg_service'
[0.189s] Level 1:colcon.colcon_core.package_identification:_identify(src/pubscore_5) by extensions ['ignore', 'ignore_ament_install']
[0.189s] Level 1:colcon.colcon_core.package_identification:_identify(src/pubscore_5) by extension 'ignore'
[0.189s] Level 1:colcon.colcon_core.package_identification:_identify(src/pubscore_5) by extension 'ignore_ament_install'
[0.189s] Level 1:colcon.colcon_core.package_identification:_identify(src/pubscore_5) by extensions ['colcon_pkg']
[0.189s] Level 1:colcon.colcon_core.package_identification:_identify(src/pubscore_5) by extension 'colcon_pkg'
[0.189s] Level 1:colcon.colcon_core.package_identification:_identify(src/pubscore_5) by extensions ['colcon_meta']
[0.189s] Level 1:colcon.colcon_core.package_identification:_identify(src/pubscore_5) by extension 'colcon_meta'
[0.189s] Level 1:colcon.colcon_core.package_identification:_identify(src/pubscore_5) by extensions ['ros']
[0.190s] Level 1:colcon.colcon_core.package_identification:_identify(src/pubscore_5) by extension 'ros'
[0.191s] DEBUG:colcon.colcon_core.package_identification:Package 'src/pubscore_5' with type 'ros.ament_python' and name 'pubscore_5'
[0.191s] Level 1:colcon.colcon_core.package_identification:_identify(src/turtlebot_control_1) by extensions ['ignore', 'ignore_ament_install']
[0.191s] Level 1:colcon.colcon_core.package_identification:_identify(src/turtlebot_control_1) by extension 'ignore'
[0.191s] Level 1:colcon.colcon_core.package_identification:_identify(src/turtlebot_control_1) by extension 'ignore_ament_install'
[0.191s] Level 1:colcon.colcon_core.package_identification:_identify(src/turtlebot_control_1) by extensions ['colcon_pkg']
[0.191s] Level 1:colcon.colcon_core.package_identification:_identify(src/turtlebot_control_1) by extension 'colcon_pkg'
[0.191s] Level 1:colcon.colcon_core.package_identification:_identify(src/turtlebot_control_1) by extensions ['colcon_meta']
[0.191s] Level 1:colcon.colcon_core.package_identification:_identify(src/turtlebot_control_1) by extension 'colcon_meta'
[0.191s] Level 1:colcon.colcon_core.package_identification:_identify(src/turtlebot_control_1) by extensions ['ros']
[0.191s] Level 1:colcon.colcon_core.package_identification:_identify(src/turtlebot_control_1) by extension 'ros'
[0.192s] DEBUG:colcon.colcon_core.package_identification:Package 'src/turtlebot_control_1' with type 'ros.ament_cmake' and name 'turtlebot_control_1'
[0.192s] Level 1:colcon.colcon_core.package_identification:_identify(test) by extensions ['ignore', 'ignore_ament_install']
[0.192s] Level 1:colcon.colcon_core.package_identification:_identify(test) by extension 'ignore'
[0.192s] Level 1:colcon.colcon_core.package_identification:_identify(test) by extension 'ignore_ament_install'
[0.192s] Level 1:colcon.colcon_core.package_identification:_identify(test) by extensions ['colcon_pkg']
[0.192s] Level 1:colcon.colcon_core.package_identification:_identify(test) by extension 'colcon_pkg'
[0.193s] Level 1:colcon.colcon_core.package_identification:_identify(test) by extensions ['colcon_meta']
[0.193s] Level 1:colcon.colcon_core.package_identification:_identify(test) by extension 'colcon_meta'
[0.193s] Level 1:colcon.colcon_core.package_identification:_identify(test) by extensions ['ros']
[0.193s] Level 1:colcon.colcon_core.package_identification:_identify(test) by extension 'ros'
[0.193s] Level 1:colcon.colcon_core.package_identification:_identify(test) by extensions ['cmake', 'python']
[0.193s] Level 1:colcon.colcon_core.package_identification:_identify(test) by extension 'cmake'
[0.193s] Level 1:colcon.colcon_core.package_identification:_identify(test) by extension 'python'
[0.193s] Level 1:colcon.colcon_core.package_identification:_identify(test) by extensions ['python_setup_py']
[0.193s] Level 1:colcon.colcon_core.package_identification:_identify(test) by extension 'python_setup_py'
[0.193s] Level 1:colcon.colcon_core.package_discovery:discover_packages(recursive) using defaults
[0.193s] Level 1:colcon.colcon_core.package_discovery:discover_packages(ignore) discover
[0.193s] Level 1:colcon.colcon_core.package_discovery:discover_packages(ignore) using defaults
[0.193s] Level 1:colcon.colcon_core.package_discovery:discover_packages(path) discover
[0.193s] Level 1:colcon.colcon_core.package_discovery:discover_packages(path) using defaults
[0.211s] Level 1:colcon.colcon_core.package_discovery:discover_packages(prefix_path) check parameters
[0.211s] Level 1:colcon.colcon_core.package_discovery:discover_packages(prefix_path) discover
[0.213s] DEBUG:colcon.colcon_installed_package_information.package_discovery:Found 5 installed packages in /home/user05/colcon_ws/install
[0.214s] DEBUG:colcon.colcon_installed_package_information.package_discovery:Found 395 installed packages in /opt/ros/jazzy
[0.216s] Level 1:colcon.colcon_core.package_discovery:discover_packages(prefix_path) using defaults
[0.274s] Level 5:colcon.colcon_core.verb:set package 'custom_interfaces' build argument 'cmake_args' from command line to 'None'
[0.274s] Level 5:colcon.colcon_core.verb:set package 'custom_interfaces' build argument 'cmake_target' from command line to 'None'
[0.274s] Level 5:colcon.colcon_core.verb:set package 'custom_interfaces' build argument 'cmake_target_skip_unavailable' from command line to 'False'
[0.274s] Level 5:colcon.colcon_core.verb:set package 'custom_interfaces' build argument 'cmake_clean_cache' from command line to 'False'
[0.274s] Level 5:colcon.colcon_core.verb:set package 'custom_interfaces' build argument 'cmake_clean_first' from command line to 'False'
[0.274s] Level 5:colcon.colcon_core.verb:set package 'custom_interfaces' build argument 'cmake_force_configure' from command line to 'False'
[0.274s] Level 5:colcon.colcon_core.verb:set package 'custom_interfaces' build argument 'ament_cmake_args' from command line to 'None'
[0.274s] Level 5:colcon.colcon_core.verb:set package 'custom_interfaces' build argument 'catkin_cmake_args' from command line to 'None'
[0.274s] Level 5:colcon.colcon_core.verb:set package 'custom_interfaces' build argument 'catkin_skip_building_tests' from command line to 'False'
[0.274s] DEBUG:colcon.colcon_core.verb:Building package 'custom_interfaces' with the following arguments: {'ament_cmake_args': None, 'build_base': '/home/user05/colcon_ws/build/custom_interfaces', 'catkin_cmake_args': None, 'catkin_skip_building_tests': False, 'cmake_args': None, 'cmake_clean_cache': False, 'cmake_clean_first': False, 'cmake_force_configure': False, 'cmake_target': None, 'cmake_target_skip_unavailable': False, 'install_base': '/home/user05/colcon_ws/install/custom_interfaces', 'merge_install': False, 'path': '/home/user05/colcon_ws/src/5_custom_interfaces', 'symlink_install': False, 'test_result_base': None}
[0.274s] Level 5:colcon.colcon_core.verb:set package 'msg_service' build argument 'cmake_args' from command line to 'None'
[0.274s] Level 5:colcon.colcon_core.verb:set package 'msg_service' build argument 'cmake_target' from command line to 'None'
[0.274s] Level 5:colcon.colcon_core.verb:set package 'msg_service' build argument 'cmake_target_skip_unavailable' from command line to 'False'
[0.274s] Level 5:colcon.colcon_core.verb:set package 'msg_service' build argument 'cmake_clean_cache' from command line to 'False'
[0.274s] Level 5:colcon.colcon_core.verb:set package 'msg_service' build argument 'cmake_clean_first' from command line to 'False'
[0.274s] Level 5:colcon.colcon_core.verb:set package 'msg_service' build argument 'cmake_force_configure' from command line to 'False'
[0.274s] Level 5:colcon.colcon_core.verb:set package 'msg_service' build argument 'ament_cmake_args' from command line to 'None'
[0.274s] Level 5:colcon.colcon_core.verb:set package 'msg_service' build argument 'catkin_cmake_args' from command line to 'None'
[0.275s] Level 5:colcon.colcon_core.verb:set package 'msg_service' build argument 'catkin_skip_building_tests' from command line to 'False'
[0.275s] DEBUG:colcon.colcon_core.verb:Building package 'msg_service' with the following arguments: {'ament_cmake_args': None, 'build_base': '/home/user05/colcon_ws/build/msg_service', 'catkin_cmake_args': None, 'catkin_skip_building_tests': False, 'cmake_args': None, 'cmake_clean_cache': False, 'cmake_clean_first': False, 'cmake_force_configure': False, 'cmake_target': None, 'cmake_target_skip_unavailable': False, 'install_base': '/home/user05/colcon_ws/install/msg_service', 'merge_install': False, 'path': '/home/user05/colcon_ws/src/msg_service', 'symlink_install': False, 'test_result_base': None}
[0.275s] Level 5:colcon.colcon_core.verb:set package 'pubscore_5' build argument 'cmake_args' from command line to 'None'
[0.275s] Level 5:colcon.colcon_core.verb:set package 'pubscore_5' build argument 'cmake_target' from command line to 'None'
[0.275s] Level 5:colcon.colcon_core.verb:set package 'pubscore_5' build argument 'cmake_target_skip_unavailable' from command line to 'False'
[0.275s] Level 5:colcon.colcon_core.verb:set package 'pubscore_5' build argument 'cmake_clean_cache' from command line to 'False'
[0.275s] Level 5:colcon.colcon_core.verb:set package 'pubscore_5' build argument 'cmake_clean_first' from command line to 'False'
[0.275s] Level 5:colcon.colcon_core.verb:set package 'pubscore_5' build argument 'cmake_force_configure' from command line to 'False'
[0.275s] Level 5:colcon.colcon_core.verb:set package 'pubscore_5' build argument 'ament_cmake_args' from command line to 'None'
[0.275s] Level 5:colcon.colcon_core.verb:set package 'pubscore_5' build argument 'catkin_cmake_args' from command line to 'None'
[0.275s] Level 5:colcon.colcon_core.verb:set package 'pubscore_5' build argument 'catkin_skip_building_tests' from command line to 'False'
[0.275s] DEBUG:colcon.colcon_core.verb:Building package 'pubscore_5' with the following arguments: {'ament_cmake_args': None, 'build_base': '/home/user05/colcon_ws/build/pubscore_5', 'catkin_cmake_args': None, 'catkin_skip_building_tests': False, 'cmake_args': None, 'cmake_clean_cache': False, 'cmake_clean_first': False, 'cmake_force_configure': False, 'cmake_target': None, 'cmake_target_skip_unavailable': False, 'install_base': '/home/user05/colcon_ws/install/pubscore_5', 'merge_install': False, 'path': '/home/user05/colcon_ws/src/pubscore_5', 'symlink_install': False, 'test_result_base': None}
[0.275s] Level 5:colcon.colcon_core.verb:set package 'turtlebot_control_1' build argument 'cmake_args' from command line to 'None'
[0.275s] Level 5:colcon.colcon_core.verb:set package 'turtlebot_control_1' build argument 'cmake_target' from command line to 'None'
[0.275s] Level 5:colcon.colcon_core.verb:set package 'turtlebot_control_1' build argument 'cmake_target_skip_unavailable' from command line to 'False'
[0.275s] Level 5:colcon.colcon_core.verb:set package 'turtlebot_control_1' build argument 'cmake_clean_cache' from command line to 'False'
[0.275s] Level 5:colcon.colcon_core.verb:set package 'turtlebot_control_1' build argument 'cmake_clean_first' from command line to 'False'
[0.275s] Level 5:colcon.colcon_core.verb:set package 'turtlebot_control_1' build argument 'cmake_force_configure' from command line to 'False'
[0.275s] Level 5:colcon.colcon_core.verb:set package 'turtlebot_control_1' build argument 'ament_cmake_args' from command line to 'None'
[0.276s] Level 5:colcon.colcon_core.verb:set package 'turtlebot_control_1' build argument 'catkin_cmake_args' from command line to 'None'
[0.276s] Level 5:colcon.colcon_core.verb:set package 'turtlebot_control_1' build argument 'catkin_skip_building_tests' from command line to 'False'
[0.276s] DEBUG:colcon.colcon_core.verb:Building package 'turtlebot_control_1' with the following arguments: {'ament_cmake_args': None, 'build_base': '/home/user05/colcon_ws/build/turtlebot_control_1', 'catkin_cmake_args': None, 'catkin_skip_building_tests': False, 'cmake_args': None, 'cmake_clean_cache': False, 'cmake_clean_first': False, 'cmake_force_configure': False, 'cmake_target': None, 'cmake_target_skip_unavailable': False, 'install_base': '/home/user05/colcon_ws/install/turtlebot_control_1', 'merge_install': False, 'path': '/home/user05/colcon_ws/src/turtlebot_control_1', 'symlink_install': False, 'test_result_base': None}
[0.276s] Level 5:colcon.colcon_core.verb:set package 'srvmsg' build argument 'cmake_args' from command line to 'None'
[0.276s] Level 5:colcon.colcon_core.verb:set package 'srvmsg' build argument 'cmake_target' from command line to 'None'
[0.276s] Level 5:colcon.colcon_core.verb:set package 'srvmsg' build argument 'cmake_target_skip_unavailable' from command line to 'False'
[0.276s] Level 5:colcon.colcon_core.verb:set package 'srvmsg' build argument 'cmake_clean_cache' from command line to 'False'
[0.276s] Level 5:colcon.colcon_core.verb:set package 'srvmsg' build argument 'cmake_clean_first' from command line to 'False'
[0.276s] Level 5:colcon.colcon_core.verb:set package 'srvmsg' build argument 'cmake_force_configure' from command line to 'False'
[0.276s] Level 5:colcon.colcon_core.verb:set package 'srvmsg' build argument 'ament_cmake_args' from command line to 'None'
[0.276s] Level 5:colcon.colcon_core.verb:set package 'srvmsg' build argument 'catkin_cmake_args' from command line to 'None'
[0.276s] Level 5:colcon.colcon_core.verb:set package 'srvmsg' build argument 'catkin_skip_building_tests' from command line to 'False'
[0.276s] DEBUG:colcon.colcon_core.verb:Building package 'srvmsg' with the following arguments: {'ament_cmake_args': None, 'build_base': '/home/user05/colcon_ws/build/srvmsg', 'catkin_cmake_args': None, 'catkin_skip_building_tests': False, 'cmake_args': None, 'cmake_clean_cache': False, 'cmake_clean_first': False, 'cmake_force_configure': False, 'cmake_target': None, 'cmake_target_skip_unavailable': False, 'install_base': '/home/user05/colcon_ws/install/srvmsg', 'merge_install': False, 'path': '/home/user05/colcon_ws/src/2_srvmsg', 'symlink_install': False, 'test_result_base': None}
[0.276s] INFO:colcon.colcon_core.executor:Executing jobs using 'parallel' executor
[0.277s] DEBUG:colcon.colcon_parallel_executor.executor.parallel:run_until_complete
[0.277s] INFO:colcon.colcon_ros.task.ament_cmake.build:Building ROS package in '/home/user05/colcon_ws/src/5_custom_interfaces' with build type 'ament_cmake'
[0.277s] INFO:colcon.colcon_cmake.task.cmake.build:Building CMake package in '/home/user05/colcon_ws/src/5_custom_interfaces'
[0.279s] INFO:colcon.colcon_core.plugin_system:Skipping extension 'colcon_core.shell.bat': Not used on non-Windows systems
[0.279s] INFO:colcon.colcon_core.shell:Skip shell extension 'powershell' for command environment: Not usable outside of PowerShell
[0.279s] DEBUG:colcon.colcon_core.shell:Skip shell extension 'dsv' for command environment
[0.282s] INFO:colcon.colcon_ros.task.ament_cmake.build:Building ROS package in '/home/user05/colcon_ws/src/msg_service' with build type 'ament_cmake'
[0.283s] INFO:colcon.colcon_cmake.task.cmake.build:Building CMake package in '/home/user05/colcon_ws/src/msg_service'
[0.283s] INFO:colcon.colcon_core.shell:Skip shell extension 'powershell' for command environment: Not usable outside of PowerShell
[0.283s] DEBUG:colcon.colcon_core.shell:Skip shell extension 'dsv' for command environment
[0.286s] INFO:colcon.colcon_ros.task.ament_python.build:Building ROS package in '/home/user05/colcon_ws/src/pubscore_5' with build type 'ament_python'
[0.286s] Level 1:colcon.colcon_core.shell:create_environment_hook('pubscore_5', 'ament_prefix_path')
[0.286s] INFO:colcon.colcon_core.shell:Creating environment hook '/home/user05/colcon_ws/install/pubscore_5/share/pubscore_5/hook/ament_prefix_path.ps1'
[0.287s] INFO:colcon.colcon_core.shell:Creating environment descriptor '/home/user05/colcon_ws/install/pubscore_5/share/pubscore_5/hook/ament_prefix_path.dsv'
[0.287s] INFO:colcon.colcon_core.shell:Creating environment hook '/home/user05/colcon_ws/install/pubscore_5/share/pubscore_5/hook/ament_prefix_path.sh'
[0.288s] INFO:colcon.colcon_core.shell:Skip shell extension 'powershell' for command environment: Not usable outside of PowerShell
[0.288s] DEBUG:colcon.colcon_core.shell:Skip shell extension 'dsv' for command environment
[0.292s] INFO:colcon.colcon_ros.task.ament_cmake.build:Building ROS package in '/home/user05/colcon_ws/src/turtlebot_control_1' with build type 'ament_cmake'
[0.292s] INFO:colcon.colcon_cmake.task.cmake.build:Building CMake package in '/home/user05/colcon_ws/src/turtlebot_control_1'
[0.292s] INFO:colcon.colcon_core.shell:Skip shell extension 'powershell' for command environment: Not usable outside of PowerShell
[0.293s] DEBUG:colcon.colcon_core.shell:Skip shell extension 'dsv' for command environment
[0.300s] DEBUG:colcon.colcon_core.event_handler.log_command:Invoking command in '/home/user05/colcon_ws/build/custom_interfaces': CMAKE_PREFIX_PATH=${CMAKE_PREFIX_PATH}:/home/user05/colcon_ws/install/pubscore_5:/opt/ros/jazzy DEBUGINFOD_URLS=https://debuginfod.ubuntu.com /usr/bin/cmake --build /home/user05/colcon_ws/build/custom_interfaces -- -j12 -l12
[0.302s] DEBUG:colcon.colcon_core.event_handler.log_command:Invoking command in '/home/user05/colcon_ws/build/msg_service': CMAKE_PREFIX_PATH=${CMAKE_PREFIX_PATH}:/home/user05/colcon_ws/install/pubscore_5:/opt/ros/jazzy DEBUGINFOD_URLS=https://debuginfod.ubuntu.com /usr/bin/cmake --build /home/user05/colcon_ws/build/msg_service -- -j12 -l12
[0.573s] INFO:colcon.colcon_core.task.python.build:Building Python package in '/home/user05/colcon_ws/src/pubscore_5'
[0.573s] INFO:colcon.colcon_core.shell:Skip shell extension 'powershell' for command environment: Not usable outside of PowerShell
[0.573s] DEBUG:colcon.colcon_core.shell:Skip shell extension 'dsv' for command environment
[0.586s] DEBUG:colcon.colcon_core.event_handler.log_command:Invoked command in '/home/user05/colcon_ws/build/msg_service' returned '0': CMAKE_PREFIX_PATH=${CMAKE_PREFIX_PATH}:/home/user05/colcon_ws/install/pubscore_5:/opt/ros/jazzy DEBUGINFOD_URLS=https://debuginfod.ubuntu.com /usr/bin/cmake --build /home/user05/colcon_ws/build/msg_service -- -j12 -l12
[0.590s] DEBUG:colcon.colcon_core.event_handler.log_command:Invoking command in '/home/user05/colcon_ws/build/msg_service': CMAKE_PREFIX_PATH=${CMAKE_PREFIX_PATH}:/home/user05/colcon_ws/install/pubscore_5:/opt/ros/jazzy DEBUGINFOD_URLS=https://debuginfod.ubuntu.com /usr/bin/cmake --install /home/user05/colcon_ws/build/msg_service
[0.595s] DEBUG:colcon.colcon_core.event_handler.log_command:Invoking command in '/home/user05/colcon_ws/build/turtlebot_control_1': CMAKE_PREFIX_PATH=${CMAKE_PREFIX_PATH}:/home/user05/colcon_ws/install/pubscore_5:/opt/ros/jazzy DEBUGINFOD_URLS=https://debuginfod.ubuntu.com /usr/bin/cmake --build /home/user05/colcon_ws/build/turtlebot_control_1 -- -j12 -l12
[0.601s] Level 1:colcon.colcon_core.environment:create_environment_scripts_only(msg_service)
[0.602s] DEBUG:colcon.colcon_core.event_handler.log_command:Invoked command in '/home/user05/colcon_ws/build/msg_service' returned '0': CMAKE_PREFIX_PATH=${CMAKE_PREFIX_PATH}:/home/user05/colcon_ws/install/pubscore_5:/opt/ros/jazzy DEBUGINFOD_URLS=https://debuginfod.ubuntu.com /usr/bin/cmake --install /home/user05/colcon_ws/build/msg_service
[0.604s] Level 1:colcon.colcon_core.environment:checking '/home/user05/colcon_ws/install/msg_service' for CMake module files
[0.605s] Level 1:colcon.colcon_core.environment:checking '/home/user05/colcon_ws/install/msg_service' for CMake config files
[0.605s] Level 1:colcon.colcon_core.shell:create_environment_hook('msg_service', 'cmake_prefix_path')
[0.606s] INFO:colcon.colcon_core.shell:Creating environment hook '/home/user05/colcon_ws/install/msg_service/share/msg_service/hook/cmake_prefix_path.ps1'
[0.606s] INFO:colcon.colcon_core.shell:Creating environment descriptor '/home/user05/colcon_ws/install/msg_service/share/msg_service/hook/cmake_prefix_path.dsv'
[0.607s] INFO:colcon.colcon_core.shell:Creating environment hook '/home/user05/colcon_ws/install/msg_service/share/msg_service/hook/cmake_prefix_path.sh'
[0.607s] Level 1:colcon.colcon_core.environment:checking '/home/user05/colcon_ws/install/msg_service/bin'
[0.608s] Level 1:colcon.colcon_core.environment:checking '/home/user05/colcon_ws/install/msg_service/lib/pkgconfig/msg_service.pc'
[0.608s] Level 1:colcon.colcon_core.environment:checking '/home/user05/colcon_ws/install/msg_service/lib/python3.12/site-packages'
[0.608s] Level 1:colcon.colcon_core.environment:checking '/home/user05/colcon_ws/install/msg_service/bin'
[0.609s] INFO:colcon.colcon_core.shell:Creating package script '/home/user05/colcon_ws/install/msg_service/share/msg_service/package.ps1'
[0.610s] INFO:colcon.colcon_core.shell:Creating package descriptor '/home/user05/colcon_ws/install/msg_service/share/msg_service/package.dsv'
[0.611s] INFO:colcon.colcon_core.shell:Creating package script '/home/user05/colcon_ws/install/msg_service/share/msg_service/package.sh'
[0.612s] INFO:colcon.colcon_core.shell:Creating package script '/home/user05/colcon_ws/install/msg_service/share/msg_service/package.bash'
[0.612s] INFO:colcon.colcon_core.shell:Creating package script '/home/user05/colcon_ws/install/msg_service/share/msg_service/package.zsh'
[0.613s] Level 1:colcon.colcon_core.environment:create_file_with_runtime_dependencies(/home/user05/colcon_ws/install/msg_service/share/colcon-core/packages/msg_service)
[0.614s] Level 1:colcon.colcon_core.environment:create_environment_scripts_only(msg_service)
[0.614s] Level 1:colcon.colcon_core.environment:checking '/home/user05/colcon_ws/install/msg_service' for CMake module files
[0.615s] Level 1:colcon.colcon_core.environment:checking '/home/user05/colcon_ws/install/msg_service' for CMake config files
[0.615s] Level 1:colcon.colcon_core.shell:create_environment_hook('msg_service', 'cmake_prefix_path')
[0.616s] INFO:colcon.colcon_core.shell:Creating environment hook '/home/user05/colcon_ws/install/msg_service/share/msg_service/hook/cmake_prefix_path.ps1'
[0.616s] INFO:colcon.colcon_core.shell:Creating environment descriptor '/home/user05/colcon_ws/install/msg_service/share/msg_service/hook/cmake_prefix_path.dsv'
[0.617s] INFO:colcon.colcon_core.shell:Creating environment hook '/home/user05/colcon_ws/install/msg_service/share/msg_service/hook/cmake_prefix_path.sh'
[0.617s] Level 1:colcon.colcon_core.environment:checking '/home/user05/colcon_ws/install/msg_service/bin'
[0.617s] Level 1:colcon.colcon_core.environment:checking '/home/user05/colcon_ws/install/msg_service/lib/pkgconfig/msg_service.pc'
[0.618s] Level 1:colcon.colcon_core.environment:checking '/home/user05/colcon_ws/install/msg_service/lib/python3.12/site-packages'
[0.618s] Level 1:colcon.colcon_core.environment:checking '/home/user05/colcon_ws/install/msg_service/bin'
[0.618s] INFO:colcon.colcon_core.shell:Creating package script '/home/user05/colcon_ws/install/msg_service/share/msg_service/package.ps1'
[0.619s] INFO:colcon.colcon_core.shell:Creating package descriptor '/home/user05/colcon_ws/install/msg_service/share/msg_service/package.dsv'
[0.620s] INFO:colcon.colcon_core.shell:Creating package script '/home/user05/colcon_ws/install/msg_service/share/msg_service/package.sh'
[0.620s] INFO:colcon.colcon_core.shell:Creating package script '/home/user05/colcon_ws/install/msg_service/share/msg_service/package.bash'
[0.621s] INFO:colcon.colcon_core.shell:Creating package script '/home/user05/colcon_ws/install/msg_service/share/msg_service/package.zsh'
[0.621s] Level 1:colcon.colcon_core.environment:create_file_with_runtime_dependencies(/home/user05/colcon_ws/install/msg_service/share/colcon-core/packages/msg_service)
[0.633s] DEBUG:colcon.colcon_core.event_handler.log_command:Invoked command in '/home/user05/colcon_ws/build/turtlebot_control_1' returned '0': CMAKE_PREFIX_PATH=${CMAKE_PREFIX_PATH}:/home/user05/colcon_ws/install/pubscore_5:/opt/ros/jazzy DEBUGINFOD_URLS=https://debuginfod.ubuntu.com /usr/bin/cmake --build /home/user05/colcon_ws/build/turtlebot_control_1 -- -j12 -l12
[0.634s] DEBUG:colcon.colcon_core.event_handler.log_command:Invoking command in '/home/user05/colcon_ws/build/turtlebot_control_1': CMAKE_PREFIX_PATH=${CMAKE_PREFIX_PATH}:/home/user05/colcon_ws/install/pubscore_5:/opt/ros/jazzy DEBUGINFOD_URLS=https://debuginfod.ubuntu.com /usr/bin/cmake --install /home/user05/colcon_ws/build/turtlebot_control_1
[0.645s] Level 1:colcon.colcon_core.environment:create_environment_scripts_only(turtlebot_control_1)
[0.645s] Level 1:colcon.colcon_core.environment:checking '/home/user05/colcon_ws/install/turtlebot_control_1' for CMake module files
[0.646s] DEBUG:colcon.colcon_core.event_handler.log_command:Invoked command in '/home/user05/colcon_ws/build/turtlebot_control_1' returned '0': CMAKE_PREFIX_PATH=${CMAKE_PREFIX_PATH}:/home/user05/colcon_ws/install/pubscore_5:/opt/ros/jazzy DEBUGINFOD_URLS=https://debuginfod.ubuntu.com /usr/bin/cmake --install /home/user05/colcon_ws/build/turtlebot_control_1
[0.646s] Level 1:colcon.colcon_core.environment:checking '/home/user05/colcon_ws/install/turtlebot_control_1' for CMake config files
[0.646s] Level 1:colcon.colcon_core.shell:create_environment_hook('turtlebot_control_1', 'cmake_prefix_path')
[0.646s] INFO:colcon.colcon_core.shell:Creating environment hook '/home/user05/colcon_ws/install/turtlebot_control_1/share/turtlebot_control_1/hook/cmake_prefix_path.ps1'
[0.647s] INFO:colcon.colcon_core.shell:Creating environment descriptor '/home/user05/colcon_ws/install/turtlebot_control_1/share/turtlebot_control_1/hook/cmake_prefix_path.dsv'
[0.647s] INFO:colcon.colcon_core.shell:Creating environment hook '/home/user05/colcon_ws/install/turtlebot_control_1/share/turtlebot_control_1/hook/cmake_prefix_path.sh'
[0.648s] Level 1:colcon.colcon_core.environment:checking '/home/user05/colcon_ws/install/turtlebot_control_1/lib'
[0.648s] Level 1:colcon.colcon_core.environment:checking '/home/user05/colcon_ws/install/turtlebot_control_1/bin'
[0.648s] Level 1:colcon.colcon_core.environment:checking '/home/user05/colcon_ws/install/turtlebot_control_1/lib/pkgconfig/turtlebot_control_1.pc'
[0.648s] Level 1:colcon.colcon_core.environment:checking '/home/user05/colcon_ws/install/turtlebot_control_1/lib/python3.12/site-packages'
[0.648s] Level 1:colcon.colcon_core.environment:checking '/home/user05/colcon_ws/install/turtlebot_control_1/bin'
[0.649s] INFO:colcon.colcon_core.shell:Creating package script '/home/user05/colcon_ws/install/turtlebot_control_1/share/turtlebot_control_1/package.ps1'
[0.649s] INFO:colcon.colcon_core.shell:Creating package descriptor '/home/user05/colcon_ws/install/turtlebot_control_1/share/turtlebot_control_1/package.dsv'
[0.650s] INFO:colcon.colcon_core.shell:Creating package script '/home/user05/colcon_ws/install/turtlebot_control_1/share/turtlebot_control_1/package.sh'
[0.650s] INFO:colcon.colcon_core.shell:Creating package script '/home/user05/colcon_ws/install/turtlebot_control_1/share/turtlebot_control_1/package.bash'
[0.650s] INFO:colcon.colcon_core.shell:Creating package script '/home/user05/colcon_ws/install/turtlebot_control_1/share/turtlebot_control_1/package.zsh'
[0.650s] Level 1:colcon.colcon_core.environment:create_file_with_runtime_dependencies(/home/user05/colcon_ws/install/turtlebot_control_1/share/colcon-core/packages/turtlebot_control_1)
[0.651s] Level 1:colcon.colcon_core.environment:create_environment_scripts_only(turtlebot_control_1)
[0.651s] Level 1:colcon.colcon_core.environment:checking '/home/user05/colcon_ws/install/turtlebot_control_1' for CMake module files
[0.652s] Level 1:colcon.colcon_core.environment:checking '/home/user05/colcon_ws/install/turtlebot_control_1' for CMake config files
[0.652s] Level 1:colcon.colcon_core.shell:create_environment_hook('turtlebot_control_1', 'cmake_prefix_path')
[0.652s] INFO:colcon.colcon_core.shell:Creating environment hook '/home/user05/colcon_ws/install/turtlebot_control_1/share/turtlebot_control_1/hook/cmake_prefix_path.ps1'
[0.652s] INFO:colcon.colcon_core.shell:Creating environment descriptor '/home/user05/colcon_ws/install/turtlebot_control_1/share/turtlebot_control_1/hook/cmake_prefix_path.dsv'
[0.653s] INFO:colcon.colcon_core.shell:Creating environment hook '/home/user05/colcon_ws/install/turtlebot_control_1/share/turtlebot_control_1/hook/cmake_prefix_path.sh'
[0.653s] Level 1:colcon.colcon_core.environment:checking '/home/user05/colcon_ws/install/turtlebot_control_1/lib'
[0.654s] Level 1:colcon.colcon_core.environment:checking '/home/user05/colcon_ws/install/turtlebot_control_1/bin'
[0.654s] Level 1:colcon.colcon_core.environment:checking '/home/user05/colcon_ws/install/turtlebot_control_1/lib/pkgconfig/turtlebot_control_1.pc'
[0.654s] Level 1:colcon.colcon_core.environment:checking '/home/user05/colcon_ws/install/turtlebot_control_1/lib/python3.12/site-packages'
[0.654s] Level 1:colcon.colcon_core.environment:checking '/home/user05/colcon_ws/install/turtlebot_control_1/bin'
[0.654s] INFO:colcon.colcon_core.shell:Creating package script '/home/user05/colcon_ws/install/turtlebot_control_1/share/turtlebot_control_1/package.ps1'
[0.655s] INFO:colcon.colcon_core.shell:Creating package descriptor '/home/user05/colcon_ws/install/turtlebot_control_1/share/turtlebot_control_1/package.dsv'
[0.655s] INFO:colcon.colcon_core.shell:Creating package script '/home/user05/colcon_ws/install/turtlebot_control_1/share/turtlebot_control_1/package.sh'
[0.656s] INFO:colcon.colcon_core.shell:Creating package script '/home/user05/colcon_ws/install/turtlebot_control_1/share/turtlebot_control_1/package.bash'
[0.656s] INFO:colcon.colcon_core.shell:Creating package script '/home/user05/colcon_ws/install/turtlebot_control_1/share/turtlebot_control_1/package.zsh'
[0.656s] Level 1:colcon.colcon_core.environment:create_file_with_runtime_dependencies(/home/user05/colcon_ws/install/turtlebot_control_1/share/colcon-core/packages/turtlebot_control_1)
[0.777s] DEBUG:colcon.colcon_core.event_handler.log_command:Invoked command in '/home/user05/colcon_ws/build/custom_interfaces' returned '0': CMAKE_PREFIX_PATH=${CMAKE_PREFIX_PATH}:/home/user05/colcon_ws/install/pubscore_5:/opt/ros/jazzy DEBUGINFOD_URLS=https://debuginfod.ubuntu.com /usr/bin/cmake --build /home/user05/colcon_ws/build/custom_interfaces -- -j12 -l12
[0.778s] DEBUG:colcon.colcon_core.event_handler.log_command:Invoking command in '/home/user05/colcon_ws/build/custom_interfaces': CMAKE_PREFIX_PATH=${CMAKE_PREFIX_PATH}:/home/user05/colcon_ws/install/pubscore_5:/opt/ros/jazzy DEBUGINFOD_URLS=https://debuginfod.ubuntu.com /usr/bin/cmake --install /home/user05/colcon_ws/build/custom_interfaces
[0.840s] Level 1:colcon.colcon_core.environment:create_environment_scripts_only(custom_interfaces)
[0.841s] Level 1:colcon.colcon_core.environment:checking '/home/user05/colcon_ws/install/custom_interfaces' for CMake module files
[0.842s] Level 1:colcon.colcon_core.environment:checking '/home/user05/colcon_ws/install/custom_interfaces' for CMake config files
[0.842s] Level 1:colcon.colcon_core.shell:create_environment_hook('custom_interfaces', 'cmake_prefix_path')
[0.842s] INFO:colcon.colcon_core.shell:Creating environment hook '/home/user05/colcon_ws/install/custom_interfaces/share/custom_interfaces/hook/cmake_prefix_path.ps1'
[0.843s] INFO:colcon.colcon_core.shell:Creating environment descriptor '/home/user05/colcon_ws/install/custom_interfaces/share/custom_interfaces/hook/cmake_prefix_path.dsv'
[0.844s] INFO:colcon.colcon_core.shell:Creating environment hook '/home/user05/colcon_ws/install/custom_interfaces/share/custom_interfaces/hook/cmake_prefix_path.sh'
[0.845s] Level 1:colcon.colcon_core.environment:checking '/home/user05/colcon_ws/install/custom_interfaces/lib'
[0.845s] Level 1:colcon.colcon_core.shell:create_environment_hook('custom_interfaces', 'ld_library_path_lib')
[0.845s] INFO:colcon.colcon_core.shell:Creating environment hook '/home/user05/colcon_ws/install/custom_interfaces/share/custom_interfaces/hook/ld_library_path_lib.ps1'
[0.846s] INFO:colcon.colcon_core.shell:Creating environment descriptor '/home/user05/colcon_ws/install/custom_interfaces/share/custom_interfaces/hook/ld_library_path_lib.dsv'
[0.847s] INFO:colcon.colcon_core.shell:Creating environment hook '/home/user05/colcon_ws/install/custom_interfaces/share/custom_interfaces/hook/ld_library_path_lib.sh'
[0.847s] Level 1:colcon.colcon_core.environment:checking '/home/user05/colcon_ws/install/custom_interfaces/bin'
[0.847s] Level 1:colcon.colcon_core.environment:checking '/home/user05/colcon_ws/install/custom_interfaces/lib/pkgconfig/custom_interfaces.pc'
[0.848s] Level 1:colcon.colcon_core.environment:checking '/home/user05/colcon_ws/install/custom_interfaces/lib/python3.12/site-packages'
[0.848s] Level 1:colcon.colcon_core.shell:create_environment_hook('custom_interfaces', 'pythonpath')
[0.848s] INFO:colcon.colcon_core.shell:Creating environment hook '/home/user05/colcon_ws/install/custom_interfaces/share/custom_interfaces/hook/pythonpath.ps1'
[0.849s] INFO:colcon.colcon_core.shell:Creating environment descriptor '/home/user05/colcon_ws/install/custom_interfaces/share/custom_interfaces/hook/pythonpath.dsv'
[0.849s] INFO:colcon.colcon_core.shell:Creating environment hook '/home/user05/colcon_ws/install/custom_interfaces/share/custom_interfaces/hook/pythonpath.sh'
[0.850s] Level 1:colcon.colcon_core.environment:checking '/home/user05/colcon_ws/install/custom_interfaces/bin'
[0.851s] INFO:colcon.colcon_core.shell:Creating package script '/home/user05/colcon_ws/install/custom_interfaces/share/custom_interfaces/package.ps1'
[0.852s] INFO:colcon.colcon_core.shell:Creating package descriptor '/home/user05/colcon_ws/install/custom_interfaces/share/custom_interfaces/package.dsv'
[0.852s] INFO:colcon.colcon_core.shell:Creating package script '/home/user05/colcon_ws/install/custom_interfaces/share/custom_interfaces/package.sh'
[0.853s] DEBUG:colcon.colcon_core.event_handler.log_command:Invoked command in '/home/user05/colcon_ws/build/custom_interfaces' returned '0': CMAKE_PREFIX_PATH=${CMAKE_PREFIX_PATH}:/home/user05/colcon_ws/install/pubscore_5:/opt/ros/jazzy DEBUGINFOD_URLS=https://debuginfod.ubuntu.com /usr/bin/cmake --install /home/user05/colcon_ws/build/custom_interfaces
[0.853s] INFO:colcon.colcon_core.shell:Creating package script '/home/user05/colcon_ws/install/custom_interfaces/share/custom_interfaces/package.bash'
[0.854s] INFO:colcon.colcon_core.shell:Creating package script '/home/user05/colcon_ws/install/custom_interfaces/share/custom_interfaces/package.zsh'
[0.854s] Level 1:colcon.colcon_core.environment:create_file_with_runtime_dependencies(/home/user05/colcon_ws/install/custom_interfaces/share/colcon-core/packages/custom_interfaces)
[0.854s] Level 1:colcon.colcon_core.environment:create_environment_scripts_only(custom_interfaces)
[0.855s] Level 1:colcon.colcon_core.environment:checking '/home/user05/colcon_ws/install/custom_interfaces' for CMake module files
[0.855s] Level 1:colcon.colcon_core.environment:checking '/home/user05/colcon_ws/install/custom_interfaces' for CMake config files
[0.856s] Level 1:colcon.colcon_core.shell:create_environment_hook('custom_interfaces', 'cmake_prefix_path')
[0.856s] INFO:colcon.colcon_core.shell:Creating environment hook '/home/user05/colcon_ws/install/custom_interfaces/share/custom_interfaces/hook/cmake_prefix_path.ps1'
[0.856s] INFO:colcon.colcon_core.shell:Creating environment descriptor '/home/user05/colcon_ws/install/custom_interfaces/share/custom_interfaces/hook/cmake_prefix_path.dsv'
[0.857s] INFO:colcon.colcon_core.shell:Creating environment hook '/home/user05/colcon_ws/install/custom_interfaces/share/custom_interfaces/hook/cmake_prefix_path.sh'
[0.858s] Level 1:colcon.colcon_core.environment:checking '/home/user05/colcon_ws/install/custom_interfaces/lib'
[0.858s] Level 1:colcon.colcon_core.shell:create_environment_hook('custom_interfaces', 'ld_library_path_lib')
[0.858s] INFO:colcon.colcon_core.shell:Creating environment hook '/home/user05/colcon_ws/install/custom_interfaces/share/custom_interfaces/hook/ld_library_path_lib.ps1'
[0.859s] INFO:colcon.colcon_core.shell:Creating environment descriptor '/home/user05/colcon_ws/install/custom_interfaces/share/custom_interfaces/hook/ld_library_path_lib.dsv'
[0.859s] INFO:colcon.colcon_core.shell:Creating environment hook '/home/user05/colcon_ws/install/custom_interfaces/share/custom_interfaces/hook/ld_library_path_lib.sh'
[0.859s] Level 1:colcon.colcon_core.environment:checking '/home/user05/colcon_ws/install/custom_interfaces/bin'
[0.860s] Level 1:colcon.colcon_core.environment:checking '/home/user05/colcon_ws/install/custom_interfaces/lib/pkgconfig/custom_interfaces.pc'
[0.860s] Level 1:colcon.colcon_core.environment:checking '/home/user05/colcon_ws/install/custom_interfaces/lib/python3.12/site-packages'
[0.860s] Level 1:colcon.colcon_core.shell:create_environment_hook('custom_interfaces', 'pythonpath')
[0.860s] INFO:colcon.colcon_core.shell:Creating environment hook '/home/user05/colcon_ws/install/custom_interfaces/share/custom_interfaces/hook/pythonpath.ps1'
[0.861s] INFO:colcon.colcon_core.shell:Creating environment descriptor '/home/user05/colcon_ws/install/custom_interfaces/share/custom_interfaces/hook/pythonpath.dsv'
[0.861s] INFO:colcon.colcon_core.shell:Creating environment hook '/home/user05/colcon_ws/install/custom_interfaces/share/custom_interfaces/hook/pythonpath.sh'
[0.862s] Level 1:colcon.colcon_core.environment:checking '/home/user05/colcon_ws/install/custom_interfaces/bin'
[0.863s] INFO:colcon.colcon_core.shell:Creating package script '/home/user05/colcon_ws/install/custom_interfaces/share/custom_interfaces/package.ps1'
[0.863s] INFO:colcon.colcon_core.shell:Creating package descriptor '/home/user05/colcon_ws/install/custom_interfaces/share/custom_interfaces/package.dsv'
[0.864s] INFO:colcon.colcon_core.shell:Creating package script '/home/user05/colcon_ws/install/custom_interfaces/share/custom_interfaces/package.sh'
[0.865s] INFO:colcon.colcon_core.shell:Creating package script '/home/user05/colcon_ws/install/custom_interfaces/share/custom_interfaces/package.bash'
[0.865s] INFO:colcon.colcon_core.shell:Creating package script '/home/user05/colcon_ws/install/custom_interfaces/share/custom_interfaces/package.zsh'
[0.865s] Level 1:colcon.colcon_core.environment:create_file_with_runtime_dependencies(/home/user05/colcon_ws/install/custom_interfaces/share/colcon-core/packages/custom_interfaces)
[0.866s] INFO:colcon.colcon_ros.task.ament_cmake.build:Building ROS package in '/home/user05/colcon_ws/src/2_srvmsg' with build type 'ament_cmake'
[0.866s] INFO:colcon.colcon_cmake.task.cmake.build:Building CMake package in '/home/user05/colcon_ws/src/2_srvmsg'
[0.866s] INFO:colcon.colcon_core.shell:Skip shell extension 'powershell' for command environment: Not usable outside of PowerShell
[0.866s] DEBUG:colcon.colcon_core.shell:Skip shell extension 'dsv' for command environment
[0.878s] DEBUG:colcon.colcon_core.event_handler.log_command:Invoking command in '/home/user05/colcon_ws/build/srvmsg': CMAKE_PREFIX_PATH=/home/user05/colcon_ws/install/custom_interfaces:/home/user05/colcon_ws/install/turtlebot_control_1:/home/user05/colcon_ws/install/srvmsg:/home/user05/colcon_ws/install/msg_service:/opt/ros/jazzy/opt/gz_sim_vendor:/opt/ros/jazzy/opt/gz_sensors_vendor:/opt/ros/jazzy/opt/gz_physics_vendor:/opt/ros/jazzy/opt/sdformat_vendor:/opt/ros/jazzy/opt/gz_gui_vendor:/opt/ros/jazzy/opt/gz_transport_vendor:/opt/ros/jazzy/opt/gz_rendering_vendor:/opt/ros/jazzy/opt/gz_plugin_vendor:/opt/ros/jazzy/opt/gz_fuel_tools_vendor:/opt/ros/jazzy/opt/gz_msgs_vendor:/opt/ros/jazzy/opt/gz_common_vendor:/opt/ros/jazzy/opt/gz_math_vendor:/opt/ros/jazzy/opt/gz_utils_vendor:/opt/ros/jazzy/opt/gz_tools_vendor:/opt/ros/jazzy/opt/gz_ogre_next_vendor:/opt/ros/jazzy/opt/gz_dartsim_vendor:/opt/ros/jazzy/opt/gz_cmake_vendor:/home/user05/colcon_ws/install/pubscore_5:/opt/ros/jazzy DEBUGINFOD_URLS=https://debuginfod.ubuntu.com PYTHONPATH=/home/user05/colcon_ws/install/custom_interfaces/lib/python3.12/site-packages:/home/user05/colcon_ws/install/pubscore_5/lib/python3.12/site-packages:/opt/ros/jazzy/lib/python3.12/site-packages /usr/bin/cmake --build /home/user05/colcon_ws/build/srvmsg -- -j12 -l12
[0.916s] DEBUG:colcon.colcon_core.event_handler.log_command:Invoked command in '/home/user05/colcon_ws/build/srvmsg' returned '0': CMAKE_PREFIX_PATH=/home/user05/colcon_ws/install/custom_interfaces:/home/user05/colcon_ws/install/turtlebot_control_1:/home/user05/colcon_ws/install/srvmsg:/home/user05/colcon_ws/install/msg_service:/opt/ros/jazzy/opt/gz_sim_vendor:/opt/ros/jazzy/opt/gz_sensors_vendor:/opt/ros/jazzy/opt/gz_physics_vendor:/opt/ros/jazzy/opt/sdformat_vendor:/opt/ros/jazzy/opt/gz_gui_vendor:/opt/ros/jazzy/opt/gz_transport_vendor:/opt/ros/jazzy/opt/gz_rendering_vendor:/opt/ros/jazzy/opt/gz_plugin_vendor:/opt/ros/jazzy/opt/gz_fuel_tools_vendor:/opt/ros/jazzy/opt/gz_msgs_vendor:/opt/ros/jazzy/opt/gz_common_vendor:/opt/ros/jazzy/opt/gz_math_vendor:/opt/ros/jazzy/opt/gz_utils_vendor:/opt/ros/jazzy/opt/gz_tools_vendor:/opt/ros/jazzy/opt/gz_ogre_next_vendor:/opt/ros/jazzy/opt/gz_dartsim_vendor:/opt/ros/jazzy/opt/gz_cmake_vendor:/home/user05/colcon_ws/install/pubscore_5:/opt/ros/jazzy DEBUGINFOD_URLS=https://debuginfod.ubuntu.com PYTHONPATH=/home/user05/colcon_ws/install/custom_interfaces/lib/python3.12/site-packages:/home/user05/colcon_ws/install/pubscore_5/lib/python3.12/site-packages:/opt/ros/jazzy/lib/python3.12/site-packages /usr/bin/cmake --build /home/user05/colcon_ws/build/srvmsg -- -j12 -l12
[0.917s] DEBUG:colcon.colcon_core.event_handler.log_command:Invoking command in '/home/user05/colcon_ws/build/srvmsg': CMAKE_PREFIX_PATH=/home/user05/colcon_ws/install/custom_interfaces:/home/user05/colcon_ws/install/turtlebot_control_1:/home/user05/colcon_ws/install/srvmsg:/home/user05/colcon_ws/install/msg_service:/opt/ros/jazzy/opt/gz_sim_vendor:/opt/ros/jazzy/opt/gz_sensors_vendor:/opt/ros/jazzy/opt/gz_physics_vendor:/opt/ros/jazzy/opt/sdformat_vendor:/opt/ros/jazzy/opt/gz_gui_vendor:/opt/ros/jazzy/opt/gz_transport_vendor:/opt/ros/jazzy/opt/gz_rendering_vendor:/opt/ros/jazzy/opt/gz_plugin_vendor:/opt/ros/jazzy/opt/gz_fuel_tools_vendor:/opt/ros/jazzy/opt/gz_msgs_vendor:/opt/ros/jazzy/opt/gz_common_vendor:/opt/ros/jazzy/opt/gz_math_vendor:/opt/ros/jazzy/opt/gz_utils_vendor:/opt/ros/jazzy/opt/gz_tools_vendor:/opt/ros/jazzy/opt/gz_ogre_next_vendor:/opt/ros/jazzy/opt/gz_dartsim_vendor:/opt/ros/jazzy/opt/gz_cmake_vendor:/home/user05/colcon_ws/install/pubscore_5:/opt/ros/jazzy DEBUGINFOD_URLS=https://debuginfod.ubuntu.com PYTHONPATH=/home/user05/colcon_ws/install/custom_interfaces/lib/python3.12/site-packages:/home/user05/colcon_ws/install/pubscore_5/lib/python3.12/site-packages:/opt/ros/jazzy/lib/python3.12/site-packages /usr/bin/cmake --install /home/user05/colcon_ws/build/srvmsg
[0.926s] Level 1:colcon.colcon_core.environment:create_environment_scripts_only(srvmsg)
[0.926s] Level 1:colcon.colcon_core.environment:checking '/home/user05/colcon_ws/install/srvmsg' for CMake module files
[0.926s] DEBUG:colcon.colcon_core.event_handler.log_command:Invoked command in '/home/user05/colcon_ws/build/srvmsg' returned '0': CMAKE_PREFIX_PATH=/home/user05/colcon_ws/install/custom_interfaces:/home/user05/colcon_ws/install/turtlebot_control_1:/home/user05/colcon_ws/install/srvmsg:/home/user05/colcon_ws/install/msg_service:/opt/ros/jazzy/opt/gz_sim_vendor:/opt/ros/jazzy/opt/gz_sensors_vendor:/opt/ros/jazzy/opt/gz_physics_vendor:/opt/ros/jazzy/opt/sdformat_vendor:/opt/ros/jazzy/opt/gz_gui_vendor:/opt/ros/jazzy/opt/gz_transport_vendor:/opt/ros/jazzy/opt/gz_rendering_vendor:/opt/ros/jazzy/opt/gz_plugin_vendor:/opt/ros/jazzy/opt/gz_fuel_tools_vendor:/opt/ros/jazzy/opt/gz_msgs_vendor:/opt/ros/jazzy/opt/gz_common_vendor:/opt/ros/jazzy/opt/gz_math_vendor:/opt/ros/jazzy/opt/gz_utils_vendor:/opt/ros/jazzy/opt/gz_tools_vendor:/opt/ros/jazzy/opt/gz_ogre_next_vendor:/opt/ros/jazzy/opt/gz_dartsim_vendor:/opt/ros/jazzy/opt/gz_cmake_vendor:/home/user05/colcon_ws/install/pubscore_5:/opt/ros/jazzy DEBUGINFOD_URLS=https://debuginfod.ubuntu.com PYTHONPATH=/home/user05/colcon_ws/install/custom_interfaces/lib/python3.12/site-packages:/home/user05/colcon_ws/install/pubscore_5/lib/python3.12/site-packages:/opt/ros/jazzy/lib/python3.12/site-packages /usr/bin/cmake --install /home/user05/colcon_ws/build/srvmsg
[0.927s] Level 1:colcon.colcon_core.environment:checking '/home/user05/colcon_ws/install/srvmsg' for CMake config files
[0.927s] Level 1:colcon.colcon_core.shell:create_environment_hook('srvmsg', 'cmake_prefix_path')
[0.927s] INFO:colcon.colcon_core.shell:Creating environment hook '/home/user05/colcon_ws/install/srvmsg/share/srvmsg/hook/cmake_prefix_path.ps1'
[0.927s] INFO:colcon.colcon_core.shell:Creating environment descriptor '/home/user05/colcon_ws/install/srvmsg/share/srvmsg/hook/cmake_prefix_path.dsv'
[0.928s] INFO:colcon.colcon_core.shell:Creating environment hook '/home/user05/colcon_ws/install/srvmsg/share/srvmsg/hook/cmake_prefix_path.sh'
[0.928s] Level 1:colcon.colcon_core.environment:checking '/home/user05/colcon_ws/install/srvmsg/lib'
[0.928s] Level 1:colcon.colcon_core.environment:checking '/home/user05/colcon_ws/install/srvmsg/bin'
[0.928s] Level 1:colcon.colcon_core.environment:checking '/home/user05/colcon_ws/install/srvmsg/lib/pkgconfig/srvmsg.pc'
[0.929s] Level 1:colcon.colcon_core.environment:checking '/home/user05/colcon_ws/install/srvmsg/lib/python3.12/site-packages'
[0.929s] Level 1:colcon.colcon_core.environment:checking '/home/user05/colcon_ws/install/srvmsg/bin'
[0.929s] INFO:colcon.colcon_core.shell:Creating package script '/home/user05/colcon_ws/install/srvmsg/share/srvmsg/package.ps1'
[0.930s] INFO:colcon.colcon_core.shell:Creating package descriptor '/home/user05/colcon_ws/install/srvmsg/share/srvmsg/package.dsv'
[0.930s] INFO:colcon.colcon_core.shell:Creating package script '/home/user05/colcon_ws/install/srvmsg/share/srvmsg/package.sh'
[0.930s] INFO:colcon.colcon_core.shell:Creating package script '/home/user05/colcon_ws/install/srvmsg/share/srvmsg/package.bash'
[0.931s] INFO:colcon.colcon_core.shell:Creating package script '/home/user05/colcon_ws/install/srvmsg/share/srvmsg/package.zsh'
[0.931s] Level 1:colcon.colcon_core.environment:create_file_with_runtime_dependencies(/home/user05/colcon_ws/install/srvmsg/share/colcon-core/packages/srvmsg)
[0.931s] Level 1:colcon.colcon_core.environment:create_environment_scripts_only(srvmsg)
[0.931s] Level 1:colcon.colcon_core.environment:checking '/home/user05/colcon_ws/install/srvmsg' for CMake module files
[0.932s] Level 1:colcon.colcon_core.environment:checking '/home/user05/colcon_ws/install/srvmsg' for CMake config files
[0.932s] Level 1:colcon.colcon_core.shell:create_environment_hook('srvmsg', 'cmake_prefix_path')
[0.932s] INFO:colcon.colcon_core.shell:Creating environment hook '/home/user05/colcon_ws/install/srvmsg/share/srvmsg/hook/cmake_prefix_path.ps1'
[0.933s] INFO:colcon.colcon_core.shell:Creating environment descriptor '/home/user05/colcon_ws/install/srvmsg/share/srvmsg/hook/cmake_prefix_path.dsv'
[0.933s] INFO:colcon.colcon_core.shell:Creating environment hook '/home/user05/colcon_ws/install/srvmsg/share/srvmsg/hook/cmake_prefix_path.sh'
[0.933s] Level 1:colcon.colcon_core.environment:checking '/home/user05/colcon_ws/install/srvmsg/lib'
[0.933s] Level 1:colcon.colcon_core.environment:checking '/home/user05/colcon_ws/install/srvmsg/bin'
[0.933s] Level 1:colcon.colcon_core.environment:checking '/home/user05/colcon_ws/install/srvmsg/lib/pkgconfig/srvmsg.pc'
[0.934s] Level 1:colcon.colcon_core.environment:checking '/home/user05/colcon_ws/install/srvmsg/lib/python3.12/site-packages'
[0.934s] Level 1:colcon.colcon_core.environment:checking '/home/user05/colcon_ws/install/srvmsg/bin'
[0.934s] INFO:colcon.colcon_core.shell:Creating package script '/home/user05/colcon_ws/install/srvmsg/share/srvmsg/package.ps1'
[0.935s] INFO:colcon.colcon_core.shell:Creating package descriptor '/home/user05/colcon_ws/install/srvmsg/share/srvmsg/package.dsv'
[0.935s] INFO:colcon.colcon_core.shell:Creating package script '/home/user05/colcon_ws/install/srvmsg/share/srvmsg/package.sh'
[0.935s] INFO:colcon.colcon_core.shell:Creating package script '/home/user05/colcon_ws/install/srvmsg/share/srvmsg/package.bash'
[0.936s] INFO:colcon.colcon_core.shell:Creating package script '/home/user05/colcon_ws/install/srvmsg/share/srvmsg/package.zsh'
[0.936s] Level 1:colcon.colcon_core.environment:create_file_with_runtime_dependencies(/home/user05/colcon_ws/install/srvmsg/share/colcon-core/packages/srvmsg)
[1.278s] DEBUG:colcon.colcon_core.event_handler.log_command:Invoking command in '/home/user05/colcon_ws/src/pubscore_5': DEBUGINFOD_URLS=https://debuginfod.ubuntu.com PYTHONPATH=/home/user05/colcon_ws/build/pubscore_5/prefix_override:/usr/lib/python3/dist-packages/colcon_core/task/python/colcon_distutils_commands:/home/user05/colcon_ws/install/pubscore_5/lib/python3.12/site-packages:${PYTHONPATH} /usr/bin/python3 -W ignore:setup.py install is deprecated -W ignore:easy_install command is deprecated setup.py egg_info --egg-base ../../build/pubscore_5 build --build-base /home/user05/colcon_ws/build/pubscore_5/build install --record /home/user05/colcon_ws/build/pubscore_5/install.log --single-version-externally-managed install_data
[1.872s] Level 1:colcon.colcon_core.environment:checking '/home/user05/colcon_ws/install/pubscore_5' for CMake module files
[1.874s] DEBUG:colcon.colcon_core.event_handler.log_command:Invoked command in '/home/user05/colcon_ws/src/pubscore_5' returned '0': DEBUGINFOD_URLS=https://debuginfod.ubuntu.com PYTHONPATH=/home/user05/colcon_ws/build/pubscore_5/prefix_override:/usr/lib/python3/dist-packages/colcon_core/task/python/colcon_distutils_commands:/home/user05/colcon_ws/install/pubscore_5/lib/python3.12/site-packages:${PYTHONPATH} /usr/bin/python3 -W ignore:setup.py install is deprecated -W ignore:easy_install command is deprecated setup.py egg_info --egg-base ../../build/pubscore_5 build --build-base /home/user05/colcon_ws/build/pubscore_5/build install --record /home/user05/colcon_ws/build/pubscore_5/install.log --single-version-externally-managed install_data
[1.876s] Level 1:colcon.colcon_core.environment:checking '/home/user05/colcon_ws/install/pubscore_5' for CMake config files
[1.877s] Level 1:colcon.colcon_core.environment:checking '/home/user05/colcon_ws/install/pubscore_5/lib'
[1.877s] Level 1:colcon.colcon_core.environment:checking '/home/user05/colcon_ws/install/pubscore_5/bin'
[1.877s] Level 1:colcon.colcon_core.environment:checking '/home/user05/colcon_ws/install/pubscore_5/lib/pkgconfig/pubscore_5.pc'
[1.877s] Level 1:colcon.colcon_core.environment:checking '/home/user05/colcon_ws/install/pubscore_5/lib/python3.12/site-packages'
[1.877s] Level 1:colcon.colcon_core.shell:create_environment_hook('pubscore_5', 'pythonpath')
[1.877s] INFO:colcon.colcon_core.shell:Creating environment hook '/home/user05/colcon_ws/install/pubscore_5/share/pubscore_5/hook/pythonpath.ps1'
[1.878s] INFO:colcon.colcon_core.shell:Creating environment descriptor '/home/user05/colcon_ws/install/pubscore_5/share/pubscore_5/hook/pythonpath.dsv'
[1.878s] INFO:colcon.colcon_core.shell:Creating environment hook '/home/user05/colcon_ws/install/pubscore_5/share/pubscore_5/hook/pythonpath.sh'
[1.879s] Level 1:colcon.colcon_core.environment:checking '/home/user05/colcon_ws/install/pubscore_5/bin'
[1.879s] Level 1:colcon.colcon_core.environment:create_environment_scripts_only(pubscore_5)
[1.879s] INFO:colcon.colcon_core.shell:Creating package script '/home/user05/colcon_ws/install/pubscore_5/share/pubscore_5/package.ps1'
[1.879s] INFO:colcon.colcon_core.shell:Creating package descriptor '/home/user05/colcon_ws/install/pubscore_5/share/pubscore_5/package.dsv'
[1.880s] INFO:colcon.colcon_core.shell:Creating package script '/home/user05/colcon_ws/install/pubscore_5/share/pubscore_5/package.sh'
[1.880s] INFO:colcon.colcon_core.shell:Creating package script '/home/user05/colcon_ws/install/pubscore_5/share/pubscore_5/package.bash'
[1.880s] INFO:colcon.colcon_core.shell:Creating package script '/home/user05/colcon_ws/install/pubscore_5/share/pubscore_5/package.zsh'
[1.881s] Level 1:colcon.colcon_core.environment:create_file_with_runtime_dependencies(/home/user05/colcon_ws/install/pubscore_5/share/colcon-core/packages/pubscore_5)
[1.881s] DEBUG:colcon.colcon_parallel_executor.executor.parallel:closing loop
[1.881s] DEBUG:colcon.colcon_parallel_executor.executor.parallel:loop closed
[1.881s] DEBUG:colcon.colcon_parallel_executor.executor.parallel:run_until_complete finished with '0'
[1.881s] DEBUG:colcon.colcon_core.event_reactor:joining thread
[1.886s] INFO:colcon.colcon_core.plugin_system:Skipping extension 'colcon_notification.desktop_notification.terminal_notifier': Not used on non-Darwin systems
[1.887s] INFO:colcon.colcon_core.plugin_system:Skipping extension 'colcon_notification.desktop_notification.win32': Not used on non-Windows systems
[1.887s] INFO:colcon.colcon_notification.desktop_notification:Sending desktop notification using 'notify2'
[1.899s] DEBUG:colcon.colcon_core.event_reactor:joined thread
[1.899s] INFO:colcon.colcon_core.shell:Creating prefix script '/home/user05/colcon_ws/install/local_setup.ps1'
[1.900s] INFO:colcon.colcon_core.shell:Creating prefix util module '/home/user05/colcon_ws/install/_local_setup_util_ps1.py'
[1.901s] INFO:colcon.colcon_core.shell:Creating prefix chain script '/home/user05/colcon_ws/install/setup.ps1'
[1.902s] INFO:colcon.colcon_core.shell:Creating prefix script '/home/user05/colcon_ws/install/local_setup.sh'
[1.903s] INFO:colcon.colcon_core.shell:Creating prefix util module '/home/user05/colcon_ws/install/_local_setup_util_sh.py'
[1.903s] INFO:colcon.colcon_core.shell:Creating prefix chain script '/home/user05/colcon_ws/install/setup.sh'
[1.904s] INFO:colcon.colcon_core.shell:Creating prefix script '/home/user05/colcon_ws/install/local_setup.bash'
[1.904s] INFO:colcon.colcon_core.shell:Creating prefix chain script '/home/user05/colcon_ws/install/setup.bash'
[1.906s] INFO:colcon.colcon_core.shell:Creating prefix script '/home/user05/colcon_ws/install/local_setup.zsh'
[1.906s] INFO:colcon.colcon_core.shell:Creating prefix chain script '/home/user05/colcon_ws/install/setup.zsh'
