[1.236s] Invoking command in '/home/user05/colcon_ws/src/pubscore_5': DEBUGINFOD_URLS=https://debuginfod.ubuntu.com PYTHONPATH=/home/user05/colcon_ws/build/pubscore_5/prefix_override:/usr/lib/python3/dist-packages/colcon_core/task/python/colcon_distutils_commands:/home/user05/colcon_ws/install/pubscore_5/lib/python3.12/site-packages:${PYTHONPATH} /usr/bin/python3 -W ignore:setup.py install is deprecated -W ignore:easy_install command is deprecated setup.py egg_info --egg-base ../../build/pubscore_5 build --build-base /home/user05/colcon_ws/build/pubscore_5/build install --record /home/user05/colcon_ws/build/pubscore_5/install.log --single-version-externally-managed install_data
[1.620s] running egg_info
[1.647s] writing ../../build/pubscore_5/pubscore_5.egg-info/PKG-INFO
[1.647s] writing dependency_links to ../../build/pubscore_5/pubscore_5.egg-info/dependency_links.txt
[1.647s] writing entry points to ../../build/pubscore_5/pubscore_5.egg-info/entry_points.txt
[1.648s] writing requirements to ../../build/pubscore_5/pubscore_5.egg-info/requires.txt
[1.648s] writing top-level names to ../../build/pubscore_5/pubscore_5.egg-info/top_level.txt
[1.704s] reading manifest file '../../build/pubscore_5/pubscore_5.egg-info/SOURCES.txt'
[1.705s] writing manifest file '../../build/pubscore_5/pubscore_5.egg-info/SOURCES.txt'
[1.705s] running build
[1.705s] running build_py
[1.706s] running install
[1.713s] running install_lib
[1.740s] running install_data
[1.740s] running install_egg_info
[1.770s] removing '/home/user05/colcon_ws/install/pubscore_5/lib/python3.12/site-packages/pubscore_5-0.0.0-py3.12.egg-info' (and everything under it)
[1.771s] Copying ../../build/pubscore_5/pubscore_5.egg-info to /home/user05/colcon_ws/install/pubscore_5/lib/python3.12/site-packages/pubscore_5-0.0.0-py3.12.egg-info
[1.771s] running install_scripts
[1.958s] Installing listener script to /home/user05/colcon_ws/install/pubscore_5/lib/pubscore_5
[1.959s] Installing processor script to /home/user05/colcon_ws/install/pubscore_5/lib/pubscore_5
[1.959s] Installing publisher script to /home/user05/colcon_ws/install/pubscore_5/lib/pubscore_5
[1.959s] Installing talker script to /home/user05/colcon_ws/install/pubscore_5/lib/pubscore_5
[1.959s] writing list of installed files to '/home/user05/colcon_ws/build/pubscore_5/install.log'
[2.007s] Invoked command in '/home/user05/colcon_ws/src/pubscore_5' returned '0': DEBUGINFOD_URLS=https://debuginfod.ubuntu.com PYTHONPATH=/home/user05/colcon_ws/build/pubscore_5/prefix_override:/usr/lib/python3/dist-packages/colcon_core/task/python/colcon_distutils_commands:/home/user05/colcon_ws/install/pubscore_5/lib/python3.12/site-packages:${PYTHONPATH} /usr/bin/python3 -W ignore:setup.py install is deprecated -W ignore:easy_install command is deprecated setup.py egg_info --egg-base ../../build/pubscore_5 build --build-base /home/user05/colcon_ws/build/pubscore_5/build install --record /home/user05/colcon_ws/build/pubscore_5/install.log --single-version-externally-managed install_data
