-- Found ament_cmake: 2.5.6 (/opt/ros/jazzy/share/ament_cmake/cmake)
-- Found rclpy: 7.1.11 (/opt/ros/jazzy/share/rclpy/cmake)
-- Found std_msgs: 5.3.8 (/opt/ros/jazzy/share/std_msgs/cmake)
-- Found rosidl_generator_c: 4.6.9 (/opt/ros/jazzy/share/rosidl_generator_c/cmake)
-- Found rosidl_generator_cpp: 4.6.9 (/opt/ros/jazzy/share/rosidl_generator_cpp/cmake)
-- Using all available rosidl_typesupport_c: rosidl_typesupport_fastrtps_c;rosidl_typesupport_introspection_c
-- Using all available rosidl_typesupport_cpp: rosidl_typesupport_fastrtps_cpp;rosidl_typesupport_introspection_cpp
-- Found geometry_msgs: 5.3.8 (/opt/ros/jazzy/share/geometry_msgs/cmake)
-- Found sensor_msgs: 5.3.8 (/opt/ros/jazzy/share/sensor_msgs/cmake)
-- Found nav_msgs: 5.3.8 (/opt/ros/jazzy/share/nav_msgs/cmake)
-- Found ament_lint_auto: 0.17.5 (/opt/ros/jazzy/share/ament_lint_auto/cmake)
-- Added test 'flake8' to check Python code syntax and style conventions
-- Configured 'flake8' exclude dirs and/or files: 
-- Added test 'lint_cmake' to check CMake code style
-- Added test 'pep257' to check Python code against some of the docstring style conventions in PEP 257
-- Added test 'xmllint' to check XML markup files
-- Configuring done (0.7s)
-- Generating done (0.0s)
-- Build files have been written to: /home/user05/colcon_ws/build/turtlebot_control_1
-- Install configuration: ""
-- Installing: /home/user05/colcon_ws/install/turtlebot_control_1/lib/turtlebot_control_1/avoidance.py
-- Up-to-date: /home/user05/colcon_ws/install/turtlebot_control_1/share/ament_index/resource_index/package_run_dependencies/turtlebot_control_1
-- Up-to-date: /home/user05/colcon_ws/install/turtlebot_control_1/share/ament_index/resource_index/parent_prefix_path/turtlebot_control_1
-- Up-to-date: /home/user05/colcon_ws/install/turtlebot_control_1/share/turtlebot_control_1/environment/ament_prefix_path.sh
-- Up-to-date: /home/user05/colcon_ws/install/turtlebot_control_1/share/turtlebot_control_1/environment/ament_prefix_path.dsv
-- Up-to-date: /home/user05/colcon_ws/install/turtlebot_control_1/share/turtlebot_control_1/environment/path.sh
-- Up-to-date: /home/user05/colcon_ws/install/turtlebot_control_1/share/turtlebot_control_1/environment/path.dsv
-- Up-to-date: /home/user05/colcon_ws/install/turtlebot_control_1/share/turtlebot_control_1/local_setup.bash
-- Up-to-date: /home/user05/colcon_ws/install/turtlebot_control_1/share/turtlebot_control_1/local_setup.sh
-- Up-to-date: /home/user05/colcon_ws/install/turtlebot_control_1/share/turtlebot_control_1/local_setup.zsh
-- Up-to-date: /home/user05/colcon_ws/install/turtlebot_control_1/share/turtlebot_control_1/local_setup.dsv
-- Installing: /home/user05/colcon_ws/install/turtlebot_control_1/share/turtlebot_control_1/package.dsv
-- Up-to-date: /home/user05/colcon_ws/install/turtlebot_control_1/share/ament_index/resource_index/packages/turtlebot_control_1
-- Up-to-date: /home/user05/colcon_ws/install/turtlebot_control_1/share/turtlebot_control_1/cmake/turtlebot_control_1Config.cmake
-- Up-to-date: /home/user05/colcon_ws/install/turtlebot_control_1/share/turtlebot_control_1/cmake/turtlebot_control_1Config-version.cmake
-- Up-to-date: /home/user05/colcon_ws/install/turtlebot_control_1/share/turtlebot_control_1/package.xml
