[0.354s] Invoking command in '/home/user05/colcon_ws/build/turtlebot_control_1': CMAKE_PREFIX_PATH=${CMAKE_PREFIX_PATH}:/home/user05/colcon_ws/install/pubscore_5:/opt/ros/jazzy DEBUGINFOD_URLS=https://debuginfod.ubuntu.com /usr/bin/cmake --build /home/user05/colcon_ws/build/turtlebot_control_1 -- -j12 -l12
[0.384s] -- Found ament_cmake: 2.5.6 (/opt/ros/jazzy/share/ament_cmake/cmake)
[0.696s] -- Found rclpy: 7.1.11 (/opt/ros/jazzy/share/rclpy/cmake)
[0.697s] -- Found std_msgs: 5.3.8 (/opt/ros/jazzy/share/std_msgs/cmake)
[0.725s] -- Found rosidl_generator_c: 4.6.9 (/opt/ros/jazzy/share/rosidl_generator_c/cmake)
[0.742s] -- Found rosidl_generator_cpp: 4.6.9 (/opt/ros/jazzy/share/rosidl_generator_cpp/cmake)
[0.762s] -- Using all available rosidl_typesupport_c: rosidl_typesupport_fastrtps_c;rosidl_typesupport_introspection_c
[0.778s] -- Using all available rosidl_typesupport_cpp: rosidl_typesupport_fastrtps_cpp;rosidl_typesupport_introspection_cpp
[0.821s] -- Found geometry_msgs: 5.3.8 (/opt/ros/jazzy/share/geometry_msgs/cmake)
[0.850s] -- Found sensor_msgs: 5.3.8 (/opt/ros/jazzy/share/sensor_msgs/cmake)
[0.915s] -- Found nav_msgs: 5.3.8 (/opt/ros/jazzy/share/nav_msgs/cmake)
[0.959s] -- Found ament_lint_auto: 0.17.5 (/opt/ros/jazzy/share/ament_lint_auto/cmake)
[1.084s] -- Added test 'flake8' to check Python code syntax and style conventions
[1.084s] -- Configured 'flake8' exclude dirs and/or files: 
[1.084s] -- Added test 'lint_cmake' to check CMake code style
[1.085s] -- Added test 'pep257' to check Python code against some of the docstring style conventions in PEP 257
[1.086s] -- Added test 'xmllint' to check XML markup files
[1.087s] -- Configuring done (0.7s)
[1.092s] -- Generating done (0.0s)
[1.096s] -- Build files have been written to: /home/user05/colcon_ws/build/turtlebot_control_1
[1.127s] Invoked command in '/home/user05/colcon_ws/build/turtlebot_control_1' returned '0': CMAKE_PREFIX_PATH=${CMAKE_PREFIX_PATH}:/home/user05/colcon_ws/install/pubscore_5:/opt/ros/jazzy DEBUGINFOD_URLS=https://debuginfod.ubuntu.com /usr/bin/cmake --build /home/user05/colcon_ws/build/turtlebot_control_1 -- -j12 -l12
[1.129s] Invoking command in '/home/user05/colcon_ws/build/turtlebot_control_1': CMAKE_PREFIX_PATH=${CMAKE_PREFIX_PATH}:/home/user05/colcon_ws/install/pubscore_5:/opt/ros/jazzy DEBUGINFOD_URLS=https://debuginfod.ubuntu.com /usr/bin/cmake --install /home/user05/colcon_ws/build/turtlebot_control_1
[1.137s] -- Install configuration: ""
[1.137s] -- Installing: /home/user05/colcon_ws/install/turtlebot_control_1/lib/turtlebot_control_1/avoidance.py
[1.137s] -- Up-to-date: /home/user05/colcon_ws/install/turtlebot_control_1/share/ament_index/resource_index/package_run_dependencies/turtlebot_control_1
[1.137s] -- Up-to-date: /home/user05/colcon_ws/install/turtlebot_control_1/share/ament_index/resource_index/parent_prefix_path/turtlebot_control_1
[1.138s] -- Up-to-date: /home/user05/colcon_ws/install/turtlebot_control_1/share/turtlebot_control_1/environment/ament_prefix_path.sh
[1.138s] -- Up-to-date: /home/user05/colcon_ws/install/turtlebot_control_1/share/turtlebot_control_1/environment/ament_prefix_path.dsv
[1.138s] -- Up-to-date: /home/user05/colcon_ws/install/turtlebot_control_1/share/turtlebot_control_1/environment/path.sh
[1.138s] -- Up-to-date: /home/user05/colcon_ws/install/turtlebot_control_1/share/turtlebot_control_1/environment/path.dsv
[1.138s] -- Up-to-date: /home/user05/colcon_ws/install/turtlebot_control_1/share/turtlebot_control_1/local_setup.bash
[1.138s] -- Up-to-date: /home/user05/colcon_ws/install/turtlebot_control_1/share/turtlebot_control_1/local_setup.sh
[1.139s] -- Up-to-date: /home/user05/colcon_ws/install/turtlebot_control_1/share/turtlebot_control_1/local_setup.zsh
[1.139s] -- Up-to-date: /home/user05/colcon_ws/install/turtlebot_control_1/share/turtlebot_control_1/local_setup.dsv
[1.139s] -- Installing: /home/user05/colcon_ws/install/turtlebot_control_1/share/turtlebot_control_1/package.dsv
[1.139s] -- Up-to-date: /home/user05/colcon_ws/install/turtlebot_control_1/share/ament_index/resource_index/packages/turtlebot_control_1
[1.139s] -- Up-to-date: /home/user05/colcon_ws/install/turtlebot_control_1/share/turtlebot_control_1/cmake/turtlebot_control_1Config.cmake
[1.142s] -- Up-to-date: /home/user05/colcon_ws/install/turtlebot_control_1/share/turtlebot_control_1/cmake/turtlebot_control_1Config-version.cmake
[1.143s] -- Up-to-date: /home/user05/colcon_ws/install/turtlebot_control_1/share/turtlebot_control_1/package.xml
[1.144s] Invoked command in '/home/user05/colcon_ws/build/turtlebot_control_1' returned '0': CMAKE_PREFIX_PATH=${CMAKE_PREFIX_PATH}:/home/user05/colcon_ws/install/pubscore_5:/opt/ros/jazzy DEBUGINFOD_URLS=https://debuginfod.ubuntu.com /usr/bin/cmake --install /home/user05/colcon_ws/build/turtlebot_control_1
