[0.375s] Invoking command in '/home/user05/colcon_ws/build/turtlebot_control_1': CMAKE_PREFIX_PATH=${CMAKE_PREFIX_PATH}:/home/user05/colcon_ws/install/pubscore_5:/opt/ros/jazzy DEBUGINFOD_URLS=https://debuginfod.ubuntu.com /usr/bin/cmake /home/user05/colcon_ws/src/turtlebot_control_1 -DCMAKE_INSTALL_PREFIX=/home/user05/colcon_ws/install/turtlebot_control_1
[0.446s] -- The C compiler identification is GNU 13.3.0
[0.515s] -- The CXX compiler identification is GNU 13.3.0
[0.536s] -- Detecting C compiler ABI info
[0.645s] -- Detecting C compiler ABI info - done
[0.659s] -- Check for working C compiler: /usr/bin/cc - skipped
[0.659s] -- Detecting C compile features
[0.659s] -- Detecting C compile features - done
[0.669s] -- Detecting CXX compiler ABI info
[0.800s] -- Detecting CXX compiler ABI info - done
[0.818s] -- Check for working CXX compiler: /usr/bin/c++ - skipped
[0.818s] -- Detecting CXX compile features
[0.818s] -- Detecting CXX compile features - done
[0.823s] -- Found ament_cmake: 2.5.6 (/opt/ros/jazzy/share/ament_cmake/cmake)
[1.037s] -- Found Python3: /usr/bin/python3 (found version "3.12.3") found components: Interpreter 
[1.224s] -- Found rclpy: 7.1.11 (/opt/ros/jazzy/share/rclpy/cmake)
[1.229s] -- Found std_msgs: 5.3.8 (/opt/ros/jazzy/share/std_msgs/cmake)
[1.314s] -- Found rosidl_generator_c: 4.6.9 (/opt/ros/jazzy/share/rosidl_generator_c/cmake)
[1.343s] -- Found rosidl_generator_cpp: 4.6.9 (/opt/ros/jazzy/share/rosidl_generator_cpp/cmake)
[1.371s] -- Using all available rosidl_typesupport_c: rosidl_typesupport_fastrtps_c;rosidl_typesupport_introspection_c
[1.402s] -- Using all available rosidl_typesupport_cpp: rosidl_typesupport_fastrtps_cpp;rosidl_typesupport_introspection_cpp
[1.452s] -- Found geometry_msgs: 5.3.8 (/opt/ros/jazzy/share/geometry_msgs/cmake)
[1.481s] -- Found sensor_msgs: 5.3.8 (/opt/ros/jazzy/share/sensor_msgs/cmake)
[1.534s] -- Found nav_msgs: 5.3.8 (/opt/ros/jazzy/share/nav_msgs/cmake)
[1.572s] -- Found ament_lint_auto: 0.17.5 (/opt/ros/jazzy/share/ament_lint_auto/cmake)
[1.726s] -- Added test 'lint_cmake' to check CMake code style
[1.728s] -- Added test 'xmllint' to check XML markup files
[1.730s] -- Configuring done (1.3s)
[1.734s] -- Generating done (0.0s)
[1.737s] -- Build files have been written to: /home/user05/colcon_ws/build/turtlebot_control_1
[1.746s] Invoked command in '/home/user05/colcon_ws/build/turtlebot_control_1' returned '0': CMAKE_PREFIX_PATH=${CMAKE_PREFIX_PATH}:/home/user05/colcon_ws/install/pubscore_5:/opt/ros/jazzy DEBUGINFOD_URLS=https://debuginfod.ubuntu.com /usr/bin/cmake /home/user05/colcon_ws/src/turtlebot_control_1 -DCMAKE_INSTALL_PREFIX=/home/user05/colcon_ws/install/turtlebot_control_1
[1.748s] Invoking command in '/home/user05/colcon_ws/build/turtlebot_control_1': CMAKE_PREFIX_PATH=${CMAKE_PREFIX_PATH}:/home/user05/colcon_ws/install/pubscore_5:/opt/ros/jazzy DEBUGINFOD_URLS=https://debuginfod.ubuntu.com /usr/bin/cmake --build /home/user05/colcon_ws/build/turtlebot_control_1 -- -j12 -l12
[1.795s] Invoked command in '/home/user05/colcon_ws/build/turtlebot_control_1' returned '0': CMAKE_PREFIX_PATH=${CMAKE_PREFIX_PATH}:/home/user05/colcon_ws/install/pubscore_5:/opt/ros/jazzy DEBUGINFOD_URLS=https://debuginfod.ubuntu.com /usr/bin/cmake --build /home/user05/colcon_ws/build/turtlebot_control_1 -- -j12 -l12
[1.796s] Invoking command in '/home/user05/colcon_ws/build/turtlebot_control_1': CMAKE_PREFIX_PATH=${CMAKE_PREFIX_PATH}:/home/user05/colcon_ws/install/pubscore_5:/opt/ros/jazzy DEBUGINFOD_URLS=https://debuginfod.ubuntu.com /usr/bin/cmake --install /home/user05/colcon_ws/build/turtlebot_control_1
[1.804s] -- Install configuration: ""
[1.805s] -- Installing: /home/user05/colcon_ws/install/turtlebot_control_1/share/ament_index/resource_index/package_run_dependencies/turtlebot_control_1
[1.805s] -- Installing: /home/user05/colcon_ws/install/turtlebot_control_1/share/ament_index/resource_index/parent_prefix_path/turtlebot_control_1
[1.805s] -- Installing: /home/user05/colcon_ws/install/turtlebot_control_1/share/turtlebot_control_1/environment/ament_prefix_path.sh
[1.805s] -- Installing: /home/user05/colcon_ws/install/turtlebot_control_1/share/turtlebot_control_1/environment/ament_prefix_path.dsv
[1.806s] -- Installing: /home/user05/colcon_ws/install/turtlebot_control_1/share/turtlebot_control_1/environment/path.sh
[1.806s] -- Installing: /home/user05/colcon_ws/install/turtlebot_control_1/share/turtlebot_control_1/environment/path.dsv
[1.806s] -- Installing: /home/user05/colcon_ws/install/turtlebot_control_1/share/turtlebot_control_1/local_setup.bash
[1.806s] -- Installing: /home/user05/colcon_ws/install/turtlebot_control_1/share/turtlebot_control_1/local_setup.sh
[1.806s] -- Installing: /home/user05/colcon_ws/install/turtlebot_control_1/share/turtlebot_control_1/local_setup.zsh
[1.807s] -- Installing: /home/user05/colcon_ws/install/turtlebot_control_1/share/turtlebot_control_1/local_setup.dsv
[1.807s] -- Installing: /home/user05/colcon_ws/install/turtlebot_control_1/share/turtlebot_control_1/package.dsv
[1.807s] -- Installing: /home/user05/colcon_ws/install/turtlebot_control_1/share/ament_index/resource_index/packages/turtlebot_control_1
[1.807s] -- Installing: /home/user05/colcon_ws/install/turtlebot_control_1/share/turtlebot_control_1/cmake/turtlebot_control_1Config.cmake
[1.807s] -- Installing: /home/user05/colcon_ws/install/turtlebot_control_1/share/turtlebot_control_1/cmake/turtlebot_control_1Config-version.cmake
[1.807s] -- Installing: /home/user05/colcon_ws/install/turtlebot_control_1/share/turtlebot_control_1/package.xml
[1.809s] Invoked command in '/home/user05/colcon_ws/build/turtlebot_control_1' returned '0': CMAKE_PREFIX_PATH=${CMAKE_PREFIX_PATH}:/home/user05/colcon_ws/install/pubscore_5:/opt/ros/jazzy DEBUGINFOD_URLS=https://debuginfod.ubuntu.com /usr/bin/cmake --install /home/user05/colcon_ws/build/turtlebot_control_1
