[0.130s] DEBUG:colcon:Command line arguments: ['/usr/bin/colcon', 'build']
[0.131s] DEBUG:colcon:Parsed command line arguments: Namespace(log_base=None, log_level=None, verb_name='build', build_base='build', install_base='install', merge_install=False, symlink_install=False, test_result_base=None, continue_on_error=False, executor='parallel', parallel_workers=12, event_handlers=None, ignore_user_meta=False, metas=['./colcon.meta'], base_paths=['.'], packages_ignore=None, packages_ignore_regex=None, paths=None, packages_up_to=None, packages_up_to_regex=None, packages_above=None, packages_above_and_dependencies=None, packages_above_depth=None, packages_select_by_dep=None, packages_skip_by_dep=None, packages_skip_up_to=None, packages_select_build_failed=False, packages_skip_build_finished=False, packages_select_test_failures=False, packages_skip_test_passed=False, packages_select=None, packages_skip=None, packages_select_regex=None, packages_skip_regex=None, packages_start=None, packages_end=None, allow_overriding=[], cmake_args=None, cmake_target=None, cmake_target_skip_unavailable=False, cmake_clean_cache=False, cmake_clean_first=False, cmake_force_configure=False, ament_cmake_args=None, catkin_cmake_args=None, catkin_skip_building_tests=False, mixin_files=None, mixin=None, verb_parser=<colcon_mixin.mixin.mixin_argument.MixinArgumentDecorator object at 0x758f9d4a8710>, verb_extension=<colcon_core.verb.build.BuildVerb object at 0x758f9d5cc530>, main=<bound method BuildVerb.main of <colcon_core.verb.build.BuildVerb object at 0x758f9d5cc530>>, mixin_verb=('build',))
[0.182s] Level 1:colcon.colcon_core.package_discovery:discover_packages(colcon_meta) check parameters
[0.183s] Level 1:colcon.colcon_core.package_discovery:discover_packages(recursive) check parameters
[0.183s] Level 1:colcon.colcon_core.package_discovery:discover_packages(ignore) check parameters
[0.183s] Level 1:colcon.colcon_core.package_discovery:discover_packages(path) check parameters
[0.183s] Level 1:colcon.colcon_core.package_discovery:discover_packages(colcon_meta) discover
[0.183s] Level 1:colcon.colcon_core.package_discovery:discover_packages(recursive) discover
[0.183s] INFO:colcon.colcon_core.package_discovery:Crawling recursively for packages in '/home/user05/colcon_ws'
[0.183s] Level 1:colcon.colcon_core.package_identification:_identify(.) by extensions ['ignore', 'ignore_ament_install']
[0.183s] Level 1:colcon.colcon_core.package_identification:_identify(.) by extension 'ignore'
[0.183s] Level 1:colcon.colcon_core.package_identification:_identify(.) by extension 'ignore_ament_install'
[0.183s] Level 1:colcon.colcon_core.package_identification:_identify(.) by extensions ['colcon_pkg']
[0.183s] Level 1:colcon.colcon_core.package_identification:_identify(.) by extension 'colcon_pkg'
[0.183s] Level 1:colcon.colcon_core.package_identification:_identify(.) by extensions ['colcon_meta']
[0.183s] Level 1:colcon.colcon_core.package_identification:_identify(.) by extension 'colcon_meta'
[0.183s] Level 1:colcon.colcon_core.package_identification:_identify(.) by extensions ['ros']
[0.183s] Level 1:colcon.colcon_core.package_identification:_identify(.) by extension 'ros'
[0.210s] Level 1:colcon.colcon_core.package_identification:_identify(.) by extensions ['cmake', 'python']
[0.210s] Level 1:colcon.colcon_core.package_identification:_identify(.) by extension 'cmake'
[0.210s] Level 1:colcon.colcon_core.package_identification:_identify(.) by extension 'python'
[0.210s] Level 1:colcon.colcon_core.package_identification:_identify(.) by extensions ['python_setup_py']
[0.210s] Level 1:colcon.colcon_core.package_identification:_identify(.) by extension 'python_setup_py'
[0.210s] Level 1:colcon.colcon_core.package_identification:_identify(build) by extensions ['ignore', 'ignore_ament_install']
[0.210s] Level 1:colcon.colcon_core.package_identification:_identify(build) by extension 'ignore'
[0.210s] Level 1:colcon.colcon_core.package_identification:_identify(build) ignored
[0.210s] Level 1:colcon.colcon_core.package_identification:_identify(install) by extensions ['ignore', 'ignore_ament_install']
[0.210s] Level 1:colcon.colcon_core.package_identification:_identify(install) by extension 'ignore'
[0.210s] Level 1:colcon.colcon_core.package_identification:_identify(install) ignored
[0.211s] Level 1:colcon.colcon_core.package_identification:_identify(log) by extensions ['ignore', 'ignore_ament_install']
[0.211s] Level 1:colcon.colcon_core.package_identification:_identify(log) by extension 'ignore'
[0.211s] Level 1:colcon.colcon_core.package_identification:_identify(log) ignored
[0.211s] Level 1:colcon.colcon_core.package_identification:_identify(src) by extensions ['ignore', 'ignore_ament_install']
[0.211s] Level 1:colcon.colcon_core.package_identification:_identify(src) by extension 'ignore'
[0.211s] Level 1:colcon.colcon_core.package_identification:_identify(src) by extension 'ignore_ament_install'
[0.211s] Level 1:colcon.colcon_core.package_identification:_identify(src) by extensions ['colcon_pkg']
[0.211s] Level 1:colcon.colcon_core.package_identification:_identify(src) by extension 'colcon_pkg'
[0.211s] Level 1:colcon.colcon_core.package_identification:_identify(src) by extensions ['colcon_meta']
[0.211s] Level 1:colcon.colcon_core.package_identification:_identify(src) by extension 'colcon_meta'
[0.211s] Level 1:colcon.colcon_core.package_identification:_identify(src) by extensions ['ros']
[0.211s] Level 1:colcon.colcon_core.package_identification:_identify(src) by extension 'ros'
[0.211s] Level 1:colcon.colcon_core.package_identification:_identify(src) by extensions ['cmake', 'python']
[0.211s] Level 1:colcon.colcon_core.package_identification:_identify(src) by extension 'cmake'
[0.212s] Level 1:colcon.colcon_core.package_identification:_identify(src) by extension 'python'
[0.212s] Level 1:colcon.colcon_core.package_identification:_identify(src) by extensions ['python_setup_py']
[0.212s] Level 1:colcon.colcon_core.package_identification:_identify(src) by extension 'python_setup_py'
[0.212s] Level 1:colcon.colcon_core.package_identification:_identify(src/2_srvmsg) by extensions ['ignore', 'ignore_ament_install']
[0.212s] Level 1:colcon.colcon_core.package_identification:_identify(src/2_srvmsg) by extension 'ignore'
[0.212s] Level 1:colcon.colcon_core.package_identification:_identify(src/2_srvmsg) by extension 'ignore_ament_install'
[0.212s] Level 1:colcon.colcon_core.package_identification:_identify(src/2_srvmsg) by extensions ['colcon_pkg']
[0.212s] Level 1:colcon.colcon_core.package_identification:_identify(src/2_srvmsg) by extension 'colcon_pkg'
[0.212s] Level 1:colcon.colcon_core.package_identification:_identify(src/2_srvmsg) by extensions ['colcon_meta']
[0.212s] Level 1:colcon.colcon_core.package_identification:_identify(src/2_srvmsg) by extension 'colcon_meta'
[0.212s] Level 1:colcon.colcon_core.package_identification:_identify(src/2_srvmsg) by extensions ['ros']
[0.212s] Level 1:colcon.colcon_core.package_identification:_identify(src/2_srvmsg) by extension 'ros'
[0.215s] DEBUG:colcon.colcon_core.package_identification:Package 'src/2_srvmsg' with type 'ros.ament_cmake' and name 'srvmsg'
[0.215s] Level 1:colcon.colcon_core.package_identification:_identify(src/5_custom_interfaces) by extensions ['ignore', 'ignore_ament_install']
[0.215s] Level 1:colcon.colcon_core.package_identification:_identify(src/5_custom_interfaces) by extension 'ignore'
[0.215s] Level 1:colcon.colcon_core.package_identification:_identify(src/5_custom_interfaces) by extension 'ignore_ament_install'
[0.215s] Level 1:colcon.colcon_core.package_identification:_identify(src/5_custom_interfaces) by extensions ['colcon_pkg']
[0.215s] Level 1:colcon.colcon_core.package_identification:_identify(src/5_custom_interfaces) by extension 'colcon_pkg'
[0.216s] Level 1:colcon.colcon_core.package_identification:_identify(src/5_custom_interfaces) by extensions ['colcon_meta']
[0.216s] Level 1:colcon.colcon_core.package_identification:_identify(src/5_custom_interfaces) by extension 'colcon_meta'
[0.216s] Level 1:colcon.colcon_core.package_identification:_identify(src/5_custom_interfaces) by extensions ['ros']
[0.216s] Level 1:colcon.colcon_core.package_identification:_identify(src/5_custom_interfaces) by extension 'ros'
[0.216s] DEBUG:colcon.colcon_core.package_identification:Package 'src/5_custom_interfaces' with type 'ros.ament_cmake' and name 'custom_interfaces'
[0.216s] Level 1:colcon.colcon_core.package_identification:_identify(src/msg_service) by extensions ['ignore', 'ignore_ament_install']
[0.217s] Level 1:colcon.colcon_core.package_identification:_identify(src/msg_service) by extension 'ignore'
[0.217s] Level 1:colcon.colcon_core.package_identification:_identify(src/msg_service) by extension 'ignore_ament_install'
[0.217s] Level 1:colcon.colcon_core.package_identification:_identify(src/msg_service) by extensions ['colcon_pkg']
[0.217s] Level 1:colcon.colcon_core.package_identification:_identify(src/msg_service) by extension 'colcon_pkg'
[0.217s] Level 1:colcon.colcon_core.package_identification:_identify(src/msg_service) by extensions ['colcon_meta']
[0.217s] Level 1:colcon.colcon_core.package_identification:_identify(src/msg_service) by extension 'colcon_meta'
[0.217s] Level 1:colcon.colcon_core.package_identification:_identify(src/msg_service) by extensions ['ros']
[0.217s] Level 1:colcon.colcon_core.package_identification:_identify(src/msg_service) by extension 'ros'
[0.218s] DEBUG:colcon.colcon_core.package_identification:Package 'src/msg_service' with type 'ros.ament_cmake' and name 'msg_service'
[0.218s] Level 1:colcon.colcon_core.package_identification:_identify(src/pubscore_5) by extensions ['ignore', 'ignore_ament_install']
[0.218s] Level 1:colcon.colcon_core.package_identification:_identify(src/pubscore_5) by extension 'ignore'
[0.218s] Level 1:colcon.colcon_core.package_identification:_identify(src/pubscore_5) by extension 'ignore_ament_install'
[0.218s] Level 1:colcon.colcon_core.package_identification:_identify(src/pubscore_5) by extensions ['colcon_pkg']
[0.218s] Level 1:colcon.colcon_core.package_identification:_identify(src/pubscore_5) by extension 'colcon_pkg'
[0.218s] Level 1:colcon.colcon_core.package_identification:_identify(src/pubscore_5) by extensions ['colcon_meta']
[0.218s] Level 1:colcon.colcon_core.package_identification:_identify(src/pubscore_5) by extension 'colcon_meta'
[0.218s] Level 1:colcon.colcon_core.package_identification:_identify(src/pubscore_5) by extensions ['ros']
[0.218s] Level 1:colcon.colcon_core.package_identification:_identify(src/pubscore_5) by extension 'ros'
[0.219s] DEBUG:colcon.colcon_core.package_identification:Package 'src/pubscore_5' with type 'ros.ament_python' and name 'pubscore_5'
[0.220s] Level 1:colcon.colcon_core.package_identification:_identify(src/turtlebot_control_1) by extensions ['ignore', 'ignore_ament_install']
[0.220s] Level 1:colcon.colcon_core.package_identification:_identify(src/turtlebot_control_1) by extension 'ignore'
[0.220s] Level 1:colcon.colcon_core.package_identification:_identify(src/turtlebot_control_1) by extension 'ignore_ament_install'
[0.220s] Level 1:colcon.colcon_core.package_identification:_identify(src/turtlebot_control_1) by extensions ['colcon_pkg']
[0.220s] Level 1:colcon.colcon_core.package_identification:_identify(src/turtlebot_control_1) by extension 'colcon_pkg'
[0.220s] Level 1:colcon.colcon_core.package_identification:_identify(src/turtlebot_control_1) by extensions ['colcon_meta']
[0.220s] Level 1:colcon.colcon_core.package_identification:_identify(src/turtlebot_control_1) by extension 'colcon_meta'
[0.220s] Level 1:colcon.colcon_core.package_identification:_identify(src/turtlebot_control_1) by extensions ['ros']
[0.220s] Level 1:colcon.colcon_core.package_identification:_identify(src/turtlebot_control_1) by extension 'ros'
[0.221s] DEBUG:colcon.colcon_core.package_identification:Package 'src/turtlebot_control_1' with type 'ros.ament_cmake' and name 'turtlebot_control_1'
[0.221s] Level 1:colcon.colcon_core.package_identification:_identify(test) by extensions ['ignore', 'ignore_ament_install']
[0.221s] Level 1:colcon.colcon_core.package_identification:_identify(test) by extension 'ignore'
[0.222s] Level 1:colcon.colcon_core.package_identification:_identify(test) by extension 'ignore_ament_install'
[0.222s] Level 1:colcon.colcon_core.package_identification:_identify(test) by extensions ['colcon_pkg']
[0.222s] Level 1:colcon.colcon_core.package_identification:_identify(test) by extension 'colcon_pkg'
[0.222s] Level 1:colcon.colcon_core.package_identification:_identify(test) by extensions ['colcon_meta']
[0.222s] Level 1:colcon.colcon_core.package_identification:_identify(test) by extension 'colcon_meta'
[0.222s] Level 1:colcon.colcon_core.package_identification:_identify(test) by extensions ['ros']
[0.222s] Level 1:colcon.colcon_core.package_identification:_identify(test) by extension 'ros'
[0.222s] Level 1:colcon.colcon_core.package_identification:_identify(test) by extensions ['cmake', 'python']
[0.222s] Level 1:colcon.colcon_core.package_identification:_identify(test) by extension 'cmake'
[0.222s] Level 1:colcon.colcon_core.package_identification:_identify(test) by extension 'python'
[0.222s] Level 1:colcon.colcon_core.package_identification:_identify(test) by extensions ['python_setup_py']
[0.222s] Level 1:colcon.colcon_core.package_identification:_identify(test) by extension 'python_setup_py'
[0.222s] Level 1:colcon.colcon_core.package_discovery:discover_packages(recursive) using defaults
[0.222s] Level 1:colcon.colcon_core.package_discovery:discover_packages(ignore) discover
[0.223s] Level 1:colcon.colcon_core.package_discovery:discover_packages(ignore) using defaults
[0.223s] Level 1:colcon.colcon_core.package_discovery:discover_packages(path) discover
[0.223s] Level 1:colcon.colcon_core.package_discovery:discover_packages(path) using defaults
[0.246s] Level 1:colcon.colcon_core.package_discovery:discover_packages(prefix_path) check parameters
[0.246s] Level 1:colcon.colcon_core.package_discovery:discover_packages(prefix_path) discover
[0.249s] DEBUG:colcon.colcon_installed_package_information.package_discovery:Found 5 installed packages in /home/user05/colcon_ws/install
[0.251s] DEBUG:colcon.colcon_installed_package_information.package_discovery:Found 395 installed packages in /opt/ros/jazzy
[0.252s] Level 1:colcon.colcon_core.package_discovery:discover_packages(prefix_path) using defaults
[0.308s] Level 5:colcon.colcon_core.verb:set package 'custom_interfaces' build argument 'cmake_args' from command line to 'None'
[0.308s] Level 5:colcon.colcon_core.verb:set package 'custom_interfaces' build argument 'cmake_target' from command line to 'None'
[0.308s] Level 5:colcon.colcon_core.verb:set package 'custom_interfaces' build argument 'cmake_target_skip_unavailable' from command line to 'False'
[0.309s] Level 5:colcon.colcon_core.verb:set package 'custom_interfaces' build argument 'cmake_clean_cache' from command line to 'False'
[0.309s] Level 5:colcon.colcon_core.verb:set package 'custom_interfaces' build argument 'cmake_clean_first' from command line to 'False'
[0.309s] Level 5:colcon.colcon_core.verb:set package 'custom_interfaces' build argument 'cmake_force_configure' from command line to 'False'
[0.309s] Level 5:colcon.colcon_core.verb:set package 'custom_interfaces' build argument 'ament_cmake_args' from command line to 'None'
[0.309s] Level 5:colcon.colcon_core.verb:set package 'custom_interfaces' build argument 'catkin_cmake_args' from command line to 'None'
[0.309s] Level 5:colcon.colcon_core.verb:set package 'custom_interfaces' build argument 'catkin_skip_building_tests' from command line to 'False'
[0.309s] DEBUG:colcon.colcon_core.verb:Building package 'custom_interfaces' with the following arguments: {'ament_cmake_args': None, 'build_base': '/home/user05/colcon_ws/build/custom_interfaces', 'catkin_cmake_args': None, 'catkin_skip_building_tests': False, 'cmake_args': None, 'cmake_clean_cache': False, 'cmake_clean_first': False, 'cmake_force_configure': False, 'cmake_target': None, 'cmake_target_skip_unavailable': False, 'install_base': '/home/user05/colcon_ws/install/custom_interfaces', 'merge_install': False, 'path': '/home/user05/colcon_ws/src/5_custom_interfaces', 'symlink_install': False, 'test_result_base': None}
[0.309s] Level 5:colcon.colcon_core.verb:set package 'msg_service' build argument 'cmake_args' from command line to 'None'
[0.309s] Level 5:colcon.colcon_core.verb:set package 'msg_service' build argument 'cmake_target' from command line to 'None'
[0.309s] Level 5:colcon.colcon_core.verb:set package 'msg_service' build argument 'cmake_target_skip_unavailable' from command line to 'False'
[0.309s] Level 5:colcon.colcon_core.verb:set package 'msg_service' build argument 'cmake_clean_cache' from command line to 'False'
[0.309s] Level 5:colcon.colcon_core.verb:set package 'msg_service' build argument 'cmake_clean_first' from command line to 'False'
[0.309s] Level 5:colcon.colcon_core.verb:set package 'msg_service' build argument 'cmake_force_configure' from command line to 'False'
[0.309s] Level 5:colcon.colcon_core.verb:set package 'msg_service' build argument 'ament_cmake_args' from command line to 'None'
[0.309s] Level 5:colcon.colcon_core.verb:set package 'msg_service' build argument 'catkin_cmake_args' from command line to 'None'
[0.309s] Level 5:colcon.colcon_core.verb:set package 'msg_service' build argument 'catkin_skip_building_tests' from command line to 'False'
[0.309s] DEBUG:colcon.colcon_core.verb:Building package 'msg_service' with the following arguments: {'ament_cmake_args': None, 'build_base': '/home/user05/colcon_ws/build/msg_service', 'catkin_cmake_args': None, 'catkin_skip_building_tests': False, 'cmake_args': None, 'cmake_clean_cache': False, 'cmake_clean_first': False, 'cmake_force_configure': False, 'cmake_target': None, 'cmake_target_skip_unavailable': False, 'install_base': '/home/user05/colcon_ws/install/msg_service', 'merge_install': False, 'path': '/home/user05/colcon_ws/src/msg_service', 'symlink_install': False, 'test_result_base': None}
[0.309s] Level 5:colcon.colcon_core.verb:set package 'pubscore_5' build argument 'cmake_args' from command line to 'None'
[0.309s] Level 5:colcon.colcon_core.verb:set package 'pubscore_5' build argument 'cmake_target' from command line to 'None'
[0.309s] Level 5:colcon.colcon_core.verb:set package 'pubscore_5' build argument 'cmake_target_skip_unavailable' from command line to 'False'
[0.310s] Level 5:colcon.colcon_core.verb:set package 'pubscore_5' build argument 'cmake_clean_cache' from command line to 'False'
[0.310s] Level 5:colcon.colcon_core.verb:set package 'pubscore_5' build argument 'cmake_clean_first' from command line to 'False'
[0.310s] Level 5:colcon.colcon_core.verb:set package 'pubscore_5' build argument 'cmake_force_configure' from command line to 'False'
[0.310s] Level 5:colcon.colcon_core.verb:set package 'pubscore_5' build argument 'ament_cmake_args' from command line to 'None'
[0.310s] Level 5:colcon.colcon_core.verb:set package 'pubscore_5' build argument 'catkin_cmake_args' from command line to 'None'
[0.310s] Level 5:colcon.colcon_core.verb:set package 'pubscore_5' build argument 'catkin_skip_building_tests' from command line to 'False'
[0.310s] DEBUG:colcon.colcon_core.verb:Building package 'pubscore_5' with the following arguments: {'ament_cmake_args': None, 'build_base': '/home/user05/colcon_ws/build/pubscore_5', 'catkin_cmake_args': None, 'catkin_skip_building_tests': False, 'cmake_args': None, 'cmake_clean_cache': False, 'cmake_clean_first': False, 'cmake_force_configure': False, 'cmake_target': None, 'cmake_target_skip_unavailable': False, 'install_base': '/home/user05/colcon_ws/install/pubscore_5', 'merge_install': False, 'path': '/home/user05/colcon_ws/src/pubscore_5', 'symlink_install': False, 'test_result_base': None}
[0.310s] Level 5:colcon.colcon_core.verb:set package 'turtlebot_control_1' build argument 'cmake_args' from command line to 'None'
[0.310s] Level 5:colcon.colcon_core.verb:set package 'turtlebot_control_1' build argument 'cmake_target' from command line to 'None'
[0.310s] Level 5:colcon.colcon_core.verb:set package 'turtlebot_control_1' build argument 'cmake_target_skip_unavailable' from command line to 'False'
[0.310s] Level 5:colcon.colcon_core.verb:set package 'turtlebot_control_1' build argument 'cmake_clean_cache' from command line to 'False'
[0.310s] Level 5:colcon.colcon_core.verb:set package 'turtlebot_control_1' build argument 'cmake_clean_first' from command line to 'False'
[0.310s] Level 5:colcon.colcon_core.verb:set package 'turtlebot_control_1' build argument 'cmake_force_configure' from command line to 'False'
[0.310s] Level 5:colcon.colcon_core.verb:set package 'turtlebot_control_1' build argument 'ament_cmake_args' from command line to 'None'
[0.310s] Level 5:colcon.colcon_core.verb:set package 'turtlebot_control_1' build argument 'catkin_cmake_args' from command line to 'None'
[0.310s] Level 5:colcon.colcon_core.verb:set package 'turtlebot_control_1' build argument 'catkin_skip_building_tests' from command line to 'False'
[0.310s] DEBUG:colcon.colcon_core.verb:Building package 'turtlebot_control_1' with the following arguments: {'ament_cmake_args': None, 'build_base': '/home/user05/colcon_ws/build/turtlebot_control_1', 'catkin_cmake_args': None, 'catkin_skip_building_tests': False, 'cmake_args': None, 'cmake_clean_cache': False, 'cmake_clean_first': False, 'cmake_force_configure': False, 'cmake_target': None, 'cmake_target_skip_unavailable': False, 'install_base': '/home/user05/colcon_ws/install/turtlebot_control_1', 'merge_install': False, 'path': '/home/user05/colcon_ws/src/turtlebot_control_1', 'symlink_install': False, 'test_result_base': None}
[0.310s] Level 5:colcon.colcon_core.verb:set package 'srvmsg' build argument 'cmake_args' from command line to 'None'
[0.310s] Level 5:colcon.colcon_core.verb:set package 'srvmsg' build argument 'cmake_target' from command line to 'None'
[0.310s] Level 5:colcon.colcon_core.verb:set package 'srvmsg' build argument 'cmake_target_skip_unavailable' from command line to 'False'
[0.310s] Level 5:colcon.colcon_core.verb:set package 'srvmsg' build argument 'cmake_clean_cache' from command line to 'False'
[0.310s] Level 5:colcon.colcon_core.verb:set package 'srvmsg' build argument 'cmake_clean_first' from command line to 'False'
[0.310s] Level 5:colcon.colcon_core.verb:set package 'srvmsg' build argument 'cmake_force_configure' from command line to 'False'
[0.311s] Level 5:colcon.colcon_core.verb:set package 'srvmsg' build argument 'ament_cmake_args' from command line to 'None'
[0.311s] Level 5:colcon.colcon_core.verb:set package 'srvmsg' build argument 'catkin_cmake_args' from command line to 'None'
[0.311s] Level 5:colcon.colcon_core.verb:set package 'srvmsg' build argument 'catkin_skip_building_tests' from command line to 'False'
[0.311s] DEBUG:colcon.colcon_core.verb:Building package 'srvmsg' with the following arguments: {'ament_cmake_args': None, 'build_base': '/home/user05/colcon_ws/build/srvmsg', 'catkin_cmake_args': None, 'catkin_skip_building_tests': False, 'cmake_args': None, 'cmake_clean_cache': False, 'cmake_clean_first': False, 'cmake_force_configure': False, 'cmake_target': None, 'cmake_target_skip_unavailable': False, 'install_base': '/home/user05/colcon_ws/install/srvmsg', 'merge_install': False, 'path': '/home/user05/colcon_ws/src/2_srvmsg', 'symlink_install': False, 'test_result_base': None}
[0.311s] INFO:colcon.colcon_core.executor:Executing jobs using 'parallel' executor
[0.311s] DEBUG:colcon.colcon_parallel_executor.executor.parallel:run_until_complete
[0.312s] INFO:colcon.colcon_ros.task.ament_cmake.build:Building ROS package in '/home/user05/colcon_ws/src/5_custom_interfaces' with build type 'ament_cmake'
[0.312s] INFO:colcon.colcon_cmake.task.cmake.build:Building CMake package in '/home/user05/colcon_ws/src/5_custom_interfaces'
[0.314s] INFO:colcon.colcon_core.plugin_system:Skipping extension 'colcon_core.shell.bat': Not used on non-Windows systems
[0.314s] INFO:colcon.colcon_core.shell:Skip shell extension 'powershell' for command environment: Not usable outside of PowerShell
[0.314s] DEBUG:colcon.colcon_core.shell:Skip shell extension 'dsv' for command environment
[0.318s] INFO:colcon.colcon_ros.task.ament_cmake.build:Building ROS package in '/home/user05/colcon_ws/src/msg_service' with build type 'ament_cmake'
[0.318s] INFO:colcon.colcon_cmake.task.cmake.build:Building CMake package in '/home/user05/colcon_ws/src/msg_service'
[0.318s] INFO:colcon.colcon_core.shell:Skip shell extension 'powershell' for command environment: Not usable outside of PowerShell
[0.318s] DEBUG:colcon.colcon_core.shell:Skip shell extension 'dsv' for command environment
[0.322s] INFO:colcon.colcon_ros.task.ament_python.build:Building ROS package in '/home/user05/colcon_ws/src/pubscore_5' with build type 'ament_python'
[0.322s] Level 1:colcon.colcon_core.shell:create_environment_hook('pubscore_5', 'ament_prefix_path')
[0.322s] INFO:colcon.colcon_core.shell:Creating environment hook '/home/user05/colcon_ws/install/pubscore_5/share/pubscore_5/hook/ament_prefix_path.ps1'
[0.323s] INFO:colcon.colcon_core.shell:Creating environment descriptor '/home/user05/colcon_ws/install/pubscore_5/share/pubscore_5/hook/ament_prefix_path.dsv'
[0.324s] INFO:colcon.colcon_core.shell:Creating environment hook '/home/user05/colcon_ws/install/pubscore_5/share/pubscore_5/hook/ament_prefix_path.sh'
[0.325s] INFO:colcon.colcon_core.shell:Skip shell extension 'powershell' for command environment: Not usable outside of PowerShell
[0.325s] DEBUG:colcon.colcon_core.shell:Skip shell extension 'dsv' for command environment
[0.328s] INFO:colcon.colcon_ros.task.ament_cmake.build:Building ROS package in '/home/user05/colcon_ws/src/turtlebot_control_1' with build type 'ament_cmake'
[0.329s] INFO:colcon.colcon_cmake.task.cmake.build:Building CMake package in '/home/user05/colcon_ws/src/turtlebot_control_1'
[0.329s] INFO:colcon.colcon_core.shell:Skip shell extension 'powershell' for command environment: Not usable outside of PowerShell
[0.329s] DEBUG:colcon.colcon_core.shell:Skip shell extension 'dsv' for command environment
[0.337s] DEBUG:colcon.colcon_core.event_handler.log_command:Invoking command in '/home/user05/colcon_ws/build/custom_interfaces': CMAKE_PREFIX_PATH=${CMAKE_PREFIX_PATH}:/home/user05/colcon_ws/install/pubscore_5:/opt/ros/jazzy DEBUGINFOD_URLS=https://debuginfod.ubuntu.com /usr/bin/cmake --build /home/user05/colcon_ws/build/custom_interfaces -- -j12 -l12
[0.340s] DEBUG:colcon.colcon_core.event_handler.log_command:Invoking command in '/home/user05/colcon_ws/build/msg_service': CMAKE_PREFIX_PATH=${CMAKE_PREFIX_PATH}:/home/user05/colcon_ws/install/pubscore_5:/opt/ros/jazzy DEBUGINFOD_URLS=https://debuginfod.ubuntu.com /usr/bin/cmake --build /home/user05/colcon_ws/build/msg_service -- -j12 -l12
[0.609s] INFO:colcon.colcon_core.task.python.build:Building Python package in '/home/user05/colcon_ws/src/pubscore_5'
[0.609s] INFO:colcon.colcon_core.shell:Skip shell extension 'powershell' for command environment: Not usable outside of PowerShell
[0.609s] DEBUG:colcon.colcon_core.shell:Skip shell extension 'dsv' for command environment
[0.616s] DEBUG:colcon.colcon_core.event_handler.log_command:Invoked command in '/home/user05/colcon_ws/build/msg_service' returned '0': CMAKE_PREFIX_PATH=${CMAKE_PREFIX_PATH}:/home/user05/colcon_ws/install/pubscore_5:/opt/ros/jazzy DEBUGINFOD_URLS=https://debuginfod.ubuntu.com /usr/bin/cmake --build /home/user05/colcon_ws/build/msg_service -- -j12 -l12
[0.625s] DEBUG:colcon.colcon_core.event_handler.log_command:Invoking command in '/home/user05/colcon_ws/build/msg_service': CMAKE_PREFIX_PATH=${CMAKE_PREFIX_PATH}:/home/user05/colcon_ws/install/pubscore_5:/opt/ros/jazzy DEBUGINFOD_URLS=https://debuginfod.ubuntu.com /usr/bin/cmake --install /home/user05/colcon_ws/build/msg_service
[0.628s] DEBUG:colcon.colcon_core.event_handler.log_command:Invoking command in '/home/user05/colcon_ws/build/turtlebot_control_1': CMAKE_PREFIX_PATH=${CMAKE_PREFIX_PATH}:/home/user05/colcon_ws/install/pubscore_5:/opt/ros/jazzy DEBUGINFOD_URLS=https://debuginfod.ubuntu.com /usr/bin/cmake --build /home/user05/colcon_ws/build/turtlebot_control_1 -- -j12 -l12
[0.637s] Level 1:colcon.colcon_core.environment:create_environment_scripts_only(msg_service)
[0.638s] DEBUG:colcon.colcon_core.event_handler.log_command:Invoked command in '/home/user05/colcon_ws/build/msg_service' returned '0': CMAKE_PREFIX_PATH=${CMAKE_PREFIX_PATH}:/home/user05/colcon_ws/install/pubscore_5:/opt/ros/jazzy DEBUGINFOD_URLS=https://debuginfod.ubuntu.com /usr/bin/cmake --install /home/user05/colcon_ws/build/msg_service
[0.641s] Level 1:colcon.colcon_core.environment:checking '/home/user05/colcon_ws/install/msg_service' for CMake module files
[0.642s] Level 1:colcon.colcon_core.environment:checking '/home/user05/colcon_ws/install/msg_service' for CMake config files
[0.642s] Level 1:colcon.colcon_core.shell:create_environment_hook('msg_service', 'cmake_prefix_path')
[0.642s] INFO:colcon.colcon_core.shell:Creating environment hook '/home/user05/colcon_ws/install/msg_service/share/msg_service/hook/cmake_prefix_path.ps1'
[0.642s] INFO:colcon.colcon_core.shell:Creating environment descriptor '/home/user05/colcon_ws/install/msg_service/share/msg_service/hook/cmake_prefix_path.dsv'
[0.643s] INFO:colcon.colcon_core.shell:Creating environment hook '/home/user05/colcon_ws/install/msg_service/share/msg_service/hook/cmake_prefix_path.sh'
[0.643s] Level 1:colcon.colcon_core.environment:checking '/home/user05/colcon_ws/install/msg_service/bin'
[0.643s] Level 1:colcon.colcon_core.environment:checking '/home/user05/colcon_ws/install/msg_service/lib/pkgconfig/msg_service.pc'
[0.644s] Level 1:colcon.colcon_core.environment:checking '/home/user05/colcon_ws/install/msg_service/lib/python3.12/site-packages'
[0.644s] Level 1:colcon.colcon_core.environment:checking '/home/user05/colcon_ws/install/msg_service/bin'
[0.644s] INFO:colcon.colcon_core.shell:Creating package script '/home/user05/colcon_ws/install/msg_service/share/msg_service/package.ps1'
[0.645s] INFO:colcon.colcon_core.shell:Creating package descriptor '/home/user05/colcon_ws/install/msg_service/share/msg_service/package.dsv'
[0.646s] INFO:colcon.colcon_core.shell:Creating package script '/home/user05/colcon_ws/install/msg_service/share/msg_service/package.sh'
[0.646s] INFO:colcon.colcon_core.shell:Creating package script '/home/user05/colcon_ws/install/msg_service/share/msg_service/package.bash'
[0.647s] INFO:colcon.colcon_core.shell:Creating package script '/home/user05/colcon_ws/install/msg_service/share/msg_service/package.zsh'
[0.648s] Level 1:colcon.colcon_core.environment:create_file_with_runtime_dependencies(/home/user05/colcon_ws/install/msg_service/share/colcon-core/packages/msg_service)
[0.648s] Level 1:colcon.colcon_core.environment:create_environment_scripts_only(msg_service)
[0.648s] Level 1:colcon.colcon_core.environment:checking '/home/user05/colcon_ws/install/msg_service' for CMake module files
[0.649s] Level 1:colcon.colcon_core.environment:checking '/home/user05/colcon_ws/install/msg_service' for CMake config files
[0.649s] Level 1:colcon.colcon_core.shell:create_environment_hook('msg_service', 'cmake_prefix_path')
[0.649s] INFO:colcon.colcon_core.shell:Creating environment hook '/home/user05/colcon_ws/install/msg_service/share/msg_service/hook/cmake_prefix_path.ps1'
[0.649s] INFO:colcon.colcon_core.shell:Creating environment descriptor '/home/user05/colcon_ws/install/msg_service/share/msg_service/hook/cmake_prefix_path.dsv'
[0.650s] INFO:colcon.colcon_core.shell:Creating environment hook '/home/user05/colcon_ws/install/msg_service/share/msg_service/hook/cmake_prefix_path.sh'
[0.650s] Level 1:colcon.colcon_core.environment:checking '/home/user05/colcon_ws/install/msg_service/bin'
[0.650s] Level 1:colcon.colcon_core.environment:checking '/home/user05/colcon_ws/install/msg_service/lib/pkgconfig/msg_service.pc'
[0.650s] Level 1:colcon.colcon_core.environment:checking '/home/user05/colcon_ws/install/msg_service/lib/python3.12/site-packages'
[0.651s] Level 1:colcon.colcon_core.environment:checking '/home/user05/colcon_ws/install/msg_service/bin'
[0.651s] INFO:colcon.colcon_core.shell:Creating package script '/home/user05/colcon_ws/install/msg_service/share/msg_service/package.ps1'
[0.652s] INFO:colcon.colcon_core.shell:Creating package descriptor '/home/user05/colcon_ws/install/msg_service/share/msg_service/package.dsv'
[0.652s] INFO:colcon.colcon_core.shell:Creating package script '/home/user05/colcon_ws/install/msg_service/share/msg_service/package.sh'
[0.652s] INFO:colcon.colcon_core.shell:Creating package script '/home/user05/colcon_ws/install/msg_service/share/msg_service/package.bash'
[0.653s] INFO:colcon.colcon_core.shell:Creating package script '/home/user05/colcon_ws/install/msg_service/share/msg_service/package.zsh'
[0.653s] Level 1:colcon.colcon_core.environment:create_file_with_runtime_dependencies(/home/user05/colcon_ws/install/msg_service/share/colcon-core/packages/msg_service)
[0.672s] DEBUG:colcon.colcon_core.event_handler.log_command:Invoked command in '/home/user05/colcon_ws/build/turtlebot_control_1' returned '0': CMAKE_PREFIX_PATH=${CMAKE_PREFIX_PATH}:/home/user05/colcon_ws/install/pubscore_5:/opt/ros/jazzy DEBUGINFOD_URLS=https://debuginfod.ubuntu.com /usr/bin/cmake --build /home/user05/colcon_ws/build/turtlebot_control_1 -- -j12 -l12
[0.674s] DEBUG:colcon.colcon_core.event_handler.log_command:Invoking command in '/home/user05/colcon_ws/build/turtlebot_control_1': CMAKE_PREFIX_PATH=${CMAKE_PREFIX_PATH}:/home/user05/colcon_ws/install/pubscore_5:/opt/ros/jazzy DEBUGINFOD_URLS=https://debuginfod.ubuntu.com /usr/bin/cmake --install /home/user05/colcon_ws/build/turtlebot_control_1
[0.683s] Level 1:colcon.colcon_core.environment:create_environment_scripts_only(turtlebot_control_1)
[0.683s] Level 1:colcon.colcon_core.environment:checking '/home/user05/colcon_ws/install/turtlebot_control_1' for CMake module files
[0.685s] DEBUG:colcon.colcon_core.event_handler.log_command:Invoked command in '/home/user05/colcon_ws/build/turtlebot_control_1' returned '0': CMAKE_PREFIX_PATH=${CMAKE_PREFIX_PATH}:/home/user05/colcon_ws/install/pubscore_5:/opt/ros/jazzy DEBUGINFOD_URLS=https://debuginfod.ubuntu.com /usr/bin/cmake --install /home/user05/colcon_ws/build/turtlebot_control_1
[0.685s] Level 1:colcon.colcon_core.environment:checking '/home/user05/colcon_ws/install/turtlebot_control_1' for CMake config files
[0.685s] Level 1:colcon.colcon_core.shell:create_environment_hook('turtlebot_control_1', 'cmake_prefix_path')
[0.685s] INFO:colcon.colcon_core.shell:Creating environment hook '/home/user05/colcon_ws/install/turtlebot_control_1/share/turtlebot_control_1/hook/cmake_prefix_path.ps1'
[0.686s] INFO:colcon.colcon_core.shell:Creating environment descriptor '/home/user05/colcon_ws/install/turtlebot_control_1/share/turtlebot_control_1/hook/cmake_prefix_path.dsv'
[0.686s] INFO:colcon.colcon_core.shell:Creating environment hook '/home/user05/colcon_ws/install/turtlebot_control_1/share/turtlebot_control_1/hook/cmake_prefix_path.sh'
[0.687s] Level 1:colcon.colcon_core.environment:checking '/home/user05/colcon_ws/install/turtlebot_control_1/lib'
[0.687s] Level 1:colcon.colcon_core.environment:checking '/home/user05/colcon_ws/install/turtlebot_control_1/bin'
[0.687s] Level 1:colcon.colcon_core.environment:checking '/home/user05/colcon_ws/install/turtlebot_control_1/lib/pkgconfig/turtlebot_control_1.pc'
[0.688s] Level 1:colcon.colcon_core.environment:checking '/home/user05/colcon_ws/install/turtlebot_control_1/lib/python3.12/site-packages'
[0.688s] Level 1:colcon.colcon_core.environment:checking '/home/user05/colcon_ws/install/turtlebot_control_1/bin'
[0.688s] INFO:colcon.colcon_core.shell:Creating package script '/home/user05/colcon_ws/install/turtlebot_control_1/share/turtlebot_control_1/package.ps1'
[0.689s] INFO:colcon.colcon_core.shell:Creating package descriptor '/home/user05/colcon_ws/install/turtlebot_control_1/share/turtlebot_control_1/package.dsv'
[0.689s] INFO:colcon.colcon_core.shell:Creating package script '/home/user05/colcon_ws/install/turtlebot_control_1/share/turtlebot_control_1/package.sh'
[0.689s] INFO:colcon.colcon_core.shell:Creating package script '/home/user05/colcon_ws/install/turtlebot_control_1/share/turtlebot_control_1/package.bash'
[0.690s] INFO:colcon.colcon_core.shell:Creating package script '/home/user05/colcon_ws/install/turtlebot_control_1/share/turtlebot_control_1/package.zsh'
[0.690s] Level 1:colcon.colcon_core.environment:create_file_with_runtime_dependencies(/home/user05/colcon_ws/install/turtlebot_control_1/share/colcon-core/packages/turtlebot_control_1)
[0.690s] Level 1:colcon.colcon_core.environment:create_environment_scripts_only(turtlebot_control_1)
[0.691s] Level 1:colcon.colcon_core.environment:checking '/home/user05/colcon_ws/install/turtlebot_control_1' for CMake module files
[0.691s] Level 1:colcon.colcon_core.environment:checking '/home/user05/colcon_ws/install/turtlebot_control_1' for CMake config files
[0.691s] Level 1:colcon.colcon_core.shell:create_environment_hook('turtlebot_control_1', 'cmake_prefix_path')
[0.691s] INFO:colcon.colcon_core.shell:Creating environment hook '/home/user05/colcon_ws/install/turtlebot_control_1/share/turtlebot_control_1/hook/cmake_prefix_path.ps1'
[0.692s] INFO:colcon.colcon_core.shell:Creating environment descriptor '/home/user05/colcon_ws/install/turtlebot_control_1/share/turtlebot_control_1/hook/cmake_prefix_path.dsv'
[0.692s] INFO:colcon.colcon_core.shell:Creating environment hook '/home/user05/colcon_ws/install/turtlebot_control_1/share/turtlebot_control_1/hook/cmake_prefix_path.sh'
[0.692s] Level 1:colcon.colcon_core.environment:checking '/home/user05/colcon_ws/install/turtlebot_control_1/lib'
[0.692s] Level 1:colcon.colcon_core.environment:checking '/home/user05/colcon_ws/install/turtlebot_control_1/bin'
[0.693s] Level 1:colcon.colcon_core.environment:checking '/home/user05/colcon_ws/install/turtlebot_control_1/lib/pkgconfig/turtlebot_control_1.pc'
[0.693s] Level 1:colcon.colcon_core.environment:checking '/home/user05/colcon_ws/install/turtlebot_control_1/lib/python3.12/site-packages'
[0.693s] Level 1:colcon.colcon_core.environment:checking '/home/user05/colcon_ws/install/turtlebot_control_1/bin'
[0.693s] INFO:colcon.colcon_core.shell:Creating package script '/home/user05/colcon_ws/install/turtlebot_control_1/share/turtlebot_control_1/package.ps1'
[0.694s] INFO:colcon.colcon_core.shell:Creating package descriptor '/home/user05/colcon_ws/install/turtlebot_control_1/share/turtlebot_control_1/package.dsv'
[0.694s] INFO:colcon.colcon_core.shell:Creating package script '/home/user05/colcon_ws/install/turtlebot_control_1/share/turtlebot_control_1/package.sh'
[0.695s] INFO:colcon.colcon_core.shell:Creating package script '/home/user05/colcon_ws/install/turtlebot_control_1/share/turtlebot_control_1/package.bash'
[0.695s] INFO:colcon.colcon_core.shell:Creating package script '/home/user05/colcon_ws/install/turtlebot_control_1/share/turtlebot_control_1/package.zsh'
[0.695s] Level 1:colcon.colcon_core.environment:create_file_with_runtime_dependencies(/home/user05/colcon_ws/install/turtlebot_control_1/share/colcon-core/packages/turtlebot_control_1)
[0.846s] DEBUG:colcon.colcon_core.event_handler.log_command:Invoked command in '/home/user05/colcon_ws/build/custom_interfaces' returned '0': CMAKE_PREFIX_PATH=${CMAKE_PREFIX_PATH}:/home/user05/colcon_ws/install/pubscore_5:/opt/ros/jazzy DEBUGINFOD_URLS=https://debuginfod.ubuntu.com /usr/bin/cmake --build /home/user05/colcon_ws/build/custom_interfaces -- -j12 -l12
[0.847s] DEBUG:colcon.colcon_core.event_handler.log_command:Invoking command in '/home/user05/colcon_ws/build/custom_interfaces': CMAKE_PREFIX_PATH=${CMAKE_PREFIX_PATH}:/home/user05/colcon_ws/install/pubscore_5:/opt/ros/jazzy DEBUGINFOD_URLS=https://debuginfod.ubuntu.com /usr/bin/cmake --install /home/user05/colcon_ws/build/custom_interfaces
[0.917s] Level 1:colcon.colcon_core.environment:create_environment_scripts_only(custom_interfaces)
[0.918s] Level 1:colcon.colcon_core.environment:checking '/home/user05/colcon_ws/install/custom_interfaces' for CMake module files
[0.918s] DEBUG:colcon.colcon_core.event_handler.log_command:Invoked command in '/home/user05/colcon_ws/build/custom_interfaces' returned '0': CMAKE_PREFIX_PATH=${CMAKE_PREFIX_PATH}:/home/user05/colcon_ws/install/pubscore_5:/opt/ros/jazzy DEBUGINFOD_URLS=https://debuginfod.ubuntu.com /usr/bin/cmake --install /home/user05/colcon_ws/build/custom_interfaces
[0.919s] Level 1:colcon.colcon_core.environment:checking '/home/user05/colcon_ws/install/custom_interfaces' for CMake config files
[0.919s] Level 1:colcon.colcon_core.shell:create_environment_hook('custom_interfaces', 'cmake_prefix_path')
[0.920s] INFO:colcon.colcon_core.shell:Creating environment hook '/home/user05/colcon_ws/install/custom_interfaces/share/custom_interfaces/hook/cmake_prefix_path.ps1'
[0.920s] INFO:colcon.colcon_core.shell:Creating environment descriptor '/home/user05/colcon_ws/install/custom_interfaces/share/custom_interfaces/hook/cmake_prefix_path.dsv'
[0.920s] INFO:colcon.colcon_core.shell:Creating environment hook '/home/user05/colcon_ws/install/custom_interfaces/share/custom_interfaces/hook/cmake_prefix_path.sh'
[0.921s] Level 1:colcon.colcon_core.environment:checking '/home/user05/colcon_ws/install/custom_interfaces/lib'
[0.921s] Level 1:colcon.colcon_core.shell:create_environment_hook('custom_interfaces', 'ld_library_path_lib')
[0.922s] INFO:colcon.colcon_core.shell:Creating environment hook '/home/user05/colcon_ws/install/custom_interfaces/share/custom_interfaces/hook/ld_library_path_lib.ps1'
[0.922s] INFO:colcon.colcon_core.shell:Creating environment descriptor '/home/user05/colcon_ws/install/custom_interfaces/share/custom_interfaces/hook/ld_library_path_lib.dsv'
[0.922s] INFO:colcon.colcon_core.shell:Creating environment hook '/home/user05/colcon_ws/install/custom_interfaces/share/custom_interfaces/hook/ld_library_path_lib.sh'
[0.923s] Level 1:colcon.colcon_core.environment:checking '/home/user05/colcon_ws/install/custom_interfaces/bin'
[0.923s] Level 1:colcon.colcon_core.environment:checking '/home/user05/colcon_ws/install/custom_interfaces/lib/pkgconfig/custom_interfaces.pc'
[0.923s] Level 1:colcon.colcon_core.environment:checking '/home/user05/colcon_ws/install/custom_interfaces/lib/python3.12/site-packages'
[0.923s] Level 1:colcon.colcon_core.shell:create_environment_hook('custom_interfaces', 'pythonpath')
[0.923s] INFO:colcon.colcon_core.shell:Creating environment hook '/home/user05/colcon_ws/install/custom_interfaces/share/custom_interfaces/hook/pythonpath.ps1'
[0.924s] INFO:colcon.colcon_core.shell:Creating environment descriptor '/home/user05/colcon_ws/install/custom_interfaces/share/custom_interfaces/hook/pythonpath.dsv'
[0.924s] INFO:colcon.colcon_core.shell:Creating environment hook '/home/user05/colcon_ws/install/custom_interfaces/share/custom_interfaces/hook/pythonpath.sh'
[0.925s] Level 1:colcon.colcon_core.environment:checking '/home/user05/colcon_ws/install/custom_interfaces/bin'
[0.925s] INFO:colcon.colcon_core.shell:Creating package script '/home/user05/colcon_ws/install/custom_interfaces/share/custom_interfaces/package.ps1'
[0.926s] INFO:colcon.colcon_core.shell:Creating package descriptor '/home/user05/colcon_ws/install/custom_interfaces/share/custom_interfaces/package.dsv'
[0.926s] INFO:colcon.colcon_core.shell:Creating package script '/home/user05/colcon_ws/install/custom_interfaces/share/custom_interfaces/package.sh'
[0.926s] INFO:colcon.colcon_core.shell:Creating package script '/home/user05/colcon_ws/install/custom_interfaces/share/custom_interfaces/package.bash'
[0.927s] INFO:colcon.colcon_core.shell:Creating package script '/home/user05/colcon_ws/install/custom_interfaces/share/custom_interfaces/package.zsh'
[0.927s] Level 1:colcon.colcon_core.environment:create_file_with_runtime_dependencies(/home/user05/colcon_ws/install/custom_interfaces/share/colcon-core/packages/custom_interfaces)
[0.928s] Level 1:colcon.colcon_core.environment:create_environment_scripts_only(custom_interfaces)
[0.928s] Level 1:colcon.colcon_core.environment:checking '/home/user05/colcon_ws/install/custom_interfaces' for CMake module files
[0.928s] Level 1:colcon.colcon_core.environment:checking '/home/user05/colcon_ws/install/custom_interfaces' for CMake config files
[0.929s] Level 1:colcon.colcon_core.shell:create_environment_hook('custom_interfaces', 'cmake_prefix_path')
[0.929s] INFO:colcon.colcon_core.shell:Creating environment hook '/home/user05/colcon_ws/install/custom_interfaces/share/custom_interfaces/hook/cmake_prefix_path.ps1'
[0.929s] INFO:colcon.colcon_core.shell:Creating environment descriptor '/home/user05/colcon_ws/install/custom_interfaces/share/custom_interfaces/hook/cmake_prefix_path.dsv'
[0.930s] INFO:colcon.colcon_core.shell:Creating environment hook '/home/user05/colcon_ws/install/custom_interfaces/share/custom_interfaces/hook/cmake_prefix_path.sh'
[0.930s] Level 1:colcon.colcon_core.environment:checking '/home/user05/colcon_ws/install/custom_interfaces/lib'
[0.930s] Level 1:colcon.colcon_core.shell:create_environment_hook('custom_interfaces', 'ld_library_path_lib')
[0.931s] INFO:colcon.colcon_core.shell:Creating environment hook '/home/user05/colcon_ws/install/custom_interfaces/share/custom_interfaces/hook/ld_library_path_lib.ps1'
[0.931s] INFO:colcon.colcon_core.shell:Creating environment descriptor '/home/user05/colcon_ws/install/custom_interfaces/share/custom_interfaces/hook/ld_library_path_lib.dsv'
[0.931s] INFO:colcon.colcon_core.shell:Creating environment hook '/home/user05/colcon_ws/install/custom_interfaces/share/custom_interfaces/hook/ld_library_path_lib.sh'
[0.931s] Level 1:colcon.colcon_core.environment:checking '/home/user05/colcon_ws/install/custom_interfaces/bin'
[0.932s] Level 1:colcon.colcon_core.environment:checking '/home/user05/colcon_ws/install/custom_interfaces/lib/pkgconfig/custom_interfaces.pc'
[0.932s] Level 1:colcon.colcon_core.environment:checking '/home/user05/colcon_ws/install/custom_interfaces/lib/python3.12/site-packages'
[0.932s] Level 1:colcon.colcon_core.shell:create_environment_hook('custom_interfaces', 'pythonpath')
[0.932s] INFO:colcon.colcon_core.shell:Creating environment hook '/home/user05/colcon_ws/install/custom_interfaces/share/custom_interfaces/hook/pythonpath.ps1'
[0.932s] INFO:colcon.colcon_core.shell:Creating environment descriptor '/home/user05/colcon_ws/install/custom_interfaces/share/custom_interfaces/hook/pythonpath.dsv'
[0.933s] INFO:colcon.colcon_core.shell:Creating environment hook '/home/user05/colcon_ws/install/custom_interfaces/share/custom_interfaces/hook/pythonpath.sh'
[0.933s] Level 1:colcon.colcon_core.environment:checking '/home/user05/colcon_ws/install/custom_interfaces/bin'
[0.934s] INFO:colcon.colcon_core.shell:Creating package script '/home/user05/colcon_ws/install/custom_interfaces/share/custom_interfaces/package.ps1'
[0.934s] INFO:colcon.colcon_core.shell:Creating package descriptor '/home/user05/colcon_ws/install/custom_interfaces/share/custom_interfaces/package.dsv'
[0.935s] INFO:colcon.colcon_core.shell:Creating package script '/home/user05/colcon_ws/install/custom_interfaces/share/custom_interfaces/package.sh'
[0.935s] INFO:colcon.colcon_core.shell:Creating package script '/home/user05/colcon_ws/install/custom_interfaces/share/custom_interfaces/package.bash'
[0.936s] INFO:colcon.colcon_core.shell:Creating package script '/home/user05/colcon_ws/install/custom_interfaces/share/custom_interfaces/package.zsh'
[0.936s] Level 1:colcon.colcon_core.environment:create_file_with_runtime_dependencies(/home/user05/colcon_ws/install/custom_interfaces/share/colcon-core/packages/custom_interfaces)
[0.937s] INFO:colcon.colcon_ros.task.ament_cmake.build:Building ROS package in '/home/user05/colcon_ws/src/2_srvmsg' with build type 'ament_cmake'
[0.937s] INFO:colcon.colcon_cmake.task.cmake.build:Building CMake package in '/home/user05/colcon_ws/src/2_srvmsg'
[0.937s] INFO:colcon.colcon_core.shell:Skip shell extension 'powershell' for command environment: Not usable outside of PowerShell
[0.937s] DEBUG:colcon.colcon_core.shell:Skip shell extension 'dsv' for command environment
[0.952s] DEBUG:colcon.colcon_core.event_handler.log_command:Invoking command in '/home/user05/colcon_ws/build/srvmsg': CMAKE_PREFIX_PATH=/home/user05/colcon_ws/install/custom_interfaces:/home/user05/colcon_ws/install/turtlebot_control_1:/home/user05/colcon_ws/install/srvmsg:/home/user05/colcon_ws/install/msg_service:/opt/ros/jazzy/opt/gz_sim_vendor:/opt/ros/jazzy/opt/gz_sensors_vendor:/opt/ros/jazzy/opt/gz_physics_vendor:/opt/ros/jazzy/opt/sdformat_vendor:/opt/ros/jazzy/opt/gz_gui_vendor:/opt/ros/jazzy/opt/gz_transport_vendor:/opt/ros/jazzy/opt/gz_rendering_vendor:/opt/ros/jazzy/opt/gz_plugin_vendor:/opt/ros/jazzy/opt/gz_fuel_tools_vendor:/opt/ros/jazzy/opt/gz_msgs_vendor:/opt/ros/jazzy/opt/gz_common_vendor:/opt/ros/jazzy/opt/gz_math_vendor:/opt/ros/jazzy/opt/gz_utils_vendor:/opt/ros/jazzy/opt/gz_tools_vendor:/opt/ros/jazzy/opt/gz_ogre_next_vendor:/opt/ros/jazzy/opt/gz_dartsim_vendor:/opt/ros/jazzy/opt/gz_cmake_vendor:/home/user05/colcon_ws/install/pubscore_5:/opt/ros/jazzy DEBUGINFOD_URLS=https://debuginfod.ubuntu.com PYTHONPATH=/home/user05/colcon_ws/install/custom_interfaces/lib/python3.12/site-packages:/home/user05/colcon_ws/install/pubscore_5/lib/python3.12/site-packages:/opt/ros/jazzy/lib/python3.12/site-packages /usr/bin/cmake --build /home/user05/colcon_ws/build/srvmsg -- -j12 -l12
[0.989s] DEBUG:colcon.colcon_core.event_handler.log_command:Invoked command in '/home/user05/colcon_ws/build/srvmsg' returned '0': CMAKE_PREFIX_PATH=/home/user05/colcon_ws/install/custom_interfaces:/home/user05/colcon_ws/install/turtlebot_control_1:/home/user05/colcon_ws/install/srvmsg:/home/user05/colcon_ws/install/msg_service:/opt/ros/jazzy/opt/gz_sim_vendor:/opt/ros/jazzy/opt/gz_sensors_vendor:/opt/ros/jazzy/opt/gz_physics_vendor:/opt/ros/jazzy/opt/sdformat_vendor:/opt/ros/jazzy/opt/gz_gui_vendor:/opt/ros/jazzy/opt/gz_transport_vendor:/opt/ros/jazzy/opt/gz_rendering_vendor:/opt/ros/jazzy/opt/gz_plugin_vendor:/opt/ros/jazzy/opt/gz_fuel_tools_vendor:/opt/ros/jazzy/opt/gz_msgs_vendor:/opt/ros/jazzy/opt/gz_common_vendor:/opt/ros/jazzy/opt/gz_math_vendor:/opt/ros/jazzy/opt/gz_utils_vendor:/opt/ros/jazzy/opt/gz_tools_vendor:/opt/ros/jazzy/opt/gz_ogre_next_vendor:/opt/ros/jazzy/opt/gz_dartsim_vendor:/opt/ros/jazzy/opt/gz_cmake_vendor:/home/user05/colcon_ws/install/pubscore_5:/opt/ros/jazzy DEBUGINFOD_URLS=https://debuginfod.ubuntu.com PYTHONPATH=/home/user05/colcon_ws/install/custom_interfaces/lib/python3.12/site-packages:/home/user05/colcon_ws/install/pubscore_5/lib/python3.12/site-packages:/opt/ros/jazzy/lib/python3.12/site-packages /usr/bin/cmake --build /home/user05/colcon_ws/build/srvmsg -- -j12 -l12
[0.991s] DEBUG:colcon.colcon_core.event_handler.log_command:Invoking command in '/home/user05/colcon_ws/build/srvmsg': CMAKE_PREFIX_PATH=/home/user05/colcon_ws/install/custom_interfaces:/home/user05/colcon_ws/install/turtlebot_control_1:/home/user05/colcon_ws/install/srvmsg:/home/user05/colcon_ws/install/msg_service:/opt/ros/jazzy/opt/gz_sim_vendor:/opt/ros/jazzy/opt/gz_sensors_vendor:/opt/ros/jazzy/opt/gz_physics_vendor:/opt/ros/jazzy/opt/sdformat_vendor:/opt/ros/jazzy/opt/gz_gui_vendor:/opt/ros/jazzy/opt/gz_transport_vendor:/opt/ros/jazzy/opt/gz_rendering_vendor:/opt/ros/jazzy/opt/gz_plugin_vendor:/opt/ros/jazzy/opt/gz_fuel_tools_vendor:/opt/ros/jazzy/opt/gz_msgs_vendor:/opt/ros/jazzy/opt/gz_common_vendor:/opt/ros/jazzy/opt/gz_math_vendor:/opt/ros/jazzy/opt/gz_utils_vendor:/opt/ros/jazzy/opt/gz_tools_vendor:/opt/ros/jazzy/opt/gz_ogre_next_vendor:/opt/ros/jazzy/opt/gz_dartsim_vendor:/opt/ros/jazzy/opt/gz_cmake_vendor:/home/user05/colcon_ws/install/pubscore_5:/opt/ros/jazzy DEBUGINFOD_URLS=https://debuginfod.ubuntu.com PYTHONPATH=/home/user05/colcon_ws/install/custom_interfaces/lib/python3.12/site-packages:/home/user05/colcon_ws/install/pubscore_5/lib/python3.12/site-packages:/opt/ros/jazzy/lib/python3.12/site-packages /usr/bin/cmake --install /home/user05/colcon_ws/build/srvmsg
[0.999s] Level 1:colcon.colcon_core.environment:create_environment_scripts_only(srvmsg)
[1.000s] Level 1:colcon.colcon_core.environment:checking '/home/user05/colcon_ws/install/srvmsg' for CMake module files
[1.000s] DEBUG:colcon.colcon_core.event_handler.log_command:Invoked command in '/home/user05/colcon_ws/build/srvmsg' returned '0': CMAKE_PREFIX_PATH=/home/user05/colcon_ws/install/custom_interfaces:/home/user05/colcon_ws/install/turtlebot_control_1:/home/user05/colcon_ws/install/srvmsg:/home/user05/colcon_ws/install/msg_service:/opt/ros/jazzy/opt/gz_sim_vendor:/opt/ros/jazzy/opt/gz_sensors_vendor:/opt/ros/jazzy/opt/gz_physics_vendor:/opt/ros/jazzy/opt/sdformat_vendor:/opt/ros/jazzy/opt/gz_gui_vendor:/opt/ros/jazzy/opt/gz_transport_vendor:/opt/ros/jazzy/opt/gz_rendering_vendor:/opt/ros/jazzy/opt/gz_plugin_vendor:/opt/ros/jazzy/opt/gz_fuel_tools_vendor:/opt/ros/jazzy/opt/gz_msgs_vendor:/opt/ros/jazzy/opt/gz_common_vendor:/opt/ros/jazzy/opt/gz_math_vendor:/opt/ros/jazzy/opt/gz_utils_vendor:/opt/ros/jazzy/opt/gz_tools_vendor:/opt/ros/jazzy/opt/gz_ogre_next_vendor:/opt/ros/jazzy/opt/gz_dartsim_vendor:/opt/ros/jazzy/opt/gz_cmake_vendor:/home/user05/colcon_ws/install/pubscore_5:/opt/ros/jazzy DEBUGINFOD_URLS=https://debuginfod.ubuntu.com PYTHONPATH=/home/user05/colcon_ws/install/custom_interfaces/lib/python3.12/site-packages:/home/user05/colcon_ws/install/pubscore_5/lib/python3.12/site-packages:/opt/ros/jazzy/lib/python3.12/site-packages /usr/bin/cmake --install /home/user05/colcon_ws/build/srvmsg
[1.000s] Level 1:colcon.colcon_core.environment:checking '/home/user05/colcon_ws/install/srvmsg' for CMake config files
[1.001s] Level 1:colcon.colcon_core.shell:create_environment_hook('srvmsg', 'cmake_prefix_path')
[1.001s] INFO:colcon.colcon_core.shell:Creating environment hook '/home/user05/colcon_ws/install/srvmsg/share/srvmsg/hook/cmake_prefix_path.ps1'
[1.001s] INFO:colcon.colcon_core.shell:Creating environment descriptor '/home/user05/colcon_ws/install/srvmsg/share/srvmsg/hook/cmake_prefix_path.dsv'
[1.002s] INFO:colcon.colcon_core.shell:Creating environment hook '/home/user05/colcon_ws/install/srvmsg/share/srvmsg/hook/cmake_prefix_path.sh'
[1.002s] Level 1:colcon.colcon_core.environment:checking '/home/user05/colcon_ws/install/srvmsg/lib'
[1.002s] Level 1:colcon.colcon_core.environment:checking '/home/user05/colcon_ws/install/srvmsg/bin'
[1.002s] Level 1:colcon.colcon_core.environment:checking '/home/user05/colcon_ws/install/srvmsg/lib/pkgconfig/srvmsg.pc'
[1.003s] Level 1:colcon.colcon_core.environment:checking '/home/user05/colcon_ws/install/srvmsg/lib/python3.12/site-packages'
[1.003s] Level 1:colcon.colcon_core.environment:checking '/home/user05/colcon_ws/install/srvmsg/bin'
[1.003s] INFO:colcon.colcon_core.shell:Creating package script '/home/user05/colcon_ws/install/srvmsg/share/srvmsg/package.ps1'
[1.004s] INFO:colcon.colcon_core.shell:Creating package descriptor '/home/user05/colcon_ws/install/srvmsg/share/srvmsg/package.dsv'
[1.004s] INFO:colcon.colcon_core.shell:Creating package script '/home/user05/colcon_ws/install/srvmsg/share/srvmsg/package.sh'
[1.005s] INFO:colcon.colcon_core.shell:Creating package script '/home/user05/colcon_ws/install/srvmsg/share/srvmsg/package.bash'
[1.005s] INFO:colcon.colcon_core.shell:Creating package script '/home/user05/colcon_ws/install/srvmsg/share/srvmsg/package.zsh'
[1.005s] Level 1:colcon.colcon_core.environment:create_file_with_runtime_dependencies(/home/user05/colcon_ws/install/srvmsg/share/colcon-core/packages/srvmsg)
[1.006s] Level 1:colcon.colcon_core.environment:create_environment_scripts_only(srvmsg)
[1.006s] Level 1:colcon.colcon_core.environment:checking '/home/user05/colcon_ws/install/srvmsg' for CMake module files
[1.006s] Level 1:colcon.colcon_core.environment:checking '/home/user05/colcon_ws/install/srvmsg' for CMake config files
[1.006s] Level 1:colcon.colcon_core.shell:create_environment_hook('srvmsg', 'cmake_prefix_path')
[1.007s] INFO:colcon.colcon_core.shell:Creating environment hook '/home/user05/colcon_ws/install/srvmsg/share/srvmsg/hook/cmake_prefix_path.ps1'
[1.007s] INFO:colcon.colcon_core.shell:Creating environment descriptor '/home/user05/colcon_ws/install/srvmsg/share/srvmsg/hook/cmake_prefix_path.dsv'
[1.007s] INFO:colcon.colcon_core.shell:Creating environment hook '/home/user05/colcon_ws/install/srvmsg/share/srvmsg/hook/cmake_prefix_path.sh'
[1.008s] Level 1:colcon.colcon_core.environment:checking '/home/user05/colcon_ws/install/srvmsg/lib'
[1.008s] Level 1:colcon.colcon_core.environment:checking '/home/user05/colcon_ws/install/srvmsg/bin'
[1.008s] Level 1:colcon.colcon_core.environment:checking '/home/user05/colcon_ws/install/srvmsg/lib/pkgconfig/srvmsg.pc'
[1.008s] Level 1:colcon.colcon_core.environment:checking '/home/user05/colcon_ws/install/srvmsg/lib/python3.12/site-packages'
[1.008s] Level 1:colcon.colcon_core.environment:checking '/home/user05/colcon_ws/install/srvmsg/bin'
[1.008s] INFO:colcon.colcon_core.shell:Creating package script '/home/user05/colcon_ws/install/srvmsg/share/srvmsg/package.ps1'
[1.009s] INFO:colcon.colcon_core.shell:Creating package descriptor '/home/user05/colcon_ws/install/srvmsg/share/srvmsg/package.dsv'
[1.009s] INFO:colcon.colcon_core.shell:Creating package script '/home/user05/colcon_ws/install/srvmsg/share/srvmsg/package.sh'
[1.010s] INFO:colcon.colcon_core.shell:Creating package script '/home/user05/colcon_ws/install/srvmsg/share/srvmsg/package.bash'
[1.010s] INFO:colcon.colcon_core.shell:Creating package script '/home/user05/colcon_ws/install/srvmsg/share/srvmsg/package.zsh'
[1.010s] Level 1:colcon.colcon_core.environment:create_file_with_runtime_dependencies(/home/user05/colcon_ws/install/srvmsg/share/colcon-core/packages/srvmsg)
[1.478s] DEBUG:colcon.colcon_core.event_handler.log_command:Invoking command in '/home/user05/colcon_ws/src/pubscore_5': DEBUGINFOD_URLS=https://debuginfod.ubuntu.com PYTHONPATH=/home/user05/colcon_ws/build/pubscore_5/prefix_override:/usr/lib/python3/dist-packages/colcon_core/task/python/colcon_distutils_commands:/home/user05/colcon_ws/install/pubscore_5/lib/python3.12/site-packages:${PYTHONPATH} /usr/bin/python3 -W ignore:setup.py install is deprecated -W ignore:easy_install command is deprecated setup.py egg_info --egg-base ../../build/pubscore_5 build --build-base /home/user05/colcon_ws/build/pubscore_5/build install --record /home/user05/colcon_ws/build/pubscore_5/install.log --single-version-externally-managed install_data
[2.087s] Level 1:colcon.colcon_core.environment:checking '/home/user05/colcon_ws/install/pubscore_5' for CMake module files
[2.087s] DEBUG:colcon.colcon_core.event_handler.log_command:Invoked command in '/home/user05/colcon_ws/src/pubscore_5' returned '0': DEBUGINFOD_URLS=https://debuginfod.ubuntu.com PYTHONPATH=/home/user05/colcon_ws/build/pubscore_5/prefix_override:/usr/lib/python3/dist-packages/colcon_core/task/python/colcon_distutils_commands:/home/user05/colcon_ws/install/pubscore_5/lib/python3.12/site-packages:${PYTHONPATH} /usr/bin/python3 -W ignore:setup.py install is deprecated -W ignore:easy_install command is deprecated setup.py egg_info --egg-base ../../build/pubscore_5 build --build-base /home/user05/colcon_ws/build/pubscore_5/build install --record /home/user05/colcon_ws/build/pubscore_5/install.log --single-version-externally-managed install_data
[2.087s] Level 1:colcon.colcon_core.environment:checking '/home/user05/colcon_ws/install/pubscore_5' for CMake config files
[2.088s] Level 1:colcon.colcon_core.environment:checking '/home/user05/colcon_ws/install/pubscore_5/lib'
[2.088s] Level 1:colcon.colcon_core.environment:checking '/home/user05/colcon_ws/install/pubscore_5/bin'
[2.088s] Level 1:colcon.colcon_core.environment:checking '/home/user05/colcon_ws/install/pubscore_5/lib/pkgconfig/pubscore_5.pc'
[2.088s] Level 1:colcon.colcon_core.environment:checking '/home/user05/colcon_ws/install/pubscore_5/lib/python3.12/site-packages'
[2.088s] Level 1:colcon.colcon_core.shell:create_environment_hook('pubscore_5', 'pythonpath')
[2.089s] INFO:colcon.colcon_core.shell:Creating environment hook '/home/user05/colcon_ws/install/pubscore_5/share/pubscore_5/hook/pythonpath.ps1'
[2.089s] INFO:colcon.colcon_core.shell:Creating environment descriptor '/home/user05/colcon_ws/install/pubscore_5/share/pubscore_5/hook/pythonpath.dsv'
[2.089s] INFO:colcon.colcon_core.shell:Creating environment hook '/home/user05/colcon_ws/install/pubscore_5/share/pubscore_5/hook/pythonpath.sh'
[2.090s] Level 1:colcon.colcon_core.environment:checking '/home/user05/colcon_ws/install/pubscore_5/bin'
[2.090s] Level 1:colcon.colcon_core.environment:create_environment_scripts_only(pubscore_5)
[2.090s] INFO:colcon.colcon_core.shell:Creating package script '/home/user05/colcon_ws/install/pubscore_5/share/pubscore_5/package.ps1'
[2.091s] INFO:colcon.colcon_core.shell:Creating package descriptor '/home/user05/colcon_ws/install/pubscore_5/share/pubscore_5/package.dsv'
[2.091s] INFO:colcon.colcon_core.shell:Creating package script '/home/user05/colcon_ws/install/pubscore_5/share/pubscore_5/package.sh'
[2.091s] INFO:colcon.colcon_core.shell:Creating package script '/home/user05/colcon_ws/install/pubscore_5/share/pubscore_5/package.bash'
[2.092s] INFO:colcon.colcon_core.shell:Creating package script '/home/user05/colcon_ws/install/pubscore_5/share/pubscore_5/package.zsh'
[2.092s] Level 1:colcon.colcon_core.environment:create_file_with_runtime_dependencies(/home/user05/colcon_ws/install/pubscore_5/share/colcon-core/packages/pubscore_5)
[2.092s] DEBUG:colcon.colcon_parallel_executor.executor.parallel:closing loop
[2.093s] DEBUG:colcon.colcon_parallel_executor.executor.parallel:loop closed
[2.093s] DEBUG:colcon.colcon_parallel_executor.executor.parallel:run_until_complete finished with '0'
[2.093s] DEBUG:colcon.colcon_core.event_reactor:joining thread
[2.099s] INFO:colcon.colcon_core.plugin_system:Skipping extension 'colcon_notification.desktop_notification.terminal_notifier': Not used on non-Darwin systems
[2.099s] INFO:colcon.colcon_core.plugin_system:Skipping extension 'colcon_notification.desktop_notification.win32': Not used on non-Windows systems
[2.099s] INFO:colcon.colcon_notification.desktop_notification:Sending desktop notification using 'notify2'
[2.123s] DEBUG:colcon.colcon_core.event_reactor:joined thread
[2.123s] INFO:colcon.colcon_core.shell:Creating prefix script '/home/user05/colcon_ws/install/local_setup.ps1'
[2.124s] INFO:colcon.colcon_core.shell:Creating prefix util module '/home/user05/colcon_ws/install/_local_setup_util_ps1.py'
[2.126s] INFO:colcon.colcon_core.shell:Creating prefix chain script '/home/user05/colcon_ws/install/setup.ps1'
[2.128s] INFO:colcon.colcon_core.shell:Creating prefix script '/home/user05/colcon_ws/install/local_setup.sh'
[2.128s] INFO:colcon.colcon_core.shell:Creating prefix util module '/home/user05/colcon_ws/install/_local_setup_util_sh.py'
[2.129s] INFO:colcon.colcon_core.shell:Creating prefix chain script '/home/user05/colcon_ws/install/setup.sh'
[2.131s] INFO:colcon.colcon_core.shell:Creating prefix script '/home/user05/colcon_ws/install/local_setup.bash'
[2.132s] INFO:colcon.colcon_core.shell:Creating prefix chain script '/home/user05/colcon_ws/install/setup.bash'
[2.135s] INFO:colcon.colcon_core.shell:Creating prefix script '/home/user05/colcon_ws/install/local_setup.zsh'
[2.136s] INFO:colcon.colcon_core.shell:Creating prefix chain script '/home/user05/colcon_ws/install/setup.zsh'
