[0.028s] Invoking command in '/home/user05/colcon_ws/build/msg_service': CMAKE_PREFIX_PATH=${CMAKE_PREFIX_PATH}:/home/user05/colcon_ws/install/pubscore_5:/opt/ros/jazzy DEBUGINFOD_URLS=https://debuginfod.ubuntu.com /usr/bin/cmake --build /home/user05/colcon_ws/build/msg_service -- -j12 -l12
[0.279s] Invoked command in '/home/user05/colcon_ws/build/msg_service' returned '0': CMAKE_PREFIX_PATH=${CMAKE_PREFIX_PATH}:/home/user05/colcon_ws/install/pubscore_5:/opt/ros/jazzy DEBUGINFOD_URLS=https://debuginfod.ubuntu.com /usr/bin/cmake --build /home/user05/colcon_ws/build/msg_service -- -j12 -l12
[0.286s] Invoking command in '/home/user05/colcon_ws/build/msg_service': CMAKE_PREFIX_PATH=${CMAKE_PREFIX_PATH}:/home/user05/colcon_ws/install/pubscore_5:/opt/ros/jazzy DEBUGINFOD_URLS=https://debuginfod.ubuntu.com /usr/bin/cmake --install /home/user05/colcon_ws/build/msg_service
[0.293s] -- Install configuration: ""
[0.293s] -- Up-to-date: /home/user05/colcon_ws/install/msg_service/share/ament_index/resource_index/package_run_dependencies/msg_service
[0.293s] -- Up-to-date: /home/user05/colcon_ws/install/msg_service/share/ament_index/resource_index/parent_prefix_path/msg_service
[0.293s] -- Up-to-date: /home/user05/colcon_ws/install/msg_service/share/msg_service/environment/ament_prefix_path.sh
[0.293s] -- Up-to-date: /home/user05/colcon_ws/install/msg_service/share/msg_service/environment/ament_prefix_path.dsv
[0.293s] -- Up-to-date: /home/user05/colcon_ws/install/msg_service/share/msg_service/environment/path.sh
[0.293s] -- Up-to-date: /home/user05/colcon_ws/install/msg_service/share/msg_service/environment/path.dsv
[0.293s] -- Up-to-date: /home/user05/colcon_ws/install/msg_service/share/msg_service/local_setup.bash
[0.293s] -- Up-to-date: /home/user05/colcon_ws/install/msg_service/share/msg_service/local_setup.sh
[0.294s] -- Up-to-date: /home/user05/colcon_ws/install/msg_service/share/msg_service/local_setup.zsh
[0.294s] -- Up-to-date: /home/user05/colcon_ws/install/msg_service/share/msg_service/local_setup.dsv
[0.294s] -- Installing: /home/user05/colcon_ws/install/msg_service/share/msg_service/package.dsv
[0.294s] -- Up-to-date: /home/user05/colcon_ws/install/msg_service/share/ament_index/resource_index/packages/msg_service
[0.294s] -- Up-to-date: /home/user05/colcon_ws/install/msg_service/share/msg_service/cmake/msg_serviceConfig.cmake
[0.294s] -- Up-to-date: /home/user05/colcon_ws/install/msg_service/share/msg_service/cmake/msg_serviceConfig-version.cmake
[0.294s] -- Up-to-date: /home/user05/colcon_ws/install/msg_service/share/msg_service/package.xml
[0.295s] Invoked command in '/home/user05/colcon_ws/build/msg_service' returned '0': CMAKE_PREFIX_PATH=${CMAKE_PREFIX_PATH}:/home/user05/colcon_ws/install/pubscore_5:/opt/ros/jazzy DEBUGINFOD_URLS=https://debuginfod.ubuntu.com /usr/bin/cmake --install /home/user05/colcon_ws/build/msg_service
