[0.699s] Invoking command in '/home/user05/colcon_ws/src/pubscore_5': DEBUGINFOD_URLS=https://debuginfod.ubuntu.com PYTHONPATH=/home/user05/colcon_ws/build/pubscore_5/prefix_override:/usr/lib/python3/dist-packages/colcon_core/task/python/colcon_distutils_commands:/home/user05/colcon_ws/install/pubscore_5/lib/python3.12/site-packages:${PYTHONPATH} /usr/bin/python3 -W ignore:setup.py install is deprecated -W ignore:easy_install command is deprecated setup.py egg_info --egg-base ../../build/pubscore_5 build --build-base /home/user05/colcon_ws/build/pubscore_5/build install --record /home/user05/colcon_ws/build/pubscore_5/install.log --single-version-externally-managed install_data
[0.942s] running egg_info
[0.961s] writing ../../build/pubscore_5/pubscore_5.egg-info/PKG-INFO
[0.961s] writing dependency_links to ../../build/pubscore_5/pubscore_5.egg-info/dependency_links.txt
[0.961s] writing entry points to ../../build/pubscore_5/pubscore_5.egg-info/entry_points.txt
[0.962s] writing requirements to ../../build/pubscore_5/pubscore_5.egg-info/requires.txt
[0.962s] writing top-level names to ../../build/pubscore_5/pubscore_5.egg-info/top_level.txt
[1.000s] reading manifest file '../../build/pubscore_5/pubscore_5.egg-info/SOURCES.txt'
[1.001s] writing manifest file '../../build/pubscore_5/pubscore_5.egg-info/SOURCES.txt'
[1.002s] running build
[1.003s] running build_py
[1.003s] running install
[1.007s] running install_lib
[1.028s] running install_data
[1.028s] running install_egg_info
[1.048s] removing '/home/user05/colcon_ws/install/pubscore_5/lib/python3.12/site-packages/pubscore_5-0.0.0-py3.12.egg-info' (and everything under it)
[1.049s] Copying ../../build/pubscore_5/pubscore_5.egg-info to /home/user05/colcon_ws/install/pubscore_5/lib/python3.12/site-packages/pubscore_5-0.0.0-py3.12.egg-info
[1.049s] running install_scripts
[1.169s] Installing listener script to /home/user05/colcon_ws/install/pubscore_5/lib/pubscore_5
[1.169s] Installing processor script to /home/user05/colcon_ws/install/pubscore_5/lib/pubscore_5
[1.170s] Installing publisher script to /home/user05/colcon_ws/install/pubscore_5/lib/pubscore_5
[1.170s] Installing talker script to /home/user05/colcon_ws/install/pubscore_5/lib/pubscore_5
[1.170s] writing list of installed files to '/home/user05/colcon_ws/build/pubscore_5/install.log'
[1.191s] Invoked command in '/home/user05/colcon_ws/src/pubscore_5' returned '0': DEBUGINFOD_URLS=https://debuginfod.ubuntu.com PYTHONPATH=/home/user05/colcon_ws/build/pubscore_5/prefix_override:/usr/lib/python3/dist-packages/colcon_core/task/python/colcon_distutils_commands:/home/user05/colcon_ws/install/pubscore_5/lib/python3.12/site-packages:${PYTHONPATH} /usr/bin/python3 -W ignore:setup.py install is deprecated -W ignore:easy_install command is deprecated setup.py egg_info --egg-base ../../build/pubscore_5 build --build-base /home/user05/colcon_ws/build/pubscore_5/build install --record /home/user05/colcon_ws/build/pubscore_5/install.log --single-version-externally-managed install_data
