[0.051s] Invoking command in '/home/user05/colcon_ws/build/custom_interfaces': CMAKE_PREFIX_PATH=${CMAKE_PREFIX_PATH}:/home/user05/colcon_ws/install/pubscore_5:/opt/ros/jazzy DEBUGINFOD_URLS=https://debuginfod.ubuntu.com /usr/bin/cmake --build /home/user05/colcon_ws/build/custom_interfaces -- -j12 -l12
[0.383s] [  2%] Built target custom_interfaces__rosidl_generator_type_description
[0.383s] [  4%] Built target custom_interfaces__rs
[0.383s] [  4%] Built target ament_cmake_python_copy_custom_interfaces
[0.383s] [ 24%] Built target custom_interfaces__rosidl_generator_c
[0.384s] [ 24%] Built target custom_interfaces__cpp
[0.384s] [ 33%] Built target custom_interfaces__rosidl_typesupport_introspection_c
[0.384s] [ 42%] Built target custom_interfaces__rosidl_typesupport_c
[0.384s] [ 51%] Built target custom_interfaces__rosidl_typesupport_fastrtps_c
[0.385s] [ 77%] Built target custom_interfaces__rosidl_typesupport_fastrtps_cpp
[0.385s] [ 77%] Built target custom_interfaces__rosidl_typesupport_introspection_cpp
[0.385s] [ 77%] Built target custom_interfaces__rosidl_typesupport_cpp
[0.385s] [ 77%] Built target custom_interfaces
[0.385s] [ 80%] Built target custom_interfaces__py
[0.386s] [ 86%] Built target custom_interfaces__rosidl_generator_py
[0.386s] [ 91%] Built target custom_interfaces_s__rosidl_typesupport_introspection_c
[0.386s] [ 95%] Built target custom_interfaces_s__rosidl_typesupport_c
[0.387s] [100%] Built target custom_interfaces_s__rosidl_typesupport_fastrtps_c
[0.449s] running egg_info
[0.478s] writing custom_interfaces.egg-info/PKG-INFO
[0.478s] writing dependency_links to custom_interfaces.egg-info/dependency_links.txt
[0.478s] writing top-level names to custom_interfaces.egg-info/top_level.txt
[0.562s] reading manifest file 'custom_interfaces.egg-info/SOURCES.txt'
[0.562s] writing manifest file 'custom_interfaces.egg-info/SOURCES.txt'
[0.603s] [100%] Built target ament_cmake_python_build_custom_interfaces_egg
[0.617s] Invoked command in '/home/user05/colcon_ws/build/custom_interfaces' returned '0': CMAKE_PREFIX_PATH=${CMAKE_PREFIX_PATH}:/home/user05/colcon_ws/install/pubscore_5:/opt/ros/jazzy DEBUGINFOD_URLS=https://debuginfod.ubuntu.com /usr/bin/cmake --build /home/user05/colcon_ws/build/custom_interfaces -- -j12 -l12
[0.618s] Invoking command in '/home/user05/colcon_ws/build/custom_interfaces': CMAKE_PREFIX_PATH=${CMAKE_PREFIX_PATH}:/home/user05/colcon_ws/install/pubscore_5:/opt/ros/jazzy DEBUGINFOD_URLS=https://debuginfod.ubuntu.com /usr/bin/cmake --install /home/user05/colcon_ws/build/custom_interfaces
[0.629s] -- Install configuration: ""
[0.629s] -- Up-to-date: /home/user05/colcon_ws/install/custom_interfaces/share/ament_index/resource_index/rosidl_interfaces/custom_interfaces
[0.630s] -- Up-to-date: /home/user05/colcon_ws/install/custom_interfaces/share/custom_interfaces/msg/Num.json
[0.631s] -- Up-to-date: /home/user05/colcon_ws/install/custom_interfaces/share/custom_interfaces/srv/AddTwoInts.json
[0.631s] -- Up-to-date: /home/user05/colcon_ws/install/custom_interfaces/include/custom_interfaces/custom_interfaces
[0.631s] -- Up-to-date: /home/user05/colcon_ws/install/custom_interfaces/include/custom_interfaces/custom_interfaces/msg
[0.632s] -- Up-to-date: /home/user05/colcon_ws/install/custom_interfaces/include/custom_interfaces/custom_interfaces/msg/num.h
[0.632s] -- Up-to-date: /home/user05/colcon_ws/install/custom_interfaces/include/custom_interfaces/custom_interfaces/msg/rosidl_generator_c__visibility_control.h
[0.632s] -- Up-to-date: /home/user05/colcon_ws/install/custom_interfaces/include/custom_interfaces/custom_interfaces/msg/detail
[0.632s] -- Up-to-date: /home/user05/colcon_ws/install/custom_interfaces/include/custom_interfaces/custom_interfaces/msg/detail/num__functions.h
[0.633s] -- Up-to-date: /home/user05/colcon_ws/install/custom_interfaces/include/custom_interfaces/custom_interfaces/msg/detail/num__type_support.h
[0.633s] -- Up-to-date: /home/user05/colcon_ws/install/custom_interfaces/include/custom_interfaces/custom_interfaces/msg/detail/num__functions.c
[0.633s] -- Up-to-date: /home/user05/colcon_ws/install/custom_interfaces/include/custom_interfaces/custom_interfaces/msg/detail/num__type_support.c
[0.633s] -- Up-to-date: /home/user05/colcon_ws/install/custom_interfaces/include/custom_interfaces/custom_interfaces/msg/detail/num__description.c
[0.633s] -- Up-to-date: /home/user05/colcon_ws/install/custom_interfaces/include/custom_interfaces/custom_interfaces/msg/detail/num__struct.h
[0.633s] -- Up-to-date: /home/user05/colcon_ws/install/custom_interfaces/include/custom_interfaces/custom_interfaces/srv
[0.634s] -- Up-to-date: /home/user05/colcon_ws/install/custom_interfaces/include/custom_interfaces/custom_interfaces/srv/add_two_ints.h
[0.634s] -- Up-to-date: /home/user05/colcon_ws/install/custom_interfaces/include/custom_interfaces/custom_interfaces/srv/detail
[0.634s] -- Up-to-date: /home/user05/colcon_ws/install/custom_interfaces/include/custom_interfaces/custom_interfaces/srv/detail/add_two_ints__functions.c
[0.634s] -- Up-to-date: /home/user05/colcon_ws/install/custom_interfaces/include/custom_interfaces/custom_interfaces/srv/detail/add_two_ints__struct.h
[0.634s] -- Up-to-date: /home/user05/colcon_ws/install/custom_interfaces/include/custom_interfaces/custom_interfaces/srv/detail/add_two_ints__type_support.h
[0.634s] -- Up-to-date: /home/user05/colcon_ws/install/custom_interfaces/include/custom_interfaces/custom_interfaces/srv/detail/add_two_ints__description.c
[0.634s] -- Up-to-date: /home/user05/colcon_ws/install/custom_interfaces/include/custom_interfaces/custom_interfaces/srv/detail/add_two_ints__functions.h
[0.635s] -- Up-to-date: /home/user05/colcon_ws/install/custom_interfaces/include/custom_interfaces/custom_interfaces/srv/detail/add_two_ints__type_support.c
[0.635s] -- Up-to-date: /home/user05/colcon_ws/install/custom_interfaces/share/custom_interfaces/environment/library_path.sh
[0.635s] -- Up-to-date: /home/user05/colcon_ws/install/custom_interfaces/share/custom_interfaces/environment/library_path.dsv
[0.635s] -- Up-to-date: /home/user05/colcon_ws/install/custom_interfaces/lib/libcustom_interfaces__rosidl_generator_c.so
[0.635s] -- Up-to-date: /home/user05/colcon_ws/install/custom_interfaces/include/custom_interfaces/custom_interfaces
[0.635s] -- Up-to-date: /home/user05/colcon_ws/install/custom_interfaces/include/custom_interfaces/custom_interfaces/msg
[0.635s] -- Up-to-date: /home/user05/colcon_ws/install/custom_interfaces/include/custom_interfaces/custom_interfaces/msg/rosidl_typesupport_fastrtps_c__visibility_control.h
[0.636s] -- Up-to-date: /home/user05/colcon_ws/install/custom_interfaces/include/custom_interfaces/custom_interfaces/msg/detail
[0.636s] -- Up-to-date: /home/user05/colcon_ws/install/custom_interfaces/include/custom_interfaces/custom_interfaces/msg/detail/num__rosidl_typesupport_fastrtps_c.h
[0.636s] -- Up-to-date: /home/user05/colcon_ws/install/custom_interfaces/include/custom_interfaces/custom_interfaces/srv
[0.636s] -- Up-to-date: /home/user05/colcon_ws/install/custom_interfaces/include/custom_interfaces/custom_interfaces/srv/detail
[0.636s] -- Up-to-date: /home/user05/colcon_ws/install/custom_interfaces/include/custom_interfaces/custom_interfaces/srv/detail/add_two_ints__rosidl_typesupport_fastrtps_c.h
[0.637s] -- Up-to-date: /home/user05/colcon_ws/install/custom_interfaces/lib/libcustom_interfaces__rosidl_typesupport_fastrtps_c.so
[0.637s] -- Up-to-date: /home/user05/colcon_ws/install/custom_interfaces/include/custom_interfaces/custom_interfaces
[0.637s] -- Up-to-date: /home/user05/colcon_ws/install/custom_interfaces/include/custom_interfaces/custom_interfaces/msg
[0.637s] -- Up-to-date: /home/user05/colcon_ws/install/custom_interfaces/include/custom_interfaces/custom_interfaces/msg/rosidl_typesupport_introspection_c__visibility_control.h
[0.637s] -- Up-to-date: /home/user05/colcon_ws/install/custom_interfaces/include/custom_interfaces/custom_interfaces/msg/detail
[0.637s] -- Up-to-date: /home/user05/colcon_ws/install/custom_interfaces/include/custom_interfaces/custom_interfaces/msg/detail/num__type_support.c
[0.637s] -- Up-to-date: /home/user05/colcon_ws/install/custom_interfaces/include/custom_interfaces/custom_interfaces/msg/detail/num__rosidl_typesupport_introspection_c.h
[0.638s] -- Up-to-date: /home/user05/colcon_ws/install/custom_interfaces/include/custom_interfaces/custom_interfaces/srv
[0.638s] -- Up-to-date: /home/user05/colcon_ws/install/custom_interfaces/include/custom_interfaces/custom_interfaces/srv/detail
[0.638s] -- Up-to-date: /home/user05/colcon_ws/install/custom_interfaces/include/custom_interfaces/custom_interfaces/srv/detail/add_two_ints__rosidl_typesupport_introspection_c.h
[0.638s] -- Up-to-date: /home/user05/colcon_ws/install/custom_interfaces/include/custom_interfaces/custom_interfaces/srv/detail/add_two_ints__type_support.c
[0.638s] -- Up-to-date: /home/user05/colcon_ws/install/custom_interfaces/lib/libcustom_interfaces__rosidl_typesupport_introspection_c.so
[0.638s] -- Up-to-date: /home/user05/colcon_ws/install/custom_interfaces/lib/libcustom_interfaces__rosidl_typesupport_c.so
[0.638s] -- Up-to-date: /home/user05/colcon_ws/install/custom_interfaces/include/custom_interfaces/custom_interfaces
[0.638s] -- Up-to-date: /home/user05/colcon_ws/install/custom_interfaces/include/custom_interfaces/custom_interfaces/msg
[0.639s] -- Up-to-date: /home/user05/colcon_ws/install/custom_interfaces/include/custom_interfaces/custom_interfaces/msg/num.hpp
[0.639s] -- Up-to-date: /home/user05/colcon_ws/install/custom_interfaces/include/custom_interfaces/custom_interfaces/msg/rosidl_generator_cpp__visibility_control.hpp
[0.639s] -- Up-to-date: /home/user05/colcon_ws/install/custom_interfaces/include/custom_interfaces/custom_interfaces/msg/detail
[0.639s] -- Up-to-date: /home/user05/colcon_ws/install/custom_interfaces/include/custom_interfaces/custom_interfaces/msg/detail/num__type_support.hpp
[0.639s] -- Up-to-date: /home/user05/colcon_ws/install/custom_interfaces/include/custom_interfaces/custom_interfaces/msg/detail/num__builder.hpp
[0.639s] -- Up-to-date: /home/user05/colcon_ws/install/custom_interfaces/include/custom_interfaces/custom_interfaces/msg/detail/num__struct.hpp
[0.639s] -- Up-to-date: /home/user05/colcon_ws/install/custom_interfaces/include/custom_interfaces/custom_interfaces/msg/detail/num__traits.hpp
[0.639s] -- Up-to-date: /home/user05/colcon_ws/install/custom_interfaces/include/custom_interfaces/custom_interfaces/srv
[0.639s] -- Up-to-date: /home/user05/colcon_ws/install/custom_interfaces/include/custom_interfaces/custom_interfaces/srv/add_two_ints.hpp
[0.639s] -- Up-to-date: /home/user05/colcon_ws/install/custom_interfaces/include/custom_interfaces/custom_interfaces/srv/detail
[0.640s] -- Up-to-date: /home/user05/colcon_ws/install/custom_interfaces/include/custom_interfaces/custom_interfaces/srv/detail/add_two_ints__struct.hpp
[0.640s] -- Up-to-date: /home/user05/colcon_ws/install/custom_interfaces/include/custom_interfaces/custom_interfaces/srv/detail/add_two_ints__traits.hpp
[0.640s] -- Up-to-date: /home/user05/colcon_ws/install/custom_interfaces/include/custom_interfaces/custom_interfaces/srv/detail/add_two_ints__type_support.hpp
[0.640s] -- Up-to-date: /home/user05/colcon_ws/install/custom_interfaces/include/custom_interfaces/custom_interfaces/srv/detail/add_two_ints__builder.hpp
[0.640s] -- Up-to-date: /home/user05/colcon_ws/install/custom_interfaces/include/custom_interfaces/custom_interfaces
[0.640s] -- Up-to-date: /home/user05/colcon_ws/install/custom_interfaces/include/custom_interfaces/custom_interfaces/msg
[0.640s] -- Up-to-date: /home/user05/colcon_ws/install/custom_interfaces/include/custom_interfaces/custom_interfaces/msg/rosidl_typesupport_fastrtps_cpp__visibility_control.h
[0.641s] -- Up-to-date: /home/user05/colcon_ws/install/custom_interfaces/include/custom_interfaces/custom_interfaces/msg/detail
[0.641s] -- Up-to-date: /home/user05/colcon_ws/install/custom_interfaces/include/custom_interfaces/custom_interfaces/msg/detail/num__rosidl_typesupport_fastrtps_cpp.hpp
[0.641s] -- Up-to-date: /home/user05/colcon_ws/install/custom_interfaces/include/custom_interfaces/custom_interfaces/msg/detail/dds_fastrtps
[0.641s] -- Up-to-date: /home/user05/colcon_ws/install/custom_interfaces/include/custom_interfaces/custom_interfaces/srv
[0.642s] -- Up-to-date: /home/user05/colcon_ws/install/custom_interfaces/include/custom_interfaces/custom_interfaces/srv/detail
[0.642s] -- Up-to-date: /home/user05/colcon_ws/install/custom_interfaces/include/custom_interfaces/custom_interfaces/srv/detail/add_two_ints__rosidl_typesupport_fastrtps_cpp.hpp
[0.642s] -- Up-to-date: /home/user05/colcon_ws/install/custom_interfaces/include/custom_interfaces/custom_interfaces/srv/detail/dds_fastrtps
[0.642s] -- Up-to-date: /home/user05/colcon_ws/install/custom_interfaces/lib/libcustom_interfaces__rosidl_typesupport_fastrtps_cpp.so
[0.642s] -- Up-to-date: /home/user05/colcon_ws/install/custom_interfaces/include/custom_interfaces/custom_interfaces
[0.642s] -- Up-to-date: /home/user05/colcon_ws/install/custom_interfaces/include/custom_interfaces/custom_interfaces/msg
[0.642s] -- Up-to-date: /home/user05/colcon_ws/install/custom_interfaces/include/custom_interfaces/custom_interfaces/msg/detail
[0.642s] -- Up-to-date: /home/user05/colcon_ws/install/custom_interfaces/include/custom_interfaces/custom_interfaces/msg/detail/num__type_support.cpp
[0.642s] -- Up-to-date: /home/user05/colcon_ws/install/custom_interfaces/include/custom_interfaces/custom_interfaces/msg/detail/num__rosidl_typesupport_introspection_cpp.hpp
[0.643s] -- Up-to-date: /home/user05/colcon_ws/install/custom_interfaces/include/custom_interfaces/custom_interfaces/srv
[0.643s] -- Up-to-date: /home/user05/colcon_ws/install/custom_interfaces/include/custom_interfaces/custom_interfaces/srv/detail
[0.643s] -- Up-to-date: /home/user05/colcon_ws/install/custom_interfaces/include/custom_interfaces/custom_interfaces/srv/detail/add_two_ints__rosidl_typesupport_introspection_cpp.hpp
[0.643s] -- Up-to-date: /home/user05/colcon_ws/install/custom_interfaces/include/custom_interfaces/custom_interfaces/srv/detail/add_two_ints__type_support.cpp
[0.643s] -- Up-to-date: /home/user05/colcon_ws/install/custom_interfaces/lib/libcustom_interfaces__rosidl_typesupport_introspection_cpp.so
[0.643s] -- Up-to-date: /home/user05/colcon_ws/install/custom_interfaces/lib/libcustom_interfaces__rosidl_typesupport_cpp.so
[0.644s] -- Up-to-date: /home/user05/colcon_ws/install/custom_interfaces/share/custom_interfaces/environment/pythonpath.sh
[0.644s] -- Up-to-date: /home/user05/colcon_ws/install/custom_interfaces/share/custom_interfaces/environment/pythonpath.dsv
[0.644s] -- Up-to-date: /home/user05/colcon_ws/install/custom_interfaces/lib/python3.12/site-packages/custom_interfaces-0.0.0-py3.12.egg-info
[0.644s] -- Installing: /home/user05/colcon_ws/install/custom_interfaces/lib/python3.12/site-packages/custom_interfaces-0.0.0-py3.12.egg-info/dependency_links.txt
[0.644s] -- Installing: /home/user05/colcon_ws/install/custom_interfaces/lib/python3.12/site-packages/custom_interfaces-0.0.0-py3.12.egg-info/SOURCES.txt
[0.644s] -- Installing: /home/user05/colcon_ws/install/custom_interfaces/lib/python3.12/site-packages/custom_interfaces-0.0.0-py3.12.egg-info/PKG-INFO
[0.644s] -- Installing: /home/user05/colcon_ws/install/custom_interfaces/lib/python3.12/site-packages/custom_interfaces-0.0.0-py3.12.egg-info/top_level.txt
[0.644s] -- Up-to-date: /home/user05/colcon_ws/install/custom_interfaces/lib/python3.12/site-packages/custom_interfaces
[0.645s] -- Up-to-date: /home/user05/colcon_ws/install/custom_interfaces/lib/python3.12/site-packages/custom_interfaces/custom_interfaces_s__rosidl_typesupport_introspection_c.so
[0.645s] -- Up-to-date: /home/user05/colcon_ws/install/custom_interfaces/lib/python3.12/site-packages/custom_interfaces/_custom_interfaces_s.ep.rosidl_typesupport_introspection_c.c
[0.645s] -- Up-to-date: /home/user05/colcon_ws/install/custom_interfaces/lib/python3.12/site-packages/custom_interfaces/custom_interfaces_s__rosidl_typesupport_fastrtps_c.so
[0.645s] -- Up-to-date: /home/user05/colcon_ws/install/custom_interfaces/lib/python3.12/site-packages/custom_interfaces/msg
[0.645s] -- Up-to-date: /home/user05/colcon_ws/install/custom_interfaces/lib/python3.12/site-packages/custom_interfaces/msg/_num_s.c
[0.645s] -- Up-to-date: /home/user05/colcon_ws/install/custom_interfaces/lib/python3.12/site-packages/custom_interfaces/msg/_num.py
[0.645s] -- Up-to-date: /home/user05/colcon_ws/install/custom_interfaces/lib/python3.12/site-packages/custom_interfaces/msg/__init__.py
[0.645s] -- Up-to-date: /home/user05/colcon_ws/install/custom_interfaces/lib/python3.12/site-packages/custom_interfaces/custom_interfaces_s__rosidl_typesupport_c.so
[0.646s] -- Up-to-date: /home/user05/colcon_ws/install/custom_interfaces/lib/python3.12/site-packages/custom_interfaces/_custom_interfaces_s.ep.rosidl_typesupport_c.c
[0.646s] -- Up-to-date: /home/user05/colcon_ws/install/custom_interfaces/lib/python3.12/site-packages/custom_interfaces/srv
[0.646s] -- Up-to-date: /home/user05/colcon_ws/install/custom_interfaces/lib/python3.12/site-packages/custom_interfaces/srv/_add_two_ints_s.c
[0.646s] -- Up-to-date: /home/user05/colcon_ws/install/custom_interfaces/lib/python3.12/site-packages/custom_interfaces/srv/_add_two_ints.py
[0.646s] -- Up-to-date: /home/user05/colcon_ws/install/custom_interfaces/lib/python3.12/site-packages/custom_interfaces/srv/__init__.py
[0.646s] -- Up-to-date: /home/user05/colcon_ws/install/custom_interfaces/lib/python3.12/site-packages/custom_interfaces/_custom_interfaces_s.ep.rosidl_typesupport_fastrtps_c.c
[0.646s] -- Up-to-date: /home/user05/colcon_ws/install/custom_interfaces/lib/python3.12/site-packages/custom_interfaces/__init__.py
[0.677s] Listing '/home/user05/colcon_ws/install/custom_interfaces/lib/python3.12/site-packages/custom_interfaces'...
[0.677s] Listing '/home/user05/colcon_ws/install/custom_interfaces/lib/python3.12/site-packages/custom_interfaces/msg'...
[0.677s] Listing '/home/user05/colcon_ws/install/custom_interfaces/lib/python3.12/site-packages/custom_interfaces/srv'...
[0.684s] -- Up-to-date: /home/user05/colcon_ws/install/custom_interfaces/lib/python3.12/site-packages/custom_interfaces/custom_interfaces_s__rosidl_typesupport_fastrtps_c.so
[0.684s] -- Up-to-date: /home/user05/colcon_ws/install/custom_interfaces/lib/python3.12/site-packages/custom_interfaces/custom_interfaces_s__rosidl_typesupport_introspection_c.so
[0.684s] -- Up-to-date: /home/user05/colcon_ws/install/custom_interfaces/lib/python3.12/site-packages/custom_interfaces/custom_interfaces_s__rosidl_typesupport_c.so
[0.685s] -- Up-to-date: /home/user05/colcon_ws/install/custom_interfaces/lib/libcustom_interfaces__rosidl_generator_py.so
[0.685s] -- Up-to-date: /home/user05/colcon_ws/install/custom_interfaces/share/ament_index/resource_index/rust_packages/custom_interfaces
[0.685s] -- Up-to-date: /home/user05/colcon_ws/install/custom_interfaces/share/custom_interfaces/rust
[0.685s] -- Up-to-date: /home/user05/colcon_ws/install/custom_interfaces/share/custom_interfaces/rust/Cargo.toml
[0.686s] -- Up-to-date: /home/user05/colcon_ws/install/custom_interfaces/share/custom_interfaces/rust/src
[0.686s] -- Up-to-date: /home/user05/colcon_ws/install/custom_interfaces/share/custom_interfaces/rust/src/lib.rs
[0.686s] -- Up-to-date: /home/user05/colcon_ws/install/custom_interfaces/share/custom_interfaces/rust/src/msg
[0.686s] -- Up-to-date: /home/user05/colcon_ws/install/custom_interfaces/share/custom_interfaces/rust/src/msg/rmw.rs
[0.686s] -- Up-to-date: /home/user05/colcon_ws/install/custom_interfaces/share/custom_interfaces/rust/src/srv.rs
[0.686s] -- Up-to-date: /home/user05/colcon_ws/install/custom_interfaces/share/custom_interfaces/rust/src/msg.rs
[0.686s] -- Up-to-date: /home/user05/colcon_ws/install/custom_interfaces/share/custom_interfaces/rust/src/srv
[0.687s] -- Up-to-date: /home/user05/colcon_ws/install/custom_interfaces/share/custom_interfaces/rust/src/srv/rmw.rs
[0.687s] -- Up-to-date: /home/user05/colcon_ws/install/custom_interfaces/share/custom_interfaces/rust/build.rs
[0.687s] -- Up-to-date: /home/user05/colcon_ws/install/custom_interfaces/share/custom_interfaces/msg/Num.idl
[0.687s] -- Up-to-date: /home/user05/colcon_ws/install/custom_interfaces/share/custom_interfaces/srv/AddTwoInts.idl
[0.687s] -- Up-to-date: /home/user05/colcon_ws/install/custom_interfaces/share/custom_interfaces/msg/Num.msg
[0.687s] -- Up-to-date: /home/user05/colcon_ws/install/custom_interfaces/share/custom_interfaces/srv/AddTwoInts.srv
[0.687s] -- Up-to-date: /home/user05/colcon_ws/install/custom_interfaces/share/ament_index/resource_index/package_run_dependencies/custom_interfaces
[0.688s] -- Up-to-date: /home/user05/colcon_ws/install/custom_interfaces/share/ament_index/resource_index/parent_prefix_path/custom_interfaces
[0.688s] -- Up-to-date: /home/user05/colcon_ws/install/custom_interfaces/share/custom_interfaces/environment/ament_prefix_path.sh
[0.688s] -- Up-to-date: /home/user05/colcon_ws/install/custom_interfaces/share/custom_interfaces/environment/ament_prefix_path.dsv
[0.688s] -- Up-to-date: /home/user05/colcon_ws/install/custom_interfaces/share/custom_interfaces/environment/path.sh
[0.688s] -- Up-to-date: /home/user05/colcon_ws/install/custom_interfaces/share/custom_interfaces/environment/path.dsv
[0.688s] -- Up-to-date: /home/user05/colcon_ws/install/custom_interfaces/share/custom_interfaces/local_setup.bash
[0.688s] -- Up-to-date: /home/user05/colcon_ws/install/custom_interfaces/share/custom_interfaces/local_setup.sh
[0.688s] -- Up-to-date: /home/user05/colcon_ws/install/custom_interfaces/share/custom_interfaces/local_setup.zsh
[0.689s] -- Up-to-date: /home/user05/colcon_ws/install/custom_interfaces/share/custom_interfaces/local_setup.dsv
[0.689s] -- Installing: /home/user05/colcon_ws/install/custom_interfaces/share/custom_interfaces/package.dsv
[0.689s] -- Up-to-date: /home/user05/colcon_ws/install/custom_interfaces/share/ament_index/resource_index/packages/custom_interfaces
[0.689s] -- Up-to-date: /home/user05/colcon_ws/install/custom_interfaces/share/custom_interfaces/cmake/export_custom_interfaces__rosidl_generator_cExport.cmake
[0.689s] -- Up-to-date: /home/user05/colcon_ws/install/custom_interfaces/share/custom_interfaces/cmake/export_custom_interfaces__rosidl_generator_cExport-noconfig.cmake
[0.690s] -- Up-to-date: /home/user05/colcon_ws/install/custom_interfaces/share/custom_interfaces/cmake/export_custom_interfaces__rosidl_typesupport_fastrtps_cExport.cmake
[0.690s] -- Up-to-date: /home/user05/colcon_ws/install/custom_interfaces/share/custom_interfaces/cmake/export_custom_interfaces__rosidl_typesupport_fastrtps_cExport-noconfig.cmake
[0.691s] -- Up-to-date: /home/user05/colcon_ws/install/custom_interfaces/share/custom_interfaces/cmake/custom_interfaces__rosidl_typesupport_introspection_cExport.cmake
[0.691s] -- Up-to-date: /home/user05/colcon_ws/install/custom_interfaces/share/custom_interfaces/cmake/custom_interfaces__rosidl_typesupport_introspection_cExport-noconfig.cmake
[0.691s] -- Up-to-date: /home/user05/colcon_ws/install/custom_interfaces/share/custom_interfaces/cmake/custom_interfaces__rosidl_typesupport_cExport.cmake
[0.691s] -- Up-to-date: /home/user05/colcon_ws/install/custom_interfaces/share/custom_interfaces/cmake/custom_interfaces__rosidl_typesupport_cExport-noconfig.cmake
[0.692s] -- Up-to-date: /home/user05/colcon_ws/install/custom_interfaces/share/custom_interfaces/cmake/export_custom_interfaces__rosidl_generator_cppExport.cmake
[0.692s] -- Up-to-date: /home/user05/colcon_ws/install/custom_interfaces/share/custom_interfaces/cmake/export_custom_interfaces__rosidl_typesupport_fastrtps_cppExport.cmake
[0.692s] -- Up-to-date: /home/user05/colcon_ws/install/custom_interfaces/share/custom_interfaces/cmake/export_custom_interfaces__rosidl_typesupport_fastrtps_cppExport-noconfig.cmake
[0.692s] -- Up-to-date: /home/user05/colcon_ws/install/custom_interfaces/share/custom_interfaces/cmake/custom_interfaces__rosidl_typesupport_introspection_cppExport.cmake
[0.692s] -- Up-to-date: /home/user05/colcon_ws/install/custom_interfaces/share/custom_interfaces/cmake/custom_interfaces__rosidl_typesupport_introspection_cppExport-noconfig.cmake
[0.692s] -- Up-to-date: /home/user05/colcon_ws/install/custom_interfaces/share/custom_interfaces/cmake/custom_interfaces__rosidl_typesupport_cppExport.cmake
[0.692s] -- Up-to-date: /home/user05/colcon_ws/install/custom_interfaces/share/custom_interfaces/cmake/custom_interfaces__rosidl_typesupport_cppExport-noconfig.cmake
[0.693s] -- Up-to-date: /home/user05/colcon_ws/install/custom_interfaces/share/custom_interfaces/cmake/export_custom_interfaces__rosidl_generator_pyExport.cmake
[0.693s] -- Up-to-date: /home/user05/colcon_ws/install/custom_interfaces/share/custom_interfaces/cmake/export_custom_interfaces__rosidl_generator_pyExport-noconfig.cmake
[0.693s] -- Up-to-date: /home/user05/colcon_ws/install/custom_interfaces/share/custom_interfaces/cmake/rosidl_cmake-extras.cmake
[0.693s] -- Up-to-date: /home/user05/colcon_ws/install/custom_interfaces/share/custom_interfaces/cmake/ament_cmake_export_dependencies-extras.cmake
[0.693s] -- Up-to-date: /home/user05/colcon_ws/install/custom_interfaces/share/custom_interfaces/cmake/ament_cmake_export_include_directories-extras.cmake
[0.693s] -- Up-to-date: /home/user05/colcon_ws/install/custom_interfaces/share/custom_interfaces/cmake/ament_cmake_export_libraries-extras.cmake
[0.694s] -- Up-to-date: /home/user05/colcon_ws/install/custom_interfaces/share/custom_interfaces/cmake/ament_cmake_export_targets-extras.cmake
[0.694s] -- Up-to-date: /home/user05/colcon_ws/install/custom_interfaces/share/custom_interfaces/cmake/rosidl_cmake_export_typesupport_targets-extras.cmake
[0.694s] -- Up-to-date: /home/user05/colcon_ws/install/custom_interfaces/share/custom_interfaces/cmake/rosidl_cmake_export_typesupport_libraries-extras.cmake
[0.694s] -- Up-to-date: /home/user05/colcon_ws/install/custom_interfaces/share/custom_interfaces/cmake/rosidl_cmake_aggregate_target-extras.cmake
[0.695s] -- Up-to-date: /home/user05/colcon_ws/install/custom_interfaces/share/custom_interfaces/cmake/custom_interfacesConfig.cmake
[0.695s] -- Up-to-date: /home/user05/colcon_ws/install/custom_interfaces/share/custom_interfaces/cmake/custom_interfacesConfig-version.cmake
[0.695s] -- Up-to-date: /home/user05/colcon_ws/install/custom_interfaces/share/custom_interfaces/package.xml
[0.695s] Invoked command in '/home/user05/colcon_ws/build/custom_interfaces' returned '0': CMAKE_PREFIX_PATH=${CMAKE_PREFIX_PATH}:/home/user05/colcon_ws/install/pubscore_5:/opt/ros/jazzy DEBUGINFOD_URLS=https://debuginfod.ubuntu.com /usr/bin/cmake --install /home/user05/colcon_ws/build/custom_interfaces
