[0.128s] DEBUG:colcon:Command line arguments: ['/usr/bin/colcon', 'build']
[0.129s] DEBUG:colcon:Parsed command line arguments: Namespace(log_base=None, log_level=None, verb_name='build', build_base='build', install_base='install', merge_install=False, symlink_install=False, test_result_base=None, continue_on_error=False, executor='parallel', parallel_workers=12, event_handlers=None, ignore_user_meta=False, metas=['./colcon.meta'], base_paths=['.'], packages_ignore=None, packages_ignore_regex=None, paths=None, packages_up_to=None, packages_up_to_regex=None, packages_above=None, packages_above_and_dependencies=None, packages_above_depth=None, packages_select_by_dep=None, packages_skip_by_dep=None, packages_skip_up_to=None, packages_select_build_failed=False, packages_skip_build_finished=False, packages_select_test_failures=False, packages_skip_test_passed=False, packages_select=None, packages_skip=None, packages_select_regex=None, packages_skip_regex=None, packages_start=None, packages_end=None, allow_overriding=[], cmake_args=None, cmake_target=None, cmake_target_skip_unavailable=False, cmake_clean_cache=False, cmake_clean_first=False, cmake_force_configure=False, ament_cmake_args=None, catkin_cmake_args=None, catkin_skip_building_tests=False, mixin_files=None, mixin=None, verb_parser=<colcon_mixin.mixin.mixin_argument.MixinArgumentDecorator object at 0x7a08fb9a4bc0>, verb_extension=<colcon_core.verb.build.BuildVerb object at 0x7a08fbac85f0>, main=<bound method BuildVerb.main of <colcon_core.verb.build.BuildVerb object at 0x7a08fbac85f0>>, mixin_verb=('build',))
[0.180s] Level 1:colcon.colcon_core.package_discovery:discover_packages(colcon_meta) check parameters
[0.180s] Level 1:colcon.colcon_core.package_discovery:discover_packages(recursive) check parameters
[0.180s] Level 1:colcon.colcon_core.package_discovery:discover_packages(ignore) check parameters
[0.180s] Level 1:colcon.colcon_core.package_discovery:discover_packages(path) check parameters
[0.180s] Level 1:colcon.colcon_core.package_discovery:discover_packages(colcon_meta) discover
[0.180s] Level 1:colcon.colcon_core.package_discovery:discover_packages(recursive) discover
[0.180s] INFO:colcon.colcon_core.package_discovery:Crawling recursively for packages in '/home/user05/colcon_ws'
[0.180s] Level 1:colcon.colcon_core.package_identification:_identify(.) by extensions ['ignore', 'ignore_ament_install']
[0.180s] Level 1:colcon.colcon_core.package_identification:_identify(.) by extension 'ignore'
[0.181s] Level 1:colcon.colcon_core.package_identification:_identify(.) by extension 'ignore_ament_install'
[0.181s] Level 1:colcon.colcon_core.package_identification:_identify(.) by extensions ['colcon_pkg']
[0.181s] Level 1:colcon.colcon_core.package_identification:_identify(.) by extension 'colcon_pkg'
[0.181s] Level 1:colcon.colcon_core.package_identification:_identify(.) by extensions ['colcon_meta']
[0.181s] Level 1:colcon.colcon_core.package_identification:_identify(.) by extension 'colcon_meta'
[0.181s] Level 1:colcon.colcon_core.package_identification:_identify(.) by extensions ['ros']
[0.181s] Level 1:colcon.colcon_core.package_identification:_identify(.) by extension 'ros'
[0.217s] Level 1:colcon.colcon_core.package_identification:_identify(.) by extensions ['cmake', 'python']
[0.217s] Level 1:colcon.colcon_core.package_identification:_identify(.) by extension 'cmake'
[0.217s] Level 1:colcon.colcon_core.package_identification:_identify(.) by extension 'python'
[0.218s] Level 1:colcon.colcon_core.package_identification:_identify(.) by extensions ['python_setup_py']
[0.218s] Level 1:colcon.colcon_core.package_identification:_identify(.) by extension 'python_setup_py'
[0.218s] Level 1:colcon.colcon_core.package_identification:_identify(build) by extensions ['ignore', 'ignore_ament_install']
[0.218s] Level 1:colcon.colcon_core.package_identification:_identify(build) by extension 'ignore'
[0.218s] Level 1:colcon.colcon_core.package_identification:_identify(build) ignored
[0.218s] Level 1:colcon.colcon_core.package_identification:_identify(install) by extensions ['ignore', 'ignore_ament_install']
[0.218s] Level 1:colcon.colcon_core.package_identification:_identify(install) by extension 'ignore'
[0.218s] Level 1:colcon.colcon_core.package_identification:_identify(install) ignored
[0.218s] Level 1:colcon.colcon_core.package_identification:_identify(log) by extensions ['ignore', 'ignore_ament_install']
[0.218s] Level 1:colcon.colcon_core.package_identification:_identify(log) by extension 'ignore'
[0.218s] Level 1:colcon.colcon_core.package_identification:_identify(log) ignored
[0.219s] Level 1:colcon.colcon_core.package_identification:_identify(src) by extensions ['ignore', 'ignore_ament_install']
[0.219s] Level 1:colcon.colcon_core.package_identification:_identify(src) by extension 'ignore'
[0.219s] Level 1:colcon.colcon_core.package_identification:_identify(src) by extension 'ignore_ament_install'
[0.219s] Level 1:colcon.colcon_core.package_identification:_identify(src) by extensions ['colcon_pkg']
[0.219s] Level 1:colcon.colcon_core.package_identification:_identify(src) by extension 'colcon_pkg'
[0.219s] Level 1:colcon.colcon_core.package_identification:_identify(src) by extensions ['colcon_meta']
[0.219s] Level 1:colcon.colcon_core.package_identification:_identify(src) by extension 'colcon_meta'
[0.219s] Level 1:colcon.colcon_core.package_identification:_identify(src) by extensions ['ros']
[0.219s] Level 1:colcon.colcon_core.package_identification:_identify(src) by extension 'ros'
[0.219s] Level 1:colcon.colcon_core.package_identification:_identify(src) by extensions ['cmake', 'python']
[0.219s] Level 1:colcon.colcon_core.package_identification:_identify(src) by extension 'cmake'
[0.219s] Level 1:colcon.colcon_core.package_identification:_identify(src) by extension 'python'
[0.219s] Level 1:colcon.colcon_core.package_identification:_identify(src) by extensions ['python_setup_py']
[0.219s] Level 1:colcon.colcon_core.package_identification:_identify(src) by extension 'python_setup_py'
[0.219s] Level 1:colcon.colcon_core.package_identification:_identify(src/2_srvmsg) by extensions ['ignore', 'ignore_ament_install']
[0.219s] Level 1:colcon.colcon_core.package_identification:_identify(src/2_srvmsg) by extension 'ignore'
[0.220s] Level 1:colcon.colcon_core.package_identification:_identify(src/2_srvmsg) by extension 'ignore_ament_install'
[0.220s] Level 1:colcon.colcon_core.package_identification:_identify(src/2_srvmsg) by extensions ['colcon_pkg']
[0.220s] Level 1:colcon.colcon_core.package_identification:_identify(src/2_srvmsg) by extension 'colcon_pkg'
[0.220s] Level 1:colcon.colcon_core.package_identification:_identify(src/2_srvmsg) by extensions ['colcon_meta']
[0.220s] Level 1:colcon.colcon_core.package_identification:_identify(src/2_srvmsg) by extension 'colcon_meta'
[0.220s] Level 1:colcon.colcon_core.package_identification:_identify(src/2_srvmsg) by extensions ['ros']
[0.220s] Level 1:colcon.colcon_core.package_identification:_identify(src/2_srvmsg) by extension 'ros'
[0.222s] DEBUG:colcon.colcon_core.package_identification:Package 'src/2_srvmsg' with type 'ros.ament_cmake' and name 'srvmsg'
[0.222s] Level 1:colcon.colcon_core.package_identification:_identify(src/5_custom_interfaces) by extensions ['ignore', 'ignore_ament_install']
[0.222s] Level 1:colcon.colcon_core.package_identification:_identify(src/5_custom_interfaces) by extension 'ignore'
[0.223s] Level 1:colcon.colcon_core.package_identification:_identify(src/5_custom_interfaces) by extension 'ignore_ament_install'
[0.223s] Level 1:colcon.colcon_core.package_identification:_identify(src/5_custom_interfaces) by extensions ['colcon_pkg']
[0.223s] Level 1:colcon.colcon_core.package_identification:_identify(src/5_custom_interfaces) by extension 'colcon_pkg'
[0.223s] Level 1:colcon.colcon_core.package_identification:_identify(src/5_custom_interfaces) by extensions ['colcon_meta']
[0.223s] Level 1:colcon.colcon_core.package_identification:_identify(src/5_custom_interfaces) by extension 'colcon_meta'
[0.223s] Level 1:colcon.colcon_core.package_identification:_identify(src/5_custom_interfaces) by extensions ['ros']
[0.223s] Level 1:colcon.colcon_core.package_identification:_identify(src/5_custom_interfaces) by extension 'ros'
[0.223s] DEBUG:colcon.colcon_core.package_identification:Package 'src/5_custom_interfaces' with type 'ros.ament_cmake' and name 'custom_interfaces'
[0.223s] Level 1:colcon.colcon_core.package_identification:_identify(src/msg_service) by extensions ['ignore', 'ignore_ament_install']
[0.224s] Level 1:colcon.colcon_core.package_identification:_identify(src/msg_service) by extension 'ignore'
[0.224s] Level 1:colcon.colcon_core.package_identification:_identify(src/msg_service) by extension 'ignore_ament_install'
[0.224s] Level 1:colcon.colcon_core.package_identification:_identify(src/msg_service) by extensions ['colcon_pkg']
[0.224s] Level 1:colcon.colcon_core.package_identification:_identify(src/msg_service) by extension 'colcon_pkg'
[0.224s] Level 1:colcon.colcon_core.package_identification:_identify(src/msg_service) by extensions ['colcon_meta']
[0.224s] Level 1:colcon.colcon_core.package_identification:_identify(src/msg_service) by extension 'colcon_meta'
[0.224s] Level 1:colcon.colcon_core.package_identification:_identify(src/msg_service) by extensions ['ros']
[0.224s] Level 1:colcon.colcon_core.package_identification:_identify(src/msg_service) by extension 'ros'
[0.225s] DEBUG:colcon.colcon_core.package_identification:Package 'src/msg_service' with type 'ros.ament_cmake' and name 'msg_service'
[0.225s] Level 1:colcon.colcon_core.package_identification:_identify(src/pubscore_5) by extensions ['ignore', 'ignore_ament_install']
[0.225s] Level 1:colcon.colcon_core.package_identification:_identify(src/pubscore_5) by extension 'ignore'
[0.225s] Level 1:colcon.colcon_core.package_identification:_identify(src/pubscore_5) by extension 'ignore_ament_install'
[0.225s] Level 1:colcon.colcon_core.package_identification:_identify(src/pubscore_5) by extensions ['colcon_pkg']
[0.225s] Level 1:colcon.colcon_core.package_identification:_identify(src/pubscore_5) by extension 'colcon_pkg'
[0.225s] Level 1:colcon.colcon_core.package_identification:_identify(src/pubscore_5) by extensions ['colcon_meta']
[0.225s] Level 1:colcon.colcon_core.package_identification:_identify(src/pubscore_5) by extension 'colcon_meta'
[0.225s] Level 1:colcon.colcon_core.package_identification:_identify(src/pubscore_5) by extensions ['ros']
[0.225s] Level 1:colcon.colcon_core.package_identification:_identify(src/pubscore_5) by extension 'ros'
[0.226s] DEBUG:colcon.colcon_core.package_identification:Package 'src/pubscore_5' with type 'ros.ament_python' and name 'pubscore_5'
[0.226s] Level 1:colcon.colcon_core.package_identification:_identify(src/turtlebot_control_1) by extensions ['ignore', 'ignore_ament_install']
[0.226s] Level 1:colcon.colcon_core.package_identification:_identify(src/turtlebot_control_1) by extension 'ignore'
[0.226s] Level 1:colcon.colcon_core.package_identification:_identify(src/turtlebot_control_1) by extension 'ignore_ament_install'
[0.226s] Level 1:colcon.colcon_core.package_identification:_identify(src/turtlebot_control_1) by extensions ['colcon_pkg']
[0.226s] Level 1:colcon.colcon_core.package_identification:_identify(src/turtlebot_control_1) by extension 'colcon_pkg'
[0.227s] Level 1:colcon.colcon_core.package_identification:_identify(src/turtlebot_control_1) by extensions ['colcon_meta']
[0.227s] Level 1:colcon.colcon_core.package_identification:_identify(src/turtlebot_control_1) by extension 'colcon_meta'
[0.227s] Level 1:colcon.colcon_core.package_identification:_identify(src/turtlebot_control_1) by extensions ['ros']
[0.227s] Level 1:colcon.colcon_core.package_identification:_identify(src/turtlebot_control_1) by extension 'ros'
[0.227s] DEBUG:colcon.colcon_core.package_identification:Package 'src/turtlebot_control_1' with type 'ros.ament_cmake' and name 'turtlebot_control_1'
[0.228s] Level 1:colcon.colcon_core.package_identification:_identify(test) by extensions ['ignore', 'ignore_ament_install']
[0.228s] Level 1:colcon.colcon_core.package_identification:_identify(test) by extension 'ignore'
[0.228s] Level 1:colcon.colcon_core.package_identification:_identify(test) by extension 'ignore_ament_install'
[0.228s] Level 1:colcon.colcon_core.package_identification:_identify(test) by extensions ['colcon_pkg']
[0.228s] Level 1:colcon.colcon_core.package_identification:_identify(test) by extension 'colcon_pkg'
[0.228s] Level 1:colcon.colcon_core.package_identification:_identify(test) by extensions ['colcon_meta']
[0.228s] Level 1:colcon.colcon_core.package_identification:_identify(test) by extension 'colcon_meta'
[0.228s] Level 1:colcon.colcon_core.package_identification:_identify(test) by extensions ['ros']
[0.228s] Level 1:colcon.colcon_core.package_identification:_identify(test) by extension 'ros'
[0.228s] Level 1:colcon.colcon_core.package_identification:_identify(test) by extensions ['cmake', 'python']
[0.228s] Level 1:colcon.colcon_core.package_identification:_identify(test) by extension 'cmake'
[0.228s] Level 1:colcon.colcon_core.package_identification:_identify(test) by extension 'python'
[0.228s] Level 1:colcon.colcon_core.package_identification:_identify(test) by extensions ['python_setup_py']
[0.228s] Level 1:colcon.colcon_core.package_identification:_identify(test) by extension 'python_setup_py'
[0.228s] Level 1:colcon.colcon_core.package_discovery:discover_packages(recursive) using defaults
[0.228s] Level 1:colcon.colcon_core.package_discovery:discover_packages(ignore) discover
[0.228s] Level 1:colcon.colcon_core.package_discovery:discover_packages(ignore) using defaults
[0.228s] Level 1:colcon.colcon_core.package_discovery:discover_packages(path) discover
[0.228s] Level 1:colcon.colcon_core.package_discovery:discover_packages(path) using defaults
[0.250s] Level 1:colcon.colcon_core.package_discovery:discover_packages(prefix_path) check parameters
[0.250s] Level 1:colcon.colcon_core.package_discovery:discover_packages(prefix_path) discover
[0.252s] DEBUG:colcon.colcon_installed_package_information.package_discovery:Found 5 installed packages in /home/user05/colcon_ws/install
[0.253s] DEBUG:colcon.colcon_installed_package_information.package_discovery:Found 395 installed packages in /opt/ros/jazzy
[0.255s] Level 1:colcon.colcon_core.package_discovery:discover_packages(prefix_path) using defaults
[0.321s] Level 5:colcon.colcon_core.verb:set package 'custom_interfaces' build argument 'cmake_args' from command line to 'None'
[0.321s] Level 5:colcon.colcon_core.verb:set package 'custom_interfaces' build argument 'cmake_target' from command line to 'None'
[0.321s] Level 5:colcon.colcon_core.verb:set package 'custom_interfaces' build argument 'cmake_target_skip_unavailable' from command line to 'False'
[0.321s] Level 5:colcon.colcon_core.verb:set package 'custom_interfaces' build argument 'cmake_clean_cache' from command line to 'False'
[0.321s] Level 5:colcon.colcon_core.verb:set package 'custom_interfaces' build argument 'cmake_clean_first' from command line to 'False'
[0.321s] Level 5:colcon.colcon_core.verb:set package 'custom_interfaces' build argument 'cmake_force_configure' from command line to 'False'
[0.321s] Level 5:colcon.colcon_core.verb:set package 'custom_interfaces' build argument 'ament_cmake_args' from command line to 'None'
[0.321s] Level 5:colcon.colcon_core.verb:set package 'custom_interfaces' build argument 'catkin_cmake_args' from command line to 'None'
[0.321s] Level 5:colcon.colcon_core.verb:set package 'custom_interfaces' build argument 'catkin_skip_building_tests' from command line to 'False'
[0.321s] DEBUG:colcon.colcon_core.verb:Building package 'custom_interfaces' with the following arguments: {'ament_cmake_args': None, 'build_base': '/home/user05/colcon_ws/build/custom_interfaces', 'catkin_cmake_args': None, 'catkin_skip_building_tests': False, 'cmake_args': None, 'cmake_clean_cache': False, 'cmake_clean_first': False, 'cmake_force_configure': False, 'cmake_target': None, 'cmake_target_skip_unavailable': False, 'install_base': '/home/user05/colcon_ws/install/custom_interfaces', 'merge_install': False, 'path': '/home/user05/colcon_ws/src/5_custom_interfaces', 'symlink_install': False, 'test_result_base': None}
[0.322s] Level 5:colcon.colcon_core.verb:set package 'msg_service' build argument 'cmake_args' from command line to 'None'
[0.322s] Level 5:colcon.colcon_core.verb:set package 'msg_service' build argument 'cmake_target' from command line to 'None'
[0.322s] Level 5:colcon.colcon_core.verb:set package 'msg_service' build argument 'cmake_target_skip_unavailable' from command line to 'False'
[0.322s] Level 5:colcon.colcon_core.verb:set package 'msg_service' build argument 'cmake_clean_cache' from command line to 'False'
[0.322s] Level 5:colcon.colcon_core.verb:set package 'msg_service' build argument 'cmake_clean_first' from command line to 'False'
[0.322s] Level 5:colcon.colcon_core.verb:set package 'msg_service' build argument 'cmake_force_configure' from command line to 'False'
[0.322s] Level 5:colcon.colcon_core.verb:set package 'msg_service' build argument 'ament_cmake_args' from command line to 'None'
[0.322s] Level 5:colcon.colcon_core.verb:set package 'msg_service' build argument 'catkin_cmake_args' from command line to 'None'
[0.322s] Level 5:colcon.colcon_core.verb:set package 'msg_service' build argument 'catkin_skip_building_tests' from command line to 'False'
[0.322s] DEBUG:colcon.colcon_core.verb:Building package 'msg_service' with the following arguments: {'ament_cmake_args': None, 'build_base': '/home/user05/colcon_ws/build/msg_service', 'catkin_cmake_args': None, 'catkin_skip_building_tests': False, 'cmake_args': None, 'cmake_clean_cache': False, 'cmake_clean_first': False, 'cmake_force_configure': False, 'cmake_target': None, 'cmake_target_skip_unavailable': False, 'install_base': '/home/user05/colcon_ws/install/msg_service', 'merge_install': False, 'path': '/home/user05/colcon_ws/src/msg_service', 'symlink_install': False, 'test_result_base': None}
[0.323s] Level 5:colcon.colcon_core.verb:set package 'pubscore_5' build argument 'cmake_args' from command line to 'None'
[0.323s] Level 5:colcon.colcon_core.verb:set package 'pubscore_5' build argument 'cmake_target' from command line to 'None'
[0.323s] Level 5:colcon.colcon_core.verb:set package 'pubscore_5' build argument 'cmake_target_skip_unavailable' from command line to 'False'
[0.323s] Level 5:colcon.colcon_core.verb:set package 'pubscore_5' build argument 'cmake_clean_cache' from command line to 'False'
[0.323s] Level 5:colcon.colcon_core.verb:set package 'pubscore_5' build argument 'cmake_clean_first' from command line to 'False'
[0.323s] Level 5:colcon.colcon_core.verb:set package 'pubscore_5' build argument 'cmake_force_configure' from command line to 'False'
[0.323s] Level 5:colcon.colcon_core.verb:set package 'pubscore_5' build argument 'ament_cmake_args' from command line to 'None'
[0.323s] Level 5:colcon.colcon_core.verb:set package 'pubscore_5' build argument 'catkin_cmake_args' from command line to 'None'
[0.323s] Level 5:colcon.colcon_core.verb:set package 'pubscore_5' build argument 'catkin_skip_building_tests' from command line to 'False'
[0.323s] DEBUG:colcon.colcon_core.verb:Building package 'pubscore_5' with the following arguments: {'ament_cmake_args': None, 'build_base': '/home/user05/colcon_ws/build/pubscore_5', 'catkin_cmake_args': None, 'catkin_skip_building_tests': False, 'cmake_args': None, 'cmake_clean_cache': False, 'cmake_clean_first': False, 'cmake_force_configure': False, 'cmake_target': None, 'cmake_target_skip_unavailable': False, 'install_base': '/home/user05/colcon_ws/install/pubscore_5', 'merge_install': False, 'path': '/home/user05/colcon_ws/src/pubscore_5', 'symlink_install': False, 'test_result_base': None}
[0.323s] Level 5:colcon.colcon_core.verb:set package 'turtlebot_control_1' build argument 'cmake_args' from command line to 'None'
[0.323s] Level 5:colcon.colcon_core.verb:set package 'turtlebot_control_1' build argument 'cmake_target' from command line to 'None'
[0.323s] Level 5:colcon.colcon_core.verb:set package 'turtlebot_control_1' build argument 'cmake_target_skip_unavailable' from command line to 'False'
[0.323s] Level 5:colcon.colcon_core.verb:set package 'turtlebot_control_1' build argument 'cmake_clean_cache' from command line to 'False'
[0.324s] Level 5:colcon.colcon_core.verb:set package 'turtlebot_control_1' build argument 'cmake_clean_first' from command line to 'False'
[0.324s] Level 5:colcon.colcon_core.verb:set package 'turtlebot_control_1' build argument 'cmake_force_configure' from command line to 'False'
[0.324s] Level 5:colcon.colcon_core.verb:set package 'turtlebot_control_1' build argument 'ament_cmake_args' from command line to 'None'
[0.324s] Level 5:colcon.colcon_core.verb:set package 'turtlebot_control_1' build argument 'catkin_cmake_args' from command line to 'None'
[0.324s] Level 5:colcon.colcon_core.verb:set package 'turtlebot_control_1' build argument 'catkin_skip_building_tests' from command line to 'False'
[0.324s] DEBUG:colcon.colcon_core.verb:Building package 'turtlebot_control_1' with the following arguments: {'ament_cmake_args': None, 'build_base': '/home/user05/colcon_ws/build/turtlebot_control_1', 'catkin_cmake_args': None, 'catkin_skip_building_tests': False, 'cmake_args': None, 'cmake_clean_cache': False, 'cmake_clean_first': False, 'cmake_force_configure': False, 'cmake_target': None, 'cmake_target_skip_unavailable': False, 'install_base': '/home/user05/colcon_ws/install/turtlebot_control_1', 'merge_install': False, 'path': '/home/user05/colcon_ws/src/turtlebot_control_1', 'symlink_install': False, 'test_result_base': None}
[0.324s] Level 5:colcon.colcon_core.verb:set package 'srvmsg' build argument 'cmake_args' from command line to 'None'
[0.324s] Level 5:colcon.colcon_core.verb:set package 'srvmsg' build argument 'cmake_target' from command line to 'None'
[0.324s] Level 5:colcon.colcon_core.verb:set package 'srvmsg' build argument 'cmake_target_skip_unavailable' from command line to 'False'
[0.324s] Level 5:colcon.colcon_core.verb:set package 'srvmsg' build argument 'cmake_clean_cache' from command line to 'False'
[0.324s] Level 5:colcon.colcon_core.verb:set package 'srvmsg' build argument 'cmake_clean_first' from command line to 'False'
[0.324s] Level 5:colcon.colcon_core.verb:set package 'srvmsg' build argument 'cmake_force_configure' from command line to 'False'
[0.324s] Level 5:colcon.colcon_core.verb:set package 'srvmsg' build argument 'ament_cmake_args' from command line to 'None'
[0.324s] Level 5:colcon.colcon_core.verb:set package 'srvmsg' build argument 'catkin_cmake_args' from command line to 'None'
[0.324s] Level 5:colcon.colcon_core.verb:set package 'srvmsg' build argument 'catkin_skip_building_tests' from command line to 'False'
[0.324s] DEBUG:colcon.colcon_core.verb:Building package 'srvmsg' with the following arguments: {'ament_cmake_args': None, 'build_base': '/home/user05/colcon_ws/build/srvmsg', 'catkin_cmake_args': None, 'catkin_skip_building_tests': False, 'cmake_args': None, 'cmake_clean_cache': False, 'cmake_clean_first': False, 'cmake_force_configure': False, 'cmake_target': None, 'cmake_target_skip_unavailable': False, 'install_base': '/home/user05/colcon_ws/install/srvmsg', 'merge_install': False, 'path': '/home/user05/colcon_ws/src/2_srvmsg', 'symlink_install': False, 'test_result_base': None}
[0.324s] INFO:colcon.colcon_core.executor:Executing jobs using 'parallel' executor
[0.325s] DEBUG:colcon.colcon_parallel_executor.executor.parallel:run_until_complete
[0.325s] INFO:colcon.colcon_ros.task.ament_cmake.build:Building ROS package in '/home/user05/colcon_ws/src/5_custom_interfaces' with build type 'ament_cmake'
[0.325s] INFO:colcon.colcon_cmake.task.cmake.build:Building CMake package in '/home/user05/colcon_ws/src/5_custom_interfaces'
[0.328s] INFO:colcon.colcon_core.plugin_system:Skipping extension 'colcon_core.shell.bat': Not used on non-Windows systems
[0.328s] INFO:colcon.colcon_core.shell:Skip shell extension 'powershell' for command environment: Not usable outside of PowerShell
[0.328s] DEBUG:colcon.colcon_core.shell:Skip shell extension 'dsv' for command environment
[0.334s] INFO:colcon.colcon_ros.task.ament_cmake.build:Building ROS package in '/home/user05/colcon_ws/src/msg_service' with build type 'ament_cmake'
[0.334s] INFO:colcon.colcon_cmake.task.cmake.build:Building CMake package in '/home/user05/colcon_ws/src/msg_service'
[0.335s] INFO:colcon.colcon_core.shell:Skip shell extension 'powershell' for command environment: Not usable outside of PowerShell
[0.335s] DEBUG:colcon.colcon_core.shell:Skip shell extension 'dsv' for command environment
[0.341s] INFO:colcon.colcon_ros.task.ament_python.build:Building ROS package in '/home/user05/colcon_ws/src/pubscore_5' with build type 'ament_python'
[0.342s] Level 1:colcon.colcon_core.shell:create_environment_hook('pubscore_5', 'ament_prefix_path')
[0.342s] INFO:colcon.colcon_core.shell:Creating environment hook '/home/user05/colcon_ws/install/pubscore_5/share/pubscore_5/hook/ament_prefix_path.ps1'
[0.343s] INFO:colcon.colcon_core.shell:Creating environment descriptor '/home/user05/colcon_ws/install/pubscore_5/share/pubscore_5/hook/ament_prefix_path.dsv'
[0.343s] INFO:colcon.colcon_core.shell:Creating environment hook '/home/user05/colcon_ws/install/pubscore_5/share/pubscore_5/hook/ament_prefix_path.sh'
[0.344s] INFO:colcon.colcon_core.shell:Skip shell extension 'powershell' for command environment: Not usable outside of PowerShell
[0.344s] DEBUG:colcon.colcon_core.shell:Skip shell extension 'dsv' for command environment
[0.349s] INFO:colcon.colcon_ros.task.ament_cmake.build:Building ROS package in '/home/user05/colcon_ws/src/turtlebot_control_1' with build type 'ament_cmake'
[0.349s] INFO:colcon.colcon_cmake.task.cmake.build:Building CMake package in '/home/user05/colcon_ws/src/turtlebot_control_1'
[0.349s] INFO:colcon.colcon_core.shell:Skip shell extension 'powershell' for command environment: Not usable outside of PowerShell
[0.349s] DEBUG:colcon.colcon_core.shell:Skip shell extension 'dsv' for command environment
[0.360s] DEBUG:colcon.colcon_core.event_handler.log_command:Invoking command in '/home/user05/colcon_ws/build/custom_interfaces': CMAKE_PREFIX_PATH=${CMAKE_PREFIX_PATH}:/home/user05/colcon_ws/install/pubscore_5:/opt/ros/jazzy DEBUGINFOD_URLS=https://debuginfod.ubuntu.com /usr/bin/cmake --build /home/user05/colcon_ws/build/custom_interfaces -- -j12 -l12
[0.364s] DEBUG:colcon.colcon_core.event_handler.log_command:Invoking command in '/home/user05/colcon_ws/build/msg_service': CMAKE_PREFIX_PATH=${CMAKE_PREFIX_PATH}:/home/user05/colcon_ws/install/pubscore_5:/opt/ros/jazzy DEBUGINFOD_URLS=https://debuginfod.ubuntu.com /usr/bin/cmake --build /home/user05/colcon_ws/build/msg_service -- -j12 -l12
[0.686s] INFO:colcon.colcon_core.task.python.build:Building Python package in '/home/user05/colcon_ws/src/pubscore_5'
[0.687s] INFO:colcon.colcon_core.shell:Skip shell extension 'powershell' for command environment: Not usable outside of PowerShell
[0.689s] DEBUG:colcon.colcon_core.shell:Skip shell extension 'dsv' for command environment
[0.703s] DEBUG:colcon.colcon_core.event_handler.log_command:Invoking command in '/home/user05/colcon_ws/build/turtlebot_control_1': CMAKE_PREFIX_PATH=${CMAKE_PREFIX_PATH}:/home/user05/colcon_ws/install/pubscore_5:/opt/ros/jazzy DEBUGINFOD_URLS=https://debuginfod.ubuntu.com /usr/bin/cmake --build /home/user05/colcon_ws/build/turtlebot_control_1 -- -j12 -l12
[0.704s] DEBUG:colcon.colcon_core.event_handler.log_command:Invoked command in '/home/user05/colcon_ws/build/msg_service' returned '0': CMAKE_PREFIX_PATH=${CMAKE_PREFIX_PATH}:/home/user05/colcon_ws/install/pubscore_5:/opt/ros/jazzy DEBUGINFOD_URLS=https://debuginfod.ubuntu.com /usr/bin/cmake --build /home/user05/colcon_ws/build/msg_service -- -j12 -l12
[0.714s] DEBUG:colcon.colcon_core.event_handler.log_command:Invoking command in '/home/user05/colcon_ws/build/msg_service': CMAKE_PREFIX_PATH=${CMAKE_PREFIX_PATH}:/home/user05/colcon_ws/install/pubscore_5:/opt/ros/jazzy DEBUGINFOD_URLS=https://debuginfod.ubuntu.com /usr/bin/cmake --install /home/user05/colcon_ws/build/msg_service
[0.726s] Level 1:colcon.colcon_core.environment:create_environment_scripts_only(msg_service)
[0.727s] DEBUG:colcon.colcon_core.event_handler.log_command:Invoked command in '/home/user05/colcon_ws/build/msg_service' returned '0': CMAKE_PREFIX_PATH=${CMAKE_PREFIX_PATH}:/home/user05/colcon_ws/install/pubscore_5:/opt/ros/jazzy DEBUGINFOD_URLS=https://debuginfod.ubuntu.com /usr/bin/cmake --install /home/user05/colcon_ws/build/msg_service
[0.730s] Level 1:colcon.colcon_core.environment:checking '/home/user05/colcon_ws/install/msg_service' for CMake module files
[0.731s] Level 1:colcon.colcon_core.environment:checking '/home/user05/colcon_ws/install/msg_service' for CMake config files
[0.731s] Level 1:colcon.colcon_core.shell:create_environment_hook('msg_service', 'cmake_prefix_path')
[0.732s] INFO:colcon.colcon_core.shell:Creating environment hook '/home/user05/colcon_ws/install/msg_service/share/msg_service/hook/cmake_prefix_path.ps1'
[0.732s] INFO:colcon.colcon_core.shell:Creating environment descriptor '/home/user05/colcon_ws/install/msg_service/share/msg_service/hook/cmake_prefix_path.dsv'
[0.733s] INFO:colcon.colcon_core.shell:Creating environment hook '/home/user05/colcon_ws/install/msg_service/share/msg_service/hook/cmake_prefix_path.sh'
[0.734s] Level 1:colcon.colcon_core.environment:checking '/home/user05/colcon_ws/install/msg_service/bin'
[0.734s] Level 1:colcon.colcon_core.environment:checking '/home/user05/colcon_ws/install/msg_service/lib/pkgconfig/msg_service.pc'
[0.734s] Level 1:colcon.colcon_core.environment:checking '/home/user05/colcon_ws/install/msg_service/lib/python3.12/site-packages'
[0.735s] Level 1:colcon.colcon_core.environment:checking '/home/user05/colcon_ws/install/msg_service/bin'
[0.735s] INFO:colcon.colcon_core.shell:Creating package script '/home/user05/colcon_ws/install/msg_service/share/msg_service/package.ps1'
[0.737s] INFO:colcon.colcon_core.shell:Creating package descriptor '/home/user05/colcon_ws/install/msg_service/share/msg_service/package.dsv'
[0.738s] INFO:colcon.colcon_core.shell:Creating package script '/home/user05/colcon_ws/install/msg_service/share/msg_service/package.sh'
[0.739s] INFO:colcon.colcon_core.shell:Creating package script '/home/user05/colcon_ws/install/msg_service/share/msg_service/package.bash'
[0.740s] INFO:colcon.colcon_core.shell:Creating package script '/home/user05/colcon_ws/install/msg_service/share/msg_service/package.zsh'
[0.741s] Level 1:colcon.colcon_core.environment:create_file_with_runtime_dependencies(/home/user05/colcon_ws/install/msg_service/share/colcon-core/packages/msg_service)
[0.743s] Level 1:colcon.colcon_core.environment:create_environment_scripts_only(msg_service)
[0.743s] Level 1:colcon.colcon_core.environment:checking '/home/user05/colcon_ws/install/msg_service' for CMake module files
[0.744s] Level 1:colcon.colcon_core.environment:checking '/home/user05/colcon_ws/install/msg_service' for CMake config files
[0.744s] Level 1:colcon.colcon_core.shell:create_environment_hook('msg_service', 'cmake_prefix_path')
[0.745s] INFO:colcon.colcon_core.shell:Creating environment hook '/home/user05/colcon_ws/install/msg_service/share/msg_service/hook/cmake_prefix_path.ps1'
[0.745s] INFO:colcon.colcon_core.shell:Creating environment descriptor '/home/user05/colcon_ws/install/msg_service/share/msg_service/hook/cmake_prefix_path.dsv'
[0.746s] INFO:colcon.colcon_core.shell:Creating environment hook '/home/user05/colcon_ws/install/msg_service/share/msg_service/hook/cmake_prefix_path.sh'
[0.747s] Level 1:colcon.colcon_core.environment:checking '/home/user05/colcon_ws/install/msg_service/bin'
[0.747s] Level 1:colcon.colcon_core.environment:checking '/home/user05/colcon_ws/install/msg_service/lib/pkgconfig/msg_service.pc'
[0.747s] Level 1:colcon.colcon_core.environment:checking '/home/user05/colcon_ws/install/msg_service/lib/python3.12/site-packages'
[0.748s] Level 1:colcon.colcon_core.environment:checking '/home/user05/colcon_ws/install/msg_service/bin'
[0.749s] INFO:colcon.colcon_core.shell:Creating package script '/home/user05/colcon_ws/install/msg_service/share/msg_service/package.ps1'
[0.750s] INFO:colcon.colcon_core.shell:Creating package descriptor '/home/user05/colcon_ws/install/msg_service/share/msg_service/package.dsv'
[0.751s] INFO:colcon.colcon_core.shell:Creating package script '/home/user05/colcon_ws/install/msg_service/share/msg_service/package.sh'
[0.751s] INFO:colcon.colcon_core.shell:Creating package script '/home/user05/colcon_ws/install/msg_service/share/msg_service/package.bash'
[0.752s] INFO:colcon.colcon_core.shell:Creating package script '/home/user05/colcon_ws/install/msg_service/share/msg_service/package.zsh'
[0.753s] Level 1:colcon.colcon_core.environment:create_file_with_runtime_dependencies(/home/user05/colcon_ws/install/msg_service/share/colcon-core/packages/msg_service)
[0.755s] DEBUG:colcon.colcon_core.event_handler.log_command:Invoked command in '/home/user05/colcon_ws/build/turtlebot_control_1' returned '0': CMAKE_PREFIX_PATH=${CMAKE_PREFIX_PATH}:/home/user05/colcon_ws/install/pubscore_5:/opt/ros/jazzy DEBUGINFOD_URLS=https://debuginfod.ubuntu.com /usr/bin/cmake --build /home/user05/colcon_ws/build/turtlebot_control_1 -- -j12 -l12
[0.756s] DEBUG:colcon.colcon_core.event_handler.log_command:Invoking command in '/home/user05/colcon_ws/build/turtlebot_control_1': CMAKE_PREFIX_PATH=${CMAKE_PREFIX_PATH}:/home/user05/colcon_ws/install/pubscore_5:/opt/ros/jazzy DEBUGINFOD_URLS=https://debuginfod.ubuntu.com /usr/bin/cmake --install /home/user05/colcon_ws/build/turtlebot_control_1
[0.772s] Level 1:colcon.colcon_core.environment:create_environment_scripts_only(turtlebot_control_1)
[0.773s] Level 1:colcon.colcon_core.environment:checking '/home/user05/colcon_ws/install/turtlebot_control_1' for CMake module files
[0.773s] DEBUG:colcon.colcon_core.event_handler.log_command:Invoked command in '/home/user05/colcon_ws/build/turtlebot_control_1' returned '0': CMAKE_PREFIX_PATH=${CMAKE_PREFIX_PATH}:/home/user05/colcon_ws/install/pubscore_5:/opt/ros/jazzy DEBUGINFOD_URLS=https://debuginfod.ubuntu.com /usr/bin/cmake --install /home/user05/colcon_ws/build/turtlebot_control_1
[0.774s] Level 1:colcon.colcon_core.environment:checking '/home/user05/colcon_ws/install/turtlebot_control_1' for CMake config files
[0.774s] Level 1:colcon.colcon_core.shell:create_environment_hook('turtlebot_control_1', 'cmake_prefix_path')
[0.774s] INFO:colcon.colcon_core.shell:Creating environment hook '/home/user05/colcon_ws/install/turtlebot_control_1/share/turtlebot_control_1/hook/cmake_prefix_path.ps1'
[0.775s] INFO:colcon.colcon_core.shell:Creating environment descriptor '/home/user05/colcon_ws/install/turtlebot_control_1/share/turtlebot_control_1/hook/cmake_prefix_path.dsv'
[0.776s] INFO:colcon.colcon_core.shell:Creating environment hook '/home/user05/colcon_ws/install/turtlebot_control_1/share/turtlebot_control_1/hook/cmake_prefix_path.sh'
[0.776s] Level 1:colcon.colcon_core.environment:checking '/home/user05/colcon_ws/install/turtlebot_control_1/bin'
[0.776s] Level 1:colcon.colcon_core.environment:checking '/home/user05/colcon_ws/install/turtlebot_control_1/lib/pkgconfig/turtlebot_control_1.pc'
[0.777s] Level 1:colcon.colcon_core.environment:checking '/home/user05/colcon_ws/install/turtlebot_control_1/lib/python3.12/site-packages'
[0.777s] Level 1:colcon.colcon_core.environment:checking '/home/user05/colcon_ws/install/turtlebot_control_1/bin'
[0.778s] INFO:colcon.colcon_core.shell:Creating package script '/home/user05/colcon_ws/install/turtlebot_control_1/share/turtlebot_control_1/package.ps1'
[0.778s] INFO:colcon.colcon_core.shell:Creating package descriptor '/home/user05/colcon_ws/install/turtlebot_control_1/share/turtlebot_control_1/package.dsv'
[0.779s] INFO:colcon.colcon_core.shell:Creating package script '/home/user05/colcon_ws/install/turtlebot_control_1/share/turtlebot_control_1/package.sh'
[0.780s] INFO:colcon.colcon_core.shell:Creating package script '/home/user05/colcon_ws/install/turtlebot_control_1/share/turtlebot_control_1/package.bash'
[0.780s] INFO:colcon.colcon_core.shell:Creating package script '/home/user05/colcon_ws/install/turtlebot_control_1/share/turtlebot_control_1/package.zsh'
[0.780s] Level 1:colcon.colcon_core.environment:create_file_with_runtime_dependencies(/home/user05/colcon_ws/install/turtlebot_control_1/share/colcon-core/packages/turtlebot_control_1)
[0.781s] Level 1:colcon.colcon_core.environment:create_environment_scripts_only(turtlebot_control_1)
[0.781s] Level 1:colcon.colcon_core.environment:checking '/home/user05/colcon_ws/install/turtlebot_control_1' for CMake module files
[0.782s] Level 1:colcon.colcon_core.environment:checking '/home/user05/colcon_ws/install/turtlebot_control_1' for CMake config files
[0.782s] Level 1:colcon.colcon_core.shell:create_environment_hook('turtlebot_control_1', 'cmake_prefix_path')
[0.782s] INFO:colcon.colcon_core.shell:Creating environment hook '/home/user05/colcon_ws/install/turtlebot_control_1/share/turtlebot_control_1/hook/cmake_prefix_path.ps1'
[0.783s] INFO:colcon.colcon_core.shell:Creating environment descriptor '/home/user05/colcon_ws/install/turtlebot_control_1/share/turtlebot_control_1/hook/cmake_prefix_path.dsv'
[0.783s] INFO:colcon.colcon_core.shell:Creating environment hook '/home/user05/colcon_ws/install/turtlebot_control_1/share/turtlebot_control_1/hook/cmake_prefix_path.sh'
[0.784s] Level 1:colcon.colcon_core.environment:checking '/home/user05/colcon_ws/install/turtlebot_control_1/bin'
[0.784s] Level 1:colcon.colcon_core.environment:checking '/home/user05/colcon_ws/install/turtlebot_control_1/lib/pkgconfig/turtlebot_control_1.pc'
[0.784s] Level 1:colcon.colcon_core.environment:checking '/home/user05/colcon_ws/install/turtlebot_control_1/lib/python3.12/site-packages'
[0.785s] Level 1:colcon.colcon_core.environment:checking '/home/user05/colcon_ws/install/turtlebot_control_1/bin'
[0.785s] INFO:colcon.colcon_core.shell:Creating package script '/home/user05/colcon_ws/install/turtlebot_control_1/share/turtlebot_control_1/package.ps1'
[0.786s] INFO:colcon.colcon_core.shell:Creating package descriptor '/home/user05/colcon_ws/install/turtlebot_control_1/share/turtlebot_control_1/package.dsv'
[0.787s] INFO:colcon.colcon_core.shell:Creating package script '/home/user05/colcon_ws/install/turtlebot_control_1/share/turtlebot_control_1/package.sh'
[0.787s] INFO:colcon.colcon_core.shell:Creating package script '/home/user05/colcon_ws/install/turtlebot_control_1/share/turtlebot_control_1/package.bash'
[0.788s] INFO:colcon.colcon_core.shell:Creating package script '/home/user05/colcon_ws/install/turtlebot_control_1/share/turtlebot_control_1/package.zsh'
[0.789s] Level 1:colcon.colcon_core.environment:create_file_with_runtime_dependencies(/home/user05/colcon_ws/install/turtlebot_control_1/share/colcon-core/packages/turtlebot_control_1)
[0.934s] DEBUG:colcon.colcon_core.event_handler.log_command:Invoked command in '/home/user05/colcon_ws/build/custom_interfaces' returned '0': CMAKE_PREFIX_PATH=${CMAKE_PREFIX_PATH}:/home/user05/colcon_ws/install/pubscore_5:/opt/ros/jazzy DEBUGINFOD_URLS=https://debuginfod.ubuntu.com /usr/bin/cmake --build /home/user05/colcon_ws/build/custom_interfaces -- -j12 -l12
[0.935s] DEBUG:colcon.colcon_core.event_handler.log_command:Invoking command in '/home/user05/colcon_ws/build/custom_interfaces': CMAKE_PREFIX_PATH=${CMAKE_PREFIX_PATH}:/home/user05/colcon_ws/install/pubscore_5:/opt/ros/jazzy DEBUGINFOD_URLS=https://debuginfod.ubuntu.com /usr/bin/cmake --install /home/user05/colcon_ws/build/custom_interfaces
[1.013s] Level 1:colcon.colcon_core.environment:create_environment_scripts_only(custom_interfaces)
[1.013s] Level 1:colcon.colcon_core.environment:checking '/home/user05/colcon_ws/install/custom_interfaces' for CMake module files
[1.014s] Level 1:colcon.colcon_core.environment:checking '/home/user05/colcon_ws/install/custom_interfaces' for CMake config files
[1.015s] Level 1:colcon.colcon_core.shell:create_environment_hook('custom_interfaces', 'cmake_prefix_path')
[1.015s] INFO:colcon.colcon_core.shell:Creating environment hook '/home/user05/colcon_ws/install/custom_interfaces/share/custom_interfaces/hook/cmake_prefix_path.ps1'
[1.016s] INFO:colcon.colcon_core.shell:Creating environment descriptor '/home/user05/colcon_ws/install/custom_interfaces/share/custom_interfaces/hook/cmake_prefix_path.dsv'
[1.016s] INFO:colcon.colcon_core.shell:Creating environment hook '/home/user05/colcon_ws/install/custom_interfaces/share/custom_interfaces/hook/cmake_prefix_path.sh'
[1.017s] Level 1:colcon.colcon_core.environment:checking '/home/user05/colcon_ws/install/custom_interfaces/lib'
[1.018s] Level 1:colcon.colcon_core.shell:create_environment_hook('custom_interfaces', 'ld_library_path_lib')
[1.018s] INFO:colcon.colcon_core.shell:Creating environment hook '/home/user05/colcon_ws/install/custom_interfaces/share/custom_interfaces/hook/ld_library_path_lib.ps1'
[1.019s] INFO:colcon.colcon_core.shell:Creating environment descriptor '/home/user05/colcon_ws/install/custom_interfaces/share/custom_interfaces/hook/ld_library_path_lib.dsv'
[1.019s] INFO:colcon.colcon_core.shell:Creating environment hook '/home/user05/colcon_ws/install/custom_interfaces/share/custom_interfaces/hook/ld_library_path_lib.sh'
[1.020s] Level 1:colcon.colcon_core.environment:checking '/home/user05/colcon_ws/install/custom_interfaces/bin'
[1.020s] Level 1:colcon.colcon_core.environment:checking '/home/user05/colcon_ws/install/custom_interfaces/lib/pkgconfig/custom_interfaces.pc'
[1.020s] Level 1:colcon.colcon_core.environment:checking '/home/user05/colcon_ws/install/custom_interfaces/lib/python3.12/site-packages'
[1.020s] Level 1:colcon.colcon_core.shell:create_environment_hook('custom_interfaces', 'pythonpath')
[1.020s] INFO:colcon.colcon_core.shell:Creating environment hook '/home/user05/colcon_ws/install/custom_interfaces/share/custom_interfaces/hook/pythonpath.ps1'
[1.021s] INFO:colcon.colcon_core.shell:Creating environment descriptor '/home/user05/colcon_ws/install/custom_interfaces/share/custom_interfaces/hook/pythonpath.dsv'
[1.022s] DEBUG:colcon.colcon_core.event_handler.log_command:Invoked command in '/home/user05/colcon_ws/build/custom_interfaces' returned '0': CMAKE_PREFIX_PATH=${CMAKE_PREFIX_PATH}:/home/user05/colcon_ws/install/pubscore_5:/opt/ros/jazzy DEBUGINFOD_URLS=https://debuginfod.ubuntu.com /usr/bin/cmake --install /home/user05/colcon_ws/build/custom_interfaces
[1.022s] INFO:colcon.colcon_core.shell:Creating environment hook '/home/user05/colcon_ws/install/custom_interfaces/share/custom_interfaces/hook/pythonpath.sh'
[1.022s] Level 1:colcon.colcon_core.environment:checking '/home/user05/colcon_ws/install/custom_interfaces/bin'
[1.023s] INFO:colcon.colcon_core.shell:Creating package script '/home/user05/colcon_ws/install/custom_interfaces/share/custom_interfaces/package.ps1'
[1.023s] INFO:colcon.colcon_core.shell:Creating package descriptor '/home/user05/colcon_ws/install/custom_interfaces/share/custom_interfaces/package.dsv'
[1.024s] INFO:colcon.colcon_core.shell:Creating package script '/home/user05/colcon_ws/install/custom_interfaces/share/custom_interfaces/package.sh'
[1.024s] INFO:colcon.colcon_core.shell:Creating package script '/home/user05/colcon_ws/install/custom_interfaces/share/custom_interfaces/package.bash'
[1.025s] INFO:colcon.colcon_core.shell:Creating package script '/home/user05/colcon_ws/install/custom_interfaces/share/custom_interfaces/package.zsh'
[1.025s] Level 1:colcon.colcon_core.environment:create_file_with_runtime_dependencies(/home/user05/colcon_ws/install/custom_interfaces/share/colcon-core/packages/custom_interfaces)
[1.025s] Level 1:colcon.colcon_core.environment:create_environment_scripts_only(custom_interfaces)
[1.025s] Level 1:colcon.colcon_core.environment:checking '/home/user05/colcon_ws/install/custom_interfaces' for CMake module files
[1.026s] Level 1:colcon.colcon_core.environment:checking '/home/user05/colcon_ws/install/custom_interfaces' for CMake config files
[1.027s] Level 1:colcon.colcon_core.shell:create_environment_hook('custom_interfaces', 'cmake_prefix_path')
[1.027s] INFO:colcon.colcon_core.shell:Creating environment hook '/home/user05/colcon_ws/install/custom_interfaces/share/custom_interfaces/hook/cmake_prefix_path.ps1'
[1.027s] INFO:colcon.colcon_core.shell:Creating environment descriptor '/home/user05/colcon_ws/install/custom_interfaces/share/custom_interfaces/hook/cmake_prefix_path.dsv'
[1.028s] INFO:colcon.colcon_core.shell:Creating environment hook '/home/user05/colcon_ws/install/custom_interfaces/share/custom_interfaces/hook/cmake_prefix_path.sh'
[1.028s] Level 1:colcon.colcon_core.environment:checking '/home/user05/colcon_ws/install/custom_interfaces/lib'
[1.028s] Level 1:colcon.colcon_core.shell:create_environment_hook('custom_interfaces', 'ld_library_path_lib')
[1.028s] INFO:colcon.colcon_core.shell:Creating environment hook '/home/user05/colcon_ws/install/custom_interfaces/share/custom_interfaces/hook/ld_library_path_lib.ps1'
[1.029s] INFO:colcon.colcon_core.shell:Creating environment descriptor '/home/user05/colcon_ws/install/custom_interfaces/share/custom_interfaces/hook/ld_library_path_lib.dsv'
[1.029s] INFO:colcon.colcon_core.shell:Creating environment hook '/home/user05/colcon_ws/install/custom_interfaces/share/custom_interfaces/hook/ld_library_path_lib.sh'
[1.030s] Level 1:colcon.colcon_core.environment:checking '/home/user05/colcon_ws/install/custom_interfaces/bin'
[1.030s] Level 1:colcon.colcon_core.environment:checking '/home/user05/colcon_ws/install/custom_interfaces/lib/pkgconfig/custom_interfaces.pc'
[1.030s] Level 1:colcon.colcon_core.environment:checking '/home/user05/colcon_ws/install/custom_interfaces/lib/python3.12/site-packages'
[1.030s] Level 1:colcon.colcon_core.shell:create_environment_hook('custom_interfaces', 'pythonpath')
[1.030s] INFO:colcon.colcon_core.shell:Creating environment hook '/home/user05/colcon_ws/install/custom_interfaces/share/custom_interfaces/hook/pythonpath.ps1'
[1.031s] INFO:colcon.colcon_core.shell:Creating environment descriptor '/home/user05/colcon_ws/install/custom_interfaces/share/custom_interfaces/hook/pythonpath.dsv'
[1.031s] INFO:colcon.colcon_core.shell:Creating environment hook '/home/user05/colcon_ws/install/custom_interfaces/share/custom_interfaces/hook/pythonpath.sh'
[1.032s] Level 1:colcon.colcon_core.environment:checking '/home/user05/colcon_ws/install/custom_interfaces/bin'
[1.032s] INFO:colcon.colcon_core.shell:Creating package script '/home/user05/colcon_ws/install/custom_interfaces/share/custom_interfaces/package.ps1'
[1.033s] INFO:colcon.colcon_core.shell:Creating package descriptor '/home/user05/colcon_ws/install/custom_interfaces/share/custom_interfaces/package.dsv'
[1.033s] INFO:colcon.colcon_core.shell:Creating package script '/home/user05/colcon_ws/install/custom_interfaces/share/custom_interfaces/package.sh'
[1.034s] INFO:colcon.colcon_core.shell:Creating package script '/home/user05/colcon_ws/install/custom_interfaces/share/custom_interfaces/package.bash'
[1.034s] INFO:colcon.colcon_core.shell:Creating package script '/home/user05/colcon_ws/install/custom_interfaces/share/custom_interfaces/package.zsh'
[1.035s] Level 1:colcon.colcon_core.environment:create_file_with_runtime_dependencies(/home/user05/colcon_ws/install/custom_interfaces/share/colcon-core/packages/custom_interfaces)
[1.035s] INFO:colcon.colcon_ros.task.ament_cmake.build:Building ROS package in '/home/user05/colcon_ws/src/2_srvmsg' with build type 'ament_cmake'
[1.035s] INFO:colcon.colcon_cmake.task.cmake.build:Building CMake package in '/home/user05/colcon_ws/src/2_srvmsg'
[1.035s] INFO:colcon.colcon_core.shell:Skip shell extension 'powershell' for command environment: Not usable outside of PowerShell
[1.035s] DEBUG:colcon.colcon_core.shell:Skip shell extension 'dsv' for command environment
[1.047s] DEBUG:colcon.colcon_core.event_handler.log_command:Invoking command in '/home/user05/colcon_ws/build/srvmsg': CMAKE_PREFIX_PATH=/home/user05/colcon_ws/install/custom_interfaces:/home/user05/colcon_ws/install/turtlebot_control_1:/home/user05/colcon_ws/install/srvmsg:/home/user05/colcon_ws/install/msg_service:/opt/ros/jazzy/opt/gz_sim_vendor:/opt/ros/jazzy/opt/gz_sensors_vendor:/opt/ros/jazzy/opt/gz_physics_vendor:/opt/ros/jazzy/opt/sdformat_vendor:/opt/ros/jazzy/opt/gz_gui_vendor:/opt/ros/jazzy/opt/gz_transport_vendor:/opt/ros/jazzy/opt/gz_rendering_vendor:/opt/ros/jazzy/opt/gz_plugin_vendor:/opt/ros/jazzy/opt/gz_fuel_tools_vendor:/opt/ros/jazzy/opt/gz_msgs_vendor:/opt/ros/jazzy/opt/gz_common_vendor:/opt/ros/jazzy/opt/gz_math_vendor:/opt/ros/jazzy/opt/gz_utils_vendor:/opt/ros/jazzy/opt/gz_tools_vendor:/opt/ros/jazzy/opt/gz_ogre_next_vendor:/opt/ros/jazzy/opt/gz_dartsim_vendor:/opt/ros/jazzy/opt/gz_cmake_vendor:/home/user05/colcon_ws/install/pubscore_5:/opt/ros/jazzy DEBUGINFOD_URLS=https://debuginfod.ubuntu.com PYTHONPATH=/home/user05/colcon_ws/install/custom_interfaces/lib/python3.12/site-packages:/home/user05/colcon_ws/install/pubscore_5/lib/python3.12/site-packages:/opt/ros/jazzy/lib/python3.12/site-packages /usr/bin/cmake --build /home/user05/colcon_ws/build/srvmsg -- -j12 -l12
[1.091s] DEBUG:colcon.colcon_core.event_handler.log_command:Invoked command in '/home/user05/colcon_ws/build/srvmsg' returned '0': CMAKE_PREFIX_PATH=/home/user05/colcon_ws/install/custom_interfaces:/home/user05/colcon_ws/install/turtlebot_control_1:/home/user05/colcon_ws/install/srvmsg:/home/user05/colcon_ws/install/msg_service:/opt/ros/jazzy/opt/gz_sim_vendor:/opt/ros/jazzy/opt/gz_sensors_vendor:/opt/ros/jazzy/opt/gz_physics_vendor:/opt/ros/jazzy/opt/sdformat_vendor:/opt/ros/jazzy/opt/gz_gui_vendor:/opt/ros/jazzy/opt/gz_transport_vendor:/opt/ros/jazzy/opt/gz_rendering_vendor:/opt/ros/jazzy/opt/gz_plugin_vendor:/opt/ros/jazzy/opt/gz_fuel_tools_vendor:/opt/ros/jazzy/opt/gz_msgs_vendor:/opt/ros/jazzy/opt/gz_common_vendor:/opt/ros/jazzy/opt/gz_math_vendor:/opt/ros/jazzy/opt/gz_utils_vendor:/opt/ros/jazzy/opt/gz_tools_vendor:/opt/ros/jazzy/opt/gz_ogre_next_vendor:/opt/ros/jazzy/opt/gz_dartsim_vendor:/opt/ros/jazzy/opt/gz_cmake_vendor:/home/user05/colcon_ws/install/pubscore_5:/opt/ros/jazzy DEBUGINFOD_URLS=https://debuginfod.ubuntu.com PYTHONPATH=/home/user05/colcon_ws/install/custom_interfaces/lib/python3.12/site-packages:/home/user05/colcon_ws/install/pubscore_5/lib/python3.12/site-packages:/opt/ros/jazzy/lib/python3.12/site-packages /usr/bin/cmake --build /home/user05/colcon_ws/build/srvmsg -- -j12 -l12
[1.092s] DEBUG:colcon.colcon_core.event_handler.log_command:Invoking command in '/home/user05/colcon_ws/build/srvmsg': CMAKE_PREFIX_PATH=/home/user05/colcon_ws/install/custom_interfaces:/home/user05/colcon_ws/install/turtlebot_control_1:/home/user05/colcon_ws/install/srvmsg:/home/user05/colcon_ws/install/msg_service:/opt/ros/jazzy/opt/gz_sim_vendor:/opt/ros/jazzy/opt/gz_sensors_vendor:/opt/ros/jazzy/opt/gz_physics_vendor:/opt/ros/jazzy/opt/sdformat_vendor:/opt/ros/jazzy/opt/gz_gui_vendor:/opt/ros/jazzy/opt/gz_transport_vendor:/opt/ros/jazzy/opt/gz_rendering_vendor:/opt/ros/jazzy/opt/gz_plugin_vendor:/opt/ros/jazzy/opt/gz_fuel_tools_vendor:/opt/ros/jazzy/opt/gz_msgs_vendor:/opt/ros/jazzy/opt/gz_common_vendor:/opt/ros/jazzy/opt/gz_math_vendor:/opt/ros/jazzy/opt/gz_utils_vendor:/opt/ros/jazzy/opt/gz_tools_vendor:/opt/ros/jazzy/opt/gz_ogre_next_vendor:/opt/ros/jazzy/opt/gz_dartsim_vendor:/opt/ros/jazzy/opt/gz_cmake_vendor:/home/user05/colcon_ws/install/pubscore_5:/opt/ros/jazzy DEBUGINFOD_URLS=https://debuginfod.ubuntu.com PYTHONPATH=/home/user05/colcon_ws/install/custom_interfaces/lib/python3.12/site-packages:/home/user05/colcon_ws/install/pubscore_5/lib/python3.12/site-packages:/opt/ros/jazzy/lib/python3.12/site-packages /usr/bin/cmake --install /home/user05/colcon_ws/build/srvmsg
[1.102s] Level 1:colcon.colcon_core.environment:create_environment_scripts_only(srvmsg)
[1.102s] Level 1:colcon.colcon_core.environment:checking '/home/user05/colcon_ws/install/srvmsg' for CMake module files
[1.103s] Level 1:colcon.colcon_core.environment:checking '/home/user05/colcon_ws/install/srvmsg' for CMake config files
[1.104s] DEBUG:colcon.colcon_core.event_handler.log_command:Invoked command in '/home/user05/colcon_ws/build/srvmsg' returned '0': CMAKE_PREFIX_PATH=/home/user05/colcon_ws/install/custom_interfaces:/home/user05/colcon_ws/install/turtlebot_control_1:/home/user05/colcon_ws/install/srvmsg:/home/user05/colcon_ws/install/msg_service:/opt/ros/jazzy/opt/gz_sim_vendor:/opt/ros/jazzy/opt/gz_sensors_vendor:/opt/ros/jazzy/opt/gz_physics_vendor:/opt/ros/jazzy/opt/sdformat_vendor:/opt/ros/jazzy/opt/gz_gui_vendor:/opt/ros/jazzy/opt/gz_transport_vendor:/opt/ros/jazzy/opt/gz_rendering_vendor:/opt/ros/jazzy/opt/gz_plugin_vendor:/opt/ros/jazzy/opt/gz_fuel_tools_vendor:/opt/ros/jazzy/opt/gz_msgs_vendor:/opt/ros/jazzy/opt/gz_common_vendor:/opt/ros/jazzy/opt/gz_math_vendor:/opt/ros/jazzy/opt/gz_utils_vendor:/opt/ros/jazzy/opt/gz_tools_vendor:/opt/ros/jazzy/opt/gz_ogre_next_vendor:/opt/ros/jazzy/opt/gz_dartsim_vendor:/opt/ros/jazzy/opt/gz_cmake_vendor:/home/user05/colcon_ws/install/pubscore_5:/opt/ros/jazzy DEBUGINFOD_URLS=https://debuginfod.ubuntu.com PYTHONPATH=/home/user05/colcon_ws/install/custom_interfaces/lib/python3.12/site-packages:/home/user05/colcon_ws/install/pubscore_5/lib/python3.12/site-packages:/opt/ros/jazzy/lib/python3.12/site-packages /usr/bin/cmake --install /home/user05/colcon_ws/build/srvmsg
[1.104s] Level 1:colcon.colcon_core.shell:create_environment_hook('srvmsg', 'cmake_prefix_path')
[1.104s] INFO:colcon.colcon_core.shell:Creating environment hook '/home/user05/colcon_ws/install/srvmsg/share/srvmsg/hook/cmake_prefix_path.ps1'
[1.104s] INFO:colcon.colcon_core.shell:Creating environment descriptor '/home/user05/colcon_ws/install/srvmsg/share/srvmsg/hook/cmake_prefix_path.dsv'
[1.105s] INFO:colcon.colcon_core.shell:Creating environment hook '/home/user05/colcon_ws/install/srvmsg/share/srvmsg/hook/cmake_prefix_path.sh'
[1.105s] Level 1:colcon.colcon_core.environment:checking '/home/user05/colcon_ws/install/srvmsg/lib'
[1.105s] Level 1:colcon.colcon_core.environment:checking '/home/user05/colcon_ws/install/srvmsg/bin'
[1.105s] Level 1:colcon.colcon_core.environment:checking '/home/user05/colcon_ws/install/srvmsg/lib/pkgconfig/srvmsg.pc'
[1.106s] Level 1:colcon.colcon_core.environment:checking '/home/user05/colcon_ws/install/srvmsg/lib/python3.12/site-packages'
[1.106s] Level 1:colcon.colcon_core.environment:checking '/home/user05/colcon_ws/install/srvmsg/bin'
[1.106s] INFO:colcon.colcon_core.shell:Creating package script '/home/user05/colcon_ws/install/srvmsg/share/srvmsg/package.ps1'
[1.107s] INFO:colcon.colcon_core.shell:Creating package descriptor '/home/user05/colcon_ws/install/srvmsg/share/srvmsg/package.dsv'
[1.107s] INFO:colcon.colcon_core.shell:Creating package script '/home/user05/colcon_ws/install/srvmsg/share/srvmsg/package.sh'
[1.107s] INFO:colcon.colcon_core.shell:Creating package script '/home/user05/colcon_ws/install/srvmsg/share/srvmsg/package.bash'
[1.108s] INFO:colcon.colcon_core.shell:Creating package script '/home/user05/colcon_ws/install/srvmsg/share/srvmsg/package.zsh'
[1.108s] Level 1:colcon.colcon_core.environment:create_file_with_runtime_dependencies(/home/user05/colcon_ws/install/srvmsg/share/colcon-core/packages/srvmsg)
[1.109s] Level 1:colcon.colcon_core.environment:create_environment_scripts_only(srvmsg)
[1.109s] Level 1:colcon.colcon_core.environment:checking '/home/user05/colcon_ws/install/srvmsg' for CMake module files
[1.109s] Level 1:colcon.colcon_core.environment:checking '/home/user05/colcon_ws/install/srvmsg' for CMake config files
[1.109s] Level 1:colcon.colcon_core.shell:create_environment_hook('srvmsg', 'cmake_prefix_path')
[1.110s] INFO:colcon.colcon_core.shell:Creating environment hook '/home/user05/colcon_ws/install/srvmsg/share/srvmsg/hook/cmake_prefix_path.ps1'
[1.110s] INFO:colcon.colcon_core.shell:Creating environment descriptor '/home/user05/colcon_ws/install/srvmsg/share/srvmsg/hook/cmake_prefix_path.dsv'
[1.111s] INFO:colcon.colcon_core.shell:Creating environment hook '/home/user05/colcon_ws/install/srvmsg/share/srvmsg/hook/cmake_prefix_path.sh'
[1.111s] Level 1:colcon.colcon_core.environment:checking '/home/user05/colcon_ws/install/srvmsg/lib'
[1.111s] Level 1:colcon.colcon_core.environment:checking '/home/user05/colcon_ws/install/srvmsg/bin'
[1.111s] Level 1:colcon.colcon_core.environment:checking '/home/user05/colcon_ws/install/srvmsg/lib/pkgconfig/srvmsg.pc'
[1.112s] Level 1:colcon.colcon_core.environment:checking '/home/user05/colcon_ws/install/srvmsg/lib/python3.12/site-packages'
[1.112s] Level 1:colcon.colcon_core.environment:checking '/home/user05/colcon_ws/install/srvmsg/bin'
[1.112s] INFO:colcon.colcon_core.shell:Creating package script '/home/user05/colcon_ws/install/srvmsg/share/srvmsg/package.ps1'
[1.113s] INFO:colcon.colcon_core.shell:Creating package descriptor '/home/user05/colcon_ws/install/srvmsg/share/srvmsg/package.dsv'
[1.113s] INFO:colcon.colcon_core.shell:Creating package script '/home/user05/colcon_ws/install/srvmsg/share/srvmsg/package.sh'
[1.114s] INFO:colcon.colcon_core.shell:Creating package script '/home/user05/colcon_ws/install/srvmsg/share/srvmsg/package.bash'
[1.114s] INFO:colcon.colcon_core.shell:Creating package script '/home/user05/colcon_ws/install/srvmsg/share/srvmsg/package.zsh'
[1.115s] Level 1:colcon.colcon_core.environment:create_file_with_runtime_dependencies(/home/user05/colcon_ws/install/srvmsg/share/colcon-core/packages/srvmsg)
[1.537s] DEBUG:colcon.colcon_core.event_handler.log_command:Invoking command in '/home/user05/colcon_ws/src/pubscore_5': DEBUGINFOD_URLS=https://debuginfod.ubuntu.com PYTHONPATH=/home/user05/colcon_ws/build/pubscore_5/prefix_override:/usr/lib/python3/dist-packages/colcon_core/task/python/colcon_distutils_commands:/home/user05/colcon_ws/install/pubscore_5/lib/python3.12/site-packages:${PYTHONPATH} /usr/bin/python3 -W ignore:setup.py install is deprecated -W ignore:easy_install command is deprecated setup.py egg_info --egg-base ../../build/pubscore_5 build --build-base /home/user05/colcon_ws/build/pubscore_5/build install --record /home/user05/colcon_ws/build/pubscore_5/install.log --single-version-externally-managed install_data
[2.272s] Level 1:colcon.colcon_core.environment:checking '/home/user05/colcon_ws/install/pubscore_5' for CMake module files
[2.272s] DEBUG:colcon.colcon_core.event_handler.log_command:Invoked command in '/home/user05/colcon_ws/src/pubscore_5' returned '0': DEBUGINFOD_URLS=https://debuginfod.ubuntu.com PYTHONPATH=/home/user05/colcon_ws/build/pubscore_5/prefix_override:/usr/lib/python3/dist-packages/colcon_core/task/python/colcon_distutils_commands:/home/user05/colcon_ws/install/pubscore_5/lib/python3.12/site-packages:${PYTHONPATH} /usr/bin/python3 -W ignore:setup.py install is deprecated -W ignore:easy_install command is deprecated setup.py egg_info --egg-base ../../build/pubscore_5 build --build-base /home/user05/colcon_ws/build/pubscore_5/build install --record /home/user05/colcon_ws/build/pubscore_5/install.log --single-version-externally-managed install_data
[2.273s] Level 1:colcon.colcon_core.environment:checking '/home/user05/colcon_ws/install/pubscore_5' for CMake config files
[2.274s] Level 1:colcon.colcon_core.environment:checking '/home/user05/colcon_ws/install/pubscore_5/lib'
[2.274s] Level 1:colcon.colcon_core.environment:checking '/home/user05/colcon_ws/install/pubscore_5/bin'
[2.274s] Level 1:colcon.colcon_core.environment:checking '/home/user05/colcon_ws/install/pubscore_5/lib/pkgconfig/pubscore_5.pc'
[2.274s] Level 1:colcon.colcon_core.environment:checking '/home/user05/colcon_ws/install/pubscore_5/lib/python3.12/site-packages'
[2.274s] Level 1:colcon.colcon_core.shell:create_environment_hook('pubscore_5', 'pythonpath')
[2.275s] INFO:colcon.colcon_core.shell:Creating environment hook '/home/user05/colcon_ws/install/pubscore_5/share/pubscore_5/hook/pythonpath.ps1'
[2.276s] INFO:colcon.colcon_core.shell:Creating environment descriptor '/home/user05/colcon_ws/install/pubscore_5/share/pubscore_5/hook/pythonpath.dsv'
[2.276s] INFO:colcon.colcon_core.shell:Creating environment hook '/home/user05/colcon_ws/install/pubscore_5/share/pubscore_5/hook/pythonpath.sh'
[2.277s] Level 1:colcon.colcon_core.environment:checking '/home/user05/colcon_ws/install/pubscore_5/bin'
[2.277s] Level 1:colcon.colcon_core.environment:create_environment_scripts_only(pubscore_5)
[2.278s] INFO:colcon.colcon_core.shell:Creating package script '/home/user05/colcon_ws/install/pubscore_5/share/pubscore_5/package.ps1'
[2.279s] INFO:colcon.colcon_core.shell:Creating package descriptor '/home/user05/colcon_ws/install/pubscore_5/share/pubscore_5/package.dsv'
[2.279s] INFO:colcon.colcon_core.shell:Creating package script '/home/user05/colcon_ws/install/pubscore_5/share/pubscore_5/package.sh'
[2.280s] INFO:colcon.colcon_core.shell:Creating package script '/home/user05/colcon_ws/install/pubscore_5/share/pubscore_5/package.bash'
[2.280s] INFO:colcon.colcon_core.shell:Creating package script '/home/user05/colcon_ws/install/pubscore_5/share/pubscore_5/package.zsh'
[2.281s] Level 1:colcon.colcon_core.environment:create_file_with_runtime_dependencies(/home/user05/colcon_ws/install/pubscore_5/share/colcon-core/packages/pubscore_5)
[2.282s] DEBUG:colcon.colcon_parallel_executor.executor.parallel:closing loop
[2.282s] DEBUG:colcon.colcon_parallel_executor.executor.parallel:loop closed
[2.282s] DEBUG:colcon.colcon_parallel_executor.executor.parallel:run_until_complete finished with '0'
[2.283s] DEBUG:colcon.colcon_core.event_reactor:joining thread
[2.289s] INFO:colcon.colcon_core.plugin_system:Skipping extension 'colcon_notification.desktop_notification.terminal_notifier': Not used on non-Darwin systems
[2.289s] INFO:colcon.colcon_core.plugin_system:Skipping extension 'colcon_notification.desktop_notification.win32': Not used on non-Windows systems
[2.289s] INFO:colcon.colcon_notification.desktop_notification:Sending desktop notification using 'notify2'
[2.309s] DEBUG:colcon.colcon_core.event_reactor:joined thread
[2.309s] INFO:colcon.colcon_core.shell:Creating prefix script '/home/user05/colcon_ws/install/local_setup.ps1'
[2.310s] INFO:colcon.colcon_core.shell:Creating prefix util module '/home/user05/colcon_ws/install/_local_setup_util_ps1.py'
[2.311s] INFO:colcon.colcon_core.shell:Creating prefix chain script '/home/user05/colcon_ws/install/setup.ps1'
[2.313s] INFO:colcon.colcon_core.shell:Creating prefix script '/home/user05/colcon_ws/install/local_setup.sh'
[2.313s] INFO:colcon.colcon_core.shell:Creating prefix util module '/home/user05/colcon_ws/install/_local_setup_util_sh.py'
[2.314s] INFO:colcon.colcon_core.shell:Creating prefix chain script '/home/user05/colcon_ws/install/setup.sh'
[2.315s] INFO:colcon.colcon_core.shell:Creating prefix script '/home/user05/colcon_ws/install/local_setup.bash'
[2.315s] INFO:colcon.colcon_core.shell:Creating prefix chain script '/home/user05/colcon_ws/install/setup.bash'
[2.317s] INFO:colcon.colcon_core.shell:Creating prefix script '/home/user05/colcon_ws/install/local_setup.zsh'
[2.317s] INFO:colcon.colcon_core.shell:Creating prefix chain script '/home/user05/colcon_ws/install/setup.zsh'
